
 • Building package abs-mode
From https://github.com/abstools/abs-mode
Updating /mnt/store/melpa/working/abs-mode/
Checking out a4b8d0caa61db2f37b77e15055fad8324c35f4ae
Copying files (->) and directories (=>)
  from /mnt/store/melpa/working/abs-mode/
  to /tmp/abs-mode-AtWyQl/abs-mode-20260415.813/
    abs-mode.el -> abs-mode.el
    snippets => snippets
Created abs-mode-20260415.813.tar containing:
  abs-mode-20260415.813/
  abs-mode-20260415.813/abs-mode-pkg.el
  abs-mode-20260415.813/abs-mode.el
  abs-mode-20260415.813/snippets/
  abs-mode-20260415.813/snippets/abs-mode/
  abs-mode-20260415.813/snippets/abs-mode/case
  abs-mode-20260415.813/snippets/abs-mode/class
  abs-mode-20260415.813/snippets/abs-mode/data
  abs-mode-20260415.813/snippets/abs-mode/def
  abs-mode-20260415.813/snippets/abs-mode/exception
  abs-mode-20260415.813/snippets/abs-mode/filter
  abs-mode-20260415.813/snippets/abs-mode/foldl
  abs-mode-20260415.813/snippets/abs-mode/foldr
  abs-mode-20260415.813/snippets/abs-mode/foreach
  abs-mode-20260415.813/snippets/abs-mode/interface
  abs-mode-20260415.813/snippets/abs-mode/let
  abs-mode-20260415.813/snippets/abs-mode/map
  abs-mode-20260415.813/snippets/abs-mode/module
  abs-mode-20260415.813/snippets/abs-mode/recover
  abs-mode-20260415.813/snippets/abs-mode/switch
  abs-mode-20260415.813/snippets/abs-mode/try
  abs-mode-20260415.813/snippets/abs-mode/type
  abs-mode-20260415.813/snippets/abs-mode/while
Built abs-mode in 3.493s, finished at 2026-07-15T13:23:52+0000
