
 • Building package ada-ts-mode
From https://github.com/brownts/ada-ts-mode
Updating /mnt/store/melpa/working/ada-ts-mode/
Checking out 32fcf68dba7463902481b256cdecad08e4b5b0a7
Copying files (->) and directories (=>)
  from /mnt/store/melpa/working/ada-ts-mode/
  to /tmp/ada-ts-mode-UJ3e7d/ada-ts-mode-20260627.1553/
    ada-ts-als.el -> ada-ts-als.el
    ada-ts-casing.el -> ada-ts-casing.el
    ada-ts-common.el -> ada-ts-common.el
    ada-ts-imenu.el -> ada-ts-imenu.el
    ada-ts-indentation.el -> ada-ts-indentation.el
    ada-ts-lspclient-eglot.el -> ada-ts-lspclient-eglot.el
    ada-ts-lspclient-lsp-mode.el -> ada-ts-lspclient-lsp-mode.el
    ada-ts-lspclient.el -> ada-ts-lspclient.el
    ada-ts-mode.el -> ada-ts-mode.el
  ! doc/ada-ts-mode.texi -> ada-ts-mode.texi
Generating ada-ts-mode.info
Created ada-ts-mode-20260627.1553.tar containing:
  ada-ts-mode-20260627.1553/
  ada-ts-mode-20260627.1553/ada-ts-als.el
  ada-ts-mode-20260627.1553/ada-ts-casing.el
  ada-ts-mode-20260627.1553/ada-ts-common.el
  ada-ts-mode-20260627.1553/ada-ts-imenu.el
  ada-ts-mode-20260627.1553/ada-ts-indentation.el
  ada-ts-mode-20260627.1553/ada-ts-lspclient-eglot.el
  ada-ts-mode-20260627.1553/ada-ts-lspclient-lsp-mode.el
  ada-ts-mode-20260627.1553/ada-ts-lspclient.el
  ada-ts-mode-20260627.1553/ada-ts-mode-pkg.el
  ada-ts-mode-20260627.1553/ada-ts-mode.el
  ada-ts-mode-20260627.1553/ada-ts-mode.info
  ada-ts-mode-20260627.1553/dir
Built ada-ts-mode in 5.853s, finished at 2026-07-15T13:24:27+0000
