
 • Building package ado-mode
From https://github.com/louabill/ado-mode
Updating /mnt/store/melpa/working/ado-mode/
Checking out 371441d27027fd4783a8c828458a5af098babca4
Copying files (->) and directories (=>)
  from /mnt/store/melpa/working/ado-mode/
  to /tmp/ado-mode-OGkRQo/ado-mode-20260210.1431/
  ! lisp/ado-clip.el -> ado-clip.el
  ! lisp/ado-cons.el -> ado-cons.el
  ! lisp/ado-cus.el -> ado-cus.el
  ! lisp/ado-font-lock.el -> ado-font-lock.el
  ! lisp/ado-font.el -> ado-font.el
  ! lisp/ado-mode.el -> ado-mode.el
  ! lisp/ado-stata-info.el -> ado-stata-info.el
  ! lisp/ado-to-stata.el -> ado-to-stata.el
    scripts => scripts
    templates => templates
Created ado-mode-20260210.1431.tar containing:
  ado-mode-20260210.1431/
  ado-mode-20260210.1431/ado-clip.el
  ado-mode-20260210.1431/ado-cons.el
  ado-mode-20260210.1431/ado-cus.el
  ado-mode-20260210.1431/ado-font-lock.el
  ado-mode-20260210.1431/ado-font.el
  ado-mode-20260210.1431/ado-mode-pkg.el
  ado-mode-20260210.1431/ado-mode.el
  ado-mode-20260210.1431/ado-stata-info.el
  ado-mode-20260210.1431/ado-to-stata.el
  ado-mode-20260210.1431/scripts/
  ado-mode-20260210.1431/scripts/send2stata.au3
  ado-mode-20260210.1431/scripts/send2stata.exe
  ado-mode-20260210.1431/scripts/send2stata.scpt
  ado-mode-20260210.1431/scripts/send2ztata.sh
  ado-mode-20260210.1431/templates/
  ado-mode-20260210.1431/templates/ado.blp
  ado-mode-20260210.1431/templates/class.blp
  ado-mode-20260210.1431/templates/dialog.blp
  ado-mode-20260210.1431/templates/do.blp
  ado-mode-20260210.1431/templates/help.blp
  ado-mode-20260210.1431/templates/help10.blp
  ado-mode-20260210.1431/templates/help11.blp
  ado-mode-20260210.1431/templates/help6.blp
  ado-mode-20260210.1431/templates/help7.blp
  ado-mode-20260210.1431/templates/lbl.blp
  ado-mode-20260210.1431/templates/mata.blp
  ado-mode-20260210.1431/templates/pkg.blp
  ado-mode-20260210.1431/templates/readme
  ado-mode-20260210.1431/templates/smallado.blp
  ado-mode-20260210.1431/templates/sparse.blp
  ado-mode-20260210.1431/templates/testado.blp
  ado-mode-20260210.1431/templates/toc.blp
Built ado-mode in 3.753s, finished at 2026-07-15T13:24:29+0000
