
 • Building package alabaster-themes
From https://github.com/vedang/alabaster-themes
Updating /mnt/store/melpa/working/alabaster-themes/
Checking out 2d3dcfc6ac8988d23f8065a580f7dcf4ff607e56
Copying files (->) and directories (=>)
  from /mnt/store/melpa/working/alabaster-themes/
  to /tmp/alabaster-themes-IEvK7O/alabaster-themes-20260113.657/
    alabaster-themes-dark-mono-theme.el -> alabaster-themes-dark-mono-theme.el
    alabaster-themes-dark-theme.el -> alabaster-themes-dark-theme.el
    alabaster-themes-light-bg-theme.el -> alabaster-themes-light-bg-theme.el
    alabaster-themes-light-mono-theme.el -> alabaster-themes-light-mono-theme.el
    alabaster-themes-light-theme.el -> alabaster-themes-light-theme.el
    alabaster-themes.el -> alabaster-themes.el
Created alabaster-themes-20260113.657.tar containing:
  alabaster-themes-20260113.657/
  alabaster-themes-20260113.657/alabaster-themes-dark-mono-theme.el
  alabaster-themes-20260113.657/alabaster-themes-dark-theme.el
  alabaster-themes-20260113.657/alabaster-themes-light-bg-theme.el
  alabaster-themes-20260113.657/alabaster-themes-light-mono-theme.el
  alabaster-themes-20260113.657/alabaster-themes-light-theme.el
  alabaster-themes-20260113.657/alabaster-themes-pkg.el
  alabaster-themes-20260113.657/alabaster-themes.el
Built alabaster-themes in 2.763s, finished at 2026-07-15T13:24:50+0000
