
 • Building package all-the-icons
From https://github.com/domtronn/all-the-icons.el
Updating /mnt/store/melpa/working/all-the-icons/
Checking out 4778632b29c8c8d2b7cd9ce69535d0be01d846f9
Copying files (->) and directories (=>)
  from /mnt/store/melpa/working/all-the-icons/
  to /tmp/all-the-icons-d5ULM9/all-the-icons-20250527.927/
    all-the-icons-faces.el -> all-the-icons-faces.el
    all-the-icons.el -> all-the-icons.el
    data => data
Created all-the-icons-20250527.927.tar containing:
  all-the-icons-20250527.927/
  all-the-icons-20250527.927/all-the-icons-faces.el
  all-the-icons-20250527.927/all-the-icons-pkg.el
  all-the-icons-20250527.927/all-the-icons.el
  all-the-icons-20250527.927/data/
  all-the-icons-20250527.927/data/data-alltheicons.el
  all-the-icons-20250527.927/data/data-faicons.el
  all-the-icons-20250527.927/data/data-fileicons.el
  all-the-icons-20250527.927/data/data-material.el
  all-the-icons-20250527.927/data/data-octicons.el
  all-the-icons-20250527.927/data/data-weathericons.el
Built all-the-icons in 3.114s, finished at 2026-07-15T13:24:57+0000
