
 • Building package almost-mono-themes
From https://codeberg.org/cryon/almost-mono-themes
Updating /mnt/store/melpa/working/almost-mono-themes/
Checking out 1b739fef5f26a64ea22736012c3899d70c83df2d
Copying files (->) and directories (=>)
  from /mnt/store/melpa/working/almost-mono-themes/
  to /tmp/almost-mono-themes-fiAQDu/almost-mono-themes-20250722.1957/
    almost-mono-black-theme.el -> almost-mono-black-theme.el
    almost-mono-cream-theme.el -> almost-mono-cream-theme.el
    almost-mono-gray-theme.el -> almost-mono-gray-theme.el
    almost-mono-themes.el -> almost-mono-themes.el
    almost-mono-white-theme.el -> almost-mono-white-theme.el
Created almost-mono-themes-20250722.1957.tar containing:
  almost-mono-themes-20250722.1957/
  almost-mono-themes-20250722.1957/almost-mono-black-theme.el
  almost-mono-themes-20250722.1957/almost-mono-cream-theme.el
  almost-mono-themes-20250722.1957/almost-mono-gray-theme.el
  almost-mono-themes-20250722.1957/almost-mono-themes-pkg.el
  almost-mono-themes-20250722.1957/almost-mono-themes.el
  almost-mono-themes-20250722.1957/almost-mono-white-theme.el
Built almost-mono-themes in 4.089s, finished at 2026-07-15T13:25:03+0000
