Package: ample-theme
Fetcher: github
Source:  https://github.com/jordonbiondo/ample-theme.git

Updating /mnt/store/melpa/working/ample-theme/
Checking out 39ac29cf9a1229bb076964335fbd71cfb52e498b
Copying files (->) and directories (=>)
  from /mnt/store/melpa/working/ample-theme/
  to /tmp/ample-theme311enI/ample-theme-20240426.1545
    ample-flat-theme.el -> ample-flat-theme.el
    ample-light-theme.el -> ample-light-theme.el
    ample-theme.el -> ample-theme.el
Created ample-theme-20240426.1545.tar containing:
  ample-theme-20240426.1545/
  ample-theme-20240426.1545/ample-flat-theme.el
  ample-theme-20240426.1545/ample-light-theme.el
  ample-theme-20240426.1545/ample-theme-pkg.el
  ample-theme-20240426.1545/ample-theme.el
 ✓ Success:
  2024-05-19T22:33:58+0000  ample-theme-20240426.1545.entry
  2024-05-19T22:33:58+0000  ample-theme-20240426.1545.tar
Built ample-theme in 5.168s, finished at 2024-05-19T22:34:01+0000
