
 • Building package angular-mode
From https://github.com/emacsattic/angular-mode
Updating /mnt/store/melpa/working/angular-mode/
Checking out 8720cde86af0f1859ccc8580571e8d0ad1c52cff
Copying files (->) and directories (=>)
  from /mnt/store/melpa/working/angular-mode/
  to /tmp/angular-mode-QJ8D5G/angular-mode-20151201.2127/
    angular-html-mode.el -> angular-html-mode.el
    angular-mode.el -> angular-mode.el
    snippets => snippets
Created angular-mode-20151201.2127.tar containing:
  angular-mode-20151201.2127/
  angular-mode-20151201.2127/angular-html-mode.el
  angular-mode-20151201.2127/angular-mode-pkg.el
  angular-mode-20151201.2127/angular-mode.el
  angular-mode-20151201.2127/snippets/
  angular-mode-20151201.2127/snippets/angular-html-mode/
  angular-mode-20151201.2127/snippets/angular-html-mode/ngclick
  angular-mode-20151201.2127/snippets/angular-mode/
  angular-mode-20151201.2127/snippets/angular-mode/config
  angular-mode-20151201.2127/snippets/angular-mode/controller
  angular-mode-20151201.2127/snippets/angular-mode/module
  angular-mode-20151201.2127/snippets/angular-mode/stateprovider
Built angular-mode in 3.647s, finished at 2026-07-15T13:25:17+0000
