
 • Building package anju
From https://github.com/kickingvegas/anju
Updating /mnt/store/melpa/working/anju/
Checking out f5d27108ffe5facb6886fab191068efd1faea39f
Copying files (->) and directories (=>)
  from /mnt/store/melpa/working/anju/
  to /tmp/anju-xC4Cmg/anju-20260701.2139/
  ! lisp/anju-context-menu.el -> anju-context-menu.el
  ! lisp/anju-main-menu.el -> anju-main-menu.el
  ! lisp/anju-mode-line.el -> anju-mode-line.el
  ! lisp/anju-style-text.el -> anju-style-text.el
  ! lisp/anju-utils.el -> anju-utils.el
  ! lisp/anju.el -> anju.el
  ! docs/anju.texi -> anju.texi
  ! docs/images => images
Generating anju.info
Created anju-20260701.2139.tar containing:
  anju-20260701.2139/
  anju-20260701.2139/anju-context-menu.el
  anju-20260701.2139/anju-main-menu.el
  anju-20260701.2139/anju-mode-line.el
  anju-20260701.2139/anju-pkg.el
  anju-20260701.2139/anju-style-text.el
  anju-20260701.2139/anju-utils.el
  anju-20260701.2139/anju.el
  anju-20260701.2139/anju.info
  anju-20260701.2139/dir
  anju-20260701.2139/images/
  anju-20260701.2139/images/anju-context-menu-compilation.png
  anju-20260701.2139/images/anju-context-menu-customize.png
  anju-20260701.2139/images/anju-context-menu-dired-copy-to.png
  anju-20260701.2139/images/anju-context-menu-dired-insert-subdir.png
  anju-20260701.2139/images/anju-context-menu-edebug.png
  anju-20260701.2139/images/anju-context-menu-elisp-built-in.png
  anju-20260701.2139/images/anju-context-menu-elisp.png
  anju-20260701.2139/images/anju-context-menu-enhanced-paste.png
  anju-20260701.2139/images/anju-context-menu-ert-result.png
  anju-20260701.2139/images/anju-context-menu-ert.png
  anju-20260701.2139/images/anju-context-menu-extract-lambda-1.png
  anju-20260701.2139/images/anju-context-menu-extract-lambda-2.png
  anju-20260701.2139/images/anju-context-menu-extract-lambda-3.png
  anju-20260701.2139/images/anju-context-menu-info.png
  anju-20260701.2139/images/anju-context-menu-makefile.png
  anju-20260701.2139/images/anju-context-menu-org-agenda.png
  anju-20260701.2139/images/anju-context-menu-org-copy-as.png
  anju-20260701.2139/images/anju-context-menu-org-headline.png
  anju-20260701.2139/images/anju-context-menu-org-item-inprogress.png
  anju-20260701.2139/images/anju-context-menu-org-item.png
  anju-20260701.2139/images/anju-context-menu-org-link-copy-address.png
  anju-20260701.2139/images/anju-context-menu-org-link.png
  anju-20260701.2139/images/anju-context-menu-org-table.png
  anju-20260701.2139/images/anju-context-menu-rectangle.png
  anju-20260701.2139/images/anju-context-menu-region.png
  anju-20260701.2139/images/anju-context-menu-toggle-images-markup.png
  anju-20260701.2139/images/anju-context-menu-vc.png
  anju-20260701.2139/images/anju-context-menu-xref.png
  anju-20260701.2139/images/anju-kmacro-menu-recording.png
  anju-20260701.2139/images/anju-kmacro-menu.png
  anju-20260701.2139/images/anju-main-menu-bookmarks.png
  anju-20260701.2139/images/anju-main-menu-edit-search-in-files.png
  anju-20260701.2139/images/anju-main-menu-help.png
  anju-20260701.2139/images/anju-main-menu-imenu.png
  anju-20260701.2139/images/anju-main-menu-registers.png
  anju-20260701.2139/images/anju-main-menu-text.png
  anju-20260701.2139/images/anju-main-menu-tools-kmacro.png
  anju-20260701.2139/images/anju-main-menu-tools.png
  anju-20260701.2139/images/anju-mode-line-buffer-list.png
  anju-20260701.2139/images/anju-mode-line-window-management.png
  anju-20260701.2139/images/default-yellow.png
Built anju in 7.210s, finished at 2026-07-15T13:25:21+0000
