
 • Building package ansible
From https://gitlab.com/emacs-ansible/emacs-ansible
Updating /mnt/store/melpa/working/ansible/
Checking out 0d7bc93ad963677880d99c846a30ea6e6ed9eec5
Copying files (->) and directories (=>)
  from /mnt/store/melpa/working/ansible/
  to /tmp/ansible-Ng2UaX/ansible-20260607.1852/
    ansible.el -> ansible.el
    snippets => snippets
    dict => dict
Created ansible-20260607.1852.tar containing:
  ansible-20260607.1852/
  ansible-20260607.1852/ansible-pkg.el
  ansible-20260607.1852/ansible.el
  ansible-20260607.1852/dict/
  ansible-20260607.1852/dict/ansible
  ansible-20260607.1852/snippets/
  ansible-20260607.1852/snippets/text-mode/
  ansible-20260607.1852/snippets/text-mode/ansible/
  ansible-20260607.1852/snippets/text-mode/ansible/modules/
  ansible-20260607.1852/snippets/text-mode/ansible/modules/add_host
  ansible-20260607.1852/snippets/text-mode/ansible/modules/apt
  ansible-20260607.1852/snippets/text-mode/ansible/modules/apt_key
  ansible-20260607.1852/snippets/text-mode/ansible/modules/apt_repository
  ansible-20260607.1852/snippets/text-mode/ansible/modules/assemble
  ansible-20260607.1852/snippets/text-mode/ansible/modules/assert
  ansible-20260607.1852/snippets/text-mode/ansible/modules/async_status
  ansible-20260607.1852/snippets/text-mode/ansible/modules/blockinfile
  ansible-20260607.1852/snippets/text-mode/ansible/modules/command
  ansible-20260607.1852/snippets/text-mode/ansible/modules/copy
  ansible-20260607.1852/snippets/text-mode/ansible/modules/cron
  ansible-20260607.1852/snippets/text-mode/ansible/modules/deb822_repository
  ansible-20260607.1852/snippets/text-mode/ansible/modules/debconf
  ansible-20260607.1852/snippets/text-mode/ansible/modules/debug
  ansible-20260607.1852/snippets/text-mode/ansible/modules/dnf
  ansible-20260607.1852/snippets/text-mode/ansible/modules/dnf5
  ansible-20260607.1852/snippets/text-mode/ansible/modules/dpkg_selections
  ansible-20260607.1852/snippets/text-mode/ansible/modules/expect
  ansible-20260607.1852/snippets/text-mode/ansible/modules/fail
  ansible-20260607.1852/snippets/text-mode/ansible/modules/fetch
  ansible-20260607.1852/snippets/text-mode/ansible/modules/file
  ansible-20260607.1852/snippets/text-mode/ansible/modules/find
  ansible-20260607.1852/snippets/text-mode/ansible/modules/gather_facts
  ansible-20260607.1852/snippets/text-mode/ansible/modules/get_url
  ansible-20260607.1852/snippets/text-mode/ansible/modules/getent
  ansible-20260607.1852/snippets/text-mode/ansible/modules/git
  ansible-20260607.1852/snippets/text-mode/ansible/modules/group
  ansible-20260607.1852/snippets/text-mode/ansible/modules/group_by
  ansible-20260607.1852/snippets/text-mode/ansible/modules/hostname
  ansible-20260607.1852/snippets/text-mode/ansible/modules/import_playbook
  ansible-20260607.1852/snippets/text-mode/ansible/modules/import_role
  ansible-20260607.1852/snippets/text-mode/ansible/modules/import_tasks
  ansible-20260607.1852/snippets/text-mode/ansible/modules/include_role
  ansible-20260607.1852/snippets/text-mode/ansible/modules/include_tasks
  ansible-20260607.1852/snippets/text-mode/ansible/modules/include_vars
  ansible-20260607.1852/snippets/text-mode/ansible/modules/iptables
  ansible-20260607.1852/snippets/text-mode/ansible/modules/known_hosts
  ansible-20260607.1852/snippets/text-mode/ansible/modules/lineinfile
  ansible-20260607.1852/snippets/text-mode/ansible/modules/meta
  ansible-20260607.1852/snippets/text-mode/ansible/modules/mount_facts
  ansible-20260607.1852/snippets/text-mode/ansible/modules/package
  ansible-20260607.1852/snippets/text-mode/ansible/modules/package_facts
  ansible-20260607.1852/snippets/text-mode/ansible/modules/pause
  ansible-20260607.1852/snippets/text-mode/ansible/modules/ping
  ansible-20260607.1852/snippets/text-mode/ansible/modules/pip
  ansible-20260607.1852/snippets/text-mode/ansible/modules/raw
  ansible-20260607.1852/snippets/text-mode/ansible/modules/reboot
  ansible-20260607.1852/snippets/text-mode/ansible/modules/replace
  ansible-20260607.1852/snippets/text-mode/ansible/modules/rpm_key
  ansible-20260607.1852/snippets/text-mode/ansible/modules/script
  ansible-20260607.1852/snippets/text-mode/ansible/modules/service
  ansible-20260607.1852/snippets/text-mode/ansible/modules/service_facts
  ansible-20260607.1852/snippets/text-mode/ansible/modules/set_fact
  ansible-20260607.1852/snippets/text-mode/ansible/modules/set_stats
  ansible-20260607.1852/snippets/text-mode/ansible/modules/setup
  ansible-20260607.1852/snippets/text-mode/ansible/modules/shell
  ansible-20260607.1852/snippets/text-mode/ansible/modules/slurp
  ansible-20260607.1852/snippets/text-mode/ansible/modules/stat
  ansible-20260607.1852/snippets/text-mode/ansible/modules/subversion
  ansible-20260607.1852/snippets/text-mode/ansible/modules/systemd
  ansible-20260607.1852/snippets/text-mode/ansible/modules/systemd_service
  ansible-20260607.1852/snippets/text-mode/ansible/modules/sysvinit
  ansible-20260607.1852/snippets/text-mode/ansible/modules/tempfile
  ansible-20260607.1852/snippets/text-mode/ansible/modules/template
  ansible-20260607.1852/snippets/text-mode/ansible/modules/unarchive
  ansible-20260607.1852/snippets/text-mode/ansible/modules/uri
  ansible-20260607.1852/snippets/text-mode/ansible/modules/user
  ansible-20260607.1852/snippets/text-mode/ansible/modules/validate_argument_spec
  ansible-20260607.1852/snippets/text-mode/ansible/modules/wait_for
  ansible-20260607.1852/snippets/text-mode/ansible/modules/wait_for_connection
  ansible-20260607.1852/snippets/text-mode/ansible/modules/yum_repository
  ansible-20260607.1852/snippets/yaml-mode/
  ansible-20260607.1852/snippets/yaml-mode/.yas-parents
Built ansible in 4.016s, finished at 2026-07-15T13:25:27+0000
