
 • Building package apheleia
From https://github.com/radian-software/apheleia
Updating /mnt/store/melpa/working/apheleia/
Checking out 14a0bb4454fb2cc3b5b377619288b742ce117da5
Copying files (->) and directories (=>)
  from /mnt/store/melpa/working/apheleia/
  to /tmp/apheleia-SkEwxk/apheleia-20260619.1935/
    apheleia-dp.el -> apheleia-dp.el
    apheleia-formatter-context.el -> apheleia-formatter-context.el
    apheleia-formatters.el -> apheleia-formatters.el
    apheleia-log.el -> apheleia-log.el
    apheleia-rcs.el -> apheleia-rcs.el
    apheleia-utils.el -> apheleia-utils.el
    apheleia.el -> apheleia.el
    scripts/formatters => scripts/formatters
Created apheleia-20260619.1935.tar containing:
  apheleia-20260619.1935/
  apheleia-20260619.1935/apheleia-dp.el
  apheleia-20260619.1935/apheleia-formatter-context.el
  apheleia-20260619.1935/apheleia-formatters.el
  apheleia-20260619.1935/apheleia-log.el
  apheleia-20260619.1935/apheleia-pkg.el
  apheleia-20260619.1935/apheleia-rcs.el
  apheleia-20260619.1935/apheleia-utils.el
  apheleia-20260619.1935/apheleia.el
  apheleia-20260619.1935/scripts/
  apheleia-20260619.1935/scripts/formatters/
  apheleia-20260619.1935/scripts/formatters/apheleia-docformatter
  apheleia-20260619.1935/scripts/formatters/apheleia-from-project-root
  apheleia-20260619.1935/scripts/formatters/apheleia-mix-format
  apheleia-20260619.1935/scripts/formatters/apheleia-npx
  apheleia-20260619.1935/scripts/formatters/apheleia-phpcs
  apheleia-20260619.1935/scripts/formatters/apheleia-pkl
  apheleia-20260619.1935/scripts/formatters/pnp-bin.js
Built apheleia in 3.488s, finished at 2026-07-15T13:25:37+0000
