
 • Building package ast-grep
From https://github.com/SunskyXH/ast-grep.el
Updating /mnt/store/melpa/working/ast-grep/
Checking out 28bc6e9ac21acf1d1ef58b962b6acd670c27e80f
Copying files (->) and directories (=>)
  from /mnt/store/melpa/working/ast-grep/
  to /tmp/ast-grep-gjaBYJ/ast-grep-20260702.238/
    ast-grep-consult.el -> ast-grep-consult.el
    ast-grep-core.el -> ast-grep-core.el
    ast-grep-helm.el -> ast-grep-helm.el
    ast-grep-ivy.el -> ast-grep-ivy.el
    ast-grep-outline.el -> ast-grep-outline.el
    ast-grep-sync.el -> ast-grep-sync.el
    ast-grep.el -> ast-grep.el
Created ast-grep-20260702.238.tar containing:
  ast-grep-20260702.238/
  ast-grep-20260702.238/ast-grep-consult.el
  ast-grep-20260702.238/ast-grep-core.el
  ast-grep-20260702.238/ast-grep-helm.el
  ast-grep-20260702.238/ast-grep-ivy.el
  ast-grep-20260702.238/ast-grep-outline.el
  ast-grep-20260702.238/ast-grep-pkg.el
  ast-grep-20260702.238/ast-grep-sync.el
  ast-grep-20260702.238/ast-grep.el
Built ast-grep in 2.792s, finished at 2026-07-15T13:25:58+0000
