
 • Building package async
From https://github.com/jwiegley/emacs-async
Updating /mnt/store/melpa/working/async/
Checking out 5faab28916603bb324d9faba057021ce028ca847
Copying files (->) and directories (=>)
  from /mnt/store/melpa/working/async/
  to /tmp/async-wYwjuc/async-20260318.1803/
    async-bytecomp.el -> async-bytecomp.el
    async-package.el -> async-package.el
    async.el -> async.el
    dired-async.el -> dired-async.el
    smtpmail-async.el -> smtpmail-async.el
Created async-20260318.1803.tar containing:
  async-20260318.1803/
  async-20260318.1803/async-bytecomp.el
  async-20260318.1803/async-package.el
  async-20260318.1803/async-pkg.el
  async-20260318.1803/async.el
  async-20260318.1803/dired-async.el
  async-20260318.1803/smtpmail-async.el
Built async in 3.719s, finished at 2026-07-15T13:26:02+0000
