
 • Building package avk-emacs-themes
From https://github.com/avkoval/avk-emacs-themes
Updating /mnt/store/melpa/working/avk-emacs-themes/
Checking out abe6fd059e0a7e8fcf2eb95b16c3dfac5620b1e7
Copying files (->) and directories (=>)
  from /mnt/store/melpa/working/avk-emacs-themes/
  to /tmp/avk-emacs-themes-mbAf1U/avk-emacs-themes-20230825.922/
    avk-darkblue-white-theme.el -> avk-darkblue-white-theme.el
    avk-darkblue-yellow-theme.el -> avk-darkblue-yellow-theme.el
    avk-daylight-theme.el -> avk-daylight-theme.el
    avk-emacs-themes-pkg.el -> avk-emacs-themes-pkg.el
    avk-emacs-themes.el -> avk-emacs-themes.el
Created avk-emacs-themes-20230825.922.tar containing:
  avk-emacs-themes-20230825.922/
  avk-emacs-themes-20230825.922/avk-darkblue-white-theme.el
  avk-emacs-themes-20230825.922/avk-darkblue-yellow-theme.el
  avk-emacs-themes-20230825.922/avk-daylight-theme.el
  avk-emacs-themes-20230825.922/avk-emacs-themes-pkg.el
  avk-emacs-themes-20230825.922/avk-emacs-themes.el
Built avk-emacs-themes in 3.105s, finished at 2026-07-15T13:26:49+0000
