
 • Building package avy-migemo
From https://github.com/momomo5717/avy-migemo
Updating /mnt/store/melpa/working/avy-migemo/
Checking out 922a6dd82c0bfa316b0fbb56a9d4dd4ffa5707e7
Copying files (->) and directories (=>)
  from /mnt/store/melpa/working/avy-migemo/
  to /tmp/avy-migemo-qqNAp9/avy-migemo-20180716.1455/
    avy-migemo-e.g.counsel.el -> avy-migemo-e.g.counsel.el
    avy-migemo-e.g.ivy.el -> avy-migemo-e.g.ivy.el
    avy-migemo-e.g.swiper.el -> avy-migemo-e.g.swiper.el
    avy-migemo-e.g.zzz-to-char.el -> avy-migemo-e.g.zzz-to-char.el
    avy-migemo.el -> avy-migemo.el
Created avy-migemo-20180716.1455.tar containing:
  avy-migemo-20180716.1455/
  avy-migemo-20180716.1455/avy-migemo-e.g.counsel.el
  avy-migemo-20180716.1455/avy-migemo-e.g.ivy.el
  avy-migemo-20180716.1455/avy-migemo-e.g.swiper.el
  avy-migemo-20180716.1455/avy-migemo-e.g.zzz-to-char.el
  avy-migemo-20180716.1455/avy-migemo-pkg.el
  avy-migemo-20180716.1455/avy-migemo.el
Built avy-migemo in 2.886s, finished at 2026-07-15T13:26:53+0000
