
 • Building package bbyac
From https://github.com/baohaojun/bbyac
Updating /mnt/store/melpa/working/bbyac/
Checking out 9f0de9cad13801891ffb590dc09f51ff9a7cb225
Copying files (->) and directories (=>)
  from /mnt/store/melpa/working/bbyac/
  to /tmp/bbyac-lDtbqs/bbyac-20180206.1441/
    bbyac.el -> bbyac.el
    c++.bbyac -> c++.bbyac
    java.bbyac -> java.bbyac
    js2.bbyac -> js2.bbyac
    lua.bbyac -> lua.bbyac
    ruby.bbyac -> ruby.bbyac
Created bbyac-20180206.1441.tar containing:
  bbyac-20180206.1441/
  bbyac-20180206.1441/bbyac-pkg.el
  bbyac-20180206.1441/bbyac.el
  bbyac-20180206.1441/c++.bbyac
  bbyac-20180206.1441/java.bbyac
  bbyac-20180206.1441/js2.bbyac
  bbyac-20180206.1441/lua.bbyac
  bbyac-20180206.1441/ruby.bbyac
Built bbyac in 2.883s, finished at 2026-07-15T13:27:25+0000
