Package: binky
Fetcher: github
Source:  https://github.com/liuyinz/binky.el.git

Updating /mnt/store/melpa/working/binky/
Checking out f2fe74321f87dfe46421a7a7aaaec30b7f831059
Copying files (->) and directories (=>)
  from /mnt/store/melpa/working/binky/
  to /tmp/binkycYXs2i/binky-20240519.732
    binky-margin.el -> binky-margin.el
    binky.el -> binky.el
Created binky-20240519.732.tar containing:
  binky-20240519.732/
  binky-20240519.732/binky-margin.el
  binky-20240519.732/binky-pkg.el
  binky-20240519.732/binky.el
 ✓ Success:
  2024-05-15T20:48:25+0000  binky-20240428.352.entry
  2024-05-15T20:48:25+0000  binky-20240428.352.tar
  2024-05-19T22:38:41+0000  binky-20240519.732.entry
  2024-05-19T22:38:41+0000  binky-20240519.732.tar
Built binky in 5.028s, finished at 2024-05-19T22:38:43+0000
