
 • Building package biome
From https://github.com/SqrtMinusOne/biome
Updating /mnt/store/melpa/working/biome/
Checking out 77a94f3c5210b80b63d5002c4780e542cd98a65f
Copying files (->) and directories (=>)
  from /mnt/store/melpa/working/biome/
  to /tmp/biome-mJadHU/biome-20260607.1500/
    biome-api-data.el -> biome-api-data.el
    biome-api-parse.el -> biome-api-parse.el
    biome-api.el -> biome-api.el
    biome-grid.el -> biome-grid.el
    biome-multi.el -> biome-multi.el
    biome-query.el -> biome-query.el
    biome.el -> biome.el
Created biome-20260607.1500.tar containing:
  biome-20260607.1500/
  biome-20260607.1500/biome-api-data.el
  biome-20260607.1500/biome-api-parse.el
  biome-20260607.1500/biome-api.el
  biome-20260607.1500/biome-grid.el
  biome-20260607.1500/biome-multi.el
  biome-20260607.1500/biome-pkg.el
  biome-20260607.1500/biome-query.el
  biome-20260607.1500/biome.el
Built biome in 6.116s, finished at 2026-07-15T13:28:09+0000
