
 • Building package blog-admin
From https://github.com/xcodebuild/blog-admin
Updating /mnt/store/melpa/working/blog-admin/
Checking out b5f2e1dad7d68ec903619f7280bb0bcb7e398a1e
Copying files (->) and directories (=>)
  from /mnt/store/melpa/working/blog-admin/
  to /tmp/blog-admin-tJL8Xe/blog-admin-20170923.1409/
    blog-admin-backend-hexo.el -> blog-admin-backend-hexo.el
    blog-admin-backend-nikola.el -> blog-admin-backend-nikola.el
    blog-admin-backend-org-page.el -> blog-admin-backend-org-page.el
    blog-admin-backend.el -> blog-admin-backend.el
    blog-admin.el -> blog-admin.el
Created blog-admin-20170923.1409.tar containing:
  blog-admin-20170923.1409/
  blog-admin-20170923.1409/blog-admin-backend-hexo.el
  blog-admin-20170923.1409/blog-admin-backend-nikola.el
  blog-admin-20170923.1409/blog-admin-backend-org-page.el
  blog-admin-20170923.1409/blog-admin-backend.el
  blog-admin-20170923.1409/blog-admin-pkg.el
  blog-admin-20170923.1409/blog-admin.el
Built blog-admin in 4.578s, finished at 2026-07-15T13:28:31+0000
