
 • Building package blue
From https://codeberg.org/lapislazuli/blue.el
Updating /mnt/store/melpa/working/blue/
Checking out 3668ca7f627f3497d907293f38dcfbe33fb6f4f7
Copying files (->) and directories (=>)
  from /mnt/store/melpa/working/blue/
  to /tmp/blue-5Zc1oO/blue-20260709.1248/
    blue-complete.el -> blue-complete.el
    blue-replay.el -> blue-replay.el
    blue-run.el -> blue-run.el
    blue-transient.el -> blue-transient.el
    blue.el -> blue.el
Created blue-20260709.1248.tar containing:
  blue-20260709.1248/
  blue-20260709.1248/blue-complete.el
  blue-20260709.1248/blue-pkg.el
  blue-20260709.1248/blue-replay.el
  blue-20260709.1248/blue-run.el
  blue-20260709.1248/blue-transient.el
  blue-20260709.1248/blue.el
Built blue in 6.644s, finished at 2026-07-15T13:28:35+0000
