
 • Building package bluesky
From https://github.com/ahyatt/emacs-bluesky
Updating /mnt/store/melpa/working/bluesky/
Checking out b4b7957a3af0533918535486f44afcb808d38d24
Copying files (->) and directories (=>)
  from /mnt/store/melpa/working/bluesky/
  to /tmp/bluesky-N2sxIL/bluesky-20260618.147/
    bluesky-conn.el -> bluesky-conn.el
    bluesky-model.el -> bluesky-model.el
    bluesky-post.el -> bluesky-post.el
    bluesky-ui.el -> bluesky-ui.el
    bluesky.el -> bluesky.el
Created bluesky-20260618.147.tar containing:
  bluesky-20260618.147/
  bluesky-20260618.147/bluesky-conn.el
  bluesky-20260618.147/bluesky-model.el
  bluesky-20260618.147/bluesky-pkg.el
  bluesky-20260618.147/bluesky-post.el
  bluesky-20260618.147/bluesky-ui.el
  bluesky-20260618.147/bluesky.el
Built bluesky in 4.692s, finished at 2026-07-15T13:28:34+0000
