Package: boa-ide
Fetcher: github
Source:  https://github.com/boalang/syntax-highlight.git

Updating /mnt/store/melpa/working/boa-ide/
Checking out e1f960ada937be747ea2ec302bea155092e5c06b
Copying files (->) and directories (=>)
  from /mnt/store/melpa/working/boa-ide/
  to /tmp/boa-ide36XzUb/boa-ide-20230813.2036
    boa-ide-sc.el -> boa-ide-sc.el
    boa-ide.el -> boa-ide.el
    boa-ide-study-config.el -> boa-ide-study-config.el
Created boa-ide-20230813.2036.tar containing:
  boa-ide-20230813.2036/
  boa-ide-20230813.2036/boa-ide-pkg.el
  boa-ide-20230813.2036/boa-ide-sc.el
  boa-ide-20230813.2036/boa-ide-study-config.el
  boa-ide-20230813.2036/boa-ide.el
 ✓ Success:
  2024-05-19T22:39:06+0000  boa-ide-20230813.2036.entry
  2024-05-19T22:39:06+0000  boa-ide-20230813.2036.tar
Built boa-ide in 4.196s, finished at 2024-05-19T22:39:07+0000
