
 • Building package boon
From https://github.com/jyp/boon
Updating /mnt/store/melpa/working/boon/
Checking out 1aa2b2f8f6c0b32cd600355bbeabc036624d0566
Copying files (->) and directories (=>)
  from /mnt/store/melpa/working/boon/
  to /tmp/boon-bBPwI6/boon-20260215.930/
    boon-arguments.el -> boon-arguments.el
    boon-colemak-hnei.el -> boon-colemak-hnei.el
    boon-colemak.el -> boon-colemak.el
    boon-core.el -> boon-core.el
    boon-dvorak.el -> boon-dvorak.el
    boon-emacs.el -> boon-emacs.el
    boon-hl.el -> boon-hl.el
    boon-keys.el -> boon-keys.el
    boon-loaddefs.el -> boon-loaddefs.el
    boon-main.el -> boon-main.el
    boon-moves.el -> boon-moves.el
    boon-powerline.el -> boon-powerline.el
    boon-qwerty-hjkl.el -> boon-qwerty-hjkl.el
    boon-qwerty.el -> boon-qwerty.el
    boon-qwertz.el -> boon-qwertz.el
    boon-regs.el -> boon-regs.el
    boon-search.el -> boon-search.el
    boon-spaceline.el -> boon-spaceline.el
    boon-tutorial.el -> boon-tutorial.el
    boon-utils.el -> boon-utils.el
    boon-workman.el -> boon-workman.el
    boon.el -> boon.el
Created boon-20260215.930.tar containing:
  boon-20260215.930/
  boon-20260215.930/boon-arguments.el
  boon-20260215.930/boon-colemak-hnei.el
  boon-20260215.930/boon-colemak.el
  boon-20260215.930/boon-core.el
  boon-20260215.930/boon-dvorak.el
  boon-20260215.930/boon-emacs.el
  boon-20260215.930/boon-hl.el
  boon-20260215.930/boon-keys.el
  boon-20260215.930/boon-loaddefs.el
  boon-20260215.930/boon-main.el
  boon-20260215.930/boon-moves.el
  boon-20260215.930/boon-pkg.el
  boon-20260215.930/boon-powerline.el
  boon-20260215.930/boon-qwerty-hjkl.el
  boon-20260215.930/boon-qwerty.el
  boon-20260215.930/boon-qwertz.el
  boon-20260215.930/boon-regs.el
  boon-20260215.930/boon-search.el
  boon-20260215.930/boon-spaceline.el
  boon-20260215.930/boon-tutorial.el
  boon-20260215.930/boon-utils.el
  boon-20260215.930/boon-workman.el
  boon-20260215.930/boon.el
Built boon in 5.934s, finished at 2026-07-15T13:28:56+0000
