
 • Building package buffer-manage
From https://github.com/plandes/buffer-manage
Updating /mnt/store/melpa/working/buffer-manage/
Checking out f32c756a261aebca0a864e41958097b30690e171
Copying files (->) and directories (=>)
  from /mnt/store/melpa/working/buffer-manage/
  to /tmp/buffer-manage-9PsyHf/buffer-manage-20260713.121/
    buffer-manage.el -> buffer-manage.el
    config-manage-base.el -> config-manage-base.el
    config-manage-declare.el -> config-manage-declare.el
    config-manage-mode.el -> config-manage-mode.el
    config-manage-prop.el -> config-manage-prop.el
    config-manage.el -> config-manage.el
Created buffer-manage-20260713.121.tar containing:
  buffer-manage-20260713.121/
  buffer-manage-20260713.121/buffer-manage-pkg.el
  buffer-manage-20260713.121/buffer-manage.el
  buffer-manage-20260713.121/config-manage-base.el
  buffer-manage-20260713.121/config-manage-declare.el
  buffer-manage-20260713.121/config-manage-mode.el
  buffer-manage-20260713.121/config-manage-prop.el
  buffer-manage-20260713.121/config-manage.el
Built buffer-manage in 2.724s, finished at 2026-07-15T13:29:29+0000
