
 • Building package bufler
From https://github.com/alphapapa/bufler.el
Updating /mnt/store/melpa/working/bufler/
Checking out b96822d2132fda6bd1dd86f017d7e76e3b990c82
Copying files (->) and directories (=>)
  from /mnt/store/melpa/working/bufler/
  to /tmp/bufler-NlAfOg/bufler-20250327.2246/
    bufler-group-tree.el -> bufler-group-tree.el
    bufler-workspace-tabs.el -> bufler-workspace-tabs.el
    bufler-workspace.el -> bufler-workspace.el
    bufler.el -> bufler.el
    bufler.info -> bufler.info
Created bufler-20250327.2246.tar containing:
  bufler-20250327.2246/
  bufler-20250327.2246/bufler-group-tree.el
  bufler-20250327.2246/bufler-pkg.el
  bufler-20250327.2246/bufler-workspace-tabs.el
  bufler-20250327.2246/bufler-workspace.el
  bufler-20250327.2246/bufler.el
  bufler-20250327.2246/bufler.info
  bufler-20250327.2246/dir
Built bufler in 3.426s, finished at 2026-07-15T13:29:36+0000
