
 • Building package calibredb
From https://github.com/chenyanming/calibredb.el
Updating /mnt/store/melpa/working/calibredb/
Checking out af6fc49edf72f0ebc42d9d3983ad00c268541092
Copying files (->) and directories (=>)
  from /mnt/store/melpa/working/calibredb/
  to /tmp/calibredb-gTaROt/calibredb-20260412.622/
    calibredb-annotation.el -> calibredb-annotation.el
    calibredb-consult.el -> calibredb-consult.el
    calibredb-core.el -> calibredb-core.el
    calibredb-dired.el -> calibredb-dired.el
    calibredb-faces.el -> calibredb-faces.el
    calibredb-folder.el -> calibredb-folder.el
    calibredb-helm.el -> calibredb-helm.el
    calibredb-ivy.el -> calibredb-ivy.el
    calibredb-library.el -> calibredb-library.el
    calibredb-opds.el -> calibredb-opds.el
    calibredb-org.el -> calibredb-org.el
    calibredb-search.el -> calibredb-search.el
    calibredb-show.el -> calibredb-show.el
    calibredb-transient.el -> calibredb-transient.el
    calibredb-utils.el -> calibredb-utils.el
    calibredb.el -> calibredb.el
Created calibredb-20260412.622.tar containing:
  calibredb-20260412.622/
  calibredb-20260412.622/calibredb-annotation.el
  calibredb-20260412.622/calibredb-consult.el
  calibredb-20260412.622/calibredb-core.el
  calibredb-20260412.622/calibredb-dired.el
  calibredb-20260412.622/calibredb-faces.el
  calibredb-20260412.622/calibredb-folder.el
  calibredb-20260412.622/calibredb-helm.el
  calibredb-20260412.622/calibredb-ivy.el
  calibredb-20260412.622/calibredb-library.el
  calibredb-20260412.622/calibredb-opds.el
  calibredb-20260412.622/calibredb-org.el
  calibredb-20260412.622/calibredb-pkg.el
  calibredb-20260412.622/calibredb-search.el
  calibredb-20260412.622/calibredb-show.el
  calibredb-20260412.622/calibredb-transient.el
  calibredb-20260412.622/calibredb-utils.el
  calibredb-20260412.622/calibredb.el
Built calibredb in 3.996s, finished at 2026-07-15T13:30:02+0000
