
 • Building package calle24
From https://github.com/kickingvegas/calle24
Updating /mnt/store/melpa/working/calle24/
Checking out 24d6240209b46c5005121d14cba3fae0e0ff257f
Copying files (->) and directories (=>)
  from /mnt/store/melpa/working/calle24/
  to /tmp/calle24-qYHUVw/calle24-20260506.2210/
  ! lisp/calle24-edebug.el -> calle24-edebug.el
  ! lisp/calle24.el -> calle24.el
    images => images
Created calle24-20260506.2210.tar containing:
  calle24-20260506.2210/
  calle24-20260506.2210/calle24-edebug.el
  calle24-20260506.2210/calle24-pkg.el
  calle24-20260506.2210/calle24.el
  calle24-20260506.2210/images/
  calle24-20260506.2210/images/attach.xpm
  calle24-20260506.2210/images/attach_dark.xpm
  calle24-20260506.2210/images/back-arrow.xpm
  calle24-20260506.2210/images/back-arrow_dark.xpm
  calle24-20260506.2210/images/bookmark.xpm
  calle24-20260506.2210/images/bookmark_add.xpm
  calle24-20260506.2210/images/bookmark_add_dark.xpm
  calle24-20260506.2210/images/bookmark_dark.xpm
  calle24-20260506.2210/images/cancel.xpm
  calle24-20260506.2210/images/cancel_dark.xpm
  calle24-20260506.2210/images/checked.xpm
  calle24-20260506.2210/images/checked_dark.xpm
  calle24-20260506.2210/images/close.xpm
  calle24-20260506.2210/images/close_dark.xpm
  calle24-20260506.2210/images/connect-to-url.xpm
  calle24-20260506.2210/images/connect-to-url_dark.xpm
  calle24-20260506.2210/images/connect.xpm
  calle24-20260506.2210/images/connect_dark.xpm
  calle24-20260506.2210/images/contact.xpm
  calle24-20260506.2210/images/contact_dark.xpm
  calle24-20260506.2210/images/copy.xpm
  calle24-20260506.2210/images/copy_dark.xpm
  calle24-20260506.2210/images/cut.xpm
  calle24-20260506.2210/images/cut_dark.xpm
  calle24-20260506.2210/images/delete.xpm
  calle24-20260506.2210/images/delete_dark.xpm
  calle24-20260506.2210/images/diropen.xpm
  calle24-20260506.2210/images/diropen_dark.xpm
  calle24-20260506.2210/images/edebug/
  calle24-20260506.2210/images/edebug/abort-recursive-edit.xpm
  calle24-20260506.2210/images/edebug/abort-recursive-edit_dark.xpm
  calle24-20260506.2210/images/edebug/bounce-point.xpm
  calle24-20260506.2210/images/edebug/bounce-point_dark.xpm
  calle24-20260506.2210/images/edebug/conditional-breakpoint.xpm
  calle24-20260506.2210/images/edebug/conditional-breakpoint_dark.xpm
  calle24-20260506.2210/images/edebug/continue-mode.xpm
  calle24-20260506.2210/images/edebug/continue-mode_dark.xpm
  calle24-20260506.2210/images/edebug/delete-eval-item.xpm
  calle24-20260506.2210/images/edebug/delete-eval-item_dark.xpm
  calle24-20260506.2210/images/edebug/eval-defun.xpm
  calle24-20260506.2210/images/edebug/eval-defun_dark.xpm
  calle24-20260506.2210/images/edebug/eval-expression.xpm
  calle24-20260506.2210/images/edebug/eval-expression_dark.xpm
  calle24-20260506.2210/images/edebug/eval-last-sexp.xpm
  calle24-20260506.2210/images/edebug/eval-last-sexp_dark.xpm
  calle24-20260506.2210/images/edebug/eval-print-last-sexp.xpm
  calle24-20260506.2210/images/edebug/eval-print-last-sexp_dark.xpm
  calle24-20260506.2210/images/edebug/forward-sexp.xpm
  calle24-20260506.2210/images/edebug/forward-sexp_dark.xpm
  calle24-20260506.2210/images/edebug/go-mode.xpm
  calle24-20260506.2210/images/edebug/go-mode_dark.xpm
  calle24-20260506.2210/images/edebug/go-nonstop-mode.xpm
  calle24-20260506.2210/images/edebug/go-nonstop-mode_dark.xpm
  calle24-20260506.2210/images/edebug/goto-here.xpm
  calle24-20260506.2210/images/edebug/goto-here_dark.xpm
  calle24-20260506.2210/images/edebug/next-breakpoint.xpm
  calle24-20260506.2210/images/edebug/next-breakpoint_dark.xpm
  calle24-20260506.2210/images/edebug/next-mode.xpm
  calle24-20260506.2210/images/edebug/next-mode_dark.xpm
  calle24-20260506.2210/images/edebug/pop-to-backtrace.xpm
  calle24-20260506.2210/images/edebug/pop-to-backtrace_dark.xpm
  calle24-20260506.2210/images/edebug/previous-result.xpm
  calle24-20260506.2210/images/edebug/previous-result_dark.xpm
  calle24-20260506.2210/images/edebug/set-breakpoint.xpm
  calle24-20260506.2210/images/edebug/set-breakpoint_dark.xpm
  calle24-20260506.2210/images/edebug/set-mode.xpm
  calle24-20260506.2210/images/edebug/set-mode_dark.xpm
  calle24-20260506.2210/images/edebug/step-in.xpm
  calle24-20260506.2210/images/edebug/step-in_dark.xpm
  calle24-20260506.2210/images/edebug/step-mode.xpm
  calle24-20260506.2210/images/edebug/step-mode_dark.xpm
  calle24-20260506.2210/images/edebug/step-out.xpm
  calle24-20260506.2210/images/edebug/step-out_dark.xpm
  calle24-20260506.2210/images/edebug/stop.xpm
  calle24-20260506.2210/images/edebug/stop_dark.xpm
  calle24-20260506.2210/images/edebug/top-level-nonstop.xpm
  calle24-20260506.2210/images/edebug/top-level-nonstop_dark.xpm
  calle24-20260506.2210/images/edebug/top-level.xpm
  calle24-20260506.2210/images/edebug/top-level_dark.xpm
  calle24-20260506.2210/images/edebug/trace-mode.xpm
  calle24-20260506.2210/images/edebug/trace-mode_dark.xpm
  calle24-20260506.2210/images/edebug/unset-all-breakpoints.xpm
  calle24-20260506.2210/images/edebug/unset-all-breakpoints_dark.xpm
  calle24-20260506.2210/images/edebug/unset-breakpoint.xpm
  calle24-20260506.2210/images/edebug/unset-breakpoint_dark.xpm
  calle24-20260506.2210/images/edebug/update-eval-list.xpm
  calle24-20260506.2210/images/edebug/update-eval-list_dark.xpm
  calle24-20260506.2210/images/edebug/view-outside.xpm
  calle24-20260506.2210/images/edebug/view-outside_dark.xpm
  calle24-20260506.2210/images/edebug/visit-eval-list.xpm
  calle24-20260506.2210/images/edebug/visit-eval-list_dark.xpm
  calle24-20260506.2210/images/edebug/where.xpm
  calle24-20260506.2210/images/edebug/where_dark.xpm
  calle24-20260506.2210/images/exit.xpm
  calle24-20260506.2210/images/exit_dark.xpm
  calle24-20260506.2210/images/fwd-arrow.xpm
  calle24-20260506.2210/images/fwd-arrow_dark.xpm
  calle24-20260506.2210/images/help.xpm
  calle24-20260506.2210/images/help_dark.xpm
  calle24-20260506.2210/images/hide.xpm
  calle24-20260506.2210/images/hide_dark.xpm
  calle24-20260506.2210/images/home.xpm
  calle24-20260506.2210/images/home_dark.xpm
  calle24-20260506.2210/images/index.xpm
  calle24-20260506.2210/images/index_dark.xpm
  calle24-20260506.2210/images/info.xpm
  calle24-20260506.2210/images/info_dark.xpm
  calle24-20260506.2210/images/jump-to.xpm
  calle24-20260506.2210/images/jump-to_dark.xpm
  calle24-20260506.2210/images/last-page.xpm
  calle24-20260506.2210/images/last-page_dark.xpm
  calle24-20260506.2210/images/left-arrow.xpm
  calle24-20260506.2210/images/left-arrow_dark.xpm
  calle24-20260506.2210/images/lock-broken.xpm
  calle24-20260506.2210/images/lock-broken_dark.xpm
  calle24-20260506.2210/images/lock-ok.xpm
  calle24-20260506.2210/images/lock-ok_dark.xpm
  calle24-20260506.2210/images/lock-open.xpm
  calle24-20260506.2210/images/lock-open_dark.xpm
  calle24-20260506.2210/images/lock.xpm
  calle24-20260506.2210/images/lock_dark.xpm
  calle24-20260506.2210/images/new.xpm
  calle24-20260506.2210/images/new_dark.xpm
  calle24-20260506.2210/images/next-node.xpm
  calle24-20260506.2210/images/next-node_dark.xpm
  calle24-20260506.2210/images/next-page.xpm
  calle24-20260506.2210/images/next-page_dark.xpm
  calle24-20260506.2210/images/open.xpm
  calle24-20260506.2210/images/open_dark.xpm
  calle24-20260506.2210/images/paste.xpm
  calle24-20260506.2210/images/paste_dark.xpm
  calle24-20260506.2210/images/preferences.xpm
  calle24-20260506.2210/images/preferences_dark.xpm
  calle24-20260506.2210/images/prev-node.xpm
  calle24-20260506.2210/images/prev-node_dark.xpm
  calle24-20260506.2210/images/prev-page.xpm
  calle24-20260506.2210/images/prev-page_dark.xpm
  calle24-20260506.2210/images/print.xpm
  calle24-20260506.2210/images/print_dark.xpm
  calle24-20260506.2210/images/redo.xpm
  calle24-20260506.2210/images/redo_dark.xpm
  calle24-20260506.2210/images/refresh.xpm
  calle24-20260506.2210/images/refresh_dark.xpm
  calle24-20260506.2210/images/right-arrow.xpm
  calle24-20260506.2210/images/right-arrow_dark.xpm
  calle24-20260506.2210/images/save.xpm
  calle24-20260506.2210/images/save_dark.xpm
  calle24-20260506.2210/images/saveas.xpm
  calle24-20260506.2210/images/saveas_dark.xpm
  calle24-20260506.2210/images/search-replace.xpm
  calle24-20260506.2210/images/search-replace_dark.xpm
  calle24-20260506.2210/images/search.xpm
  calle24-20260506.2210/images/search2.xpm
  calle24-20260506.2210/images/search2_dark.xpm
  calle24-20260506.2210/images/search_dark.xpm
  calle24-20260506.2210/images/share.xpm
  calle24-20260506.2210/images/share_dark.xpm
  calle24-20260506.2210/images/show.xpm
  calle24-20260506.2210/images/show_dark.xpm
  calle24-20260506.2210/images/unchecked.xpm
  calle24-20260506.2210/images/unchecked_dark.xpm
  calle24-20260506.2210/images/undo.xpm
  calle24-20260506.2210/images/undo_dark.xpm
  calle24-20260506.2210/images/up-arrow.xpm
  calle24-20260506.2210/images/up-arrow_dark.xpm
  calle24-20260506.2210/images/up-node.xpm
  calle24-20260506.2210/images/up-node_dark.xpm
  calle24-20260506.2210/images/zoom-in.xpm
  calle24-20260506.2210/images/zoom-in_dark.xpm
  calle24-20260506.2210/images/zoom-out.xpm
  calle24-20260506.2210/images/zoom-out_dark.xpm
Built calle24 in 4.546s, finished at 2026-07-15T13:30:06+0000
