
 • Building package caml
From https://github.com/ocaml/caml-mode
Updating /mnt/store/melpa/working/caml/
Checking out 744333dc4c4bd8b93e037efa8f7362b0903b96a2
Copying files (->) and directories (=>)
  from /mnt/store/melpa/working/caml/
  to /tmp/caml-xJohLF/caml-20250227.1734/
    caml-font-old.el -> caml-font-old.el
    caml-font.el -> caml-font.el
    caml-help.el -> caml-help.el
    caml-types.el -> caml-types.el
    caml.el -> caml.el
    camldebug.el -> camldebug.el
    inf-caml.el -> inf-caml.el
Created caml-20250227.1734.tar containing:
  caml-20250227.1734/
  caml-20250227.1734/caml-font-old.el
  caml-20250227.1734/caml-font.el
  caml-20250227.1734/caml-help.el
  caml-20250227.1734/caml-pkg.el
  caml-20250227.1734/caml-types.el
  caml-20250227.1734/caml.el
  caml-20250227.1734/camldebug.el
  caml-20250227.1734/inf-caml.el
Built caml in 4.168s, finished at 2026-07-15T13:30:08+0000
