Package: cape
Fetcher: github
Source:  https://github.com/minad/cape.git

Updating /mnt/store/melpa/working/cape/
Checking out a71e5c96564163837810b96bd34322b42f6e4d9c
Copying files (->) and directories (=>)
  from /mnt/store/melpa/working/cape/
  to /tmp/capezj1deh/cape-20240517.2216
    cape-char.el -> cape-char.el
    cape-keyword.el -> cape-keyword.el
    cape.el -> cape.el
Created cape-20240517.2216.tar containing:
  cape-20240517.2216/
  cape-20240517.2216/cape-char.el
  cape-20240517.2216/cape-keyword.el
  cape-20240517.2216/cape-pkg.el
  cape-20240517.2216/cape.el
 ✓ Success:
  2024-05-15T20:50:45+0000  cape-20240411.2207.entry
  2024-05-15T20:50:45+0000  cape-20240411.2207.tar
  2024-05-19T22:40:36+0000  cape-20240517.2216.entry
  2024-05-19T22:40:36+0000  cape-20240517.2216.tar
Built cape in 4.743s, finished at 2024-05-19T22:40:38+0000
