
 • Building package casual
From https://github.com/kickingvegas/casual
Updating /mnt/store/melpa/working/casual/
Checking out f2977bc97e0e80f5b6ea817f016e739e4f64b6e1
Copying files (->) and directories (=>)
  from /mnt/store/melpa/working/casual/
  to /tmp/casual-KlQ58n/casual-20260609.1642/
  ! lisp/casual-agenda-settings.el -> casual-agenda-settings.el
  ! lisp/casual-agenda-utils.el -> casual-agenda-utils.el
  ! lisp/casual-agenda.el -> casual-agenda.el
  ! lisp/casual-bibtex-settings.el -> casual-bibtex-settings.el
  ! lisp/casual-bibtex-utils.el -> casual-bibtex-utils.el
  ! lisp/casual-bibtex.el -> casual-bibtex.el
  ! lisp/casual-bookmarks-settings.el -> casual-bookmarks-settings.el
  ! lisp/casual-bookmarks-utils.el -> casual-bookmarks-utils.el
  ! lisp/casual-bookmarks.el -> casual-bookmarks.el
  ! lisp/casual-calc--calc.el -> casual-calc--calc.el
  ! lisp/casual-calc-algebra.el -> casual-calc-algebra.el
  ! lisp/casual-calc-angle-measure.el -> casual-calc-angle-measure.el
  ! lisp/casual-calc-binary.el -> casual-calc-binary.el
  ! lisp/casual-calc-complex.el -> casual-calc-complex.el
  ! lisp/casual-calc-conversion.el -> casual-calc-conversion.el
  ! lisp/casual-calc-fileio.el -> casual-calc-fileio.el
  ! lisp/casual-calc-financial.el -> casual-calc-financial.el
  ! lisp/casual-calc-graphics.el -> casual-calc-graphics.el
  ! lisp/casual-calc-labels.el -> casual-calc-labels.el
  ! lisp/casual-calc-logarithmic.el -> casual-calc-logarithmic.el
  ! lisp/casual-calc-predicates.el -> casual-calc-predicates.el
  ! lisp/casual-calc-radix.el -> casual-calc-radix.el
  ! lisp/casual-calc-random.el -> casual-calc-random.el
  ! lisp/casual-calc-rounding.el -> casual-calc-rounding.el
  ! lisp/casual-calc-settings.el -> casual-calc-settings.el
  ! lisp/casual-calc-stack.el -> casual-calc-stack.el
  ! lisp/casual-calc-symbolic.el -> casual-calc-symbolic.el
  ! lisp/casual-calc-time.el -> casual-calc-time.el
  ! lisp/casual-calc-trail.el -> casual-calc-trail.el
  ! lisp/casual-calc-trigonometric.el -> casual-calc-trigonometric.el
  ! lisp/casual-calc-units.el -> casual-calc-units.el
  ! lisp/casual-calc-utils.el -> casual-calc-utils.el
  ! lisp/casual-calc-variables.el -> casual-calc-variables.el
  ! lisp/casual-calc-vector.el -> casual-calc-vector.el
  ! lisp/casual-calc.el -> casual-calc.el
  ! lisp/casual-calendar-constants.el -> casual-calendar-constants.el
  ! lisp/casual-calendar-settings.el -> casual-calendar-settings.el
  ! lisp/casual-calendar-utils.el -> casual-calendar-utils.el
  ! lisp/casual-calendar.el -> casual-calendar.el
  ! lisp/casual-compile-settings.el -> casual-compile-settings.el
  ! lisp/casual-compile-utils.el -> casual-compile-utils.el
  ! lisp/casual-compile.el -> casual-compile.el
  ! lisp/casual-css-settings.el -> casual-css-settings.el
  ! lisp/casual-css-utils.el -> casual-css-utils.el
  ! lisp/casual-css.el -> casual-css.el
  ! lisp/casual-csv-settings.el -> casual-csv-settings.el
  ! lisp/casual-csv-utils.el -> casual-csv-utils.el
  ! lisp/casual-csv.el -> casual-csv.el
  ! lisp/casual-dired-settings.el -> casual-dired-settings.el
  ! lisp/casual-dired-sort-by.el -> casual-dired-sort-by.el
  ! lisp/casual-dired-utils.el -> casual-dired-utils.el
  ! lisp/casual-dired-variables.el -> casual-dired-variables.el
  ! lisp/casual-dired.el -> casual-dired.el
  ! lisp/casual-ediff-settings.el -> casual-ediff-settings.el
  ! lisp/casual-ediff-utils.el -> casual-ediff-utils.el
  ! lisp/casual-ediff.el -> casual-ediff.el
  ! lisp/casual-editkit-constants.el -> casual-editkit-constants.el
  ! lisp/casual-editkit-settings.el -> casual-editkit-settings.el
  ! lisp/casual-editkit-utils.el -> casual-editkit-utils.el
  ! lisp/casual-editkit.el -> casual-editkit.el
  ! lisp/casual-elisp-settings.el -> casual-elisp-settings.el
  ! lisp/casual-elisp-utils.el -> casual-elisp-utils.el
  ! lisp/casual-elisp.el -> casual-elisp.el
  ! lisp/casual-eshell-settings.el -> casual-eshell-settings.el
  ! lisp/casual-eshell-utils.el -> casual-eshell-utils.el
  ! lisp/casual-eshell.el -> casual-eshell.el
  ! lisp/casual-eww-settings.el -> casual-eww-settings.el
  ! lisp/casual-eww-utils.el -> casual-eww-utils.el
  ! lisp/casual-eww.el -> casual-eww.el
  ! lisp/casual-help-settings.el -> casual-help-settings.el
  ! lisp/casual-help-utils.el -> casual-help-utils.el
  ! lisp/casual-help.el -> casual-help.el
  ! lisp/casual-html-settings.el -> casual-html-settings.el
  ! lisp/casual-html-utils.el -> casual-html-utils.el
  ! lisp/casual-html.el -> casual-html.el
  ! lisp/casual-ibuffer-filter.el -> casual-ibuffer-filter.el
  ! lisp/casual-ibuffer-settings.el -> casual-ibuffer-settings.el
  ! lisp/casual-ibuffer-utils.el -> casual-ibuffer-utils.el
  ! lisp/casual-ibuffer.el -> casual-ibuffer.el
  ! lisp/casual-image-settings.el -> casual-image-settings.el
  ! lisp/casual-image-utils.el -> casual-image-utils.el
  ! lisp/casual-image.el -> casual-image.el
  ! lisp/casual-info-settings.el -> casual-info-settings.el
  ! lisp/casual-info-utils.el -> casual-info-utils.el
  ! lisp/casual-info-variables.el -> casual-info-variables.el
  ! lisp/casual-info.el -> casual-info.el
  ! lisp/casual-isearch-settings.el -> casual-isearch-settings.el
  ! lisp/casual-isearch-utils.el -> casual-isearch-utils.el
  ! lisp/casual-isearch.el -> casual-isearch.el
  ! lisp/casual-ispell-settings.el -> casual-ispell-settings.el
  ! lisp/casual-ispell-utils.el -> casual-ispell-utils.el
  ! lisp/casual-ispell.el -> casual-ispell.el
  ! lisp/casual-lib.el -> casual-lib.el
  ! lisp/casual-make-settings.el -> casual-make-settings.el
  ! lisp/casual-make-utils.el -> casual-make-utils.el
  ! lisp/casual-make.el -> casual-make.el
  ! lisp/casual-man-settings.el -> casual-man-settings.el
  ! lisp/casual-man-utils.el -> casual-man-utils.el
  ! lisp/casual-man.el -> casual-man.el
  ! lisp/casual-org-settings.el -> casual-org-settings.el
  ! lisp/casual-org-utils.el -> casual-org-utils.el
  ! lisp/casual-org.el -> casual-org.el
  ! lisp/casual-re-builder-settings.el -> casual-re-builder-settings.el
  ! lisp/casual-re-builder-utils.el -> casual-re-builder-utils.el
  ! lisp/casual-re-builder.el -> casual-re-builder.el
  ! lisp/casual-timezone-settings.el -> casual-timezone-settings.el
  ! lisp/casual-timezone-utils.el -> casual-timezone-utils.el
  ! lisp/casual-timezone.el -> casual-timezone.el
  ! lisp/casual.el -> casual.el
  ! docs/casual.texi -> casual.texi
  ! docs/images => images
Generating casual.info
Created casual-20260609.1642.tar containing:
  casual-20260609.1642/
  casual-20260609.1642/casual-agenda-settings.el
  casual-20260609.1642/casual-agenda-utils.el
  casual-20260609.1642/casual-agenda.el
  casual-20260609.1642/casual-bibtex-settings.el
  casual-20260609.1642/casual-bibtex-utils.el
  casual-20260609.1642/casual-bibtex.el
  casual-20260609.1642/casual-bookmarks-settings.el
  casual-20260609.1642/casual-bookmarks-utils.el
  casual-20260609.1642/casual-bookmarks.el
  casual-20260609.1642/casual-calc--calc.el
  casual-20260609.1642/casual-calc-algebra.el
  casual-20260609.1642/casual-calc-angle-measure.el
  casual-20260609.1642/casual-calc-binary.el
  casual-20260609.1642/casual-calc-complex.el
  casual-20260609.1642/casual-calc-conversion.el
  casual-20260609.1642/casual-calc-fileio.el
  casual-20260609.1642/casual-calc-financial.el
  casual-20260609.1642/casual-calc-graphics.el
  casual-20260609.1642/casual-calc-labels.el
  casual-20260609.1642/casual-calc-logarithmic.el
  casual-20260609.1642/casual-calc-predicates.el
  casual-20260609.1642/casual-calc-radix.el
  casual-20260609.1642/casual-calc-random.el
  casual-20260609.1642/casual-calc-rounding.el
  casual-20260609.1642/casual-calc-settings.el
  casual-20260609.1642/casual-calc-stack.el
  casual-20260609.1642/casual-calc-symbolic.el
  casual-20260609.1642/casual-calc-time.el
  casual-20260609.1642/casual-calc-trail.el
  casual-20260609.1642/casual-calc-trigonometric.el
  casual-20260609.1642/casual-calc-units.el
  casual-20260609.1642/casual-calc-utils.el
  casual-20260609.1642/casual-calc-variables.el
  casual-20260609.1642/casual-calc-vector.el
  casual-20260609.1642/casual-calc.el
  casual-20260609.1642/casual-calendar-constants.el
  casual-20260609.1642/casual-calendar-settings.el
  casual-20260609.1642/casual-calendar-utils.el
  casual-20260609.1642/casual-calendar.el
  casual-20260609.1642/casual-compile-settings.el
  casual-20260609.1642/casual-compile-utils.el
  casual-20260609.1642/casual-compile.el
  casual-20260609.1642/casual-css-settings.el
  casual-20260609.1642/casual-css-utils.el
  casual-20260609.1642/casual-css.el
  casual-20260609.1642/casual-csv-settings.el
  casual-20260609.1642/casual-csv-utils.el
  casual-20260609.1642/casual-csv.el
  casual-20260609.1642/casual-dired-settings.el
  casual-20260609.1642/casual-dired-sort-by.el
  casual-20260609.1642/casual-dired-utils.el
  casual-20260609.1642/casual-dired-variables.el
  casual-20260609.1642/casual-dired.el
  casual-20260609.1642/casual-ediff-settings.el
  casual-20260609.1642/casual-ediff-utils.el
  casual-20260609.1642/casual-ediff.el
  casual-20260609.1642/casual-editkit-constants.el
  casual-20260609.1642/casual-editkit-settings.el
  casual-20260609.1642/casual-editkit-utils.el
  casual-20260609.1642/casual-editkit.el
  casual-20260609.1642/casual-elisp-settings.el
  casual-20260609.1642/casual-elisp-utils.el
  casual-20260609.1642/casual-elisp.el
  casual-20260609.1642/casual-eshell-settings.el
  casual-20260609.1642/casual-eshell-utils.el
  casual-20260609.1642/casual-eshell.el
  casual-20260609.1642/casual-eww-settings.el
  casual-20260609.1642/casual-eww-utils.el
  casual-20260609.1642/casual-eww.el
  casual-20260609.1642/casual-help-settings.el
  casual-20260609.1642/casual-help-utils.el
  casual-20260609.1642/casual-help.el
  casual-20260609.1642/casual-html-settings.el
  casual-20260609.1642/casual-html-utils.el
  casual-20260609.1642/casual-html.el
  casual-20260609.1642/casual-ibuffer-filter.el
  casual-20260609.1642/casual-ibuffer-settings.el
  casual-20260609.1642/casual-ibuffer-utils.el
  casual-20260609.1642/casual-ibuffer.el
  casual-20260609.1642/casual-image-settings.el
  casual-20260609.1642/casual-image-utils.el
  casual-20260609.1642/casual-image.el
  casual-20260609.1642/casual-info-settings.el
  casual-20260609.1642/casual-info-utils.el
  casual-20260609.1642/casual-info-variables.el
  casual-20260609.1642/casual-info.el
  casual-20260609.1642/casual-isearch-settings.el
  casual-20260609.1642/casual-isearch-utils.el
  casual-20260609.1642/casual-isearch.el
  casual-20260609.1642/casual-ispell-settings.el
  casual-20260609.1642/casual-ispell-utils.el
  casual-20260609.1642/casual-ispell.el
  casual-20260609.1642/casual-lib.el
  casual-20260609.1642/casual-make-settings.el
  casual-20260609.1642/casual-make-utils.el
  casual-20260609.1642/casual-make.el
  casual-20260609.1642/casual-man-settings.el
  casual-20260609.1642/casual-man-utils.el
  casual-20260609.1642/casual-man.el
  casual-20260609.1642/casual-org-settings.el
  casual-20260609.1642/casual-org-utils.el
  casual-20260609.1642/casual-org.el
  casual-20260609.1642/casual-pkg.el
  casual-20260609.1642/casual-re-builder-settings.el
  casual-20260609.1642/casual-re-builder-utils.el
  casual-20260609.1642/casual-re-builder.el
  casual-20260609.1642/casual-timezone-settings.el
  casual-20260609.1642/casual-timezone-utils.el
  casual-20260609.1642/casual-timezone.el
  casual-20260609.1642/casual.el
  casual-20260609.1642/casual.info
  casual-20260609.1642/dir
  casual-20260609.1642/images/
  casual-20260609.1642/images/bookmarks-main-menu.png
  casual-20260609.1642/images/casual-agenda-almanac-screenshot.png
  casual-20260609.1642/images/casual-agenda-mark-screenshot.png
  casual-20260609.1642/images/casual-agenda-operations-screenshot.png
  casual-20260609.1642/images/casual-agenda-screenshot.png
  casual-20260609.1642/images/casual-agenda-settings-screenshot.png
  casual-20260609.1642/images/casual-agenda-unicode-screenshot.png
  casual-20260609.1642/images/casual-bibtex-clean-entry-hook.png
  casual-20260609.1642/images/casual-bibtex-screenshot.png
  casual-20260609.1642/images/casual-bibtex-settings-screenshot.png
  casual-20260609.1642/images/casual-bibtex-unicode-screenshot.png
  casual-20260609.1642/images/casual-bookmarks-screenshot.png
  casual-20260609.1642/images/casual-bookmarks-unicode-screenshot.png
  casual-20260609.1642/images/casual-calc-tmenu.png
  casual-20260609.1642/images/casual-calendar-calendars-menu.png
  casual-20260609.1642/images/casual-calendar-diary-menu.png
  casual-20260609.1642/images/casual-calendar-lunar-menu.png
  casual-20260609.1642/images/casual-calendar-main-unicode.png
  casual-20260609.1642/images/casual-calendar-screenshot.png
  casual-20260609.1642/images/casual-calendar-settings-menu.png
  casual-20260609.1642/images/casual-compile-grep-screenshot.png
  casual-20260609.1642/images/casual-compile-screenshot.png
  casual-20260609.1642/images/casual-css-screenshot.png
  casual-20260609.1642/images/casual-css-settings-screenshot.png
  casual-20260609.1642/images/casual-csv-align-screenshot.png
  casual-20260609.1642/images/casual-csv-edit-screenshot.png
  casual-20260609.1642/images/casual-csv-edit-unicode-screenshot.png
  casual-20260609.1642/images/casual-csv-settings-screenshot.png
  casual-20260609.1642/images/casual-csv-view-screenshot.png
  casual-20260609.1642/images/casual-dired-change-screenshot.png
  casual-20260609.1642/images/casual-dired-elisp-screenshot.png
  casual-20260609.1642/images/casual-dired-link.png
  casual-20260609.1642/images/casual-dired-marked-screenshot.png
  casual-20260609.1642/images/casual-dired-regexp-screenshot.png
  casual-20260609.1642/images/casual-dired-screenshot-unicode.png
  casual-20260609.1642/images/casual-dired-screenshot.png
  casual-20260609.1642/images/casual-dired-search-replace.png
  casual-20260609.1642/images/casual-dired-settings-screenshot.png
  casual-20260609.1642/images/casual-dired-sort-by-screenshot.png
  casual-20260609.1642/images/casual-dired-utils-screenshot.png
  casual-20260609.1642/images/casual-ediff-basic-screenshot.png
  casual-20260609.1642/images/casual-ediff-merge-conflict.png
  casual-20260609.1642/images/casual-ediff-screenshot.png
  casual-20260609.1642/images/casual-editkit-bookmarks-screenshot.png
  casual-20260609.1642/images/casual-editkit-copy-screenshot.png
  casual-20260609.1642/images/casual-editkit-delete-screenshot.png
  casual-20260609.1642/images/casual-editkit-edit-screenshot.png
  casual-20260609.1642/images/casual-editkit-emoji-symbols-screenshot.png
  casual-20260609.1642/images/casual-editkit-kill-screenshot.png
  casual-20260609.1642/images/casual-editkit-macro-screenshot.png
  casual-20260609.1642/images/casual-editkit-main-screenshot.png
  casual-20260609.1642/images/casual-editkit-mark-screenshot.png
  casual-20260609.1642/images/casual-editkit-move-screenshot.png
  casual-20260609.1642/images/casual-editkit-move-word-screenshot.png
  casual-20260609.1642/images/casual-editkit-narrow-screenshot.png
  casual-20260609.1642/images/casual-editkit-open-screenshot.png
  casual-20260609.1642/images/casual-editkit-project-screenshot.png
  casual-20260609.1642/images/casual-editkit-rectangle-screenshot.png
  casual-20260609.1642/images/casual-editkit-reformat-screenshot.png
  casual-20260609.1642/images/casual-editkit-registers-screenshot.png
  casual-20260609.1642/images/casual-editkit-search-screenshot.png
  casual-20260609.1642/images/casual-editkit-settings-screenshot.png
  casual-20260609.1642/images/casual-editkit-sort-screenshot.png
  casual-20260609.1642/images/casual-editkit-tools-screenshot.png
  casual-20260609.1642/images/casual-editkit-transform-screenshot.png
  casual-20260609.1642/images/casual-editkit-transpose-screenshot.png
  casual-20260609.1642/images/casual-editkit-window-delete-screenshot.png
  casual-20260609.1642/images/casual-editkit-window-screenshot.png
  casual-20260609.1642/images/casual-editkit-window-unicode-screenshot.png
  casual-20260609.1642/images/casual-elisp-screenshot.png
  casual-20260609.1642/images/casual-elisp-unicode-screenshot.png
  casual-20260609.1642/images/casual-eshell-process-screenshot.png
  casual-20260609.1642/images/casual-eshell-screenshot.png
  casual-20260609.1642/images/casual-eshell-unicode-screenshot.png
  casual-20260609.1642/images/casual-eww-bookmarks-screenshot.png
  casual-20260609.1642/images/casual-eww-display-screenshot.png
  casual-20260609.1642/images/casual-eww-screenshot.png
  casual-20260609.1642/images/casual-eww-settings-screenshot.png
  casual-20260609.1642/images/casual-eww-unicode-screenshot.png
  casual-20260609.1642/images/casual-help-screenshot.png
  casual-20260609.1642/images/casual-html-screenshot.png
  casual-20260609.1642/images/casual-html-settings-screenshot.png
  casual-20260609.1642/images/casual-html-tags-screenshot.png
  casual-20260609.1642/images/casual-html-unicode-screenshot.png
  casual-20260609.1642/images/casual-ibuffer-filter-screenshot.png
  casual-20260609.1642/images/casual-ibuffer-main-screenshot.png
  casual-20260609.1642/images/casual-ibuffer-main-unicode.png
  casual-20260609.1642/images/casual-ibuffer-mark-regexp.png
  casual-20260609.1642/images/casual-ibuffer-mark.png
  casual-20260609.1642/images/casual-ibuffer-operations.png
  casual-20260609.1642/images/casual-ibuffer-screenshot.png
  casual-20260609.1642/images/casual-ibuffer-sortby-screenshot.png
  casual-20260609.1642/images/casual-image-main-screenshot.png
  casual-20260609.1642/images/casual-image-main-unicode-screenshot.png
  casual-20260609.1642/images/casual-image-resize-screenshot.png
  casual-20260609.1642/images/casual-info-screenshot.png
  casual-20260609.1642/images/casual-isearch-settings-tmenu.png
  casual-20260609.1642/images/casual-isearch-tmenu.png
  casual-20260609.1642/images/casual-isearch-unicode.png
  casual-20260609.1642/images/casual-ispell-prog-screenshot.png
  casual-20260609.1642/images/casual-ispell-screenshot.png
  casual-20260609.1642/images/casual-make-automatic-variables-screenshot.png
  casual-20260609.1642/images/casual-make-mode-select-screenshot.png
  casual-20260609.1642/images/casual-make-screenshot.png
  casual-20260609.1642/images/casual-man-screenshot.png
  casual-20260609.1642/images/casual-man-settings.png
  casual-20260609.1642/images/casual-org-block-src-screenshot.png
  casual-20260609.1642/images/casual-org-body-screenshot.png
  casual-20260609.1642/images/casual-org-checkbox-screenshot.png
  casual-20260609.1642/images/casual-org-clock-log-screenshot.png
  casual-20260609.1642/images/casual-org-drawer-screenshot.png
  casual-20260609.1642/images/casual-org-headline-screenshot.png
  casual-20260609.1642/images/casual-org-in-block-src-screenshot.png
  casual-20260609.1642/images/casual-org-item-screenshot.png
  casual-20260609.1642/images/casual-org-keyword-affiliate.png
  casual-20260609.1642/images/casual-org-keyword-screenshot.png
  casual-20260609.1642/images/casual-org-property-drawer-screenshot.png
  casual-20260609.1642/images/casual-org-property-screenshot.png
  casual-20260609.1642/images/casual-org-settings-screenshot.png
  casual-20260609.1642/images/casual-org-table-fedit-screenshot.png
  casual-20260609.1642/images/casual-org-table-layout-screenshot.png
  casual-20260609.1642/images/casual-org-table-screenshot.png
  casual-20260609.1642/images/casual-org-tblfm-screenshot.png
  casual-20260609.1642/images/casual-re-builder-screenshot.png
  casual-20260609.1642/images/casual-timezone-planner-screenshot.png
  casual-20260609.1642/images/casual-timezone-tmenu-screenshot.png
  casual-20260609.1642/images/default-yellow.png
Built casual in 12.063s, finished at 2026-07-15T13:30:28+0000
