Package: casual-dired
Fetcher: github
Source:  https://github.com/kickingvegas/casual-dired.git

Updating /mnt/store/melpa/working/casual-dired/
Checking out d49c5c84d222ff8db2038d1f25b32c607a46c8b6
Copying files (->) and directories (=>)
  from /mnt/store/melpa/working/casual-dired/
  to /tmp/casual-diredvGO22C/casual-dired-20240517.2348
  ! lisp/casual-dired-settings.el -> casual-dired-settings.el
  ! lisp/casual-dired-sort-by.el -> casual-dired-sort-by.el
  ! lisp/casual-dired-utils.el -> casual-dired-utils.el
  ! lisp/casual-dired-variables.el -> casual-dired-variables.el
  ! lisp/casual-dired-version.el -> casual-dired-version.el
  ! lisp/casual-dired.el -> casual-dired.el
Created casual-dired-20240517.2348.tar containing:
  casual-dired-20240517.2348/
  casual-dired-20240517.2348/casual-dired-pkg.el
  casual-dired-20240517.2348/casual-dired-settings.el
  casual-dired-20240517.2348/casual-dired-sort-by.el
  casual-dired-20240517.2348/casual-dired-utils.el
  casual-dired-20240517.2348/casual-dired-variables.el
  casual-dired-20240517.2348/casual-dired-version.el
  casual-dired-20240517.2348/casual-dired.el
 ✓ Success:
  2024-05-15T20:51:01+0000  casual-dired-20240509.108.entry
  2024-05-15T20:51:01+0000  casual-dired-20240509.108.tar
  2024-05-19T22:40:53+0000  casual-dired-20240517.2348.entry
  2024-05-19T22:40:53+0000  casual-dired-20240517.2348.tar
Built casual-dired in 5.180s, finished at 2024-05-19T22:40:55+0000
