
 • Building package ccls
From https://github.com/emacs-lsp/emacs-ccls
Updating /mnt/store/melpa/working/ccls/
Checking out f728c92e33844f1da54cb47ecb4e44160f2042a8
Copying files (->) and directories (=>)
  from /mnt/store/melpa/working/ccls/
  to /tmp/ccls-Td80hU/ccls-20260507.1746/
    ccls-call-hierarchy.el -> ccls-call-hierarchy.el
    ccls-code-lens.el -> ccls-code-lens.el
    ccls-common.el -> ccls-common.el
    ccls-inheritance-hierarchy.el -> ccls-inheritance-hierarchy.el
    ccls-member-hierarchy.el -> ccls-member-hierarchy.el
    ccls-semantic-highlight.el -> ccls-semantic-highlight.el
    ccls-tree.el -> ccls-tree.el
    ccls.el -> ccls.el
Created ccls-20260507.1746.tar containing:
  ccls-20260507.1746/
  ccls-20260507.1746/ccls-call-hierarchy.el
  ccls-20260507.1746/ccls-code-lens.el
  ccls-20260507.1746/ccls-common.el
  ccls-20260507.1746/ccls-inheritance-hierarchy.el
  ccls-20260507.1746/ccls-member-hierarchy.el
  ccls-20260507.1746/ccls-pkg.el
  ccls-20260507.1746/ccls-semantic-highlight.el
  ccls-20260507.1746/ccls-tree.el
  ccls-20260507.1746/ccls.el
Built ccls in 3.256s, finished at 2026-07-15T13:30:29+0000
