Package: centaur-tabs
Fetcher: github
Source:  https://github.com/ema2159/centaur-tabs.git

Updating /mnt/store/melpa/working/centaur-tabs/
Checking out c86a0abdf2b3fbdfd0c2725a5807196cc9fa6e8e
Copying files (->) and directories (=>)
  from /mnt/store/melpa/working/centaur-tabs/
  to /tmp/centaur-tabsFqvM0m/centaur-tabs-20240518.630
    centaur-tabs-elements.el -> centaur-tabs-elements.el
    centaur-tabs-functions.el -> centaur-tabs-functions.el
    centaur-tabs-interactive.el -> centaur-tabs-interactive.el
    centaur-tabs.el -> centaur-tabs.el
Created centaur-tabs-20240518.630.tar containing:
  centaur-tabs-20240518.630/
  centaur-tabs-20240518.630/centaur-tabs-elements.el
  centaur-tabs-20240518.630/centaur-tabs-functions.el
  centaur-tabs-20240518.630/centaur-tabs-interactive.el
  centaur-tabs-20240518.630/centaur-tabs-pkg.el
  centaur-tabs-20240518.630/centaur-tabs.el
 ✓ Success:
  2024-05-15T20:51:19+0000  centaur-tabs-20240514.2352.entry
  2024-05-15T20:51:19+0000  centaur-tabs-20240514.2352.tar
  2024-05-19T22:41:16+0000  centaur-tabs-20240518.630.entry
  2024-05-19T22:41:16+0000  centaur-tabs-20240518.630.tar
Built centaur-tabs in 6.845s, finished at 2024-05-19T22:41:18+0000
