
 • Building package chatu
From https://github.com/kimim/chatu
Updating /mnt/store/melpa/working/chatu/
Checking out 54fde21a03de78fc234ff3ce25a84fc4833adbca
Copying files (->) and directories (=>)
  from /mnt/store/melpa/working/chatu/
  to /tmp/chatu-7u0hBa/chatu-20251113.2350/
    chatu-babashka.el -> chatu-babashka.el
    chatu-clojure.el -> chatu-clojure.el
    chatu-common.el -> chatu-common.el
    chatu-curl.el -> chatu-curl.el
    chatu-drawio.el -> chatu-drawio.el
    chatu-inline.el -> chatu-inline.el
    chatu-latex.el -> chatu-latex.el
    chatu-lilypond.el -> chatu-lilypond.el
    chatu-plantuml.el -> chatu-plantuml.el
    chatu-python.el -> chatu-python.el
    chatu-r.el -> chatu-r.el
    chatu.el -> chatu.el
Created chatu-20251113.2350.tar containing:
  chatu-20251113.2350/
  chatu-20251113.2350/chatu-babashka.el
  chatu-20251113.2350/chatu-clojure.el
  chatu-20251113.2350/chatu-common.el
  chatu-20251113.2350/chatu-curl.el
  chatu-20251113.2350/chatu-drawio.el
  chatu-20251113.2350/chatu-inline.el
  chatu-20251113.2350/chatu-latex.el
  chatu-20251113.2350/chatu-lilypond.el
  chatu-20251113.2350/chatu-pkg.el
  chatu-20251113.2350/chatu-plantuml.el
  chatu-20251113.2350/chatu-python.el
  chatu-20251113.2350/chatu-r.el
  chatu-20251113.2350/chatu.el
Built chatu in 3.033s, finished at 2026-07-15T13:30:50+0000
