
 • Building package chronometrist
From https://codeberg.org/contrapunctus/chronometrist
Updating /mnt/store/melpa/working/chronometrist/
Checking out fdeeba0c0f23cd0ebfa76d5ec2bf4e5e93f87941
Copying files (->) and directories (=>)
  from /mnt/store/melpa/working/chronometrist/
  to /tmp/chronometrist-9UnCyP/chronometrist-20240807.1850/
  ! elisp/chronometrist-sqlite.el -> chronometrist-sqlite.el
  ! elisp/chronometrist-third.el -> chronometrist-third.el
  ! elisp/chronometrist.el -> chronometrist.el
  ! elisp/chronometrist-sqlite.org -> chronometrist-sqlite.org
  ! elisp/chronometrist-third.org -> chronometrist-third.org
  ! elisp/chronometrist.org -> chronometrist.org
Created chronometrist-20240807.1850.tar containing:
  chronometrist-20240807.1850/
  chronometrist-20240807.1850/chronometrist-pkg.el
  chronometrist-20240807.1850/chronometrist-sqlite.el
  chronometrist-20240807.1850/chronometrist-sqlite.org
  chronometrist-20240807.1850/chronometrist-third.el
  chronometrist-20240807.1850/chronometrist-third.org
  chronometrist-20240807.1850/chronometrist.el
  chronometrist-20240807.1850/chronometrist.org
Built chronometrist in 4.094s, finished at 2026-07-15T13:31:06+0000
