
 • Building package cider
From https://github.com/clojure-emacs/cider
Updating /mnt/store/melpa/working/cider/
Checking out 39c70c0f5f7985704c14e3254ca8a1fbd15d1088
Copying files (->) and directories (=>)
  from /mnt/store/melpa/working/cider/
  to /tmp/cider-r9gma2/cider-20260715.1311/
  ! lisp/cider-apropos.el -> cider-apropos.el
  ! lisp/cider-browse-ns.el -> cider-browse-ns.el
  ! lisp/cider-browse-spec.el -> cider-browse-spec.el
  ! lisp/cider-cheatsheet.el -> cider-cheatsheet.el
  ! lisp/cider-classpath.el -> cider-classpath.el
  ! lisp/cider-client.el -> cider-client.el
  ! lisp/cider-cljs.el -> cider-cljs.el
  ! lisp/cider-clojuredocs.el -> cider-clojuredocs.el
  ! lisp/cider-common.el -> cider-common.el
  ! lisp/cider-compilation.el -> cider-compilation.el
  ! lisp/cider-completion-context.el -> cider-completion-context.el
  ! lisp/cider-completion.el -> cider-completion.el
  ! lisp/cider-connection.el -> cider-connection.el
  ! lisp/cider-debug.el -> cider-debug.el
  ! lisp/cider-doc.el -> cider-doc.el
  ! lisp/cider-docstring.el -> cider-docstring.el
  ! lisp/cider-doctor.el -> cider-doctor.el
  ! lisp/cider-eldoc.el -> cider-eldoc.el
  ! lisp/cider-endpoint.el -> cider-endpoint.el
  ! lisp/cider-enlighten.el -> cider-enlighten.el
  ! lisp/cider-eval.el -> cider-eval.el
  ! lisp/cider-find.el -> cider-find.el
  ! lisp/cider-format.el -> cider-format.el
  ! lisp/cider-history.el -> cider-history.el
  ! lisp/cider-inspector.el -> cider-inspector.el
  ! lisp/cider-inspiration.el -> cider-inspiration.el
  ! lisp/cider-jack-in.el -> cider-jack-in.el
  ! lisp/cider-log.el -> cider-log.el
  ! lisp/cider-macroexpansion.el -> cider-macroexpansion.el
  ! lisp/cider-macrostep.el -> cider-macrostep.el
  ! lisp/cider-mode.el -> cider-mode.el
  ! lisp/cider-ns-state.el -> cider-ns-state.el
  ! lisp/cider-ns.el -> cider-ns.el
  ! lisp/cider-overlays.el -> cider-overlays.el
  ! lisp/cider-popup.el -> cider-popup.el
  ! lisp/cider-profile.el -> cider-profile.el
  ! lisp/cider-repl.el -> cider-repl.el
  ! lisp/cider-resolve.el -> cider-resolve.el
  ! lisp/cider-scratch.el -> cider-scratch.el
  ! lisp/cider-selector.el -> cider-selector.el
  ! lisp/cider-session.el -> cider-session.el
  ! lisp/cider-stacktrace.el -> cider-stacktrace.el
  ! lisp/cider-tap.el -> cider-tap.el
  ! lisp/cider-test.el -> cider-test.el
  ! lisp/cider-tracing.el -> cider-tracing.el
  ! lisp/cider-tree-view.el -> cider-tree-view.el
  ! lisp/cider-util.el -> cider-util.el
  ! lisp/cider-xref-backend.el -> cider-xref-backend.el
  ! lisp/cider-xref-source.el -> cider-xref-source.el
  ! lisp/cider-xref-tree.el -> cider-xref-tree.el
  ! lisp/cider-xref.el -> cider-xref.el
  ! lisp/cider.el -> cider.el
  ! lisp/nrepl-bencode.el -> nrepl-bencode.el
  ! lisp/nrepl-client.el -> nrepl-client.el
  ! lisp/nrepl-dict.el -> nrepl-dict.el
Created cider-20260715.1311.tar containing:
  cider-20260715.1311/
  cider-20260715.1311/cider-apropos.el
  cider-20260715.1311/cider-browse-ns.el
  cider-20260715.1311/cider-browse-spec.el
  cider-20260715.1311/cider-cheatsheet.el
  cider-20260715.1311/cider-classpath.el
  cider-20260715.1311/cider-client.el
  cider-20260715.1311/cider-cljs.el
  cider-20260715.1311/cider-clojuredocs.el
  cider-20260715.1311/cider-common.el
  cider-20260715.1311/cider-compilation.el
  cider-20260715.1311/cider-completion-context.el
  cider-20260715.1311/cider-completion.el
  cider-20260715.1311/cider-connection.el
  cider-20260715.1311/cider-debug.el
  cider-20260715.1311/cider-doc.el
  cider-20260715.1311/cider-docstring.el
  cider-20260715.1311/cider-doctor.el
  cider-20260715.1311/cider-eldoc.el
  cider-20260715.1311/cider-endpoint.el
  cider-20260715.1311/cider-enlighten.el
  cider-20260715.1311/cider-eval.el
  cider-20260715.1311/cider-find.el
  cider-20260715.1311/cider-format.el
  cider-20260715.1311/cider-history.el
  cider-20260715.1311/cider-inspector.el
  cider-20260715.1311/cider-inspiration.el
  cider-20260715.1311/cider-jack-in.el
  cider-20260715.1311/cider-log.el
  cider-20260715.1311/cider-macroexpansion.el
  cider-20260715.1311/cider-macrostep.el
  cider-20260715.1311/cider-mode.el
  cider-20260715.1311/cider-ns-state.el
  cider-20260715.1311/cider-ns.el
  cider-20260715.1311/cider-overlays.el
  cider-20260715.1311/cider-pkg.el
  cider-20260715.1311/cider-popup.el
  cider-20260715.1311/cider-profile.el
  cider-20260715.1311/cider-repl.el
  cider-20260715.1311/cider-resolve.el
  cider-20260715.1311/cider-scratch.el
  cider-20260715.1311/cider-selector.el
  cider-20260715.1311/cider-session.el
  cider-20260715.1311/cider-stacktrace.el
  cider-20260715.1311/cider-tap.el
  cider-20260715.1311/cider-test.el
  cider-20260715.1311/cider-tracing.el
  cider-20260715.1311/cider-tree-view.el
  cider-20260715.1311/cider-util.el
  cider-20260715.1311/cider-xref-backend.el
  cider-20260715.1311/cider-xref-source.el
  cider-20260715.1311/cider-xref-tree.el
  cider-20260715.1311/cider-xref.el
  cider-20260715.1311/cider.el
  cider-20260715.1311/nrepl-bencode.el
  cider-20260715.1311/nrepl-client.el
  cider-20260715.1311/nrepl-dict.el
Built cider in 7.128s, finished at 2026-07-15T13:31:15+0000
