
 • Building package circe
From https://github.com/emacs-circe/circe
Updating /mnt/store/melpa/working/circe/
Checking out 4bd1e964066fe8985d8112ed9172db3a1ecf58c8
Copying files (->) and directories (=>)
  from /mnt/store/melpa/working/circe/
  to /tmp/circe-KP3ZjU/circe-20260525.1114/
    circe-chanop.el -> circe-chanop.el
    circe-color-nicks.el -> circe-color-nicks.el
    circe-compat.el -> circe-compat.el
    circe-display-images.el -> circe-display-images.el
    circe-lagmon.el -> circe-lagmon.el
    circe-new-day-notifier.el -> circe-new-day-notifier.el
    circe-pingmon.el -> circe-pingmon.el
    circe.el -> circe.el
    irc.el -> irc.el
    lcs.el -> lcs.el
    lui-autopaste.el -> lui-autopaste.el
    lui-format.el -> lui-format.el
    lui-irc-colors.el -> lui-irc-colors.el
    lui-logging.el -> lui-logging.el
    lui-track-bar.el -> lui-track-bar.el
    lui-track.el -> lui-track.el
    lui.el -> lui.el
    make-tls-process.el -> make-tls-process.el
    shorten.el -> shorten.el
    tracking.el -> tracking.el
Created circe-20260525.1114.tar containing:
  circe-20260525.1114/
  circe-20260525.1114/circe-chanop.el
  circe-20260525.1114/circe-color-nicks.el
  circe-20260525.1114/circe-compat.el
  circe-20260525.1114/circe-display-images.el
  circe-20260525.1114/circe-lagmon.el
  circe-20260525.1114/circe-new-day-notifier.el
  circe-20260525.1114/circe-pingmon.el
  circe-20260525.1114/circe-pkg.el
  circe-20260525.1114/circe.el
  circe-20260525.1114/irc.el
  circe-20260525.1114/lcs.el
  circe-20260525.1114/lui-autopaste.el
  circe-20260525.1114/lui-format.el
  circe-20260525.1114/lui-irc-colors.el
  circe-20260525.1114/lui-logging.el
  circe-20260525.1114/lui-track-bar.el
  circe-20260525.1114/lui-track.el
  circe-20260525.1114/lui.el
  circe-20260525.1114/make-tls-process.el
  circe-20260525.1114/shorten.el
  circe-20260525.1114/tracking.el
Built circe in 3.929s, finished at 2026-07-15T13:31:17+0000
