
 • Building package clatter
From https://github.com/parenworks/clatter.el
Updating /mnt/store/melpa/working/clatter/
Checking out 6b1c8466d283b052e2dbba44e6df06f5fe0c16df
Copying files (->) and directories (=>)
  from /mnt/store/melpa/working/clatter/
  to /tmp/clatter-f8oN5l/clatter-20260715.426/
    clatter-actions.el -> clatter-actions.el
    clatter-cap.el -> clatter-cap.el
    clatter-chathistory.el -> clatter-chathistory.el
    clatter-commands.el -> clatter-commands.el
    clatter-completion.el -> clatter-completion.el
    clatter-config.el -> clatter-config.el
    clatter-connection.el -> clatter-connection.el
    clatter-dcc.el -> clatter-dcc.el
    clatter-format.el -> clatter-format.el
    clatter-handlers.el -> clatter-handlers.el
    clatter-hl-nicks.el -> clatter-hl-nicks.el
    clatter-image.el -> clatter-image.el
    clatter-list.el -> clatter-list.el
    clatter-log.el -> clatter-log.el
    clatter-model.el -> clatter-model.el
    clatter-nicklist.el -> clatter-nicklist.el
    clatter-notify.el -> clatter-notify.el
    clatter-org.el -> clatter-org.el
    clatter-pals.el -> clatter-pals.el
    clatter-protocol.el -> clatter-protocol.el
    clatter-rawlog.el -> clatter-rawlog.el
    clatter-read-marker.el -> clatter-read-marker.el
    clatter-sasl-scram.el -> clatter-sasl-scram.el
    clatter-search.el -> clatter-search.el
    clatter-smart.el -> clatter-smart.el
    clatter-socks.el -> clatter-socks.el
    clatter-sts.el -> clatter-sts.el
    clatter-track.el -> clatter-track.el
    clatter-ui.el -> clatter-ui.el
    clatter-url-preview.el -> clatter-url-preview.el
    clatter.el -> clatter.el
Created clatter-20260715.426.tar containing:
  clatter-20260715.426/
  clatter-20260715.426/clatter-actions.el
  clatter-20260715.426/clatter-cap.el
  clatter-20260715.426/clatter-chathistory.el
  clatter-20260715.426/clatter-commands.el
  clatter-20260715.426/clatter-completion.el
  clatter-20260715.426/clatter-config.el
  clatter-20260715.426/clatter-connection.el
  clatter-20260715.426/clatter-dcc.el
  clatter-20260715.426/clatter-format.el
  clatter-20260715.426/clatter-handlers.el
  clatter-20260715.426/clatter-hl-nicks.el
  clatter-20260715.426/clatter-image.el
  clatter-20260715.426/clatter-list.el
  clatter-20260715.426/clatter-log.el
  clatter-20260715.426/clatter-model.el
  clatter-20260715.426/clatter-nicklist.el
  clatter-20260715.426/clatter-notify.el
  clatter-20260715.426/clatter-org.el
  clatter-20260715.426/clatter-pals.el
  clatter-20260715.426/clatter-pkg.el
  clatter-20260715.426/clatter-protocol.el
  clatter-20260715.426/clatter-rawlog.el
  clatter-20260715.426/clatter-read-marker.el
  clatter-20260715.426/clatter-sasl-scram.el
  clatter-20260715.426/clatter-search.el
  clatter-20260715.426/clatter-smart.el
  clatter-20260715.426/clatter-socks.el
  clatter-20260715.426/clatter-sts.el
  clatter-20260715.426/clatter-track.el
  clatter-20260715.426/clatter-ui.el
  clatter-20260715.426/clatter-url-preview.el
  clatter-20260715.426/clatter.el
Built clatter in 3.773s, finished at 2026-07-15T13:31:29+0000
