
 • Building package cliphist
From https://github.com/redguardtoo/cliphist
Updating /mnt/store/melpa/working/cliphist/
Checking out d02b97a2aa0da13711d9a6f845649115de8ac11b
Copying files (->) and directories (=>)
  from /mnt/store/melpa/working/cliphist/
  to /tmp/cliphist-E79U3H/cliphist-20220525.1034/
    cliphist-clipit.el -> cliphist-clipit.el
    cliphist-flycut.el -> cliphist-flycut.el
    cliphist-greenclip.el -> cliphist-greenclip.el
    cliphist-parcellite.el -> cliphist-parcellite.el
    cliphist-sdk.el -> cliphist-sdk.el
    cliphist.el -> cliphist.el
Created cliphist-20220525.1034.tar containing:
  cliphist-20220525.1034/
  cliphist-20220525.1034/cliphist-clipit.el
  cliphist-20220525.1034/cliphist-flycut.el
  cliphist-20220525.1034/cliphist-greenclip.el
  cliphist-20220525.1034/cliphist-parcellite.el
  cliphist-20220525.1034/cliphist-pkg.el
  cliphist-20220525.1034/cliphist-sdk.el
  cliphist-20220525.1034/cliphist.el
Built cliphist in 2.818s, finished at 2026-07-15T13:31:39+0000
