
 • Building package clutch
From https://github.com/LuciusChen/clutch
Updating /mnt/store/melpa/working/clutch/
Checking out d09315b3827dc2e1db04a0482f5ed374ab2626af
Copying files (->) and directories (=>)
  from /mnt/store/melpa/working/clutch/
  to /tmp/clutch-dnDs44/clutch-20260713.1152/
    clutch-backend.el -> clutch-backend.el
    clutch-connection.el -> clutch-connection.el
    clutch-db-jdbc.el -> clutch-db-jdbc.el
    clutch-db-mysql.el -> clutch-db-mysql.el
    clutch-db-pg.el -> clutch-db-pg.el
    clutch-db-sqlite.el -> clutch-db-sqlite.el
    clutch-document.el -> clutch-document.el
    clutch-edit.el -> clutch-edit.el
    clutch-mongodb.el -> clutch-mongodb.el
    clutch-object.el -> clutch-object.el
    clutch-query.el -> clutch-query.el
    clutch-redis.el -> clutch-redis.el
    clutch-result.el -> clutch-result.el
    clutch-schema.el -> clutch-schema.el
    clutch-sql.el -> clutch-sql.el
    clutch-ui.el -> clutch-ui.el
    clutch.el -> clutch.el
Created clutch-20260713.1152.tar containing:
  clutch-20260713.1152/
  clutch-20260713.1152/clutch-backend.el
  clutch-20260713.1152/clutch-connection.el
  clutch-20260713.1152/clutch-db-jdbc.el
  clutch-20260713.1152/clutch-db-mysql.el
  clutch-20260713.1152/clutch-db-pg.el
  clutch-20260713.1152/clutch-db-sqlite.el
  clutch-20260713.1152/clutch-document.el
  clutch-20260713.1152/clutch-edit.el
  clutch-20260713.1152/clutch-mongodb.el
  clutch-20260713.1152/clutch-object.el
  clutch-20260713.1152/clutch-pkg.el
  clutch-20260713.1152/clutch-query.el
  clutch-20260713.1152/clutch-redis.el
  clutch-20260713.1152/clutch-result.el
  clutch-20260713.1152/clutch-schema.el
  clutch-20260713.1152/clutch-sql.el
  clutch-20260713.1152/clutch-ui.el
  clutch-20260713.1152/clutch.el
Built clutch in 4.782s, finished at 2026-07-15T13:32:00+0000
