
 • Building package code-compass
From https://github.com/ag91/code-compass
Updating /mnt/store/melpa/working/code-compass/
Checking out f5b96ab2f0866ab3dcae170a9953d7eb0ef52dbf
Copying files (->) and directories (=>)
  from /mnt/store/melpa/working/code-compass/
  to /tmp/code-compass-I9f3Rs/code-compass-20260520.1418/
    code-compass.el -> code-compass.el
    scripts => scripts
    pages => pages
Created code-compass-20260520.1418.tar containing:
  code-compass-20260520.1418/
  code-compass-20260520.1418/code-compass-pkg.el
  code-compass-20260520.1418/code-compass.el
  code-compass-20260520.1418/pages/
  code-compass-20260520.1418/pages/age-enclosure-diagram/
  code-compass-20260520.1418/pages/age-enclosure-diagram/script.js
  code-compass-20260520.1418/pages/age-enclosure-diagram/style.css
  code-compass-20260520.1418/pages/age-enclosure-diagram/zoomable.html
  code-compass-20260520.1418/pages/edge-bundling/
  code-compass-20260520.1418/pages/edge-bundling/script.js
  code-compass-20260520.1418/pages/edge-bundling/style.css
  code-compass-20260520.1418/pages/edge-bundling/zoomable.html
  code-compass-20260520.1418/pages/enclosure-diagram/
  code-compass-20260520.1418/pages/enclosure-diagram/script.js
  code-compass-20260520.1418/pages/enclosure-diagram/style.css
  code-compass-20260520.1418/pages/enclosure-diagram/zoomable.html
  code-compass-20260520.1418/pages/knowledge-enclosure-diagram/
  code-compass-20260520.1418/pages/knowledge-enclosure-diagram/script.js
  code-compass-20260520.1418/pages/knowledge-enclosure-diagram/style.css
  code-compass-20260520.1418/pages/knowledge-enclosure-diagram/zoomable.html
  code-compass-20260520.1418/scripts/
  code-compass-20260520.1418/scripts/code_age_csv_as_enclosure_json.py
  code-compass-20260520.1418/scripts/communication_csv_as_edge_bundling.py
  code-compass-20260520.1418/scripts/coupling_csv_as_edge_bundling.py
  code-compass-20260520.1418/scripts/csv-to-pie-graph.py
  code-compass-20260520.1418/scripts/csv_as_enclosure_json.py
  code-compass-20260520.1418/scripts/knowledge_csv_as_enclosure_diagram.py
  code-compass-20260520.1418/scripts/refactoring_csv_as_enclosure_diagram.py
Built code-compass in 3.563s, finished at 2026-07-15T13:32:11+0000
