
 • Building package color-theme-sanityinc-tomorrow
From https://github.com/purcell/color-theme-sanityinc-tomorrow
Updating /mnt/store/melpa/working/color-theme-sanityinc-tomorrow/
Checking out d32469ec6529e3a7f84b45277f233497b74f5bab
Copying files (->) and directories (=>)
  from /mnt/store/melpa/working/color-theme-sanityinc-tomorrow/
  to /tmp/color-theme-sanityinc-tomorrow-xr8VRP/color-theme-sanityinc-tomorrow-20260710.1606/
    color-theme-sanityinc-tomorrow.el -> color-theme-sanityinc-tomorrow.el
    sanityinc-tomorrow-blue-theme.el -> sanityinc-tomorrow-blue-theme.el
    sanityinc-tomorrow-bright-theme.el -> sanityinc-tomorrow-bright-theme.el
    sanityinc-tomorrow-day-theme.el -> sanityinc-tomorrow-day-theme.el
    sanityinc-tomorrow-eighties-theme.el -> sanityinc-tomorrow-eighties-theme.el
    sanityinc-tomorrow-night-theme.el -> sanityinc-tomorrow-night-theme.el
Created color-theme-sanityinc-tomorrow-20260710.1606.tar containing:
  color-theme-sanityinc-tomorrow-20260710.1606/
  color-theme-sanityinc-tomorrow-20260710.1606/color-theme-sanityinc-tomorrow-pkg.el
  color-theme-sanityinc-tomorrow-20260710.1606/color-theme-sanityinc-tomorrow.el
  color-theme-sanityinc-tomorrow-20260710.1606/sanityinc-tomorrow-blue-theme.el
  color-theme-sanityinc-tomorrow-20260710.1606/sanityinc-tomorrow-bright-theme.el
  color-theme-sanityinc-tomorrow-20260710.1606/sanityinc-tomorrow-day-theme.el
  color-theme-sanityinc-tomorrow-20260710.1606/sanityinc-tomorrow-eighties-theme.el
  color-theme-sanityinc-tomorrow-20260710.1606/sanityinc-tomorrow-night-theme.el
Built color-theme-sanityinc-tomorrow in 3.147s, finished at 2026-07-15T13:32:25+0000
