
 • Building package conllu-mode
From https://github.com/odanoburu/conllu-mode
Updating /mnt/store/melpa/working/conllu-mode/
Checking out 0db3063572b0de08874822e20570bb153747e6ed
Copying files (->) and directories (=>)
  from /mnt/store/melpa/working/conllu-mode/
  to /tmp/conllu-mode-sBA7HV/conllu-mode-20200501.2328/
    conllu-align.el -> conllu-align.el
    conllu-edit.el -> conllu-edit.el
    conllu-flycheck.el -> conllu-flycheck.el
    conllu-mode.el -> conllu-mode.el
    conllu-move.el -> conllu-move.el
    conllu-parse.el -> conllu-parse.el
    conllu-thing.el -> conllu-thing.el
Created conllu-mode-20200501.2328.tar containing:
  conllu-mode-20200501.2328/
  conllu-mode-20200501.2328/conllu-align.el
  conllu-mode-20200501.2328/conllu-edit.el
  conllu-mode-20200501.2328/conllu-flycheck.el
  conllu-mode-20200501.2328/conllu-mode-pkg.el
  conllu-mode-20200501.2328/conllu-mode.el
  conllu-mode-20200501.2328/conllu-move.el
  conllu-mode-20200501.2328/conllu-parse.el
  conllu-mode-20200501.2328/conllu-thing.el
Built conllu-mode in 3.227s, finished at 2026-07-15T13:33:57+0000
