
 • Building package consult
From https://github.com/minad/consult
Updating /mnt/store/melpa/working/consult/
Checking out 9bb68cf3941eb618fff18bd7626164951c70eb8a
Copying files (->) and directories (=>)
  from /mnt/store/melpa/working/consult/
  to /tmp/consult-724CGo/consult-20260605.1907/
    consult-compile.el -> consult-compile.el
    consult-flymake.el -> consult-flymake.el
    consult-imenu.el -> consult-imenu.el
    consult-info.el -> consult-info.el
    consult-kmacro.el -> consult-kmacro.el
    consult-org.el -> consult-org.el
    consult-register.el -> consult-register.el
    consult-xref.el -> consult-xref.el
    consult.el -> consult.el
Created consult-20260605.1907.tar containing:
  consult-20260605.1907/
  consult-20260605.1907/consult-compile.el
  consult-20260605.1907/consult-flymake.el
  consult-20260605.1907/consult-imenu.el
  consult-20260605.1907/consult-info.el
  consult-20260605.1907/consult-kmacro.el
  consult-20260605.1907/consult-org.el
  consult-20260605.1907/consult-pkg.el
  consult-20260605.1907/consult-register.el
  consult-20260605.1907/consult-xref.el
  consult-20260605.1907/consult.el
Built consult in 3.662s, finished at 2026-07-15T13:34:01+0000
