
 • Building package consult-notes
From https://codeberg.org/mclear-tools/consult-notes
Updating /mnt/store/melpa/working/consult-notes/
Checking out 1e095562c5d8245e9f85c043cbaa9aa4dc0b9ded
Copying files (->) and directories (=>)
  from /mnt/store/melpa/working/consult-notes/
  to /tmp/consult-notes-HGHo6S/consult-notes-20260706.1837/
    consult-notes-denote.el -> consult-notes-denote.el
    consult-notes-org-headings.el -> consult-notes-org-headings.el
    consult-notes-org-roam.el -> consult-notes-org-roam.el
    consult-notes-pkg.el -> consult-notes-pkg.el
    consult-notes.el -> consult-notes.el
Created consult-notes-20260706.1837.tar containing:
  consult-notes-20260706.1837/
  consult-notes-20260706.1837/consult-notes-denote.el
  consult-notes-20260706.1837/consult-notes-org-headings.el
  consult-notes-20260706.1837/consult-notes-org-roam.el
  consult-notes-20260706.1837/consult-notes-pkg.el
  consult-notes-20260706.1837/consult-notes.el
Built consult-notes in 4.649s, finished at 2026-07-15T13:34:18+0000
