
 • Building package corfu
From https://github.com/minad/corfu
Updating /mnt/store/melpa/working/corfu/
Checking out 4a9c67da16eb64cadaa4bfcc16713188145c83da
Copying files (->) and directories (=>)
  from /mnt/store/melpa/working/corfu/
  to /tmp/corfu-0BjfYN/corfu-20260519.1053/
    corfu.el -> corfu.el
  ! extensions/corfu-auto.el -> corfu-auto.el
  ! extensions/corfu-echo.el -> corfu-echo.el
  ! extensions/corfu-history.el -> corfu-history.el
  ! extensions/corfu-indexed.el -> corfu-indexed.el
  ! extensions/corfu-info.el -> corfu-info.el
  ! extensions/corfu-popupinfo.el -> corfu-popupinfo.el
  ! extensions/corfu-quick.el -> corfu-quick.el
Created corfu-20260519.1053.tar containing:
  corfu-20260519.1053/
  corfu-20260519.1053/corfu-auto.el
  corfu-20260519.1053/corfu-echo.el
  corfu-20260519.1053/corfu-history.el
  corfu-20260519.1053/corfu-indexed.el
  corfu-20260519.1053/corfu-info.el
  corfu-20260519.1053/corfu-pkg.el
  corfu-20260519.1053/corfu-popupinfo.el
  corfu-20260519.1053/corfu-quick.el
  corfu-20260519.1053/corfu.el
Built corfu in 4.858s, finished at 2026-07-15T13:34:44+0000
