
 • Building package counsel-spotify
From https://github.com/Lautaro-Garcia/counsel-spotify
Updating /mnt/store/melpa/working/counsel-spotify/
Checking out 2743ad52a9def53534fd505397fbe1ac49e53015
Copying files (->) and directories (=>)
  from /mnt/store/melpa/working/counsel-spotify/
  to /tmp/counsel-spotify-7zTshh/counsel-spotify-20200818.2055/
    counsel-spotify-backends.el -> counsel-spotify-backends.el
    counsel-spotify-messages.el -> counsel-spotify-messages.el
    counsel-spotify-notifications.el -> counsel-spotify-notifications.el
    counsel-spotify-search.el -> counsel-spotify-search.el
    counsel-spotify.el -> counsel-spotify.el
Created counsel-spotify-20200818.2055.tar containing:
  counsel-spotify-20200818.2055/
  counsel-spotify-20200818.2055/counsel-spotify-backends.el
  counsel-spotify-20200818.2055/counsel-spotify-messages.el
  counsel-spotify-20200818.2055/counsel-spotify-notifications.el
  counsel-spotify-20200818.2055/counsel-spotify-pkg.el
  counsel-spotify-20200818.2055/counsel-spotify-search.el
  counsel-spotify-20200818.2055/counsel-spotify.el
Built counsel-spotify in 5.418s, finished at 2026-07-15T13:35:16+0000
