
 • Building package csound-mode
From https://github.com/hlolli/csound-mode
Updating /mnt/store/melpa/working/csound-mode/
Checking out 411e31bb6ca8a4033322c11d2d838c6e8d9f02af
Copying files (->) and directories (=>)
  from /mnt/store/melpa/working/csound-mode/
  to /tmp/csound-mode-NANaUm/csound-mode-20260710.1255/
    csound-eldoc.el -> csound-eldoc.el
    csound-font-lock.el -> csound-font-lock.el
    csound-indentation.el -> csound-indentation.el
    csound-manual-lookup.el -> csound-manual-lookup.el
    csound-mode.el -> csound-mode.el
    csound-opcodes.el -> csound-opcodes.el
    csound-repl-interaction.el -> csound-repl-interaction.el
    csound-repl.el -> csound-repl.el
    csound-score.el -> csound-score.el
    csound-skeleton.el -> csound-skeleton.el
    csound-util.el -> csound-util.el
Created csound-mode-20260710.1255.tar containing:
  csound-mode-20260710.1255/
  csound-mode-20260710.1255/csound-eldoc.el
  csound-mode-20260710.1255/csound-font-lock.el
  csound-mode-20260710.1255/csound-indentation.el
  csound-mode-20260710.1255/csound-manual-lookup.el
  csound-mode-20260710.1255/csound-mode-pkg.el
  csound-mode-20260710.1255/csound-mode.el
  csound-mode-20260710.1255/csound-opcodes.el
  csound-mode-20260710.1255/csound-repl-interaction.el
  csound-mode-20260710.1255/csound-repl.el
  csound-mode-20260710.1255/csound-score.el
  csound-mode-20260710.1255/csound-skeleton.el
  csound-mode-20260710.1255/csound-util.el
Built csound-mode in 6.025s, finished at 2026-07-15T13:35:59+0000
