
 • Building package cui
From https://github.com/Anoncheg1/emacs-cui
Updating /mnt/store/melpa/working/cui/
Checking out 25ad76bd01d6e94b1eada4c19d52a6245a87bbba
Copying files (->) and directories (=>)
  from /mnt/store/melpa/working/cui/
  to /tmp/cui-Xgytks/cui-20260623.919/
    cui-async1.el -> cui-async1.el
    cui-block-msgs.el -> cui-block-msgs.el
    cui-block-tags.el -> cui-block-tags.el
    cui-block.el -> cui-block.el
    cui-debug.el -> cui-debug.el
    cui-optional.el -> cui-optional.el
    cui-prompt.el -> cui-prompt.el
    cui-restapi.el -> cui-restapi.el
    cui-timers.el -> cui-timers.el
    cui.el -> cui.el
Created cui-20260623.919.tar containing:
  cui-20260623.919/
  cui-20260623.919/cui-async1.el
  cui-20260623.919/cui-block-msgs.el
  cui-20260623.919/cui-block-tags.el
  cui-20260623.919/cui-block.el
  cui-20260623.919/cui-debug.el
  cui-20260623.919/cui-optional.el
  cui-20260623.919/cui-pkg.el
  cui-20260623.919/cui-prompt.el
  cui-20260623.919/cui-restapi.el
  cui-20260623.919/cui-timers.el
  cui-20260623.919/cui.el
Built cui in 3.493s, finished at 2026-07-15T13:36:15+0000
