
 • Building package cycle-at-point
From https://codeberg.org/ideasman42/emacs-cycle-at-point
Updating /mnt/store/melpa/working/cycle-at-point/
Checking out 0be4e5813250139697773275784a9a8d144f47b1
Copying files (->) and directories (=>)
  from /mnt/store/melpa/working/cycle-at-point/
  to /tmp/cycle-at-point-HShe6y/cycle-at-point-20260502.927/
    cycle-at-point-find-alphabet.el -> cycle-at-point-find-alphabet.el
    cycle-at-point-find-integer.el -> cycle-at-point-find-integer.el
    cycle-at-point-preset-c++-mode.el -> cycle-at-point-preset-c++-mode.el
    cycle-at-point-preset-c-mode.el -> cycle-at-point-preset-c-mode.el
    cycle-at-point-preset-cmake-mode.el -> cycle-at-point-preset-cmake-mode.el
    cycle-at-point-preset-emacs-lisp-mode.el -> cycle-at-point-preset-emacs-lisp-mode.el
    cycle-at-point-preset-lang-en.el -> cycle-at-point-preset-lang-en.el
    cycle-at-point-preset-python-mode.el -> cycle-at-point-preset-python-mode.el
    cycle-at-point.el -> cycle-at-point.el
Created cycle-at-point-20260502.927.tar containing:
  cycle-at-point-20260502.927/
  cycle-at-point-20260502.927/cycle-at-point-find-alphabet.el
  cycle-at-point-20260502.927/cycle-at-point-find-integer.el
  cycle-at-point-20260502.927/cycle-at-point-pkg.el
  cycle-at-point-20260502.927/cycle-at-point-preset-c++-mode.el
  cycle-at-point-20260502.927/cycle-at-point-preset-c-mode.el
  cycle-at-point-20260502.927/cycle-at-point-preset-cmake-mode.el
  cycle-at-point-20260502.927/cycle-at-point-preset-emacs-lisp-mode.el
  cycle-at-point-20260502.927/cycle-at-point-preset-lang-en.el
  cycle-at-point-20260502.927/cycle-at-point-preset-python-mode.el
  cycle-at-point-20260502.927/cycle-at-point.el
Built cycle-at-point in 3.894s, finished at 2026-07-15T13:36:26+0000
