
 • Building package d2-ts-mode
From https://github.com/chaploud/d2-ts-mode
Updating /mnt/store/melpa/working/d2-ts-mode/
Checking out 70891b8d49bbc25cc19ad9b21e3b88bda8fd705d
Copying files (->) and directories (=>)
  from /mnt/store/melpa/working/d2-ts-mode/
  to /tmp/d2-ts-mode-XbyOpc/d2-ts-mode-20260301.2339/
    d2-ts-compile.el -> d2-ts-compile.el
    d2-ts-font-lock.el -> d2-ts-font-lock.el
    d2-ts-imenu.el -> d2-ts-imenu.el
    d2-ts-indent.el -> d2-ts-indent.el
    d2-ts-mode.el -> d2-ts-mode.el
Created d2-ts-mode-20260301.2339.tar containing:
  d2-ts-mode-20260301.2339/
  d2-ts-mode-20260301.2339/d2-ts-compile.el
  d2-ts-mode-20260301.2339/d2-ts-font-lock.el
  d2-ts-mode-20260301.2339/d2-ts-imenu.el
  d2-ts-mode-20260301.2339/d2-ts-indent.el
  d2-ts-mode-20260301.2339/d2-ts-mode-pkg.el
  d2-ts-mode-20260301.2339/d2-ts-mode.el
Built d2-ts-mode in 2.778s, finished at 2026-07-15T13:36:30+0000
