
 • Building package daemons
From https://github.com/cbowdon/daemons.el
Updating /mnt/store/melpa/working/daemons/
Checking out 7b08ce315c0be901d88c1099483f9607c653712e
Copying files (->) and directories (=>)
  from /mnt/store/melpa/working/daemons/
  to /tmp/daemons-SWDl3G/daemons-20250514.1107/
    daemons-brew.el -> daemons-brew.el
    daemons-openrc.el -> daemons-openrc.el
    daemons-shepherd.el -> daemons-shepherd.el
    daemons-systemd.el -> daemons-systemd.el
    daemons-sysvinit.el -> daemons-sysvinit.el
    daemons.el -> daemons.el
Created daemons-20250514.1107.tar containing:
  daemons-20250514.1107/
  daemons-20250514.1107/daemons-brew.el
  daemons-20250514.1107/daemons-openrc.el
  daemons-20250514.1107/daemons-pkg.el
  daemons-20250514.1107/daemons-shepherd.el
  daemons-20250514.1107/daemons-systemd.el
  daemons-20250514.1107/daemons-sysvinit.el
  daemons-20250514.1107/daemons.el
Built daemons in 3.108s, finished at 2026-07-15T13:36:31+0000
