
 • Building package dap-mode
From https://github.com/emacs-lsp/dap-mode
Updating /mnt/store/melpa/working/dap-mode/
Checking out c73a587d613788003986a11ffe393b46affe8322
Copying files (->) and directories (=>)
  from /mnt/store/melpa/working/dap-mode/
  to /tmp/dap-mode-Xc6svJ/dap-mode-20260616.1526/
    dap-chrome.el -> dap-chrome.el
    dap-codelldb.el -> dap-codelldb.el
    dap-cpptools.el -> dap-cpptools.el
    dap-dlv-go.el -> dap-dlv-go.el
    dap-docker.el -> dap-docker.el
    dap-edge.el -> dap-edge.el
    dap-elixir.el -> dap-elixir.el
    dap-erlang.el -> dap-erlang.el
    dap-firefox.el -> dap-firefox.el
    dap-gdb-lldb.el -> dap-gdb-lldb.el
    dap-gdb.el -> dap-gdb.el
    dap-gdscript.el -> dap-gdscript.el
    dap-go.el -> dap-go.el
    dap-hydra.el -> dap-hydra.el
    dap-js.el -> dap-js.el
    dap-julia.el -> dap-julia.el
    dap-kotlin.el -> dap-kotlin.el
    dap-launch.el -> dap-launch.el
    dap-lldb.el -> dap-lldb.el
    dap-magik.el -> dap-magik.el
    dap-mode.el -> dap-mode.el
    dap-mouse.el -> dap-mouse.el
    dap-netcore.el -> dap-netcore.el
    dap-node.el -> dap-node.el
    dap-ocaml.el -> dap-ocaml.el
    dap-overlays.el -> dap-overlays.el
    dap-php.el -> dap-php.el
    dap-pwsh.el -> dap-pwsh.el
    dap-python.el -> dap-python.el
    dap-ruby.el -> dap-ruby.el
    dap-swi-prolog.el -> dap-swi-prolog.el
    dap-tasks.el -> dap-tasks.el
    dap-ui.el -> dap-ui.el
    dap-unity.el -> dap-unity.el
    dap-utils.el -> dap-utils.el
    dap-variables.el -> dap-variables.el
    icons => icons
Created dap-mode-20260616.1526.tar containing:
  dap-mode-20260616.1526/
  dap-mode-20260616.1526/dap-chrome.el
  dap-mode-20260616.1526/dap-codelldb.el
  dap-mode-20260616.1526/dap-cpptools.el
  dap-mode-20260616.1526/dap-dlv-go.el
  dap-mode-20260616.1526/dap-docker.el
  dap-mode-20260616.1526/dap-edge.el
  dap-mode-20260616.1526/dap-elixir.el
  dap-mode-20260616.1526/dap-erlang.el
  dap-mode-20260616.1526/dap-firefox.el
  dap-mode-20260616.1526/dap-gdb-lldb.el
  dap-mode-20260616.1526/dap-gdb.el
  dap-mode-20260616.1526/dap-gdscript.el
  dap-mode-20260616.1526/dap-go.el
  dap-mode-20260616.1526/dap-hydra.el
  dap-mode-20260616.1526/dap-js.el
  dap-mode-20260616.1526/dap-julia.el
  dap-mode-20260616.1526/dap-kotlin.el
  dap-mode-20260616.1526/dap-launch.el
  dap-mode-20260616.1526/dap-lldb.el
  dap-mode-20260616.1526/dap-magik.el
  dap-mode-20260616.1526/dap-mode-pkg.el
  dap-mode-20260616.1526/dap-mode.el
  dap-mode-20260616.1526/dap-mouse.el
  dap-mode-20260616.1526/dap-netcore.el
  dap-mode-20260616.1526/dap-node.el
  dap-mode-20260616.1526/dap-ocaml.el
  dap-mode-20260616.1526/dap-overlays.el
  dap-mode-20260616.1526/dap-php.el
  dap-mode-20260616.1526/dap-pwsh.el
  dap-mode-20260616.1526/dap-python.el
  dap-mode-20260616.1526/dap-ruby.el
  dap-mode-20260616.1526/dap-swi-prolog.el
  dap-mode-20260616.1526/dap-tasks.el
  dap-mode-20260616.1526/dap-ui.el
  dap-mode-20260616.1526/dap-unity.el
  dap-mode-20260616.1526/dap-utils.el
  dap-mode-20260616.1526/dap-variables.el
  dap-mode-20260616.1526/icons/
  dap-mode-20260616.1526/icons/eclipse/
  dap-mode-20260616.1526/icons/eclipse/collapsed.png
  dap-mode-20260616.1526/icons/eclipse/expanded.png
  dap-mode-20260616.1526/icons/eclipse/inspect.png
  dap-mode-20260616.1526/icons/eclipse/project-running.png
  dap-mode-20260616.1526/icons/eclipse/project-stopped.png
  dap-mode-20260616.1526/icons/eclipse/scope.png
  dap-mode-20260616.1526/icons/eclipse/stack-frame-running.png
  dap-mode-20260616.1526/icons/eclipse/stack-frame-stopped.png
  dap-mode-20260616.1526/icons/eclipse/thread-running.png
  dap-mode-20260616.1526/icons/eclipse/thread-stopped.png
  dap-mode-20260616.1526/icons/eclipse/variable.png
  dap-mode-20260616.1526/icons/vscode/
  dap-mode-20260616.1526/icons/vscode/close-all.png
  dap-mode-20260616.1526/icons/vscode/continue-disabled.png
  dap-mode-20260616.1526/icons/vscode/continue.png
  dap-mode-20260616.1526/icons/vscode/disconnect-disabled.png
  dap-mode-20260616.1526/icons/vscode/disconnect.png
  dap-mode-20260616.1526/icons/vscode/pause-disabled.png
  dap-mode-20260616.1526/icons/vscode/pause.png
  dap-mode-20260616.1526/icons/vscode/restart-disabled.png
  dap-mode-20260616.1526/icons/vscode/restart.png
  dap-mode-20260616.1526/icons/vscode/reverse-continue.png
  dap-mode-20260616.1526/icons/vscode/start.png
  dap-mode-20260616.1526/icons/vscode/step-back.png
  dap-mode-20260616.1526/icons/vscode/step-into-disabled.png
  dap-mode-20260616.1526/icons/vscode/step-into.png
  dap-mode-20260616.1526/icons/vscode/step-out-disabled.png
  dap-mode-20260616.1526/icons/vscode/step-out.png
  dap-mode-20260616.1526/icons/vscode/step-over-disabled.png
  dap-mode-20260616.1526/icons/vscode/step-over.png
  dap-mode-20260616.1526/icons/vscode/stop-disabled.png
  dap-mode-20260616.1526/icons/vscode/stop.png
  dap-mode-20260616.1526/icons/vscode/toggle-breakpoints.png
Built dap-mode in 4.305s, finished at 2026-07-15T13:36:38+0000
