
 • Building package dashboard
From https://github.com/emacs-dashboard/dashboard
Updating /mnt/store/melpa/working/dashboard/
Checking out 176d641a55543bda1f0c7506fb954702350c1857
Copying files (->) and directories (=>)
  from /mnt/store/melpa/working/dashboard/
  to /tmp/dashboard-vBXAYh/dashboard-20260402.436/
    dashboard-widgets.el -> dashboard-widgets.el
    dashboard.el -> dashboard.el
    banners => banners
Created dashboard-20260402.436.tar containing:
  dashboard-20260402.436/
  dashboard-20260402.436/banners/
  dashboard-20260402.436/banners/1.txt
  dashboard-20260402.436/banners/2.txt
  dashboard-20260402.436/banners/3.txt
  dashboard-20260402.436/banners/4.txt
  dashboard-20260402.436/banners/emacs.png
  dashboard-20260402.436/banners/logo-256color.ans
  dashboard-20260402.436/banners/logo-braille.txt
  dashboard-20260402.436/banners/logo-truecolor.ans
  dashboard-20260402.436/banners/logo.png
  dashboard-20260402.436/dashboard-pkg.el
  dashboard-20260402.436/dashboard-widgets.el
  dashboard-20260402.436/dashboard.el
Built dashboard in 3.556s, finished at 2026-07-15T13:36:51+0000
