
 • Building package ddskk
From https://github.com/skk-dev/ddskk
Updating /mnt/store/melpa/working/ddskk/
Checking out e8bf68b27021c29781dbfa6a8ef7b770565bdb5b
Copying files (->) and directories (=>)
  from /mnt/store/melpa/working/ddskk/
  to /tmp/ddskk-BmHvZE/ddskk-20260329.1317/
    context-skk.el -> context-skk.el
    ddskk.el -> ddskk.el
    skk-abbrev.el -> skk-abbrev.el
    skk-act.el -> skk-act.el
    skk-annotation.el -> skk-annotation.el
    skk-auto.el -> skk-auto.el
    skk-azik.el -> skk-azik.el
    skk-cdb.el -> skk-cdb.el
    skk-comp.el -> skk-comp.el
    skk-cursor.el -> skk-cursor.el
    skk-cus.el -> skk-cus.el
    skk-dcomp.el -> skk-dcomp.el
    skk-decor.el -> skk-decor.el
    skk-develop.el -> skk-develop.el
    skk-emacs.el -> skk-emacs.el
    skk-gadget.el -> skk-gadget.el
    skk-hint.el -> skk-hint.el
    skk-inline.el -> skk-inline.el
    skk-isearch.el -> skk-isearch.el
    skk-jisx0201.el -> skk-jisx0201.el
    skk-jisx0213.el -> skk-jisx0213.el
    skk-jisyo-edit-mode.el -> skk-jisyo-edit-mode.el
    skk-kakasi.el -> skk-kakasi.el
    skk-kcode.el -> skk-kcode.el
    skk-leim.el -> skk-leim.el
    skk-look.el -> skk-look.el
    skk-macs.el -> skk-macs.el
    skk-num.el -> skk-num.el
    skk-search-web.el -> skk-search-web.el
    skk-server-completion.el -> skk-server-completion.el
    skk-server.el -> skk-server.el
    skk-show-mode.el -> skk-show-mode.el
    skk-sticky.el -> skk-sticky.el
    skk-study.el -> skk-study.el
    skk-tankan.el -> skk-tankan.el
    skk-tut.el -> skk-tut.el
    skk-vars.el -> skk-vars.el
    skk-version.el -> skk-version.el
    skk-viper.el -> skk-viper.el
    skk.el -> skk.el
  ! doc/skk.texi -> skk.texi
  ! etc/skk.xpm -> skk.xpm
Generating skk.info
Created ddskk-20260329.1317.tar containing:
  ddskk-20260329.1317/
  ddskk-20260329.1317/context-skk.el
  ddskk-20260329.1317/ddskk-pkg.el
  ddskk-20260329.1317/ddskk.el
  ddskk-20260329.1317/dir
  ddskk-20260329.1317/skk-abbrev.el
  ddskk-20260329.1317/skk-act.el
  ddskk-20260329.1317/skk-annotation.el
  ddskk-20260329.1317/skk-auto.el
  ddskk-20260329.1317/skk-azik.el
  ddskk-20260329.1317/skk-cdb.el
  ddskk-20260329.1317/skk-comp.el
  ddskk-20260329.1317/skk-cursor.el
  ddskk-20260329.1317/skk-cus.el
  ddskk-20260329.1317/skk-dcomp.el
  ddskk-20260329.1317/skk-decor.el
  ddskk-20260329.1317/skk-develop.el
  ddskk-20260329.1317/skk-emacs.el
  ddskk-20260329.1317/skk-gadget.el
  ddskk-20260329.1317/skk-hint.el
  ddskk-20260329.1317/skk-inline.el
  ddskk-20260329.1317/skk-isearch.el
  ddskk-20260329.1317/skk-jisx0201.el
  ddskk-20260329.1317/skk-jisx0213.el
  ddskk-20260329.1317/skk-jisyo-edit-mode.el
  ddskk-20260329.1317/skk-kakasi.el
  ddskk-20260329.1317/skk-kcode.el
  ddskk-20260329.1317/skk-leim.el
  ddskk-20260329.1317/skk-look.el
  ddskk-20260329.1317/skk-macs.el
  ddskk-20260329.1317/skk-num.el
  ddskk-20260329.1317/skk-search-web.el
  ddskk-20260329.1317/skk-server-completion.el
  ddskk-20260329.1317/skk-server.el
  ddskk-20260329.1317/skk-show-mode.el
  ddskk-20260329.1317/skk-sticky.el
  ddskk-20260329.1317/skk-study.el
  ddskk-20260329.1317/skk-tankan.el
  ddskk-20260329.1317/skk-tut.el
  ddskk-20260329.1317/skk-vars.el
  ddskk-20260329.1317/skk-version.el
  ddskk-20260329.1317/skk-viper.el
  ddskk-20260329.1317/skk.el
  ddskk-20260329.1317/skk.info
  ddskk-20260329.1317/skk.xpm
Built ddskk in 13.030s, finished at 2026-07-15T13:37:12+0000
