
 • Building package debian-el
From https://salsa.debian.org/emacsen-team/debian-el.git
Updating /mnt/store/melpa/working/debian-el/
Checking out ce58c690e27522669eb1905e21a194ff9eb79a9b
Copying files (->) and directories (=>)
  from /mnt/store/melpa/working/debian-el/
  to /tmp/debian-el-iXbXa8/debian-el-20260703.520/
    apt-deb822-sources.el -> apt-deb822-sources.el
    apt-sources.el -> apt-sources.el
    apt-utils.el -> apt-utils.el
    deb-view.el -> deb-view.el
    debian-autoloads.el -> debian-autoloads.el
    debian-bug.el -> debian-bug.el
    debian-el.el -> debian-el.el
    gnus-BTS.el -> gnus-BTS.el
    preseed.el -> preseed.el
    debian-el.texi -> debian-el.texi
Generating debian-el.info
Created debian-el-20260703.520.tar containing:
  debian-el-20260703.520/
  debian-el-20260703.520/apt-deb822-sources.el
  debian-el-20260703.520/apt-sources.el
  debian-el-20260703.520/apt-utils.el
  debian-el-20260703.520/deb-view.el
  debian-el-20260703.520/debian-autoloads.el
  debian-el-20260703.520/debian-bug.el
  debian-el-20260703.520/debian-el-pkg.el
  debian-el-20260703.520/debian-el.el
  debian-el-20260703.520/debian-el.info
  debian-el-20260703.520/dir
  debian-el-20260703.520/gnus-BTS.el
  debian-el-20260703.520/preseed.el
Built debian-el in 5.484s, finished at 2026-07-15T13:37:06+0000
