
 • Building package demo-it
From https://github.com/howardabrams/demo-it
Updating /mnt/store/melpa/working/demo-it/
Checking out 8ade739bb2605275f1f56128a0a9a8c6b55bab6a
Copying files (->) and directories (=>)
  from /mnt/store/melpa/working/demo-it/
  to /tmp/demo-it-hRhOuP/demo-it-20211221.2152/
    demo-it-custom.el -> demo-it-custom.el
    demo-it-extras.el -> demo-it-extras.el
    demo-it-present.el -> demo-it-present.el
    demo-it.el -> demo-it.el
    dir -> dir
    demo-it.info -> demo-it.info
    demo-it.texi -> demo-it.texi
Generating demo-it.info
Created demo-it-20211221.2152.tar containing:
  demo-it-20211221.2152/
  demo-it-20211221.2152/demo-it-custom.el
  demo-it-20211221.2152/demo-it-extras.el
  demo-it-20211221.2152/demo-it-pkg.el
  demo-it-20211221.2152/demo-it-present.el
  demo-it-20211221.2152/demo-it.el
  demo-it-20211221.2152/demo-it.info
  demo-it-20211221.2152/dir
Built demo-it in 5.405s, finished at 2026-07-15T13:37:24+0000
