
 • Building package denote-explore
From https://github.com/pprevos/denote-explore
Updating /mnt/store/melpa/working/denote-explore/
Checking out 5a6d005fbc9e2131197c20acdffca239f9cd4961
Copying files (->) and directories (=>)
  from /mnt/store/melpa/working/denote-explore/
  to /tmp/denote-explore-q2BWEx/denote-explore-20260525.2035/
    denote-explore.el -> denote-explore.el
    denote-explore.info -> denote-explore.info
    denote-explore.texi -> denote-explore.texi
    denote-explore-network.html -> denote-explore-network.html
Generating denote-explore.info
Created denote-explore-20260525.2035.tar containing:
  denote-explore-20260525.2035/
  denote-explore-20260525.2035/denote-explore-network.html
  denote-explore-20260525.2035/denote-explore-pkg.el
  denote-explore-20260525.2035/denote-explore.el
  denote-explore-20260525.2035/denote-explore.info
  denote-explore-20260525.2035/dir
Built denote-explore in 5.094s, finished at 2026-07-15T13:37:25+0000
