
 • Building package diff-hl
From https://github.com/dgutov/diff-hl
Updating /mnt/store/melpa/working/diff-hl/
Checking out 2d7d0714d9637f54af672987c65b6973b31e56a2
Copying files (->) and directories (=>)
  from /mnt/store/melpa/working/diff-hl/
  to /tmp/diff-hl-dbCjcu/diff-hl-20260627.208/
    diff-hl-amend.el -> diff-hl-amend.el
    diff-hl-dired.el -> diff-hl-dired.el
    diff-hl-flydiff.el -> diff-hl-flydiff.el
    diff-hl-margin.el -> diff-hl-margin.el
    diff-hl-show-hunk-inline.el -> diff-hl-show-hunk-inline.el
    diff-hl-show-hunk-posframe.el -> diff-hl-show-hunk-posframe.el
    diff-hl-show-hunk.el -> diff-hl-show-hunk.el
    diff-hl.el -> diff-hl.el
Created diff-hl-20260627.208.tar containing:
  diff-hl-20260627.208/
  diff-hl-20260627.208/diff-hl-amend.el
  diff-hl-20260627.208/diff-hl-dired.el
  diff-hl-20260627.208/diff-hl-flydiff.el
  diff-hl-20260627.208/diff-hl-margin.el
  diff-hl-20260627.208/diff-hl-pkg.el
  diff-hl-20260627.208/diff-hl-show-hunk-inline.el
  diff-hl-20260627.208/diff-hl-show-hunk-posframe.el
  diff-hl-20260627.208/diff-hl-show-hunk.el
  diff-hl-20260627.208/diff-hl.el
Built diff-hl in 3.848s, finished at 2026-07-15T13:37:47+0000
