
 • Building package dired-video-thumbnail
From https://github.com/captainflasmr/dired-video-thumbnail
Updating /mnt/store/melpa/working/dired-video-thumbnail/
Checking out 4735c6d81c48228f9dccc48a09ca715bf2e6ffad
Copying files (->) and directories (=>)
  from /mnt/store/melpa/working/dired-video-thumbnail/
  to /tmp/dired-video-thumbnail-jBtexf/dired-video-thumbnail-20251215.816/
    dired-video-thumbnail-transient.el -> dired-video-thumbnail-transient.el
    dired-video-thumbnail.el -> dired-video-thumbnail.el
  ! docs/dired-video-thumbnail.info -> dired-video-thumbnail.info
  ! docs/dired-video-thumbnail.texi -> dired-video-thumbnail.texi
Generating dired-video-thumbnail.info
Created dired-video-thumbnail-20251215.816.tar containing:
  dired-video-thumbnail-20251215.816/
  dired-video-thumbnail-20251215.816/dir
  dired-video-thumbnail-20251215.816/dired-video-thumbnail-pkg.el
  dired-video-thumbnail-20251215.816/dired-video-thumbnail-transient.el
  dired-video-thumbnail-20251215.816/dired-video-thumbnail.el
  dired-video-thumbnail-20251215.816/dired-video-thumbnail.info
Built dired-video-thumbnail in 5.399s, finished at 2026-07-15T13:38:31+0000
