
 • Building package disproject
From https://github.com/aurtzy/disproject
Updating /mnt/store/melpa/working/disproject/
Checking out 9282473adbf450785741fe6cd02abf6ffed7b9f0
Copying files (->) and directories (=>)
  from /mnt/store/melpa/working/disproject/
  to /tmp/disproject-YMhgJF/disproject-20260114.1438/
    disproject.el -> disproject.el
  ! doc/disproject.texi -> disproject.texi
  ! doc/doclicense.texi -> doclicense.texi
  ! doc/gpl.texi -> gpl.texi
Generating disproject.info
Generating doclicense.info
Generating gpl.info
Created disproject-20260114.1438.tar containing:
  disproject-20260114.1438/
  disproject-20260114.1438/dir
  disproject-20260114.1438/disproject-pkg.el
  disproject-20260114.1438/disproject.el
  disproject-20260114.1438/disproject.info
  disproject-20260114.1438/doclicense.info
  disproject-20260114.1438/gpl.info
Built disproject in 8.376s, finished at 2026-07-15T13:38:47+0000
