
 • Building package dkdo
From https://github.com/davidkeegan/dkdo
Updating /mnt/store/melpa/working/dkdo/
Checking out fd6bb105e8331fafb6385c5238c988c4c5bbe2da
Copying files (->) and directories (=>)
  from /mnt/store/melpa/working/dkdo/
  to /tmp/dkdo-56NJ2T/dkdo-20131110.1119/
    dkdo-pkg.el -> dkdo-pkg.el
    dkdo.el -> dkdo.el
    dkdo.texi -> dkdo.texi
    sample.do -> sample.do
Generating dkdo.info
Created dkdo-20131110.1119.tar containing:
  dkdo-20131110.1119/
  dkdo-20131110.1119/dir
  dkdo-20131110.1119/dkdo-pkg.el
  dkdo-20131110.1119/dkdo.el
  dkdo-20131110.1119/dkdo.info
  dkdo-20131110.1119/sample.do
Built dkdo in 4.878s, finished at 2026-07-15T13:38:56+0000
