
 • Building package dkl
From https://github.com/flexibeast/dkl
Updating /mnt/store/melpa/working/dkl/
Checking out 6b4584f86037bda3383960c678d51f340229fb91
Copying files (->) and directories (=>)
  from /mnt/store/melpa/working/dkl/
  to /tmp/dkl-vZg9Dg/dkl-20161005.7/
    dkl.el -> dkl.el
    keyboards => keyboards
    layouts => layouts
Created dkl-20161005.7.tar containing:
  dkl-20161005.7/
  dkl-20161005.7/dkl-pkg.el
  dkl-20161005.7/dkl.el
  dkl-20161005.7/keyboards/
  dkl-20161005.7/keyboards/standard
  dkl-20161005.7/layouts/
  dkl-20161005.7/layouts/devanagari-inscript
  dkl-20161005.7/layouts/hebrew-new
  dkl-20161005.7/layouts/qwerty-us
Built dkl in 2.947s, finished at 2026-07-15T13:38:54+0000
