
 • Building package dklrt
From https://github.com/davidkeegan/dklrt
Updating /mnt/store/melpa/working/dklrt/
Checking out 4eceed270015b41d24a62a8b71bd239224a63063
Copying files (->) and directories (=>)
  from /mnt/store/melpa/working/dklrt/
  to /tmp/dklrt-IrllsY/dklrt-20131110.1341/
    dklrt-pkg.el -> dklrt-pkg.el
    dklrt.el -> dklrt.el
    dklrt.texi -> dklrt.texi
    Misc.py -> Misc.py
    Recurring.py -> Recurring.py
    Time.py -> Time.py
Generating dklrt.info
Created dklrt-20131110.1341.tar containing:
  dklrt-20131110.1341/
  dklrt-20131110.1341/Misc.py
  dklrt-20131110.1341/Recurring.py
  dklrt-20131110.1341/Time.py
  dklrt-20131110.1341/dir
  dklrt-20131110.1341/dklrt-pkg.el
  dklrt-20131110.1341/dklrt.el
  dklrt-20131110.1341/dklrt.info
Built dklrt in 4.615s, finished at 2026-07-15T13:38:58+0000
