
 • Building package docker
From https://github.com/Silex/docker.el
Updating /mnt/store/melpa/working/docker/
Checking out f32940100035438934d626adb99cfc63036de490
Copying files (->) and directories (=>)
  from /mnt/store/melpa/working/docker/
  to /tmp/docker-s2OiHp/docker-20260709.1426/
    docker-compose.el -> docker-compose.el
    docker-container.el -> docker-container.el
    docker-context.el -> docker-context.el
    docker-core.el -> docker-core.el
    docker-faces.el -> docker-faces.el
    docker-group.el -> docker-group.el
    docker-image.el -> docker-image.el
    docker-network.el -> docker-network.el
    docker-process.el -> docker-process.el
    docker-utils.el -> docker-utils.el
    docker-volume.el -> docker-volume.el
    docker.el -> docker.el
Created docker-20260709.1426.tar containing:
  docker-20260709.1426/
  docker-20260709.1426/docker-compose.el
  docker-20260709.1426/docker-container.el
  docker-20260709.1426/docker-context.el
  docker-20260709.1426/docker-core.el
  docker-20260709.1426/docker-faces.el
  docker-20260709.1426/docker-group.el
  docker-20260709.1426/docker-image.el
  docker-20260709.1426/docker-network.el
  docker-20260709.1426/docker-pkg.el
  docker-20260709.1426/docker-process.el
  docker-20260709.1426/docker-utils.el
  docker-20260709.1426/docker-volume.el
  docker-20260709.1426/docker.el
Built docker in 4.131s, finished at 2026-07-15T13:39:03+0000
