
 • Building package doing
From https://github.com/xiaoxinghu/doing.el
Updating /mnt/store/melpa/working/doing/
Checking out e3c39bf16f41637a0ef1c1512cb1417063dea956
Copying files (->) and directories (=>)
  from /mnt/store/melpa/working/doing/
  to /tmp/doing-2lb8Ae/doing-20260219.234/
    doing-again.el -> doing-again.el
    doing-cancel.el -> doing-cancel.el
    doing-current.el -> doing-current.el
    doing-finish.el -> doing-finish.el
    doing-lib.el -> doing-lib.el
    doing-note.el -> doing-note.el
    doing-now.el -> doing-now.el
    doing-rollover.el -> doing-rollover.el
    doing-search.el -> doing-search.el
    doing-totals.el -> doing-totals.el
    doing-utils.el -> doing-utils.el
    doing-view-commands.el -> doing-view-commands.el
    doing-view.el -> doing-view.el
    doing.el -> doing.el
Created doing-20260219.234.tar containing:
  doing-20260219.234/
  doing-20260219.234/doing-again.el
  doing-20260219.234/doing-cancel.el
  doing-20260219.234/doing-current.el
  doing-20260219.234/doing-finish.el
  doing-20260219.234/doing-lib.el
  doing-20260219.234/doing-note.el
  doing-20260219.234/doing-now.el
  doing-20260219.234/doing-pkg.el
  doing-20260219.234/doing-rollover.el
  doing-20260219.234/doing-search.el
  doing-20260219.234/doing-totals.el
  doing-20260219.234/doing-utils.el
  doing-20260219.234/doing-view-commands.el
  doing-20260219.234/doing-view.el
  doing-20260219.234/doing.el
Built doing in 3.289s, finished at 2026-07-15T13:39:13+0000
