
 • Building package doom-modeline-now-playing
From https://github.com/elken/doom-modeline-now-playing
Updating /mnt/store/melpa/working/doom-modeline-now-playing/
Checking out 11e060f9e30c2ae3e95e71a18f3d0d91b7a54d97
Copying files (->) and directories (=>)
  from /mnt/store/melpa/working/doom-modeline-now-playing/
  to /tmp/doom-modeline-now-playing-hpWQ6g/doom-modeline-now-playing-20260501.743/
    doom-modeline-now-playing-core.el -> doom-modeline-now-playing-core.el
    doom-modeline-now-playing-media-control.el -> doom-modeline-now-playing-media-control.el
    doom-modeline-now-playing-osascript.el -> doom-modeline-now-playing-osascript.el
    doom-modeline-now-playing-playerctl.el -> doom-modeline-now-playing-playerctl.el
    doom-modeline-now-playing.el -> doom-modeline-now-playing.el
Created doom-modeline-now-playing-20260501.743.tar containing:
  doom-modeline-now-playing-20260501.743/
  doom-modeline-now-playing-20260501.743/doom-modeline-now-playing-core.el
  doom-modeline-now-playing-20260501.743/doom-modeline-now-playing-media-control.el
  doom-modeline-now-playing-20260501.743/doom-modeline-now-playing-osascript.el
  doom-modeline-now-playing-20260501.743/doom-modeline-now-playing-pkg.el
  doom-modeline-now-playing-20260501.743/doom-modeline-now-playing-playerctl.el
  doom-modeline-now-playing-20260501.743/doom-modeline-now-playing.el
Built doom-modeline-now-playing in 3.438s, finished at 2026-07-15T13:39:17+0000
