
 • Building package dorgygen
From https://github.com/drghirlanda/dorgygen
Updating /mnt/store/melpa/working/dorgygen/
Checking out 84815fda133c15fe967c6f132e146992827de1c9
Copying files (->) and directories (=>)
  from /mnt/store/melpa/working/dorgygen/
  to /tmp/dorgygen-xJN3RX/dorgygen-20260422.45/
    dorgygen-c.el -> dorgygen-c.el
    dorgygen-cpp.el -> dorgygen-cpp.el
    dorgygen-elisp.el -> dorgygen-elisp.el
    dorgygen-pkg.el -> dorgygen-pkg.el
    dorgygen-python.el -> dorgygen-python.el
    dorgygen.el -> dorgygen.el
Created dorgygen-20260422.45.tar containing:
  dorgygen-20260422.45/
  dorgygen-20260422.45/dorgygen-c.el
  dorgygen-20260422.45/dorgygen-cpp.el
  dorgygen-20260422.45/dorgygen-elisp.el
  dorgygen-20260422.45/dorgygen-pkg.el
  dorgygen-20260422.45/dorgygen-python.el
  dorgygen-20260422.45/dorgygen.el
Built dorgygen in 2.723s, finished at 2026-07-15T13:39:18+0000
