
 • Building package duckdb-query
From https://github.com/gggion/duckdb-query.el
Updating /mnt/store/melpa/working/duckdb-query/
Checking out b93d0b20120d734d7a264bea9ed8b41290345151
Copying files (->) and directories (=>)
  from /mnt/store/melpa/working/duckdb-query/
  to /tmp/duckdb-query-U0U452/duckdb-query-20260302.1329/
    duckdb-query-bench.el -> duckdb-query-bench.el
    duckdb-query-complete.el -> duckdb-query-complete.el
    duckdb-query-edit.el -> duckdb-query-edit.el
    duckdb-query-font-lock.el -> duckdb-query-font-lock.el
    duckdb-query-parse.el -> duckdb-query-parse.el
    duckdb-query.el -> duckdb-query.el
Created duckdb-query-20260302.1329.tar containing:
  duckdb-query-20260302.1329/
  duckdb-query-20260302.1329/duckdb-query-bench.el
  duckdb-query-20260302.1329/duckdb-query-complete.el
  duckdb-query-20260302.1329/duckdb-query-edit.el
  duckdb-query-20260302.1329/duckdb-query-font-lock.el
  duckdb-query-20260302.1329/duckdb-query-parse.el
  duckdb-query-20260302.1329/duckdb-query-pkg.el
  duckdb-query-20260302.1329/duckdb-query.el
Built duckdb-query in 3.371s, finished at 2026-07-15T13:39:40+0000
