
 • Building package ducpel
From https://github.com/alezost/ducpel
Updating /mnt/store/melpa/working/ducpel/
Checking out bb0275a8aa7e8aa0895979711b037573544d50c1
Copying files (->) and directories (=>)
  from /mnt/store/melpa/working/ducpel/
  to /tmp/ducpel-rpta2i/ducpel-20260204.1533/
    ducpel-glyphs.el -> ducpel-glyphs.el
    ducpel.el -> ducpel.el
    levels => levels
Created ducpel-20260204.1533.tar containing:
  ducpel-20260204.1533/
  ducpel-20260204.1533/ducpel-glyphs.el
  ducpel-20260204.1533/ducpel-pkg.el
  ducpel-20260204.1533/ducpel.el
  ducpel-20260204.1533/levels/
  ducpel-20260204.1533/levels/0001
  ducpel-20260204.1533/levels/0002
  ducpel-20260204.1533/levels/0003
  ducpel-20260204.1533/levels/0004
  ducpel-20260204.1533/levels/0005
  ducpel-20260204.1533/levels/0006
  ducpel-20260204.1533/levels/0007
  ducpel-20260204.1533/levels/0008
  ducpel-20260204.1533/levels/0009
Built ducpel in 3.248s, finished at 2026-07-15T13:39:40+0000
