
 • Building package e2ansi
From https://github.com/Lindydancer/e2ansi
Updating /mnt/store/melpa/working/e2ansi/
Checking out 53c9c2aff5bf66864446a02a75e2e431aaef59d5
Copying files (->) and directories (=>)
  from /mnt/store/melpa/working/e2ansi/
  to /tmp/e2ansi-zkgOy8/e2ansi-20250120.2241/
    e2ansi-list.el -> e2ansi-list.el
    e2ansi-load-init.el -> e2ansi-load-init.el
    e2ansi-magic.el -> e2ansi-magic.el
    e2ansi-silent.el -> e2ansi-silent.el
    e2ansi.el -> e2ansi.el
    bin => bin
Created e2ansi-20250120.2241.tar containing:
  e2ansi-20250120.2241/
  e2ansi-20250120.2241/bin/
  e2ansi-20250120.2241/bin/e2ansi-cat
  e2ansi-20250120.2241/bin/e2ansi-info
  e2ansi-20250120.2241/e2ansi-list.el
  e2ansi-20250120.2241/e2ansi-load-init.el
  e2ansi-20250120.2241/e2ansi-magic.el
  e2ansi-20250120.2241/e2ansi-pkg.el
  e2ansi-20250120.2241/e2ansi-silent.el
  e2ansi-20250120.2241/e2ansi.el
Built e2ansi in 2.978s, finished at 2026-07-15T13:39:56+0000
