
 • Building package easy-kill-extras
From https://github.com/knu/easy-kill-extras.el
Updating /mnt/store/melpa/working/easy-kill-extras/
Checking out 3fea06322d76be78e66074b9a9dad9a6d4aa6bcd
Copying files (->) and directories (=>)
  from /mnt/store/melpa/working/easy-kill-extras/
  to /tmp/easy-kill-extras-5Ix0iY/easy-kill-extras-20260108.1716/
    easy-dup.el -> easy-dup.el
    easy-kill-aj.el -> easy-kill-aj.el
    easy-kill-buffer.el -> easy-kill-buffer.el
    easy-kill-er.el -> easy-kill-er.el
    easy-kill-extras.el -> easy-kill-extras.el
    easy-kill-line-edge.el -> easy-kill-line-edge.el
    easy-kill-mc.el -> easy-kill-mc.el
    easy-kill-to-char.el -> easy-kill-to-char.el
    extra-things.el -> extra-things.el
Created easy-kill-extras-20260108.1716.tar containing:
  easy-kill-extras-20260108.1716/
  easy-kill-extras-20260108.1716/easy-dup.el
  easy-kill-extras-20260108.1716/easy-kill-aj.el
  easy-kill-extras-20260108.1716/easy-kill-buffer.el
  easy-kill-extras-20260108.1716/easy-kill-er.el
  easy-kill-extras-20260108.1716/easy-kill-extras-pkg.el
  easy-kill-extras-20260108.1716/easy-kill-extras.el
  easy-kill-extras-20260108.1716/easy-kill-line-edge.el
  easy-kill-extras-20260108.1716/easy-kill-mc.el
  easy-kill-extras-20260108.1716/easy-kill-to-char.el
  easy-kill-extras-20260108.1716/extra-things.el
Built easy-kill-extras in 3.145s, finished at 2026-07-15T13:40:14+0000
