
 • Building package ebib
From https://github.com/joostkremers/ebib
Updating /mnt/store/melpa/working/ebib/
Checking out 32c6ab8ce418af10b54f497a404b9b33a67d48fc
Copying files (->) and directories (=>)
  from /mnt/store/melpa/working/ebib/
  to /tmp/ebib-Zurv1t/ebib-20260621.1413/
    ebib-biblio.el -> ebib-biblio.el
    ebib-db.el -> ebib-db.el
    ebib-filters.el -> ebib-filters.el
    ebib-ivy.el -> ebib-ivy.el
    ebib-keywords.el -> ebib-keywords.el
    ebib-notes.el -> ebib-notes.el
    ebib-reading-list.el -> ebib-reading-list.el
    ebib-utils.el -> ebib-utils.el
    ebib.el -> ebib.el
    org-ebib.el -> org-ebib.el
    ebib.info -> ebib.info
Created ebib-20260621.1413.tar containing:
  ebib-20260621.1413/
  ebib-20260621.1413/dir
  ebib-20260621.1413/ebib-biblio.el
  ebib-20260621.1413/ebib-db.el
  ebib-20260621.1413/ebib-filters.el
  ebib-20260621.1413/ebib-ivy.el
  ebib-20260621.1413/ebib-keywords.el
  ebib-20260621.1413/ebib-notes.el
  ebib-20260621.1413/ebib-pkg.el
  ebib-20260621.1413/ebib-reading-list.el
  ebib-20260621.1413/ebib-utils.el
  ebib-20260621.1413/ebib.el
  ebib-20260621.1413/ebib.info
  ebib-20260621.1413/org-ebib.el
Built ebib in 4.031s, finished at 2026-07-15T13:40:18+0000
