
 • Building package egg
From https://github.com/byplayer/egg
Updating /mnt/store/melpa/working/egg/
Checking out 00e768a78ac3d25f457eed667d02cac568480bf9
Copying files (->) and directories (=>)
  from /mnt/store/melpa/working/egg/
  to /tmp/egg-8TveUs/egg-20181126.500/
    egg-base.el -> egg-base.el
    egg-const.el -> egg-const.el
    egg-custom.el -> egg-custom.el
    egg-diff.el -> egg-diff.el
    egg-git.el -> egg-git.el
    egg-grep.el -> egg-grep.el
    egg-key.el -> egg-key.el
    egg-svn.el -> egg-svn.el
    egg.el -> egg.el
  ! doc/egg.texi -> egg.texi
Generating egg.info
Created egg-20181126.500.tar containing:
  egg-20181126.500/
  egg-20181126.500/dir
  egg-20181126.500/egg-base.el
  egg-20181126.500/egg-const.el
  egg-20181126.500/egg-custom.el
  egg-20181126.500/egg-diff.el
  egg-20181126.500/egg-git.el
  egg-20181126.500/egg-grep.el
  egg-20181126.500/egg-key.el
  egg-20181126.500/egg-pkg.el
  egg-20181126.500/egg-svn.el
  egg-20181126.500/egg.el
  egg-20181126.500/egg.info
Built egg in 6.487s, finished at 2026-07-15T13:40:49+0000
