
 • Building package eide
From https://forge.tedomum.net/hjuvi/eide.git
Updating /mnt/store/melpa/working/eide/
Checking out 2e7abd954ffa496b3ed0029e60bd0e2ff49125ec
Copying files (->) and directories (=>)
  from /mnt/store/melpa/working/eide/
  to /tmp/eide-Z9DxNJ/eide-20260319.2023/
  ! src/eide-compare.el -> eide-compare.el
  ! src/eide-config.el -> eide-config.el
  ! src/eide-display.el -> eide-display.el
  ! src/eide-edit.el -> eide-edit.el
  ! src/eide-keys.el -> eide-keys.el
  ! src/eide-menu.el -> eide-menu.el
  ! src/eide-popup.el -> eide-popup.el
  ! src/eide-project.el -> eide-project.el
  ! src/eide-search.el -> eide-search.el
  ! src/eide-vc.el -> eide-vc.el
  ! src/eide-windows.el -> eide-windows.el
  ! src/eide.el -> eide.el
  ! src/themes/eide-dark-theme.el -> eide-dark-theme.el
  ! src/themes/eide-light-theme.el -> eide-light-theme.el
Created eide-20260319.2023.tar containing:
  eide-20260319.2023/
  eide-20260319.2023/eide-compare.el
  eide-20260319.2023/eide-config.el
  eide-20260319.2023/eide-dark-theme.el
  eide-20260319.2023/eide-display.el
  eide-20260319.2023/eide-edit.el
  eide-20260319.2023/eide-keys.el
  eide-20260319.2023/eide-light-theme.el
  eide-20260319.2023/eide-menu.el
  eide-20260319.2023/eide-pkg.el
  eide-20260319.2023/eide-popup.el
  eide-20260319.2023/eide-project.el
  eide-20260319.2023/eide-search.el
  eide-20260319.2023/eide-vc.el
  eide-20260319.2023/eide-windows.el
  eide-20260319.2023/eide.el
Built eide in 5.449s, finished at 2026-07-15T13:40:57+0000
