
 • Building package el-job
From https://github.com/meedstrom/el-job
Updating /mnt/store/melpa/working/el-job/
Checking out 8b21c8f9a47a71102bf4ec08504b044aeab880fe
Copying files (->) and directories (=>)
  from /mnt/store/melpa/working/el-job/
  to /tmp/el-job-gwCd5L/el-job-20260306.643/
    el-job-ng-debug.el -> el-job-ng-debug.el
    el-job-ng.el -> el-job-ng.el
    el-job-old-child.el -> el-job-old-child.el
    el-job-old.el -> el-job-old.el
    el-job.el -> el-job.el
    el-job.texi -> el-job.texi
Generating el-job.info
Created el-job-20260306.643.tar containing:
  el-job-20260306.643/
  el-job-20260306.643/dir
  el-job-20260306.643/el-job-ng-debug.el
  el-job-20260306.643/el-job-ng.el
  el-job-20260306.643/el-job-old-child.el
  el-job-20260306.643/el-job-old.el
  el-job-20260306.643/el-job-pkg.el
  el-job-20260306.643/el-job.el
  el-job-20260306.643/el-job.info
Built el-job in 8.655s, finished at 2026-07-15T13:41:14+0000
