
 • Building package eldev
From https://github.com/emacs-eldev/eldev
Updating /mnt/store/melpa/working/eldev/
Checking out 7ce62b0a71f75c8568e391e45eafe0687f610076
Copying files (->) and directories (=>)
  from /mnt/store/melpa/working/eldev/
  to /tmp/eldev-MacTeL/eldev-20260612.1624/
    eldev-build.el -> eldev-build.el
    eldev-buttercup.el -> eldev-buttercup.el
    eldev-doctest.el -> eldev-doctest.el
    eldev-doctor.el -> eldev-doctor.el
    eldev-ecukes.el -> eldev-ecukes.el
    eldev-ert.el -> eldev-ert.el
    eldev-plugins.el -> eldev-plugins.el
    eldev-util.el -> eldev-util.el
    eldev-vc.el -> eldev-vc.el
    eldev.el -> eldev.el
    bin/eldev -> bin/eldev
    bin/eldev.bat -> bin/eldev.bat
    bin/eldev.ps1 -> bin/eldev.ps1
Created eldev-20260612.1624.tar containing:
  eldev-20260612.1624/
  eldev-20260612.1624/bin/
  eldev-20260612.1624/bin/eldev
  eldev-20260612.1624/bin/eldev.bat
  eldev-20260612.1624/bin/eldev.ps1
  eldev-20260612.1624/eldev-build.el
  eldev-20260612.1624/eldev-buttercup.el
  eldev-20260612.1624/eldev-doctest.el
  eldev-20260612.1624/eldev-doctor.el
  eldev-20260612.1624/eldev-ecukes.el
  eldev-20260612.1624/eldev-ert.el
  eldev-20260612.1624/eldev-pkg.el
  eldev-20260612.1624/eldev-plugins.el
  eldev-20260612.1624/eldev-util.el
  eldev-20260612.1624/eldev-vc.el
  eldev-20260612.1624/eldev.el
Built eldev in 6.161s, finished at 2026-07-15T13:41:37+0000
