
 • Building package electric-spacing
From https://github.com/xwl/electric-spacing
Updating /mnt/store/melpa/working/electric-spacing/
Checking out c37b2502512dd49a8311d7c34e9bfd1af3d4dbcd
Copying files (->) and directories (=>)
  from /mnt/store/melpa/working/electric-spacing/
  to /tmp/electric-spacing-2hE2hL/electric-spacing-20220220.1540/
    electric-spacing-cc-mode.el -> electric-spacing-cc-mode.el
    electric-spacing-emacs-lisp-mode.el -> electric-spacing-emacs-lisp-mode.el
    electric-spacing-haskell-mode.el -> electric-spacing-haskell-mode.el
    electric-spacing-init.el -> electric-spacing-init.el
    electric-spacing-org-mode.el -> electric-spacing-org-mode.el
    electric-spacing-python-mode.el -> electric-spacing-python-mode.el
    electric-spacing-rust-mode.el -> electric-spacing-rust-mode.el
    electric-spacing-text-mode.el -> electric-spacing-text-mode.el
    electric-spacing.el -> electric-spacing.el
Created electric-spacing-20220220.1540.tar containing:
  electric-spacing-20220220.1540/
  electric-spacing-20220220.1540/electric-spacing-cc-mode.el
  electric-spacing-20220220.1540/electric-spacing-emacs-lisp-mode.el
  electric-spacing-20220220.1540/electric-spacing-haskell-mode.el
  electric-spacing-20220220.1540/electric-spacing-init.el
  electric-spacing-20220220.1540/electric-spacing-org-mode.el
  electric-spacing-20220220.1540/electric-spacing-pkg.el
  electric-spacing-20220220.1540/electric-spacing-python-mode.el
  electric-spacing-20220220.1540/electric-spacing-rust-mode.el
  electric-spacing-20220220.1540/electric-spacing-text-mode.el
  electric-spacing-20220220.1540/electric-spacing.el
Built electric-spacing in 4.527s, finished at 2026-07-15T13:41:51+0000
