
 • Building package elfeed-score
From https://github.com/sp1ff/elfeed-score
Updating /mnt/store/melpa/working/elfeed-score/
Checking out f6d25f6c1c967822e75ff01ad4d57be1c80f480a
Copying files (->) and directories (=>)
  from /mnt/store/melpa/working/elfeed-score/
  to /tmp/elfeed-score-NZY0Dn/elfeed-score-20260419.349/
    elfeed-score-log.el -> elfeed-score-log.el
    elfeed-score-maint.el -> elfeed-score-maint.el
    elfeed-score-pkg.el -> elfeed-score-pkg.el
    elfeed-score-rule-stats.el -> elfeed-score-rule-stats.el
    elfeed-score-rules.el -> elfeed-score-rules.el
    elfeed-score-scoring.el -> elfeed-score-scoring.el
    elfeed-score-serde.el -> elfeed-score-serde.el
    elfeed-score.el -> elfeed-score.el
  ! doc/elfeed-score.texi -> elfeed-score.texi
  ! doc/version.texi -> version.texi
Generating elfeed-score.info
Generating version.info
Created elfeed-score-20260419.349.tar containing:
  elfeed-score-20260419.349/
  elfeed-score-20260419.349/dir
  elfeed-score-20260419.349/elfeed-score-log.el
  elfeed-score-20260419.349/elfeed-score-maint.el
  elfeed-score-20260419.349/elfeed-score-pkg.el
  elfeed-score-20260419.349/elfeed-score-rule-stats.el
  elfeed-score-20260419.349/elfeed-score-rules.el
  elfeed-score-20260419.349/elfeed-score-scoring.el
  elfeed-score-20260419.349/elfeed-score-serde.el
  elfeed-score-20260419.349/elfeed-score.el
  elfeed-score-20260419.349/elfeed-score.info
  elfeed-score-20260419.349/version.info
Built elfeed-score in 13.057s, finished at 2026-07-15T13:42:12+0000
