
 • Building package elfeed-protocol
From https://github.com/fasheng/elfeed-protocol
Updating /mnt/store/melpa/working/elfeed-protocol/
Checking out 58936590459ccc2dfd6132f69983011d15d9404a
Copying files (->) and directories (=>)
  from /mnt/store/melpa/working/elfeed-protocol/
  to /tmp/elfeed-protocol-JiHd9M/elfeed-protocol-20260523.1339/
    elfeed-protocol-common.el -> elfeed-protocol-common.el
    elfeed-protocol-fever.el -> elfeed-protocol-fever.el
    elfeed-protocol-newsblur.el -> elfeed-protocol-newsblur.el
    elfeed-protocol-owncloud.el -> elfeed-protocol-owncloud.el
    elfeed-protocol-ttrss.el -> elfeed-protocol-ttrss.el
    elfeed-protocol.el -> elfeed-protocol.el
Created elfeed-protocol-20260523.1339.tar containing:
  elfeed-protocol-20260523.1339/
  elfeed-protocol-20260523.1339/elfeed-protocol-common.el
  elfeed-protocol-20260523.1339/elfeed-protocol-fever.el
  elfeed-protocol-20260523.1339/elfeed-protocol-newsblur.el
  elfeed-protocol-20260523.1339/elfeed-protocol-owncloud.el
  elfeed-protocol-20260523.1339/elfeed-protocol-pkg.el
  elfeed-protocol-20260523.1339/elfeed-protocol-ttrss.el
  elfeed-protocol-20260523.1339/elfeed-protocol.el
Built elfeed-protocol in 5.265s, finished at 2026-07-15T13:42:02+0000
