
 • Building package elfeed
From https://github.com/emacs-elfeed/elfeed
Updating /mnt/store/melpa/working/elfeed/
Checking out e18cbb8cc4bb08e1512571449623f5f03f43f94c
Warning: elfeed :files spec is equivalent to the default
Copying files (->) and directories (=>)
  from /mnt/store/melpa/working/elfeed/
  to /tmp/elfeed-538ij6/elfeed-20260714.920/
    elfeed-csv.el -> elfeed-csv.el
    elfeed-curl.el -> elfeed-curl.el
    elfeed-db.el -> elfeed-db.el
    elfeed-lib.el -> elfeed-lib.el
    elfeed-link.el -> elfeed-link.el
    elfeed-log.el -> elfeed-log.el
    elfeed-search.el -> elfeed-search.el
    elfeed-show.el -> elfeed-show.el
    elfeed-tree.el -> elfeed-tree.el
    elfeed.el -> elfeed.el
    xml-query.el -> xml-query.el
Created elfeed-20260714.920.tar containing:
  elfeed-20260714.920/
  elfeed-20260714.920/elfeed-csv.el
  elfeed-20260714.920/elfeed-curl.el
  elfeed-20260714.920/elfeed-db.el
  elfeed-20260714.920/elfeed-lib.el
  elfeed-20260714.920/elfeed-link.el
  elfeed-20260714.920/elfeed-log.el
  elfeed-20260714.920/elfeed-pkg.el
  elfeed-20260714.920/elfeed-search.el
  elfeed-20260714.920/elfeed-show.el
  elfeed-20260714.920/elfeed-tree.el
  elfeed-20260714.920/elfeed.el
  elfeed-20260714.920/xml-query.el
Built elfeed in 5.456s, finished at 2026-07-15T13:41:55+0000
