
 • Building package elisp-depmap
From https://github.com/mtekman/elisp-depmap.el
Updating /mnt/store/melpa/working/elisp-depmap/
Checking out c87e9ecae624b09d113c25b7ad1317d97eb2f434
Copying files (->) and directories (=>)
  from /mnt/store/melpa/working/elisp-depmap/
  to /tmp/elisp-depmap-WQZjK1/elisp-depmap-20251029.1438/
    elisp-depmap-exec.el -> elisp-depmap-exec.el
    elisp-depmap-graph.el -> elisp-depmap-graph.el
    elisp-depmap-parse.el -> elisp-depmap-parse.el
    elisp-depmap-secondhelp.el -> elisp-depmap-secondhelp.el
    elisp-depmap.el -> elisp-depmap.el
Created elisp-depmap-20251029.1438.tar containing:
  elisp-depmap-20251029.1438/
  elisp-depmap-20251029.1438/elisp-depmap-exec.el
  elisp-depmap-20251029.1438/elisp-depmap-graph.el
  elisp-depmap-20251029.1438/elisp-depmap-parse.el
  elisp-depmap-20251029.1438/elisp-depmap-pkg.el
  elisp-depmap-20251029.1438/elisp-depmap-secondhelp.el
  elisp-depmap-20251029.1438/elisp-depmap.el
Built elisp-depmap in 5.196s, finished at 2026-07-15T13:42:21+0000
