
 • Building package ellama
From https://github.com/s-kostyaev/ellama
Updating /mnt/store/melpa/working/ellama/
Checking out b00c307c97a2e447948a589fe591e3cad2d4b93a
Copying files (->) and directories (=>)
  from /mnt/store/melpa/working/ellama/
  to /tmp/ellama-t13qUy/ellama-20260712.1716/
    ellama-blueprint.el -> ellama-blueprint.el
    ellama-community-prompts.el -> ellama-community-prompts.el
    ellama-context.el -> ellama-context.el
    ellama-eval.el -> ellama-eval.el
    ellama-manual.el -> ellama-manual.el
    ellama-skills.el -> ellama-skills.el
    ellama-tools-dlp.el -> ellama-tools-dlp.el
    ellama-tools.el -> ellama-tools.el
    ellama-transient.el -> ellama-transient.el
    ellama.el -> ellama.el
    ellama.info -> ellama.info
    doclicense.texi -> doclicense.texi
Generating doclicense.info
Created ellama-20260712.1716.tar containing:
  ellama-20260712.1716/
  ellama-20260712.1716/dir
  ellama-20260712.1716/doclicense.info
  ellama-20260712.1716/ellama-blueprint.el
  ellama-20260712.1716/ellama-community-prompts.el
  ellama-20260712.1716/ellama-context.el
  ellama-20260712.1716/ellama-eval.el
  ellama-20260712.1716/ellama-manual.el
  ellama-20260712.1716/ellama-pkg.el
  ellama-20260712.1716/ellama-skills.el
  ellama-20260712.1716/ellama-tools-dlp.el
  ellama-20260712.1716/ellama-tools.el
  ellama-20260712.1716/ellama-transient.el
  ellama-20260712.1716/ellama.el
  ellama-20260712.1716/ellama.info
Built ellama in 11.798s, finished at 2026-07-15T13:42:42+0000
