
 • Building package elm-yasnippets
From https://github.com/abingham/elm-yasnippets
Updating /mnt/store/melpa/working/elm-yasnippets/
Checking out 45a11a0cef0c36633fb3477d3dc4167e82779ba4
Copying files (->) and directories (=>)
  from /mnt/store/melpa/working/elm-yasnippets/
  to /tmp/elm-yasnippets-uzXI8A/elm-yasnippets-20160401.524/
    elm-yasnippets.el -> elm-yasnippets.el
    snippets => snippets
Created elm-yasnippets-20160401.524.tar containing:
  elm-yasnippets-20160401.524/
  elm-yasnippets-20160401.524/elm-yasnippets-pkg.el
  elm-yasnippets-20160401.524/elm-yasnippets.el
  elm-yasnippets-20160401.524/snippets/
  elm-yasnippets-20160401.524/snippets/elm-mode/
  elm-yasnippets-20160401.524/snippets/elm-mode/comment
  elm-yasnippets-20160401.524/snippets/elm-mode/function
  elm-yasnippets-20160401.524/snippets/elm-mode/import
  elm-yasnippets-20160401.524/snippets/elm-mode/module
  elm-yasnippets-20160401.524/snippets/elm-mode/type-alias
Built elm-yasnippets in 4.830s, finished at 2026-07-15T13:42:39+0000
