
 • Building package elm-mode
From https://github.com/jcollard/elm-mode
Updating /mnt/store/melpa/working/elm-mode/
Checking out 90b72cd2c9bc4506f531bcdcd73fa2530d9f4f7c
Copying files (->) and directories (=>)
  from /mnt/store/melpa/working/elm-mode/
  to /tmp/elm-mode-2fVXDZ/elm-mode-20250401.915/
    elm-defuns.el -> elm-defuns.el
    elm-font-lock.el -> elm-font-lock.el
    elm-format.el -> elm-format.el
    elm-imenu.el -> elm-imenu.el
    elm-indent-simple.el -> elm-indent-simple.el
    elm-indent.el -> elm-indent.el
    elm-interactive.el -> elm-interactive.el
    elm-mode.el -> elm-mode.el
    elm-tags.el -> elm-tags.el
    elm-util.el -> elm-util.el
    elm.tags -> elm.tags
Created elm-mode-20250401.915.tar containing:
  elm-mode-20250401.915/
  elm-mode-20250401.915/elm-defuns.el
  elm-mode-20250401.915/elm-font-lock.el
  elm-mode-20250401.915/elm-format.el
  elm-mode-20250401.915/elm-imenu.el
  elm-mode-20250401.915/elm-indent-simple.el
  elm-mode-20250401.915/elm-indent.el
  elm-mode-20250401.915/elm-interactive.el
  elm-mode-20250401.915/elm-mode-pkg.el
  elm-mode-20250401.915/elm-mode.el
  elm-mode-20250401.915/elm-tags.el
  elm-mode-20250401.915/elm-util.el
  elm-mode-20250401.915/elm.tags
Built elm-mode in 5.760s, finished at 2026-07-15T13:42:37+0000
