
 • Building package elmpd
From https://github.com/sp1ff/elmpd
Updating /mnt/store/melpa/working/elmpd/
Checking out 40a666c153da0c45262230bed3c7594e3362ca09
Copying files (->) and directories (=>)
  from /mnt/store/melpa/working/elmpd/
  to /tmp/elmpd-90g3Go/elmpd-20260619.2114/
    elmpd.el -> elmpd.el
  ! doc/elmpd.texi -> elmpd.texi
  ! doc/version.texi -> version.texi
Generating elmpd.info
Generating version.info
Created elmpd-20260619.2114.tar containing:
  elmpd-20260619.2114/
  elmpd-20260619.2114/dir
  elmpd-20260619.2114/elmpd-pkg.el
  elmpd-20260619.2114/elmpd.el
  elmpd-20260619.2114/elmpd.info
  elmpd-20260619.2114/version.info
Built elmpd in 8.213s, finished at 2026-07-15T13:42:47+0000
