
 • Building package elot
From https://github.com/johanwk/elot
Updating /mnt/store/melpa/working/elot/
Checking out d7e9b47207a16841bb5a08077e1dfcb47608f37f
Copying files (->) and directories (=>)
  from /mnt/store/melpa/working/elot/
  to /tmp/elot-MkBPHe/elot-20260709.1716/
  ! elot-package/elot-db.el -> elot-db.el
  ! elot-package/elot-defaults.el -> elot-defaults.el
  ! elot-package/elot-flymake.el -> elot-flymake.el
  ! elot-package/elot-label-display.el -> elot-label-display.el
  ! elot-package/elot-lint.el -> elot-lint.el
  ! elot-package/elot-mode.el -> elot-mode.el
  ! elot-package/elot-owl-grammar.el -> elot-owl-grammar.el
  ! elot-package/elot-sources.el -> elot-sources.el
  ! elot-package/elot-tangle.el -> elot-tangle.el
  ! elot-package/elot.el -> elot.el
  ! elot-package/schema.sql -> schema.sql
  ! elot-package/elot-lob.org -> elot-lob.org
  ! elot-package/elot-style.css -> elot-style.css
  ! elot-package/elot-nav.js -> elot-nav.js
  ! elot-package/theme-elot.setup -> theme-elot.setup
Created elot-20260709.1716.tar containing:
  elot-20260709.1716/
  elot-20260709.1716/elot-db.el
  elot-20260709.1716/elot-defaults.el
  elot-20260709.1716/elot-flymake.el
  elot-20260709.1716/elot-label-display.el
  elot-20260709.1716/elot-lint.el
  elot-20260709.1716/elot-lob.org
  elot-20260709.1716/elot-mode.el
  elot-20260709.1716/elot-nav.js
  elot-20260709.1716/elot-owl-grammar.el
  elot-20260709.1716/elot-pkg.el
  elot-20260709.1716/elot-sources.el
  elot-20260709.1716/elot-style.css
  elot-20260709.1716/elot-tangle.el
  elot-20260709.1716/elot.el
  elot-20260709.1716/schema.sql
  elot-20260709.1716/theme-elot.setup
Built elot in 3.822s, finished at 2026-07-15T13:42:47+0000
