
 • Building package elsqlite
From https://github.com/dusanx/elsqlite
Updating /mnt/store/melpa/working/elsqlite/
Checking out 394904b1cd80ceb665ae4e832043331c1b587b8d
Copying files (->) and directories (=>)
  from /mnt/store/melpa/working/elsqlite/
  to /tmp/elsqlite-DTmGEs/elsqlite-20260206.1949/
    elsqlite-completion.el -> elsqlite-completion.el
    elsqlite-db.el -> elsqlite-db.el
    elsqlite-sql.el -> elsqlite-sql.el
    elsqlite-table.el -> elsqlite-table.el
    elsqlite.el -> elsqlite.el
Created elsqlite-20260206.1949.tar containing:
  elsqlite-20260206.1949/
  elsqlite-20260206.1949/elsqlite-completion.el
  elsqlite-20260206.1949/elsqlite-db.el
  elsqlite-20260206.1949/elsqlite-pkg.el
  elsqlite-20260206.1949/elsqlite-sql.el
  elsqlite-20260206.1949/elsqlite-table.el
  elsqlite-20260206.1949/elsqlite.el
Built elsqlite in 2.971s, finished at 2026-07-15T13:42:58+0000
