
 • Building package emacsql
From https://github.com/magit/emacsql
Updating /mnt/store/melpa/working/emacsql/
Checking out d811bbefcb5e27841af55cae53aa939ba720de77
Copying files (->) and directories (=>)
  from /mnt/store/melpa/working/emacsql/
  to /tmp/emacsql-RzLblf/emacsql-20260601.1722/
    emacsql-compiler.el -> emacsql-compiler.el
    emacsql-mysql.el -> emacsql-mysql.el
    emacsql-pg.el -> emacsql-pg.el
    emacsql-psql.el -> emacsql-psql.el
    emacsql-sqlite-builtin.el -> emacsql-sqlite-builtin.el
    emacsql-sqlite-module.el -> emacsql-sqlite-module.el
    emacsql-sqlite.el -> emacsql-sqlite.el
    emacsql.el -> emacsql.el
    README.md -> README.md
Created emacsql-20260601.1722.tar containing:
  emacsql-20260601.1722/
  emacsql-20260601.1722/README.md
  emacsql-20260601.1722/emacsql-compiler.el
  emacsql-20260601.1722/emacsql-mysql.el
  emacsql-20260601.1722/emacsql-pg.el
  emacsql-20260601.1722/emacsql-pkg.el
  emacsql-20260601.1722/emacsql-psql.el
  emacsql-20260601.1722/emacsql-sqlite-builtin.el
  emacsql-20260601.1722/emacsql-sqlite-module.el
  emacsql-20260601.1722/emacsql-sqlite.el
  emacsql-20260601.1722/emacsql.el
Built emacsql in 3.197s, finished at 2026-07-15T13:43:05+0000
