
 • Building package emcp
From https://codeberg.org/martenlienen/emcp
Updating /mnt/store/melpa/working/emcp/
Checking out cc452a2cb8b128305c7091a4adf9435e6b227fc1
Copying files (->) and directories (=>)
  from /mnt/store/melpa/working/emcp/
  to /tmp/emcp-rL8eBM/emcp-20260706.1558/
    emcp-confirm.el -> emcp-confirm.el
    emcp-core.el -> emcp-core.el
    emcp-http.el -> emcp-http.el
    emcp-resources.el -> emcp-resources.el
    emcp-screenshot.el -> emcp-screenshot.el
    emcp-session-manager.el -> emcp-session-manager.el
    emcp-tools-eval.el -> emcp-tools-eval.el
    emcp-tools-send-keys.el -> emcp-tools-send-keys.el
    emcp-tools.el -> emcp-tools.el
    emcp-uri.el -> emcp-uri.el
    emcp.el -> emcp.el
    emacs.svg -> emacs.svg
Created emcp-20260706.1558.tar containing:
  emcp-20260706.1558/
  emcp-20260706.1558/emacs.svg
  emcp-20260706.1558/emcp-confirm.el
  emcp-20260706.1558/emcp-core.el
  emcp-20260706.1558/emcp-http.el
  emcp-20260706.1558/emcp-pkg.el
  emcp-20260706.1558/emcp-resources.el
  emcp-20260706.1558/emcp-screenshot.el
  emcp-20260706.1558/emcp-session-manager.el
  emcp-20260706.1558/emcp-tools-eval.el
  emcp-20260706.1558/emcp-tools-send-keys.el
  emcp-20260706.1558/emcp-tools.el
  emcp-20260706.1558/emcp-uri.el
  emcp-20260706.1558/emcp.el
Built emcp in 3.832s, finished at 2026-07-15T13:43:16+0000
