
 • Building package epkg
From https://github.com/emacscollective/epkg
Updating /mnt/store/melpa/working/epkg/
Checking out 63bf2ab384c0f96f344492d151549c5b95b6830f
Copying files (->) and directories (=>)
  from /mnt/store/melpa/working/epkg/
  to /tmp/epkg-K1slnO/epkg-20260701.1311/
  ! lisp/epkg-desc.el -> epkg-desc.el
  ! lisp/epkg-elpa.el -> epkg-elpa.el
  ! lisp/epkg-list.el -> epkg-list.el
  ! lisp/epkg-org.el -> epkg-org.el
  ! lisp/epkg-schemata.el -> epkg-schemata.el
  ! lisp/epkg-utils.el -> epkg-utils.el
  ! lisp/epkg.el -> epkg.el
  ! docs/epkg.texi -> epkg.texi
    .dir-locals.el -> .dir-locals.el
Generating epkg.info
Created epkg-20260701.1311.tar containing:
  epkg-20260701.1311/
  epkg-20260701.1311/.dir-locals.el
  epkg-20260701.1311/dir
  epkg-20260701.1311/epkg-desc.el
  epkg-20260701.1311/epkg-elpa.el
  epkg-20260701.1311/epkg-list.el
  epkg-20260701.1311/epkg-org.el
  epkg-20260701.1311/epkg-pkg.el
  epkg-20260701.1311/epkg-schemata.el
  epkg-20260701.1311/epkg-utils.el
  epkg-20260701.1311/epkg.el
  epkg-20260701.1311/epkg.info
Built epkg in 4.859s, finished at 2026-07-15T13:43:43+0000
