
 • Building package erlang
From https://github.com/erlang/otp
Updating /mnt/store/melpa/working/erlang/
Checking out 40ea544c97aa8492596f35a88286ea80326510ec
Copying files (->) and directories (=>)
  from /mnt/store/melpa/working/erlang/
  to /tmp/erlang-5l2rvn/erlang-20260702.800/
  ! lib/tools/emacs/erlang-edoc.el -> erlang-edoc.el
  ! lib/tools/emacs/erlang-eunit.el -> erlang-eunit.el
  ! lib/tools/emacs/erlang-flymake.el -> erlang-flymake.el
  ! lib/tools/emacs/erlang-skels.el -> erlang-skels.el
  ! lib/tools/emacs/erlang-start.el -> erlang-start.el
  ! lib/tools/emacs/erlang-test.el -> erlang-test.el
  ! lib/tools/emacs/erlang.el -> erlang.el
  ! lib/tools/emacs/erldoc.el -> erldoc.el
Created erlang-20260702.800.tar containing:
  erlang-20260702.800/
  erlang-20260702.800/erlang-edoc.el
  erlang-20260702.800/erlang-eunit.el
  erlang-20260702.800/erlang-flymake.el
  erlang-20260702.800/erlang-pkg.el
  erlang-20260702.800/erlang-skels.el
  erlang-20260702.800/erlang-start.el
  erlang-20260702.800/erlang-test.el
  erlang-20260702.800/erlang.el
  erlang-20260702.800/erldoc.el
Built erlang in 9.132s, finished at 2026-07-15T13:44:11+0000
