
 • Building package es-mode
From https://github.com/dakrone/es-mode
Updating /mnt/store/melpa/working/es-mode/
Checking out cf93c9900057a9f3c89f982f778f41f48285d076
Copying files (->) and directories (=>)
  from /mnt/store/melpa/working/es-mode/
  to /tmp/es-mode-xUJi55/es-mode-20260220.2147/
    es-cc.el -> es-cc.el
    es-copyas.el -> es-copyas.el
    es-esql.el -> es-esql.el
    es-mode.el -> es-mode.el
    es-parse.el -> es-parse.el
    ob-elasticsearch.el -> ob-elasticsearch.el
    snippets => snippets
Created es-mode-20260220.2147.tar containing:
  es-mode-20260220.2147/
  es-mode-20260220.2147/es-cc.el
  es-mode-20260220.2147/es-copyas.el
  es-mode-20260220.2147/es-esql.el
  es-mode-20260220.2147/es-mode-pkg.el
  es-mode-20260220.2147/es-mode.el
  es-mode-20260220.2147/es-parse.el
  es-mode-20260220.2147/ob-elasticsearch.el
  es-mode-20260220.2147/snippets/
  es-mode-20260220.2147/snippets/es-mode/
  es-mode-20260220.2147/snippets/es-mode/bool
  es-mode-20260220.2147/snippets/es-mode/cat_nodes
  es-mode-20260220.2147/snippets/es-mode/cat_shards
  es-mode-20260220.2147/snippets/es-mode/debug-logging
  es-mode-20260220.2147/snippets/es-mode/delete_index
  es-mode-20260220.2147/snippets/es-mode/match
  es-mode-20260220.2147/snippets/es-mode/match_all
  es-mode-20260220.2147/snippets/es-mode/multi_match
  es-mode-20260220.2147/snippets/es-mode/new_index
  es-mode-20260220.2147/snippets/es-mode/search
  es-mode-20260220.2147/snippets/es-mode/search-match-all
Built es-mode in 3.110s, finished at 2026-07-15T13:44:16+0000
