
 • Building package evenok
From https://codeberg.org/mekeor/evenok
Updating /mnt/store/melpa/working/evenok/
Checking out 6b5e3c10d3649be6ea9df5cc369d8a4d4a03f3aa
Copying files (->) and directories (=>)
  from /mnt/store/melpa/working/evenok/
  to /tmp/evenok-H06VCp/evenok-20260221.2125/
    evenok-dark-extra-theme.el -> evenok-dark-extra-theme.el
    evenok-dark-theme.el -> evenok-dark-theme.el
    evenok-extra.el -> evenok-extra.el
    evenok-light-extra-theme.el -> evenok-light-extra-theme.el
    evenok-light-theme.el -> evenok-light-theme.el
    evenok.el -> evenok.el
Created evenok-20260221.2125.tar containing:
  evenok-20260221.2125/
  evenok-20260221.2125/evenok-dark-extra-theme.el
  evenok-20260221.2125/evenok-dark-theme.el
  evenok-20260221.2125/evenok-extra.el
  evenok-20260221.2125/evenok-light-extra-theme.el
  evenok-20260221.2125/evenok-light-theme.el
  evenok-20260221.2125/evenok-pkg.el
  evenok-20260221.2125/evenok.el
Built evenok in 4.218s, finished at 2026-07-15T13:44:57+0000
