
 • Building package evil-collection
From https://github.com/emacs-evil/evil-collection
Updating /mnt/store/melpa/working/evil-collection/
Checking out cf84caf44dd1588c10cd14a90223821a691099cc
Copying files (->) and directories (=>)
  from /mnt/store/melpa/working/evil-collection/
  to /tmp/evil-collection-GRQN9G/evil-collection-20260715.218/
    evil-collection.el -> evil-collection.el
    modes => modes
Created evil-collection-20260715.218.tar containing:
  evil-collection-20260715.218/
  evil-collection-20260715.218/evil-collection-pkg.el
  evil-collection-20260715.218/evil-collection.el
  evil-collection-20260715.218/modes/
  evil-collection-20260715.218/modes/.nosearch
  evil-collection-20260715.218/modes/2048-game/
  evil-collection-20260715.218/modes/2048-game/evil-collection-2048-game.el
  evil-collection-20260715.218/modes/ag/
  evil-collection-20260715.218/modes/ag/README.org
  evil-collection-20260715.218/modes/ag/evil-collection-ag.el
  evil-collection-20260715.218/modes/agent-shell-manager/
  evil-collection-20260715.218/modes/agent-shell-manager/README.org
  evil-collection-20260715.218/modes/agent-shell-manager/evil-collection-agent-shell-manager.el
  evil-collection-20260715.218/modes/agent-shell/
  evil-collection-20260715.218/modes/agent-shell/README.org
  evil-collection-20260715.218/modes/agent-shell/evil-collection-agent-shell.el
  evil-collection-20260715.218/modes/alchemist/
  evil-collection-20260715.218/modes/alchemist/evil-collection-alchemist.el
  evil-collection-20260715.218/modes/anaconda-mode/
  evil-collection-20260715.218/modes/anaconda-mode/evil-collection-anaconda-mode.el
  evil-collection-20260715.218/modes/apropos/
  evil-collection-20260715.218/modes/apropos/README.org
  evil-collection-20260715.218/modes/apropos/evil-collection-apropos.el
  evil-collection-20260715.218/modes/arc-mode/
  evil-collection-20260715.218/modes/arc-mode/README.org
  evil-collection-20260715.218/modes/arc-mode/evil-collection-arc-mode.el
  evil-collection-20260715.218/modes/atomic-chrome/
  evil-collection-20260715.218/modes/atomic-chrome/evil-collection-atomic-chrome.el
  evil-collection-20260715.218/modes/auto-package-update/
  evil-collection-20260715.218/modes/auto-package-update/evil-collection-auto-package-update.el
  evil-collection-20260715.218/modes/beginend/
  evil-collection-20260715.218/modes/beginend/evil-collection-beginend.el
  evil-collection-20260715.218/modes/bluetooth/
  evil-collection-20260715.218/modes/bluetooth/evil-collection-bluetooth.el
  evil-collection-20260715.218/modes/bm/
  evil-collection-20260715.218/modes/bm/evil-collection-bm.el
  evil-collection-20260715.218/modes/bookmark/
  evil-collection-20260715.218/modes/bookmark/README.org
  evil-collection-20260715.218/modes/bookmark/evil-collection-bookmark.el
  evil-collection-20260715.218/modes/buff-menu/
  evil-collection-20260715.218/modes/buff-menu/README.org
  evil-collection-20260715.218/modes/buff-menu/evil-collection-buff-menu.el
  evil-collection-20260715.218/modes/bufler/
  evil-collection-20260715.218/modes/bufler/evil-collection-bufler.el
  evil-collection-20260715.218/modes/calc/
  evil-collection-20260715.218/modes/calc/README.org
  evil-collection-20260715.218/modes/calc/evil-collection-calc.el
  evil-collection-20260715.218/modes/calendar/
  evil-collection-20260715.218/modes/calendar/README.org
  evil-collection-20260715.218/modes/calendar/evil-collection-calendar.el
  evil-collection-20260715.218/modes/cider/
  evil-collection-20260715.218/modes/cider/README.org
  evil-collection-20260715.218/modes/cider/evil-collection-cider.el
  evil-collection-20260715.218/modes/citre/
  evil-collection-20260715.218/modes/citre/evil-collection-citre.el
  evil-collection-20260715.218/modes/cmake-mode/
  evil-collection-20260715.218/modes/cmake-mode/README.org
  evil-collection-20260715.218/modes/cmake-mode/evil-collection-cmake-mode.el
  evil-collection-20260715.218/modes/color-rg/
  evil-collection-20260715.218/modes/color-rg/evil-collection-color-rg.el
  evil-collection-20260715.218/modes/comint/
  evil-collection-20260715.218/modes/comint/README.org
  evil-collection-20260715.218/modes/comint/evil-collection-comint.el
  evil-collection-20260715.218/modes/company/
  evil-collection-20260715.218/modes/company/README.org
  evil-collection-20260715.218/modes/company/evil-collection-company.el
  evil-collection-20260715.218/modes/compile/
  evil-collection-20260715.218/modes/compile/README.org
  evil-collection-20260715.218/modes/compile/evil-collection-compile.el
  evil-collection-20260715.218/modes/consult/
  evil-collection-20260715.218/modes/consult/README.org
  evil-collection-20260715.218/modes/consult/evil-collection-consult.el
  evil-collection-20260715.218/modes/corfu/
  evil-collection-20260715.218/modes/corfu/README.org
  evil-collection-20260715.218/modes/corfu/evil-collection-corfu.el
  evil-collection-20260715.218/modes/crdt/
  evil-collection-20260715.218/modes/crdt/evil-collection-crdt.el
  evil-collection-20260715.218/modes/csv/
  evil-collection-20260715.218/modes/csv/evil-collection-csv.el
  evil-collection-20260715.218/modes/cus-theme/
  evil-collection-20260715.218/modes/cus-theme/README.org
  evil-collection-20260715.218/modes/cus-theme/evil-collection-cus-theme.el
  evil-collection-20260715.218/modes/custom/
  evil-collection-20260715.218/modes/custom/README.org
  evil-collection-20260715.218/modes/custom/evil-collection-custom.el
  evil-collection-20260715.218/modes/daemons/
  evil-collection-20260715.218/modes/daemons/evil-collection-daemons.el
  evil-collection-20260715.218/modes/dape/
  evil-collection-20260715.218/modes/dape/README.org
  evil-collection-20260715.218/modes/dape/evil-collection-dape.el
  evil-collection-20260715.218/modes/dashboard/
  evil-collection-20260715.218/modes/dashboard/evil-collection-dashboard.el
  evil-collection-20260715.218/modes/deadgrep/
  evil-collection-20260715.218/modes/deadgrep/README.org
  evil-collection-20260715.218/modes/deadgrep/evil-collection-deadgrep.el
  evil-collection-20260715.218/modes/debbugs/
  evil-collection-20260715.218/modes/debbugs/evil-collection-debbugs.el
  evil-collection-20260715.218/modes/debug/
  evil-collection-20260715.218/modes/debug/README.org
  evil-collection-20260715.218/modes/debug/evil-collection-debug.el
  evil-collection-20260715.218/modes/devdocs/
  evil-collection-20260715.218/modes/devdocs/evil-collection-devdocs.el
  evil-collection-20260715.218/modes/dictionary/
  evil-collection-20260715.218/modes/dictionary/evil-collection-dictionary.el
  evil-collection-20260715.218/modes/diff-hl/
  evil-collection-20260715.218/modes/diff-hl/README.org
  evil-collection-20260715.218/modes/diff-hl/evil-collection-diff-hl.el
  evil-collection-20260715.218/modes/diff-mode/
  evil-collection-20260715.218/modes/diff-mode/README.org
  evil-collection-20260715.218/modes/diff-mode/evil-collection-diff-mode.el
  evil-collection-20260715.218/modes/difftastic/
  evil-collection-20260715.218/modes/difftastic/README.org
  evil-collection-20260715.218/modes/difftastic/evil-collection-difftastic.el
  evil-collection-20260715.218/modes/dired-sidebar/
  evil-collection-20260715.218/modes/dired-sidebar/evil-collection-dired-sidebar.el
  evil-collection-20260715.218/modes/dired/
  evil-collection-20260715.218/modes/dired/README.org
  evil-collection-20260715.218/modes/dired/evil-collection-dired.el
  evil-collection-20260715.218/modes/disk-usage/
  evil-collection-20260715.218/modes/disk-usage/evil-collection-disk-usage.el
  evil-collection-20260715.218/modes/distel/
  evil-collection-20260715.218/modes/distel/evil-collection-distel.el
  evil-collection-20260715.218/modes/doc-view/
  evil-collection-20260715.218/modes/doc-view/README.org
  evil-collection-20260715.218/modes/doc-view/evil-collection-doc-view.el
  evil-collection-20260715.218/modes/docker/
  evil-collection-20260715.218/modes/docker/evil-collection-docker.el
  evil-collection-20260715.218/modes/eat/
  evil-collection-20260715.218/modes/eat/README.org
  evil-collection-20260715.218/modes/eat/evil-collection-eat.el
  evil-collection-20260715.218/modes/ebib/
  evil-collection-20260715.218/modes/ebib/evil-collection-ebib.el
  evil-collection-20260715.218/modes/ebuku/
  evil-collection-20260715.218/modes/ebuku/evil-collection-ebuku.el
  evil-collection-20260715.218/modes/eca/
  evil-collection-20260715.218/modes/eca/evil-collection-eca.el
  evil-collection-20260715.218/modes/edbi/
  evil-collection-20260715.218/modes/edbi/evil-collection-edbi.el
  evil-collection-20260715.218/modes/edebug/
  evil-collection-20260715.218/modes/edebug/README.org
  evil-collection-20260715.218/modes/edebug/evil-collection-edebug.el
  evil-collection-20260715.218/modes/ediff/
  evil-collection-20260715.218/modes/ediff/README.org
  evil-collection-20260715.218/modes/ediff/evil-collection-ediff.el
  evil-collection-20260715.218/modes/eglot/
  evil-collection-20260715.218/modes/eglot/README.org
  evil-collection-20260715.218/modes/eglot/evil-collection-eglot.el
  evil-collection-20260715.218/modes/eldoc/
  evil-collection-20260715.218/modes/eldoc/README.org
  evil-collection-20260715.218/modes/eldoc/evil-collection-eldoc.el
  evil-collection-20260715.218/modes/elfeed/
  evil-collection-20260715.218/modes/elfeed/README.org
  evil-collection-20260715.218/modes/elfeed/evil-collection-elfeed.el
  evil-collection-20260715.218/modes/elisp-mode/
  evil-collection-20260715.218/modes/elisp-mode/README.org
  evil-collection-20260715.218/modes/elisp-mode/evil-collection-elisp-mode.el
  evil-collection-20260715.218/modes/elisp-refs/
  evil-collection-20260715.218/modes/elisp-refs/README.org
  evil-collection-20260715.218/modes/elisp-refs/evil-collection-elisp-refs.el
  evil-collection-20260715.218/modes/elisp-slime-nav/
  evil-collection-20260715.218/modes/elisp-slime-nav/README.org
  evil-collection-20260715.218/modes/elisp-slime-nav/evil-collection-elisp-slime-nav.el
  evil-collection-20260715.218/modes/elpaca/
  evil-collection-20260715.218/modes/elpaca/evil-collection-elpaca.el
  evil-collection-20260715.218/modes/embark/
  evil-collection-20260715.218/modes/embark/README.org
  evil-collection-20260715.218/modes/embark/evil-collection-embark.el
  evil-collection-20260715.218/modes/emcp/
  evil-collection-20260715.218/modes/emcp/README.org
  evil-collection-20260715.218/modes/emcp/evil-collection-emcp.el
  evil-collection-20260715.218/modes/ement/
  evil-collection-20260715.218/modes/ement/evil-collection-ement.el
  evil-collection-20260715.218/modes/emms/
  evil-collection-20260715.218/modes/emms/README.org
  evil-collection-20260715.218/modes/emms/evil-collection-emms.el
  evil-collection-20260715.218/modes/emoji/
  evil-collection-20260715.218/modes/emoji/README.org
  evil-collection-20260715.218/modes/emoji/evil-collection-emoji.el
  evil-collection-20260715.218/modes/epa/
  evil-collection-20260715.218/modes/epa/README.org
  evil-collection-20260715.218/modes/epa/evil-collection-epa.el
  evil-collection-20260715.218/modes/ert/
  evil-collection-20260715.218/modes/ert/README.org
  evil-collection-20260715.218/modes/ert/evil-collection-ert.el
  evil-collection-20260715.218/modes/eshell/
  evil-collection-20260715.218/modes/eshell/README.org
  evil-collection-20260715.218/modes/eshell/evil-collection-eshell.el
  evil-collection-20260715.218/modes/eval-sexp-fu/
  evil-collection-20260715.218/modes/eval-sexp-fu/README.org
  evil-collection-20260715.218/modes/eval-sexp-fu/evil-collection-eval-sexp-fu.el
  evil-collection-20260715.218/modes/evil-ghostel/
  evil-collection-20260715.218/modes/evil-ghostel/evil-collection-evil-ghostel.el
  evil-collection-20260715.218/modes/evil-mc/
  evil-collection-20260715.218/modes/evil-mc/README.org
  evil-collection-20260715.218/modes/evil-mc/evil-collection-evil-mc.el
  evil-collection-20260715.218/modes/eww/
  evil-collection-20260715.218/modes/eww/README.org
  evil-collection-20260715.218/modes/eww/evil-collection-eww.el
  evil-collection-20260715.218/modes/explain-pause-mode/
  evil-collection-20260715.218/modes/explain-pause-mode/evil-collection-explain-pause-mode.el
  evil-collection-20260715.218/modes/fanyi/
  evil-collection-20260715.218/modes/fanyi/evil-collection-fanyi.el
  evil-collection-20260715.218/modes/finder/
  evil-collection-20260715.218/modes/finder/README.org
  evil-collection-20260715.218/modes/finder/evil-collection-finder.el
  evil-collection-20260715.218/modes/fj/
  evil-collection-20260715.218/modes/fj/README.org
  evil-collection-20260715.218/modes/fj/evil-collection-fj.el
  evil-collection-20260715.218/modes/flycheck/
  evil-collection-20260715.218/modes/flycheck/README.org
  evil-collection-20260715.218/modes/flycheck/evil-collection-flycheck.el
  evil-collection-20260715.218/modes/flymake/
  evil-collection-20260715.218/modes/flymake/README.org
  evil-collection-20260715.218/modes/flymake/evil-collection-flymake.el
  evil-collection-20260715.218/modes/forge/
  evil-collection-20260715.218/modes/forge/README.org
  evil-collection-20260715.218/modes/forge/evil-collection-forge.el
  evil-collection-20260715.218/modes/free-keys/
  evil-collection-20260715.218/modes/free-keys/evil-collection-free-keys.el
  evil-collection-20260715.218/modes/fzfa/
  evil-collection-20260715.218/modes/fzfa/README.org
  evil-collection-20260715.218/modes/fzfa/evil-collection-fzfa.el
  evil-collection-20260715.218/modes/geiser/
  evil-collection-20260715.218/modes/geiser/README.org
  evil-collection-20260715.218/modes/geiser/evil-collection-geiser.el
  evil-collection-20260715.218/modes/ggtags/
  evil-collection-20260715.218/modes/ggtags/evil-collection-ggtags.el
  evil-collection-20260715.218/modes/git-timemachine/
  evil-collection-20260715.218/modes/git-timemachine/README.org
  evil-collection-20260715.218/modes/git-timemachine/evil-collection-git-timemachine.el
  evil-collection-20260715.218/modes/gited/
  evil-collection-20260715.218/modes/gited/evil-collection-gited.el
  evil-collection-20260715.218/modes/gnus/
  evil-collection-20260715.218/modes/gnus/README.org
  evil-collection-20260715.218/modes/gnus/evil-collection-gnus.el
  evil-collection-20260715.218/modes/go-mode/
  evil-collection-20260715.218/modes/go-mode/README.org
  evil-collection-20260715.218/modes/go-mode/evil-collection-go-mode.el
  evil-collection-20260715.218/modes/gptel/
  evil-collection-20260715.218/modes/gptel/README.org
  evil-collection-20260715.218/modes/gptel/evil-collection-gptel.el
  evil-collection-20260715.218/modes/grep/
  evil-collection-20260715.218/modes/grep/README.org
  evil-collection-20260715.218/modes/grep/evil-collection-grep.el
  evil-collection-20260715.218/modes/guix/
  evil-collection-20260715.218/modes/guix/evil-collection-guix.el
  evil-collection-20260715.218/modes/hackernews/
  evil-collection-20260715.218/modes/hackernews/evil-collection-hackernews.el
  evil-collection-20260715.218/modes/helm/
  evil-collection-20260715.218/modes/helm/README.org
  evil-collection-20260715.218/modes/helm/evil-collection-helm.el
  evil-collection-20260715.218/modes/help/
  evil-collection-20260715.218/modes/help/README.org
  evil-collection-20260715.218/modes/help/evil-collection-help.el
  evil-collection-20260715.218/modes/helpful/
  evil-collection-20260715.218/modes/helpful/README.org
  evil-collection-20260715.218/modes/helpful/evil-collection-helpful.el
  evil-collection-20260715.218/modes/hg-histedit/
  evil-collection-20260715.218/modes/hg-histedit/evil-collection-hg-histedit.el
  evil-collection-20260715.218/modes/hideshow/
  evil-collection-20260715.218/modes/hideshow/README.org
  evil-collection-20260715.218/modes/hideshow/evil-collection-hideshow.el
  evil-collection-20260715.218/modes/hungry-delete/
  evil-collection-20260715.218/modes/hungry-delete/evil-collection-hungry-delete.el
  evil-collection-20260715.218/modes/hyrolo/
  evil-collection-20260715.218/modes/hyrolo/evil-collection-hyrolo.el
  evil-collection-20260715.218/modes/ibuffer/
  evil-collection-20260715.218/modes/ibuffer/README.org
  evil-collection-20260715.218/modes/ibuffer/evil-collection-ibuffer.el
  evil-collection-20260715.218/modes/ielm/
  evil-collection-20260715.218/modes/ielm/README.org
  evil-collection-20260715.218/modes/ielm/evil-collection-ielm.el
  evil-collection-20260715.218/modes/image+/
  evil-collection-20260715.218/modes/image+/evil-collection-image+.el
  evil-collection-20260715.218/modes/image-dired/
  evil-collection-20260715.218/modes/image-dired/README.org
  evil-collection-20260715.218/modes/image-dired/evil-collection-image-dired.el
  evil-collection-20260715.218/modes/image/
  evil-collection-20260715.218/modes/image/README.org
  evil-collection-20260715.218/modes/image/evil-collection-image.el
  evil-collection-20260715.218/modes/imenu-list/
  evil-collection-20260715.218/modes/imenu-list/evil-collection-imenu-list.el
  evil-collection-20260715.218/modes/imenu/
  evil-collection-20260715.218/modes/imenu/README.org
  evil-collection-20260715.218/modes/imenu/evil-collection-imenu.el
  evil-collection-20260715.218/modes/indent/
  evil-collection-20260715.218/modes/indent/README.org
  evil-collection-20260715.218/modes/indent/evil-collection-indent.el
  evil-collection-20260715.218/modes/indium/
  evil-collection-20260715.218/modes/indium/evil-collection-indium.el
  evil-collection-20260715.218/modes/info/
  evil-collection-20260715.218/modes/info/README.org
  evil-collection-20260715.218/modes/info/evil-collection-info.el
  evil-collection-20260715.218/modes/ivy/
  evil-collection-20260715.218/modes/ivy/README.org
  evil-collection-20260715.218/modes/ivy/evil-collection-ivy.el
  evil-collection-20260715.218/modes/js2-mode/
  evil-collection-20260715.218/modes/js2-mode/README.org
  evil-collection-20260715.218/modes/js2-mode/evil-collection-js2-mode.el
  evil-collection-20260715.218/modes/kmacro/
  evil-collection-20260715.218/modes/kmacro/README.org
  evil-collection-20260715.218/modes/kmacro/evil-collection-kmacro.el
  evil-collection-20260715.218/modes/kotlin-mode/
  evil-collection-20260715.218/modes/kotlin-mode/evil-collection-kotlin-mode.el
  evil-collection-20260715.218/modes/leetcode/
  evil-collection-20260715.218/modes/leetcode/evil-collection-leetcode.el
  evil-collection-20260715.218/modes/lispy/
  evil-collection-20260715.218/modes/lispy/README.org
  evil-collection-20260715.218/modes/lispy/evil-collection-lispy.el
  evil-collection-20260715.218/modes/lms/
  evil-collection-20260715.218/modes/lms/evil-collection-lms.el
  evil-collection-20260715.218/modes/log-edit/
  evil-collection-20260715.218/modes/log-edit/README.org
  evil-collection-20260715.218/modes/log-edit/evil-collection-log-edit.el
  evil-collection-20260715.218/modes/log-view/
  evil-collection-20260715.218/modes/log-view/README.org
  evil-collection-20260715.218/modes/log-view/evil-collection-log-view.el
  evil-collection-20260715.218/modes/lsp-ui-imenu/
  evil-collection-20260715.218/modes/lsp-ui-imenu/evil-collection-lsp-ui-imenu.el
  evil-collection-20260715.218/modes/lua-mode/
  evil-collection-20260715.218/modes/lua-mode/README.org
  evil-collection-20260715.218/modes/lua-mode/evil-collection-lua-mode.el
  evil-collection-20260715.218/modes/macrostep/
  evil-collection-20260715.218/modes/macrostep/README.org
  evil-collection-20260715.218/modes/macrostep/evil-collection-macrostep.el
  evil-collection-20260715.218/modes/magit-repos/
  evil-collection-20260715.218/modes/magit-repos/README.org
  evil-collection-20260715.218/modes/magit-repos/evil-collection-magit-repos.el
  evil-collection-20260715.218/modes/magit-section/
  evil-collection-20260715.218/modes/magit-section/README.org
  evil-collection-20260715.218/modes/magit-section/evil-collection-magit-section.el
  evil-collection-20260715.218/modes/magit-todos/
  evil-collection-20260715.218/modes/magit-todos/README.org
  evil-collection-20260715.218/modes/magit-todos/evil-collection-magit-todos.el
  evil-collection-20260715.218/modes/magit/
  evil-collection-20260715.218/modes/magit/README.org
  evil-collection-20260715.218/modes/magit/evil-collection-magit.el
  evil-collection-20260715.218/modes/man/
  evil-collection-20260715.218/modes/man/README.org
  evil-collection-20260715.218/modes/man/evil-collection-man.el
  evil-collection-20260715.218/modes/markdown-mode/
  evil-collection-20260715.218/modes/markdown-mode/README.org
  evil-collection-20260715.218/modes/markdown-mode/evil-collection-markdown-mode.el
  evil-collection-20260715.218/modes/message/
  evil-collection-20260715.218/modes/message/README.org
  evil-collection-20260715.218/modes/message/evil-collection-message.el
  evil-collection-20260715.218/modes/minesweeper/
  evil-collection-20260715.218/modes/minesweeper/evil-collection-minesweeper.el
  evil-collection-20260715.218/modes/minibuffer/
  evil-collection-20260715.218/modes/minibuffer/README.org
  evil-collection-20260715.218/modes/minibuffer/evil-collection-minibuffer.el
  evil-collection-20260715.218/modes/monky/
  evil-collection-20260715.218/modes/monky/evil-collection-monky.el
  evil-collection-20260715.218/modes/mpc/
  evil-collection-20260715.218/modes/mpc/README.org
  evil-collection-20260715.218/modes/mpc/evil-collection-mpc.el
  evil-collection-20260715.218/modes/mpdel/
  evil-collection-20260715.218/modes/mpdel/evil-collection-mpdel.el
  evil-collection-20260715.218/modes/mpdired/
  evil-collection-20260715.218/modes/mpdired/evil-collection-mpdired.el
  evil-collection-20260715.218/modes/mu4e-conversation/
  evil-collection-20260715.218/modes/mu4e-conversation/evil-collection-mu4e-conversation.el
  evil-collection-20260715.218/modes/mu4e/
  evil-collection-20260715.218/modes/mu4e/evil-collection-mu4e-1.8.el
  evil-collection-20260715.218/modes/mu4e/evil-collection-mu4e.el
  evil-collection-20260715.218/modes/neotree/
  evil-collection-20260715.218/modes/neotree/evil-collection-neotree.el
  evil-collection-20260715.218/modes/newsticker/
  evil-collection-20260715.218/modes/newsticker/README.org
  evil-collection-20260715.218/modes/newsticker/evil-collection-newsticker.el
  evil-collection-20260715.218/modes/notmuch/
  evil-collection-20260715.218/modes/notmuch/README.org
  evil-collection-20260715.218/modes/notmuch/evil-collection-notmuch.el
  evil-collection-20260715.218/modes/nov/
  evil-collection-20260715.218/modes/nov/evil-collection-nov.el
  evil-collection-20260715.218/modes/omnisharp/
  evil-collection-20260715.218/modes/omnisharp/evil-collection-omnisharp.el
  evil-collection-20260715.218/modes/org-agenda/
  evil-collection-20260715.218/modes/org-agenda/evil-collection-org-agenda.el
  evil-collection-20260715.218/modes/org-present/
  evil-collection-20260715.218/modes/org-present/evil-collection-org-present.el
  evil-collection-20260715.218/modes/org-roam/
  evil-collection-20260715.218/modes/org-roam/evil-collection-org-roam.el
  evil-collection-20260715.218/modes/org/
  evil-collection-20260715.218/modes/org/README.org
  evil-collection-20260715.218/modes/org/evil-collection-org.el
  evil-collection-20260715.218/modes/osx-dictionary/
  evil-collection-20260715.218/modes/osx-dictionary/evil-collection-osx-dictionary.el
  evil-collection-20260715.218/modes/outline/
  evil-collection-20260715.218/modes/outline/README.org
  evil-collection-20260715.218/modes/outline/evil-collection-outline.el
  evil-collection-20260715.218/modes/ovpn-mode/
  evil-collection-20260715.218/modes/ovpn-mode/evil-collection-ovpn-mode.el
  evil-collection-20260715.218/modes/p-search/
  evil-collection-20260715.218/modes/p-search/evil-collection-p-search.el
  evil-collection-20260715.218/modes/p4/
  evil-collection-20260715.218/modes/p4/evil-collection-p4.el
  evil-collection-20260715.218/modes/package-menu/
  evil-collection-20260715.218/modes/package-menu/README.org
  evil-collection-20260715.218/modes/package-menu/evil-collection-package-menu.el
  evil-collection-20260715.218/modes/pass/
  evil-collection-20260715.218/modes/pass/evil-collection-pass.el
  evil-collection-20260715.218/modes/pdf/
  evil-collection-20260715.218/modes/pdf/evil-collection-pdf.el
  evil-collection-20260715.218/modes/popup/
  evil-collection-20260715.218/modes/popup/README.org
  evil-collection-20260715.218/modes/popup/evil-collection-popup.el
  evil-collection-20260715.218/modes/proced/
  evil-collection-20260715.218/modes/proced/README.org
  evil-collection-20260715.218/modes/proced/evil-collection-proced.el
  evil-collection-20260715.218/modes/process-menu/
  evil-collection-20260715.218/modes/process-menu/README.org
  evil-collection-20260715.218/modes/process-menu/evil-collection-process-menu.el
  evil-collection-20260715.218/modes/prodigy/
  evil-collection-20260715.218/modes/prodigy/evil-collection-prodigy.el
  evil-collection-20260715.218/modes/profiler/
  evil-collection-20260715.218/modes/profiler/README.org
  evil-collection-20260715.218/modes/profiler/evil-collection-profiler.el
  evil-collection-20260715.218/modes/python/
  evil-collection-20260715.218/modes/python/README.org
  evil-collection-20260715.218/modes/python/evil-collection-python.el
  evil-collection-20260715.218/modes/quickrun/
  evil-collection-20260715.218/modes/quickrun/evil-collection-quickrun.el
  evil-collection-20260715.218/modes/racer/
  evil-collection-20260715.218/modes/racer/evil-collection-racer.el
  evil-collection-20260715.218/modes/racket-describe/
  evil-collection-20260715.218/modes/racket-describe/evil-collection-racket-describe.el
  evil-collection-20260715.218/modes/reader/
  evil-collection-20260715.218/modes/reader/evil-collection-reader.el
  evil-collection-20260715.218/modes/realgud/
  evil-collection-20260715.218/modes/realgud/evil-collection-realgud.el
  evil-collection-20260715.218/modes/reftex/
  evil-collection-20260715.218/modes/reftex/README.org
  evil-collection-20260715.218/modes/reftex/evil-collection-reftex.el
  evil-collection-20260715.218/modes/replace/
  evil-collection-20260715.218/modes/replace/README.org
  evil-collection-20260715.218/modes/replace/evil-collection-replace.el
  evil-collection-20260715.218/modes/restclient/
  evil-collection-20260715.218/modes/restclient/evil-collection-restclient.el
  evil-collection-20260715.218/modes/rg/
  evil-collection-20260715.218/modes/rg/README.org
  evil-collection-20260715.218/modes/rg/evil-collection-rg.el
  evil-collection-20260715.218/modes/ripgrep/
  evil-collection-20260715.218/modes/ripgrep/README.org
  evil-collection-20260715.218/modes/ripgrep/evil-collection-ripgrep.el
  evil-collection-20260715.218/modes/rjsx-mode/
  evil-collection-20260715.218/modes/rjsx-mode/evil-collection-rjsx-mode.el
  evil-collection-20260715.218/modes/robe/
  evil-collection-20260715.218/modes/robe/evil-collection-robe.el
  evil-collection-20260715.218/modes/rtags/
  evil-collection-20260715.218/modes/rtags/evil-collection-rtags.el
  evil-collection-20260715.218/modes/ruby-mode/
  evil-collection-20260715.218/modes/ruby-mode/README.org
  evil-collection-20260715.218/modes/ruby-mode/evil-collection-ruby-mode.el
  evil-collection-20260715.218/modes/scheme/
  evil-collection-20260715.218/modes/scheme/README.org
  evil-collection-20260715.218/modes/scheme/evil-collection-scheme.el
  evil-collection-20260715.218/modes/scroll-lock/
  evil-collection-20260715.218/modes/scroll-lock/README.org
  evil-collection-20260715.218/modes/scroll-lock/evil-collection-scroll-lock.el
  evil-collection-20260715.218/modes/selectrum/
  evil-collection-20260715.218/modes/selectrum/README.org
  evil-collection-20260715.218/modes/selectrum/evil-collection-selectrum.el
  evil-collection-20260715.218/modes/sh-script/
  evil-collection-20260715.218/modes/sh-script/README.org
  evil-collection-20260715.218/modes/sh-script/evil-collection-sh-script.el
  evil-collection-20260715.218/modes/shell-maker/
  evil-collection-20260715.218/modes/shell-maker/evil-collection-shell-maker.el
  evil-collection-20260715.218/modes/shortdoc/
  evil-collection-20260715.218/modes/shortdoc/README.org
  evil-collection-20260715.218/modes/shortdoc/evil-collection-shortdoc.el
  evil-collection-20260715.218/modes/simple-mpc/
  evil-collection-20260715.218/modes/simple-mpc/evil-collection-simple-mpc.el
  evil-collection-20260715.218/modes/simple/
  evil-collection-20260715.218/modes/simple/README.org
  evil-collection-20260715.218/modes/simple/evil-collection-simple.el
  evil-collection-20260715.218/modes/slime/
  evil-collection-20260715.218/modes/slime/evil-collection-slime.el
  evil-collection-20260715.218/modes/sly/
  evil-collection-20260715.218/modes/sly/evil-collection-sly.el
  evil-collection-20260715.218/modes/smerge-mode/
  evil-collection-20260715.218/modes/smerge-mode/README.org
  evil-collection-20260715.218/modes/smerge-mode/evil-collection-smerge-mode.el
  evil-collection-20260715.218/modes/snake/
  evil-collection-20260715.218/modes/snake/README.org
  evil-collection-20260715.218/modes/snake/evil-collection-snake.el
  evil-collection-20260715.218/modes/so-long/
  evil-collection-20260715.218/modes/so-long/README.org
  evil-collection-20260715.218/modes/so-long/evil-collection-so-long.el
  evil-collection-20260715.218/modes/speedbar/
  evil-collection-20260715.218/modes/speedbar/README.org
  evil-collection-20260715.218/modes/speedbar/evil-collection-speedbar.el
  evil-collection-20260715.218/modes/tab-bar/
  evil-collection-20260715.218/modes/tab-bar/README.org
  evil-collection-20260715.218/modes/tab-bar/evil-collection-tab-bar.el
  evil-collection-20260715.218/modes/tablist/
  evil-collection-20260715.218/modes/tablist/evil-collection-tablist.el
  evil-collection-20260715.218/modes/tabulated-list/
  evil-collection-20260715.218/modes/tabulated-list/README.org
  evil-collection-20260715.218/modes/tabulated-list/evil-collection-tabulated-list.el
  evil-collection-20260715.218/modes/tar-mode/
  evil-collection-20260715.218/modes/tar-mode/README.org
  evil-collection-20260715.218/modes/tar-mode/evil-collection-tar-mode.el
  evil-collection-20260715.218/modes/telega/
  evil-collection-20260715.218/modes/telega/evil-collection-telega.el
  evil-collection-20260715.218/modes/term/
  evil-collection-20260715.218/modes/term/README.org
  evil-collection-20260715.218/modes/term/evil-collection-term.el
  evil-collection-20260715.218/modes/tetris/
  evil-collection-20260715.218/modes/tetris/README.org
  evil-collection-20260715.218/modes/tetris/evil-collection-tetris.el
  evil-collection-20260715.218/modes/thread/
  evil-collection-20260715.218/modes/thread/README.org
  evil-collection-20260715.218/modes/thread/evil-collection-thread.el
  evil-collection-20260715.218/modes/tide/
  evil-collection-20260715.218/modes/tide/evil-collection-tide.el
  evil-collection-20260715.218/modes/timer-list/
  evil-collection-20260715.218/modes/timer-list/README.org
  evil-collection-20260715.218/modes/timer-list/evil-collection-timer-list.el
  evil-collection-20260715.218/modes/transmission/
  evil-collection-20260715.218/modes/transmission/evil-collection-transmission.el
  evil-collection-20260715.218/modes/trashed/
  evil-collection-20260715.218/modes/trashed/evil-collection-trashed.el
  evil-collection-20260715.218/modes/tuareg/
  evil-collection-20260715.218/modes/tuareg/README.org
  evil-collection-20260715.218/modes/tuareg/evil-collection-tuareg.el
  evil-collection-20260715.218/modes/typescript-mode/
  evil-collection-20260715.218/modes/typescript-mode/README.org
  evil-collection-20260715.218/modes/typescript-mode/evil-collection-typescript-mode.el
  evil-collection-20260715.218/modes/ultra-scroll/
  evil-collection-20260715.218/modes/ultra-scroll/evil-collection-ultra-scroll.el
  evil-collection-20260715.218/modes/unimpaired/
  evil-collection-20260715.218/modes/unimpaired/evil-collection-unimpaired.el
  evil-collection-20260715.218/modes/vc-annotate/
  evil-collection-20260715.218/modes/vc-annotate/README.org
  evil-collection-20260715.218/modes/vc-annotate/evil-collection-vc-annotate.el
  evil-collection-20260715.218/modes/vc-dir/
  evil-collection-20260715.218/modes/vc-dir/README.org
  evil-collection-20260715.218/modes/vc-dir/evil-collection-vc-dir.el
  evil-collection-20260715.218/modes/vc-git/
  evil-collection-20260715.218/modes/vc-git/README.org
  evil-collection-20260715.218/modes/vc-git/evil-collection-vc-git.el
  evil-collection-20260715.218/modes/vdiff/
  evil-collection-20260715.218/modes/vdiff/README.org
  evil-collection-20260715.218/modes/vdiff/evil-collection-vdiff.el
  evil-collection-20260715.218/modes/vertico/
  evil-collection-20260715.218/modes/vertico/README.org
  evil-collection-20260715.218/modes/vertico/evil-collection-vertico.el
  evil-collection-20260715.218/modes/view/
  evil-collection-20260715.218/modes/view/README.org
  evil-collection-20260715.218/modes/view/evil-collection-view.el
  evil-collection-20260715.218/modes/vlf/
  evil-collection-20260715.218/modes/vlf/README.org
  evil-collection-20260715.218/modes/vlf/evil-collection-vlf.el
  evil-collection-20260715.218/modes/vterm/
  evil-collection-20260715.218/modes/vterm/README.org
  evil-collection-20260715.218/modes/vterm/evil-collection-vterm.el
  evil-collection-20260715.218/modes/vundo/
  evil-collection-20260715.218/modes/vundo/README.org
  evil-collection-20260715.218/modes/vundo/evil-collection-vundo.el
  evil-collection-20260715.218/modes/w3m/
  evil-collection-20260715.218/modes/w3m/evil-collection-w3m.el
  evil-collection-20260715.218/modes/wdired/
  evil-collection-20260715.218/modes/wdired/README.org
  evil-collection-20260715.218/modes/wdired/evil-collection-wdired.el
  evil-collection-20260715.218/modes/wgrep/
  evil-collection-20260715.218/modes/wgrep/README.org
  evil-collection-20260715.218/modes/wgrep/evil-collection-wgrep.el
  evil-collection-20260715.218/modes/which-key/
  evil-collection-20260715.218/modes/which-key/README.org
  evil-collection-20260715.218/modes/which-key/evil-collection-which-key.el
  evil-collection-20260715.218/modes/with-editor/
  evil-collection-20260715.218/modes/with-editor/README.org
  evil-collection-20260715.218/modes/with-editor/evil-collection-with-editor.el
  evil-collection-20260715.218/modes/woman/
  evil-collection-20260715.218/modes/woman/README.org
  evil-collection-20260715.218/modes/woman/evil-collection-woman.el
  evil-collection-20260715.218/modes/xref/
  evil-collection-20260715.218/modes/xref/README.org
  evil-collection-20260715.218/modes/xref/evil-collection-xref.el
  evil-collection-20260715.218/modes/xwidget/
  evil-collection-20260715.218/modes/xwidget/README.org
  evil-collection-20260715.218/modes/xwidget/evil-collection-xwidget.el
  evil-collection-20260715.218/modes/yaml-mode/
  evil-collection-20260715.218/modes/yaml-mode/README.org
  evil-collection-20260715.218/modes/yaml-mode/evil-collection-yaml-mode.el
  evil-collection-20260715.218/modes/youtube-dl/
  evil-collection-20260715.218/modes/youtube-dl/evil-collection-youtube-dl.el
  evil-collection-20260715.218/modes/zmusic/
  evil-collection-20260715.218/modes/zmusic/evil-collection-zmusic.el
  evil-collection-20260715.218/modes/ztree/
  evil-collection-20260715.218/modes/ztree/evil-collection-ztree.el
Built evil-collection in 7.172s, finished at 2026-07-15T13:45:06+0000
