
 • Building package evil
From https://github.com/emacs-evil/evil
Updating /mnt/store/melpa/working/evil/
Checking out 3b678a221ee99cc6a95b01d7a3129ce5efc4c3da
Copying files (->) and directories (=>)
  from /mnt/store/melpa/working/evil/
  to /tmp/evil-JmCeIW/evil-20260603.654/
    evil-command-window.el -> evil-command-window.el
    evil-commands.el -> evil-commands.el
    evil-common.el -> evil-common.el
    evil-core.el -> evil-core.el
    evil-development.el -> evil-development.el
    evil-digraphs.el -> evil-digraphs.el
    evil-ex.el -> evil-ex.el
    evil-integration.el -> evil-integration.el
    evil-jumps.el -> evil-jumps.el
    evil-keybindings.el -> evil-keybindings.el
    evil-macros.el -> evil-macros.el
    evil-maps.el -> evil-maps.el
    evil-repeat.el -> evil-repeat.el
    evil-search.el -> evil-search.el
    evil-states.el -> evil-states.el
    evil-types.el -> evil-types.el
    evil-vars.el -> evil-vars.el
    evil.el -> evil.el
  ! doc/build/texinfo/evil.texi -> evil.texi
Generating evil.info
Created evil-20260603.654.tar containing:
  evil-20260603.654/
  evil-20260603.654/dir
  evil-20260603.654/evil-command-window.el
  evil-20260603.654/evil-commands.el
  evil-20260603.654/evil-common.el
  evil-20260603.654/evil-core.el
  evil-20260603.654/evil-development.el
  evil-20260603.654/evil-digraphs.el
  evil-20260603.654/evil-ex.el
  evil-20260603.654/evil-integration.el
  evil-20260603.654/evil-jumps.el
  evil-20260603.654/evil-keybindings.el
  evil-20260603.654/evil-macros.el
  evil-20260603.654/evil-maps.el
  evil-20260603.654/evil-pkg.el
  evil-20260603.654/evil-repeat.el
  evil-20260603.654/evil-search.el
  evil-20260603.654/evil-states.el
  evil-20260603.654/evil-types.el
  evil-20260603.654/evil-vars.el
  evil-20260603.654/evil.el
  evil-20260603.654/evil.info
Built evil in 6.960s, finished at 2026-07-15T13:45:00+0000
