
 • Building package evil-matchit
From https://github.com/redguardtoo/evil-matchit
Updating /mnt/store/melpa/working/evil-matchit/
Checking out 751e74ce2e29c3f32b30e6a1012a33fe81ba0700
Copying files (->) and directories (=>)
  from /mnt/store/melpa/working/evil-matchit/
  to /tmp/evil-matchit-3DvfiL/evil-matchit-20260409.936/
    evil-matchit-c.el -> evil-matchit-c.el
    evil-matchit-cmake.el -> evil-matchit-cmake.el
    evil-matchit-diff.el -> evil-matchit-diff.el
    evil-matchit-elixir.el -> evil-matchit-elixir.el
    evil-matchit-evil-setup.el -> evil-matchit-evil-setup.el
    evil-matchit-fortran.el -> evil-matchit-fortran.el
    evil-matchit-html.el -> evil-matchit-html.el
    evil-matchit-indent.el -> evil-matchit-indent.el
    evil-matchit-javascript.el -> evil-matchit-javascript.el
    evil-matchit-julia.el -> evil-matchit-julia.el
    evil-matchit-latex.el -> evil-matchit-latex.el
    evil-matchit-markdown.el -> evil-matchit-markdown.el
    evil-matchit-ocaml.el -> evil-matchit-ocaml.el
    evil-matchit-octave.el -> evil-matchit-octave.el
    evil-matchit-org.el -> evil-matchit-org.el
    evil-matchit-prog.el -> evil-matchit-prog.el
    evil-matchit-python.el -> evil-matchit-python.el
    evil-matchit-ruby.el -> evil-matchit-ruby.el
    evil-matchit-script.el -> evil-matchit-script.el
    evil-matchit-sdk.el -> evil-matchit-sdk.el
    evil-matchit-sh.el -> evil-matchit-sh.el
    evil-matchit-simple.el -> evil-matchit-simple.el
    evil-matchit-sql.el -> evil-matchit-sql.el
    evil-matchit-template.el -> evil-matchit-template.el
    evil-matchit-terminal.el -> evil-matchit-terminal.el
    evil-matchit-verilog.el -> evil-matchit-verilog.el
    evil-matchit-yaml.el -> evil-matchit-yaml.el
    evil-matchit.el -> evil-matchit.el
Created evil-matchit-20260409.936.tar containing:
  evil-matchit-20260409.936/
  evil-matchit-20260409.936/evil-matchit-c.el
  evil-matchit-20260409.936/evil-matchit-cmake.el
  evil-matchit-20260409.936/evil-matchit-diff.el
  evil-matchit-20260409.936/evil-matchit-elixir.el
  evil-matchit-20260409.936/evil-matchit-evil-setup.el
  evil-matchit-20260409.936/evil-matchit-fortran.el
  evil-matchit-20260409.936/evil-matchit-html.el
  evil-matchit-20260409.936/evil-matchit-indent.el
  evil-matchit-20260409.936/evil-matchit-javascript.el
  evil-matchit-20260409.936/evil-matchit-julia.el
  evil-matchit-20260409.936/evil-matchit-latex.el
  evil-matchit-20260409.936/evil-matchit-markdown.el
  evil-matchit-20260409.936/evil-matchit-ocaml.el
  evil-matchit-20260409.936/evil-matchit-octave.el
  evil-matchit-20260409.936/evil-matchit-org.el
  evil-matchit-20260409.936/evil-matchit-pkg.el
  evil-matchit-20260409.936/evil-matchit-prog.el
  evil-matchit-20260409.936/evil-matchit-python.el
  evil-matchit-20260409.936/evil-matchit-ruby.el
  evil-matchit-20260409.936/evil-matchit-script.el
  evil-matchit-20260409.936/evil-matchit-sdk.el
  evil-matchit-20260409.936/evil-matchit-sh.el
  evil-matchit-20260409.936/evil-matchit-simple.el
  evil-matchit-20260409.936/evil-matchit-sql.el
  evil-matchit-20260409.936/evil-matchit-template.el
  evil-matchit-20260409.936/evil-matchit-terminal.el
  evil-matchit-20260409.936/evil-matchit-verilog.el
  evil-matchit-20260409.936/evil-matchit-yaml.el
  evil-matchit-20260409.936/evil-matchit.el
Built evil-matchit in 4.071s, finished at 2026-07-15T13:45:24+0000
