
 • Building package fedi
From https://codeberg.org/martianh/fedi.el
Updating /mnt/store/melpa/working/fedi/
Checking out 91f28ee199a499b8d6e1b9c7a0f1c15f8a382198
Copying files (->) and directories (=>)
  from /mnt/store/melpa/working/fedi/
  to /tmp/fedi-kUtBMU/fedi-20260509.801/
    fedi-auth.el -> fedi-auth.el
    fedi-http.el -> fedi-http.el
    fedi-iso.el -> fedi-iso.el
    fedi-post.el -> fedi-post.el
    fedi.el -> fedi.el
Created fedi-20260509.801.tar containing:
  fedi-20260509.801/
  fedi-20260509.801/fedi-auth.el
  fedi-20260509.801/fedi-http.el
  fedi-20260509.801/fedi-iso.el
  fedi-20260509.801/fedi-pkg.el
  fedi-20260509.801/fedi-post.el
  fedi-20260509.801/fedi.el
Built fedi in 4.141s, finished at 2026-07-15T13:46:44+0000
