
 • Building package fennel-mode
From https://git.sr.ht/~technomancy/fennel-mode
Updating /mnt/store/melpa/working/fennel-mode/
Checking out bbc28a629405de628880d8fb485fce23ff7fab69
Copying files (->) and directories (=>)
  from /mnt/store/melpa/working/fennel-mode/
  to /tmp/fennel-mode-D3qZHA/fennel-mode-20260704.2353/
    antifennel.el -> antifennel.el
    fennel-ls-flymake.el -> fennel-ls-flymake.el
    fennel-mode.el -> fennel-mode.el
    fennel-proto-repl.el -> fennel-proto-repl.el
    fennel-scratch.el -> fennel-scratch.el
    ob-fennel.el -> ob-fennel.el
Created fennel-mode-20260704.2353.tar containing:
  fennel-mode-20260704.2353/
  fennel-mode-20260704.2353/antifennel.el
  fennel-mode-20260704.2353/fennel-ls-flymake.el
  fennel-mode-20260704.2353/fennel-mode-pkg.el
  fennel-mode-20260704.2353/fennel-mode.el
  fennel-mode-20260704.2353/fennel-proto-repl.el
  fennel-mode-20260704.2353/fennel-scratch.el
  fennel-mode-20260704.2353/ob-fennel.el
Built fennel-mode in 3.968s, finished at 2026-07-15T13:46:48+0000
