
 • Building package firstly-search
From https://github.com/Anoncheg1/firstly-search
Updating /mnt/store/melpa/working/firstly-search/
Checking out a6d8140295783b94cc6e5eef25ac8913a2b9b9f2
Copying files (->) and directories (=>)
  from /mnt/store/melpa/working/firstly-search/
  to /tmp/firstly-search-risDLh/firstly-search-20260323.745/
    firstly-search-bookmarks.el -> firstly-search-bookmarks.el
    firstly-search-buffermenu.el -> firstly-search-buffermenu.el
    firstly-search-dired.el -> firstly-search-dired.el
    firstly-search-package.el -> firstly-search-package.el
    firstly-search-tabulated-list.el -> firstly-search-tabulated-list.el
    firstly-search.el -> firstly-search.el
Created firstly-search-20260323.745.tar containing:
  firstly-search-20260323.745/
  firstly-search-20260323.745/firstly-search-bookmarks.el
  firstly-search-20260323.745/firstly-search-buffermenu.el
  firstly-search-20260323.745/firstly-search-dired.el
  firstly-search-20260323.745/firstly-search-package.el
  firstly-search-20260323.745/firstly-search-pkg.el
  firstly-search-20260323.745/firstly-search-tabulated-list.el
  firstly-search-20260323.745/firstly-search.el
Built firstly-search in 2.895s, finished at 2026-07-15T13:47:09+0000
