
 • Building package flash
From https://github.com/Prgebish/flash
Updating /mnt/store/melpa/working/flash/
Checking out db3bfa84866f143a0665d1b5a48c3b30dc7b528f
Copying files (->) and directories (=>)
  from /mnt/store/melpa/working/flash/
  to /tmp/flash-7dOBWc/flash-20260711.805/
    flash-action.el -> flash-action.el
    flash-char.el -> flash-char.el
    flash-evil.el -> flash-evil.el
    flash-highlight.el -> flash-highlight.el
    flash-isearch.el -> flash-isearch.el
    flash-jump.el -> flash-jump.el
    flash-label.el -> flash-label.el
    flash-search.el -> flash-search.el
    flash-state.el -> flash-state.el
    flash-treesitter.el -> flash-treesitter.el
    flash.el -> flash.el
Created flash-20260711.805.tar containing:
  flash-20260711.805/
  flash-20260711.805/flash-action.el
  flash-20260711.805/flash-char.el
  flash-20260711.805/flash-evil.el
  flash-20260711.805/flash-highlight.el
  flash-20260711.805/flash-isearch.el
  flash-20260711.805/flash-jump.el
  flash-20260711.805/flash-label.el
  flash-20260711.805/flash-pkg.el
  flash-20260711.805/flash-search.el
  flash-20260711.805/flash-state.el
  flash-20260711.805/flash-treesitter.el
  flash-20260711.805/flash.el
Built flash in 3.896s, finished at 2026-07-15T13:47:17+0000
