
 • Building package flex-compile
From https://github.com/plandes/flex-compile
Updating /mnt/store/melpa/working/flex-compile/
Checking out 2d9d805ad6d1db8d7eeedf67460e4e13c9b06528
Copying files (->) and directories (=>)
  from /mnt/store/melpa/working/flex-compile/
  to /tmp/flex-compile-yfXUXN/flex-compile-20260615.2248/
    flex-compile-base.el -> flex-compile-base.el
    flex-compile-choice-program.el -> flex-compile-choice-program.el
    flex-compile-cli.el -> flex-compile-cli.el
    flex-compile-clojure.el -> flex-compile-clojure.el
    flex-compile-comint.el -> flex-compile-comint.el
    flex-compile-command.el -> flex-compile-command.el
    flex-compile-config.el -> flex-compile-config.el
    flex-compile-ess.el -> flex-compile-ess.el
    flex-compile-lisp.el -> flex-compile-lisp.el
    flex-compile-make.el -> flex-compile-make.el
    flex-compile-manage.el -> flex-compile-manage.el
    flex-compile-org-export.el -> flex-compile-org-export.el
    flex-compile-python.el -> flex-compile-python.el
    flex-compile-repl.el -> flex-compile-repl.el
    flex-compile-script.el -> flex-compile-script.el
    flex-compile-single-buffer.el -> flex-compile-single-buffer.el
    flex-compile-xml-validate.el -> flex-compile-xml-validate.el
    flex-compile.el -> flex-compile.el
    flex-compiler.el -> flex-compiler.el
Created flex-compile-20260615.2248.tar containing:
  flex-compile-20260615.2248/
  flex-compile-20260615.2248/flex-compile-base.el
  flex-compile-20260615.2248/flex-compile-choice-program.el
  flex-compile-20260615.2248/flex-compile-cli.el
  flex-compile-20260615.2248/flex-compile-clojure.el
  flex-compile-20260615.2248/flex-compile-comint.el
  flex-compile-20260615.2248/flex-compile-command.el
  flex-compile-20260615.2248/flex-compile-config.el
  flex-compile-20260615.2248/flex-compile-ess.el
  flex-compile-20260615.2248/flex-compile-lisp.el
  flex-compile-20260615.2248/flex-compile-make.el
  flex-compile-20260615.2248/flex-compile-manage.el
  flex-compile-20260615.2248/flex-compile-org-export.el
  flex-compile-20260615.2248/flex-compile-pkg.el
  flex-compile-20260615.2248/flex-compile-python.el
  flex-compile-20260615.2248/flex-compile-repl.el
  flex-compile-20260615.2248/flex-compile-script.el
  flex-compile-20260615.2248/flex-compile-single-buffer.el
  flex-compile-20260615.2248/flex-compile-xml-validate.el
  flex-compile-20260615.2248/flex-compile.el
  flex-compile-20260615.2248/flex-compiler.el
Built flex-compile in 3.661s, finished at 2026-07-15T13:47:26+0000
