
 • Building package for
From https://github.com/usaoc/elisp-for
Updating /mnt/store/melpa/working/for/
Checking out 2e18cf627ecf4c390e295a73d61ab1eba7d076f4
Copying files (->) and directories (=>)
  from /mnt/store/melpa/working/for/
  to /tmp/for-rbboMa/for-20260417.457/
    for-helper.el -> for-helper.el
    for-iteration.el -> for-iteration.el
    for-sequence.el -> for-sequence.el
    for.el -> for.el
    for.texi -> for.texi
Generating for.info
Created for-20260417.457.tar containing:
  for-20260417.457/
  for-20260417.457/dir
  for-20260417.457/for-helper.el
  for-20260417.457/for-iteration.el
  for-20260417.457/for-pkg.el
  for-20260417.457/for-sequence.el
  for-20260417.457/for.el
  for-20260417.457/for.info
Built for in 5.644s, finished at 2026-07-15T13:50:36+0000
