
 • Building package forge
From https://github.com/magit/forge
Updating /mnt/store/melpa/working/forge/
Checking out 9628f76740aec9270e9fb31457ff4cb38d9f3f16
Copying files (->) and directories (=>)
  from /mnt/store/melpa/working/forge/
  to /tmp/forge-ALoE61/forge-20260701.1425/
  ! lisp/forge-bitbucket.el -> forge-bitbucket.el
  ! lisp/forge-client.el -> forge-client.el
  ! lisp/forge-commands.el -> forge-commands.el
  ! lisp/forge-core.el -> forge-core.el
  ! lisp/forge-db.el -> forge-db.el
  ! lisp/forge-discussion.el -> forge-discussion.el
  ! lisp/forge-forgejo.el -> forge-forgejo.el
  ! lisp/forge-gitea.el -> forge-gitea.el
  ! lisp/forge-github.el -> forge-github.el
  ! lisp/forge-gitlab.el -> forge-gitlab.el
  ! lisp/forge-gogs.el -> forge-gogs.el
  ! lisp/forge-issue.el -> forge-issue.el
  ! lisp/forge-notify.el -> forge-notify.el
  ! lisp/forge-post.el -> forge-post.el
  ! lisp/forge-pullreq.el -> forge-pullreq.el
  ! lisp/forge-repo.el -> forge-repo.el
  ! lisp/forge-repos.el -> forge-repos.el
  ! lisp/forge-revnote.el -> forge-revnote.el
  ! lisp/forge-semi.el -> forge-semi.el
  ! lisp/forge-tablist.el -> forge-tablist.el
  ! lisp/forge-topic.el -> forge-topic.el
  ! lisp/forge-topics.el -> forge-topics.el
  ! lisp/forge.el -> forge.el
  ! docs/forge.texi -> forge.texi
    .dir-locals.el -> .dir-locals.el
Generating forge.info
Created forge-20260701.1425.tar containing:
  forge-20260701.1425/
  forge-20260701.1425/.dir-locals.el
  forge-20260701.1425/dir
  forge-20260701.1425/forge-bitbucket.el
  forge-20260701.1425/forge-client.el
  forge-20260701.1425/forge-commands.el
  forge-20260701.1425/forge-core.el
  forge-20260701.1425/forge-db.el
  forge-20260701.1425/forge-discussion.el
  forge-20260701.1425/forge-forgejo.el
  forge-20260701.1425/forge-gitea.el
  forge-20260701.1425/forge-github.el
  forge-20260701.1425/forge-gitlab.el
  forge-20260701.1425/forge-gogs.el
  forge-20260701.1425/forge-issue.el
  forge-20260701.1425/forge-notify.el
  forge-20260701.1425/forge-pkg.el
  forge-20260701.1425/forge-post.el
  forge-20260701.1425/forge-pullreq.el
  forge-20260701.1425/forge-repo.el
  forge-20260701.1425/forge-repos.el
  forge-20260701.1425/forge-revnote.el
  forge-20260701.1425/forge-semi.el
  forge-20260701.1425/forge-tablist.el
  forge-20260701.1425/forge-topic.el
  forge-20260701.1425/forge-topics.el
  forge-20260701.1425/forge.el
  forge-20260701.1425/forge.info
Built forge in 6.462s, finished at 2026-07-15T13:50:39+0000
