
 • Building package forth-mode
From https://github.com/larsbrinkhoff/forth-mode
Updating /mnt/store/melpa/working/forth-mode/
Checking out 4450a3a5629b579f5d2045d0d8aec84193e9a31f
Copying files (->) and directories (=>)
  from /mnt/store/melpa/working/forth-mode/
  to /tmp/forth-mode-S0Mq8M/forth-mode-20260315.803/
    forth-block-mode.el -> forth-block-mode.el
    forth-interaction-mode.el -> forth-interaction-mode.el
    forth-mode.el -> forth-mode.el
    forth-parse.el -> forth-parse.el
    forth-smie.el -> forth-smie.el
    forth-spec.el -> forth-spec.el
    forth-syntax.el -> forth-syntax.el
    forth-mode.texi -> forth-mode.texi
    backend => backend
Generating forth-mode.info
Created forth-mode-20260315.803.tar containing:
  forth-mode-20260315.803/
  forth-mode-20260315.803/backend/
  forth-mode-20260315.803/backend/gforth.el
  forth-mode-20260315.803/backend/lbforth.el
  forth-mode-20260315.803/backend/pforth.el
  forth-mode-20260315.803/backend/spforth.el
  forth-mode-20260315.803/backend/swiftforth.el
  forth-mode-20260315.803/backend/swiftforth.fth
  forth-mode-20260315.803/backend/vfxforth.el
  forth-mode-20260315.803/dir
  forth-mode-20260315.803/forth-block-mode.el
  forth-mode-20260315.803/forth-interaction-mode.el
  forth-mode-20260315.803/forth-mode-pkg.el
  forth-mode-20260315.803/forth-mode.el
  forth-mode-20260315.803/forth-mode.info
  forth-mode-20260315.803/forth-parse.el
  forth-mode-20260315.803/forth-smie.el
  forth-mode-20260315.803/forth-spec.el
  forth-mode-20260315.803/forth-syntax.el
Built forth-mode in 4.476s, finished at 2026-07-15T13:50:43+0000
