
 • Building package fsharp-ts-mode
From https://github.com/bbatsov/fsharp-ts-mode
Updating /mnt/store/melpa/working/fsharp-ts-mode/
Checking out a7a4f0612456e992c5e3420b3296ed2c1d3c472c
Copying files (->) and directories (=>)
  from /mnt/store/melpa/working/fsharp-ts-mode/
  to /tmp/fsharp-ts-mode-5VY5pR/fsharp-ts-mode-20260624.924/
    fsharp-ts-dotnet.el -> fsharp-ts-dotnet.el
    fsharp-ts-eglot.el -> fsharp-ts-eglot.el
    fsharp-ts-info.el -> fsharp-ts-info.el
    fsharp-ts-lens.el -> fsharp-ts-lens.el
    fsharp-ts-mode.el -> fsharp-ts-mode.el
    fsharp-ts-repl.el -> fsharp-ts-repl.el
Created fsharp-ts-mode-20260624.924.tar containing:
  fsharp-ts-mode-20260624.924/
  fsharp-ts-mode-20260624.924/fsharp-ts-dotnet.el
  fsharp-ts-mode-20260624.924/fsharp-ts-eglot.el
  fsharp-ts-mode-20260624.924/fsharp-ts-info.el
  fsharp-ts-mode-20260624.924/fsharp-ts-lens.el
  fsharp-ts-mode-20260624.924/fsharp-ts-mode-pkg.el
  fsharp-ts-mode-20260624.924/fsharp-ts-mode.el
  fsharp-ts-mode-20260624.924/fsharp-ts-repl.el
Built fsharp-ts-mode in 4.476s, finished at 2026-07-15T13:51:02+0000
