
 • Building package fxrd-mode
From https://github.com/msherry/fxrd-mode
Updating /mnt/store/melpa/working/fxrd-mode/
Checking out 7f755e1ff4a6451bc97fcefef8e96f563311fb1a
Copying files (->) and directories (=>)
  from /mnt/store/melpa/working/fxrd-mode/
  to /tmp/fxrd-mode-vZPjE5/fxrd-mode-20250705.116/
    fxrd-mode.el -> fxrd-mode.el
    fxrd-validators.el -> fxrd-validators.el
  ! fxrd-modes/cbnot-mode.el -> cbnot-mode.el
  ! fxrd-modes/nacha-mode.el -> nacha-mode.el
  ! fxrd-modes/rm37-mode.el -> rm37-mode.el
  ! fxrd-modes/sample-mode.el -> sample-mode.el
  ! fxrd-modes/tso6-mode.el -> tso6-mode.el
Created fxrd-mode-20250705.116.tar containing:
  fxrd-mode-20250705.116/
  fxrd-mode-20250705.116/cbnot-mode.el
  fxrd-mode-20250705.116/fxrd-mode-pkg.el
  fxrd-mode-20250705.116/fxrd-mode.el
  fxrd-mode-20250705.116/fxrd-validators.el
  fxrd-mode-20250705.116/nacha-mode.el
  fxrd-mode-20250705.116/rm37-mode.el
  fxrd-mode-20250705.116/sample-mode.el
  fxrd-mode-20250705.116/tso6-mode.el
Built fxrd-mode in 2.968s, finished at 2026-07-15T13:51:14+0000
