
 • Building package geiser-guile
From https://codeberg.org/geiser/guile
Updating /mnt/store/melpa/working/geiser-guile/
Checking out cbab81bd2dcb4c787bcda4ae18062db3087e6887
Copying files (->) and directories (=>)
  from /mnt/store/melpa/working/geiser-guile/
  to /tmp/geiser-guile-QTeQLg/geiser-guile-20260516.19/
    geiser-guile.el -> geiser-guile.el
    src/geiser => src/geiser
Created geiser-guile-20260516.19.tar containing:
  geiser-guile-20260516.19/
  geiser-guile-20260516.19/geiser-guile-pkg.el
  geiser-guile-20260516.19/geiser-guile.el
  geiser-guile-20260516.19/src/
  geiser-guile-20260516.19/src/geiser/
  geiser-guile-20260516.19/src/geiser/completion.scm
  geiser-guile-20260516.19/src/geiser/doc.scm
  geiser-guile-20260516.19/src/geiser/emacs.scm
  geiser-guile-20260516.19/src/geiser/evaluation.scm
  geiser-guile-20260516.19/src/geiser/modules.scm
  geiser-guile-20260516.19/src/geiser/utils.scm
  geiser-guile-20260516.19/src/geiser/xref.scm
Built geiser-guile in 3.694s, finished at 2026-07-15T13:51:30+0000
