
 • Building package geiser
From https://codeberg.org/geiser/geiser
Updating /mnt/store/melpa/working/geiser/
Checking out 84c25e9683a18d00387b6c16b0cee66269536c3c
Copying files (->) and directories (=>)
  from /mnt/store/melpa/working/geiser/
  to /tmp/geiser-ehgqCs/geiser-20260523.1502/
  ! elisp/geiser-autodoc.el -> geiser-autodoc.el
  ! elisp/geiser-base.el -> geiser-base.el
  ! elisp/geiser-capf.el -> geiser-capf.el
  ! elisp/geiser-compile.el -> geiser-compile.el
  ! elisp/geiser-completion.el -> geiser-completion.el
  ! elisp/geiser-connection.el -> geiser-connection.el
  ! elisp/geiser-custom.el -> geiser-custom.el
  ! elisp/geiser-debug.el -> geiser-debug.el
  ! elisp/geiser-doc.el -> geiser-doc.el
  ! elisp/geiser-edit.el -> geiser-edit.el
  ! elisp/geiser-eval.el -> geiser-eval.el
  ! elisp/geiser-image.el -> geiser-image.el
  ! elisp/geiser-impl.el -> geiser-impl.el
  ! elisp/geiser-log.el -> geiser-log.el
  ! elisp/geiser-menu.el -> geiser-menu.el
  ! elisp/geiser-mode.el -> geiser-mode.el
  ! elisp/geiser-popup.el -> geiser-popup.el
  ! elisp/geiser-reload.el -> geiser-reload.el
  ! elisp/geiser-repl.el -> geiser-repl.el
  ! elisp/geiser-syntax.el -> geiser-syntax.el
  ! elisp/geiser-table.el -> geiser-table.el
  ! elisp/geiser-xref.el -> geiser-xref.el
  ! elisp/geiser.el -> geiser.el
  ! doc/dir -> dir
  ! doc/geiser.texi -> geiser.texi
Generating geiser.info
Created geiser-20260523.1502.tar containing:
  geiser-20260523.1502/
  geiser-20260523.1502/dir
  geiser-20260523.1502/geiser-autodoc.el
  geiser-20260523.1502/geiser-base.el
  geiser-20260523.1502/geiser-capf.el
  geiser-20260523.1502/geiser-compile.el
  geiser-20260523.1502/geiser-completion.el
  geiser-20260523.1502/geiser-connection.el
  geiser-20260523.1502/geiser-custom.el
  geiser-20260523.1502/geiser-debug.el
  geiser-20260523.1502/geiser-doc.el
  geiser-20260523.1502/geiser-edit.el
  geiser-20260523.1502/geiser-eval.el
  geiser-20260523.1502/geiser-image.el
  geiser-20260523.1502/geiser-impl.el
  geiser-20260523.1502/geiser-log.el
  geiser-20260523.1502/geiser-menu.el
  geiser-20260523.1502/geiser-mode.el
  geiser-20260523.1502/geiser-pkg.el
  geiser-20260523.1502/geiser-popup.el
  geiser-20260523.1502/geiser-reload.el
  geiser-20260523.1502/geiser-repl.el
  geiser-20260523.1502/geiser-syntax.el
  geiser-20260523.1502/geiser-table.el
  geiser-20260523.1502/geiser-xref.el
  geiser-20260523.1502/geiser.el
  geiser-20260523.1502/geiser.info
Built geiser in 6.054s, finished at 2026-07-15T13:51:29+0000
