
 • Building package gh
From https://github.com/sigma/gh.el
Updating /mnt/store/melpa/working/gh/
Checking out b1551245d3404eac6394abaebe1a9e0b2c504235
Copying files (->) and directories (=>)
  from /mnt/store/melpa/working/gh/
  to /tmp/gh-roFwOH/gh-20260210.1535/
    gh-api.el -> gh-api.el
    gh-auth.el -> gh-auth.el
    gh-cache.el -> gh-cache.el
    gh-comments.el -> gh-comments.el
    gh-common.el -> gh-common.el
    gh-gist.el -> gh-gist.el
    gh-issue-comments.el -> gh-issue-comments.el
    gh-issues.el -> gh-issues.el
    gh-oauth.el -> gh-oauth.el
    gh-orgs.el -> gh-orgs.el
    gh-profile.el -> gh-profile.el
    gh-pull-comments.el -> gh-pull-comments.el
    gh-pulls.el -> gh-pulls.el
    gh-repos.el -> gh-repos.el
    gh-search.el -> gh-search.el
    gh-url.el -> gh-url.el
    gh-users.el -> gh-users.el
    gh.el -> gh.el
Created gh-20260210.1535.tar containing:
  gh-20260210.1535/
  gh-20260210.1535/gh-api.el
  gh-20260210.1535/gh-auth.el
  gh-20260210.1535/gh-cache.el
  gh-20260210.1535/gh-comments.el
  gh-20260210.1535/gh-common.el
  gh-20260210.1535/gh-gist.el
  gh-20260210.1535/gh-issue-comments.el
  gh-20260210.1535/gh-issues.el
  gh-20260210.1535/gh-oauth.el
  gh-20260210.1535/gh-orgs.el
  gh-20260210.1535/gh-pkg.el
  gh-20260210.1535/gh-profile.el
  gh-20260210.1535/gh-pull-comments.el
  gh-20260210.1535/gh-pulls.el
  gh-20260210.1535/gh-repos.el
  gh-20260210.1535/gh-search.el
  gh-20260210.1535/gh-url.el
  gh-20260210.1535/gh-users.el
  gh-20260210.1535/gh.el
Built gh in 3.010s, finished at 2026-07-15T13:51:44+0000
