
 • Building package ghub
From https://github.com/magit/ghub
Updating /mnt/store/melpa/working/ghub/
Checking out 59d0b9b33e780d6cff5131886904ff26033dd2e6
Copying files (->) and directories (=>)
  from /mnt/store/melpa/working/ghub/
  to /tmp/ghub-9XrdwB/ghub-20260701.1318/
  ! lisp/ghub-graphql.el -> ghub-graphql.el
  ! lisp/ghub-legacy.el -> ghub-legacy.el
  ! lisp/ghub.el -> ghub.el
  ! lisp/gsexp.el -> gsexp.el
  ! docs/ghub.texi -> ghub.texi
    .dir-locals.el -> .dir-locals.el
Generating ghub.info
Created ghub-20260701.1318.tar containing:
  ghub-20260701.1318/
  ghub-20260701.1318/.dir-locals.el
  ghub-20260701.1318/dir
  ghub-20260701.1318/ghub-graphql.el
  ghub-20260701.1318/ghub-legacy.el
  ghub-20260701.1318/ghub-pkg.el
  ghub-20260701.1318/ghub.el
  ghub-20260701.1318/ghub.info
  ghub-20260701.1318/gsexp.el
Built ghub in 5.911s, finished at 2026-07-15T13:51:53+0000
