
 • Building package git-overleaf
From https://github.com/Jamie-Cui/git-overleaf.el
Updating /mnt/store/melpa/working/git-overleaf/
Checking out 2559016e1fac95889ba04a0ac9c59c85a267d176
Copying files (->) and directories (=>)
  from /mnt/store/melpa/working/git-overleaf/
  to /tmp/git-overleaf-vxD15k/git-overleaf-20260713.844/
    git-overleaf-auth.el -> git-overleaf-auth.el
    git-overleaf-core.el -> git-overleaf-core.el
    git-overleaf-firefox.el -> git-overleaf-firefox.el
    git-overleaf-http.el -> git-overleaf-http.el
    git-overleaf-log.el -> git-overleaf-log.el
    git-overleaf-magit.el -> git-overleaf-magit.el
    git-overleaf-sync.el -> git-overleaf-sync.el
    git-overleaf.el -> git-overleaf.el
Created git-overleaf-20260713.844.tar containing:
  git-overleaf-20260713.844/
  git-overleaf-20260713.844/git-overleaf-auth.el
  git-overleaf-20260713.844/git-overleaf-core.el
  git-overleaf-20260713.844/git-overleaf-firefox.el
  git-overleaf-20260713.844/git-overleaf-http.el
  git-overleaf-20260713.844/git-overleaf-log.el
  git-overleaf-20260713.844/git-overleaf-magit.el
  git-overleaf-20260713.844/git-overleaf-pkg.el
  git-overleaf-20260713.844/git-overleaf-sync.el
  git-overleaf-20260713.844/git-overleaf.el
Built git-overleaf in 3.008s, finished at 2026-07-15T13:52:12+0000
