
 • Building package gitstatus
From https://github.com/igorepst/gitstatus-el
Updating /mnt/store/melpa/working/gitstatus/
Checking out c3e30341d0add9728010e566b9eb031c76414b47
Copying files (->) and directories (=>)
  from /mnt/store/melpa/working/gitstatus/
  to /tmp/gitstatus-SwGvUc/gitstatus-20221113.1951/
    gitstatus-eshell.el -> gitstatus-eshell.el
    gitstatus.el -> gitstatus.el
    gitstatusd.el -> gitstatusd.el
    gitstatus.info -> gitstatus.info
Created gitstatus-20221113.1951.tar containing:
  gitstatus-20221113.1951/
  gitstatus-20221113.1951/dir
  gitstatus-20221113.1951/gitstatus-eshell.el
  gitstatus-20221113.1951/gitstatus-pkg.el
  gitstatus-20221113.1951/gitstatus.el
  gitstatus-20221113.1951/gitstatus.info
  gitstatus-20221113.1951/gitstatusd.el
Built gitstatus in 3.494s, finished at 2026-07-15T13:52:32+0000
