
 • Building package gnosis
From https://git.thanosapollo.org/gnosis
Updating /mnt/store/melpa/working/gnosis/
Checking out f68bfc5500c38c1edb59ea6eed70b7a765d368f0
Copying files (->) and directories (=>)
  from /mnt/store/melpa/working/gnosis/
  to /tmp/gnosis-lqExho/gnosis-20260707.108/
  ! lisp/gnosis-algorithm.el -> gnosis-algorithm.el
  ! lisp/gnosis-anki.el -> gnosis-anki.el
  ! lisp/gnosis-cloze.el -> gnosis-cloze.el
  ! lisp/gnosis-custom-values.el -> gnosis-custom-values.el
  ! lisp/gnosis-dashboard.el -> gnosis-dashboard.el
  ! lisp/gnosis-db.el -> gnosis-db.el
  ! lisp/gnosis-export-import.el -> gnosis-export-import.el
  ! lisp/gnosis-journal.el -> gnosis-journal.el
  ! lisp/gnosis-links.el -> gnosis-links.el
  ! lisp/gnosis-monkeytype.el -> gnosis-monkeytype.el
  ! lisp/gnosis-nodes.el -> gnosis-nodes.el
  ! lisp/gnosis-org.el -> gnosis-org.el
  ! lisp/gnosis-review.el -> gnosis-review.el
  ! lisp/gnosis-sqlite.el -> gnosis-sqlite.el
  ! lisp/gnosis-tags.el -> gnosis-tags.el
  ! lisp/gnosis-tl.el -> gnosis-tl.el
  ! lisp/gnosis-utils.el -> gnosis-utils.el
  ! lisp/gnosis-vc.el -> gnosis-vc.el
  ! lisp/gnosis.el -> gnosis.el
Created gnosis-20260707.108.tar containing:
  gnosis-20260707.108/
  gnosis-20260707.108/gnosis-algorithm.el
  gnosis-20260707.108/gnosis-anki.el
  gnosis-20260707.108/gnosis-cloze.el
  gnosis-20260707.108/gnosis-custom-values.el
  gnosis-20260707.108/gnosis-dashboard.el
  gnosis-20260707.108/gnosis-db.el
  gnosis-20260707.108/gnosis-export-import.el
  gnosis-20260707.108/gnosis-journal.el
  gnosis-20260707.108/gnosis-links.el
  gnosis-20260707.108/gnosis-monkeytype.el
  gnosis-20260707.108/gnosis-nodes.el
  gnosis-20260707.108/gnosis-org.el
  gnosis-20260707.108/gnosis-pkg.el
  gnosis-20260707.108/gnosis-review.el
  gnosis-20260707.108/gnosis-sqlite.el
  gnosis-20260707.108/gnosis-tags.el
  gnosis-20260707.108/gnosis-tl.el
  gnosis-20260707.108/gnosis-utils.el
  gnosis-20260707.108/gnosis-vc.el
  gnosis-20260707.108/gnosis.el
Built gnosis in 5.592s, finished at 2026-07-15T13:52:46+0000
