
 • Building package gnuplot
From https://github.com/emacs-gnuplot/gnuplot
Updating /mnt/store/melpa/working/gnuplot/
Checking out 81e3cb30297f0d12df41b865d2a76c8ba179089c
Copying files (->) and directories (=>)
  from /mnt/store/melpa/working/gnuplot/
  to /tmp/gnuplot-zED5Ei/gnuplot-20260623.1111/
    gnuplot.el -> gnuplot.el
    gnuplot-gui.el -> gnuplot-gui.el
    gnuplot-context.el -> gnuplot-context.el
    gnuplot-eldoc.el -> gnuplot-eldoc.el
    gnuplot.texi -> gnuplot.texi
Generating gnuplot.info
Created gnuplot-20260623.1111.tar containing:
  gnuplot-20260623.1111/
  gnuplot-20260623.1111/dir
  gnuplot-20260623.1111/gnuplot-context.el
  gnuplot-20260623.1111/gnuplot-eldoc.el
  gnuplot-20260623.1111/gnuplot-gui.el
  gnuplot-20260623.1111/gnuplot-pkg.el
  gnuplot-20260623.1111/gnuplot.el
  gnuplot-20260623.1111/gnuplot.info
Built gnuplot in 16.350s, finished at 2026-07-15T13:52:59+0000
