
 • Building package google-contacts
From https://github.com/jd/google-contacts.el
Updating /mnt/store/melpa/working/google-contacts/
Checking out 8923c238fe0906184d2254b33ba72792ed12cd47
Copying files (->) and directories (=>)
  from /mnt/store/melpa/working/google-contacts/
  to /tmp/google-contacts-sfYDT3/google-contacts-20201012.1056/
    google-contacts-gnus.el -> google-contacts-gnus.el
    google-contacts-message.el -> google-contacts-message.el
    google-contacts.el -> google-contacts.el
    google-oauth.el -> google-oauth.el
    google-org-contacts.el -> google-org-contacts.el
Created google-contacts-20201012.1056.tar containing:
  google-contacts-20201012.1056/
  google-contacts-20201012.1056/google-contacts-gnus.el
  google-contacts-20201012.1056/google-contacts-message.el
  google-contacts-20201012.1056/google-contacts-pkg.el
  google-contacts-20201012.1056/google-contacts.el
  google-contacts-20201012.1056/google-oauth.el
  google-contacts-20201012.1056/google-org-contacts.el
Built google-contacts in 3.412s, finished at 2026-07-15T13:53:26+0000
