
 • Building package gpr-ts-mode
From https://github.com/brownts/gpr-ts-mode
Updating /mnt/store/melpa/working/gpr-ts-mode/
Checking out cd10a0963b4cf64966bb2e9413d787d83f5494d5
Copying files (->) and directories (=>)
  from /mnt/store/melpa/working/gpr-ts-mode/
  to /tmp/gpr-ts-mode-ZukL3n/gpr-ts-mode-20260403.2016/
    gpr-ts-align.el -> gpr-ts-align.el
    gpr-ts-case.el -> gpr-ts-case.el
    gpr-ts-common.el -> gpr-ts-common.el
    gpr-ts-completion.el -> gpr-ts-completion.el
    gpr-ts-imenu.el -> gpr-ts-imenu.el
    gpr-ts-indent.el -> gpr-ts-indent.el
    gpr-ts-lspclient-eglot.el -> gpr-ts-lspclient-eglot.el
    gpr-ts-lspclient-lsp-mode.el -> gpr-ts-lspclient-lsp-mode.el
    gpr-ts-lspclient.el -> gpr-ts-lspclient.el
    gpr-ts-mode.el -> gpr-ts-mode.el
    gpr-ts-paren.el -> gpr-ts-paren.el
  ! doc/gpr-ts-mode.texi -> gpr-ts-mode.texi
Generating gpr-ts-mode.info
Created gpr-ts-mode-20260403.2016.tar containing:
  gpr-ts-mode-20260403.2016/
  gpr-ts-mode-20260403.2016/dir
  gpr-ts-mode-20260403.2016/gpr-ts-align.el
  gpr-ts-mode-20260403.2016/gpr-ts-case.el
  gpr-ts-mode-20260403.2016/gpr-ts-common.el
  gpr-ts-mode-20260403.2016/gpr-ts-completion.el
  gpr-ts-mode-20260403.2016/gpr-ts-imenu.el
  gpr-ts-mode-20260403.2016/gpr-ts-indent.el
  gpr-ts-mode-20260403.2016/gpr-ts-lspclient-eglot.el
  gpr-ts-mode-20260403.2016/gpr-ts-lspclient-lsp-mode.el
  gpr-ts-mode-20260403.2016/gpr-ts-lspclient.el
  gpr-ts-mode-20260403.2016/gpr-ts-mode-pkg.el
  gpr-ts-mode-20260403.2016/gpr-ts-mode.el
  gpr-ts-mode-20260403.2016/gpr-ts-mode.info
  gpr-ts-mode-20260403.2016/gpr-ts-paren.el
Built gpr-ts-mode in 6.081s, finished at 2026-07-15T13:53:40+0000
