
 • Building package greader
From https://gitlab.com/michelangelo-rodriguez/greader
Updating /mnt/store/melpa/working/greader/
Checking out 5c304ad008d8688e4eccd9947ba5e410399bf021
Copying files (->) and directories (=>)
  from /mnt/store/melpa/working/greader/
  to /tmp/greader-94JgUY/greader-20260627.1651/
    greader-audiobook.el -> greader-audiobook.el
    greader-dict.el -> greader-dict.el
    greader-espeak.el -> greader-espeak.el
    greader-mac.el -> greader-mac.el
    greader-piper.el -> greader-piper.el
    greader-speechd.el -> greader-speechd.el
    greader-translate.el -> greader-translate.el
    greader.el -> greader.el
    greader.texi -> greader.texi
Generating greader.info
Created greader-20260627.1651.tar containing:
  greader-20260627.1651/
  greader-20260627.1651/dir
  greader-20260627.1651/greader-audiobook.el
  greader-20260627.1651/greader-dict.el
  greader-20260627.1651/greader-espeak.el
  greader-20260627.1651/greader-mac.el
  greader-20260627.1651/greader-piper.el
  greader-20260627.1651/greader-pkg.el
  greader-20260627.1651/greader-speechd.el
  greader-20260627.1651/greader-translate.el
  greader-20260627.1651/greader.el
  greader-20260627.1651/greader.info
Built greader in 6.961s, finished at 2026-07-15T13:54:02+0000
