
 • Building package greger
From https://github.com/andreasjansson/greger.el
Updating /mnt/store/melpa/working/greger/
Checking out b9591c30193cc764b23f1741fbb43159f85e945b
Copying files (->) and directories (=>)
  from /mnt/store/melpa/working/greger/
  to /tmp/greger-BzVhSL/greger-20250704.1635/
    greger-client.el -> greger-client.el
    greger-parser.el -> greger-parser.el
    greger-stdlib.el -> greger-stdlib.el
    greger-tools.el -> greger-tools.el
    greger-ui.el -> greger-ui.el
    greger-web.el -> greger-web.el
    greger.el -> greger.el
Created greger-20250704.1635.tar containing:
  greger-20250704.1635/
  greger-20250704.1635/greger-client.el
  greger-20250704.1635/greger-parser.el
  greger-20250704.1635/greger-pkg.el
  greger-20250704.1635/greger-stdlib.el
  greger-20250704.1635/greger-tools.el
  greger-20250704.1635/greger-ui.el
  greger-20250704.1635/greger-web.el
  greger-20250704.1635/greger.el
Built greger in 4.342s, finished at 2026-07-15T13:54:02+0000
