
 • Building package guava-themes
From https://github.com/bormoge/guava-themes
Updating /mnt/store/melpa/working/guava-themes/
Checking out 49339c87d895d0726280811b325bb631f08aec69
Copying files (->) and directories (=>)
  from /mnt/store/melpa/working/guava-themes/
  to /tmp/guava-themes-odneWM/guava-themes-20260701.2352/
    guava-themes.el -> guava-themes.el
  ! themes/guava-themes-acer-theme.el -> guava-themes-acer-theme.el
  ! themes/guava-themes-ceiba-theme.el -> guava-themes-ceiba-theme.el
  ! themes/guava-themes-citrus-theme.el -> guava-themes-citrus-theme.el
  ! themes/guava-themes-cordyline-theme.el -> guava-themes-cordyline-theme.el
  ! themes/guava-themes-dracaena-theme.el -> guava-themes-dracaena-theme.el
  ! themes/guava-themes-eucalyptus-theme.el -> guava-themes-eucalyptus-theme.el
  ! themes/guava-themes-jacaranda-theme.el -> guava-themes-jacaranda-theme.el
  ! themes/guava-themes-malus-theme.el -> guava-themes-malus-theme.el
  ! themes/guava-themes-petunia-theme.el -> guava-themes-petunia-theme.el
  ! themes/guava-themes-prunus-theme.el -> guava-themes-prunus-theme.el
  ! themes/guava-themes-psidium-theme.el -> guava-themes-psidium-theme.el
  ! themes/guava-themes-pyrus-theme.el -> guava-themes-pyrus-theme.el
  ! themes/guava-themes-rhododendron-theme.el -> guava-themes-rhododendron-theme.el
  ! themes/guava-themes-rubus-theme.el -> guava-themes-rubus-theme.el
  ! themes/guava-themes-solanum-theme.el -> guava-themes-solanum-theme.el
  ! themes/guava-themes-vaccinium-theme.el -> guava-themes-vaccinium-theme.el
Created guava-themes-20260701.2352.tar containing:
  guava-themes-20260701.2352/
  guava-themes-20260701.2352/guava-themes-acer-theme.el
  guava-themes-20260701.2352/guava-themes-ceiba-theme.el
  guava-themes-20260701.2352/guava-themes-citrus-theme.el
  guava-themes-20260701.2352/guava-themes-cordyline-theme.el
  guava-themes-20260701.2352/guava-themes-dracaena-theme.el
  guava-themes-20260701.2352/guava-themes-eucalyptus-theme.el
  guava-themes-20260701.2352/guava-themes-jacaranda-theme.el
  guava-themes-20260701.2352/guava-themes-malus-theme.el
  guava-themes-20260701.2352/guava-themes-petunia-theme.el
  guava-themes-20260701.2352/guava-themes-pkg.el
  guava-themes-20260701.2352/guava-themes-prunus-theme.el
  guava-themes-20260701.2352/guava-themes-psidium-theme.el
  guava-themes-20260701.2352/guava-themes-pyrus-theme.el
  guava-themes-20260701.2352/guava-themes-rhododendron-theme.el
  guava-themes-20260701.2352/guava-themes-rubus-theme.el
  guava-themes-20260701.2352/guava-themes-solanum-theme.el
  guava-themes-20260701.2352/guava-themes-vaccinium-theme.el
  guava-themes-20260701.2352/guava-themes.el
Built guava-themes in 4.227s, finished at 2026-07-15T13:54:18+0000
