
 • Building package guess-language
From https://github.com/tmalsburg/guess-language.el
Updating /mnt/store/melpa/working/guess-language/
Checking out f7f74d50b11e090d7543daa0dfbf273820c006c7
Copying files (->) and directories (=>)
  from /mnt/store/melpa/working/guess-language/
  to /tmp/guess-language-jQQXMl/guess-language-20260625.628/
    guess-language.el -> guess-language.el
  ! trigrams/README.org -> README.org
  ! trigrams/af -> af
  ! trigrams/ar -> ar
  ! trigrams/az -> az
  ! trigrams/bg -> bg
  ! trigrams/ca -> ca
  ! trigrams/ceb -> ceb
  ! trigrams/cs -> cs
  ! trigrams/cy -> cy
  ! trigrams/da -> da
  ! trigrams/de -> de
  ! trigrams/en -> en
  ! trigrams/eo -> eo
  ! trigrams/es -> es
  ! trigrams/et -> et
  ! trigrams/eu -> eu
  ! trigrams/fa -> fa
  ! trigrams/fi -> fi
  ! trigrams/fr -> fr
  ! trigrams/ha -> ha
  ! trigrams/haw -> haw
  ! trigrams/hi -> hi
  ! trigrams/hr -> hr
  ! trigrams/hu -> hu
  ! trigrams/id -> id
  ! trigrams/is -> is
  ! trigrams/it -> it
  ! trigrams/kk -> kk
  ! trigrams/ky -> ky
  ! trigrams/la -> la
  ! trigrams/lt -> lt
  ! trigrams/lv -> lv
  ! trigrams/mk -> mk
  ! trigrams/mn -> mn
  ! trigrams/nb -> nb
  ! trigrams/ne -> ne
  ! trigrams/nl -> nl
  ! trigrams/nr -> nr
  ! trigrams/nso -> nso
  ! trigrams/pl -> pl
  ! trigrams/ps -> ps
  ! trigrams/pt -> pt
  ! trigrams/pt_BR -> pt_BR
  ! trigrams/pt_PT -> pt_PT
  ! trigrams/ro -> ro
  ! trigrams/ru -> ru
  ! trigrams/sk -> sk
  ! trigrams/sl -> sl
  ! trigrams/so -> so
  ! trigrams/sq -> sq
  ! trigrams/sr -> sr
  ! trigrams/sr_LAT -> sr_LAT
  ! trigrams/ss -> ss
  ! trigrams/st -> st
  ! trigrams/sv -> sv
  ! trigrams/sw -> sw
  ! trigrams/tl -> tl
  ! trigrams/tlh -> tlh
  ! trigrams/tn -> tn
  ! trigrams/tr -> tr
  ! trigrams/ts -> ts
  ! trigrams/uk -> uk
  ! trigrams/ur -> ur
  ! trigrams/uz -> uz
  ! trigrams/ve -> ve
  ! trigrams/vi -> vi
  ! trigrams/xh -> xh
  ! trigrams/zu -> zu
Created guess-language-20260625.628.tar containing:
  guess-language-20260625.628/
  guess-language-20260625.628/README.org
  guess-language-20260625.628/af
  guess-language-20260625.628/ar
  guess-language-20260625.628/az
  guess-language-20260625.628/bg
  guess-language-20260625.628/ca
  guess-language-20260625.628/ceb
  guess-language-20260625.628/cs
  guess-language-20260625.628/cy
  guess-language-20260625.628/da
  guess-language-20260625.628/de
  guess-language-20260625.628/en
  guess-language-20260625.628/eo
  guess-language-20260625.628/es
  guess-language-20260625.628/et
  guess-language-20260625.628/eu
  guess-language-20260625.628/fa
  guess-language-20260625.628/fi
  guess-language-20260625.628/fr
  guess-language-20260625.628/guess-language-pkg.el
  guess-language-20260625.628/guess-language.el
  guess-language-20260625.628/ha
  guess-language-20260625.628/haw
  guess-language-20260625.628/hi
  guess-language-20260625.628/hr
  guess-language-20260625.628/hu
  guess-language-20260625.628/id
  guess-language-20260625.628/is
  guess-language-20260625.628/it
  guess-language-20260625.628/kk
  guess-language-20260625.628/ky
  guess-language-20260625.628/la
  guess-language-20260625.628/lt
  guess-language-20260625.628/lv
  guess-language-20260625.628/mk
  guess-language-20260625.628/mn
  guess-language-20260625.628/nb
  guess-language-20260625.628/ne
  guess-language-20260625.628/nl
  guess-language-20260625.628/nr
  guess-language-20260625.628/nso
  guess-language-20260625.628/pl
  guess-language-20260625.628/ps
  guess-language-20260625.628/pt
  guess-language-20260625.628/pt_BR
  guess-language-20260625.628/pt_PT
  guess-language-20260625.628/ro
  guess-language-20260625.628/ru
  guess-language-20260625.628/sk
  guess-language-20260625.628/sl
  guess-language-20260625.628/so
  guess-language-20260625.628/sq
  guess-language-20260625.628/sr
  guess-language-20260625.628/sr_LAT
  guess-language-20260625.628/ss
  guess-language-20260625.628/st
  guess-language-20260625.628/sv
  guess-language-20260625.628/sw
  guess-language-20260625.628/tl
  guess-language-20260625.628/tlh
  guess-language-20260625.628/tn
  guess-language-20260625.628/tr
  guess-language-20260625.628/ts
  guess-language-20260625.628/uk
  guess-language-20260625.628/ur
  guess-language-20260625.628/uz
  guess-language-20260625.628/ve
  guess-language-20260625.628/vi
  guess-language-20260625.628/xh
  guess-language-20260625.628/zu
Built guess-language in 3.339s, finished at 2026-07-15T13:54:18+0000
