
 • Building package gumshoe
From https://github.com/Overdr0ne/gumshoe
Updating /mnt/store/melpa/working/gumshoe/
Checking out da71e889b5e890fecbacaeba0a4977c4657b4351
Copying files (->) and directories (=>)
  from /mnt/store/melpa/working/gumshoe/
  to /tmp/gumshoe-WUXGNv/gumshoe-20260217.252/
    elpa.el -> elpa.el
    gumshoe-backtracker.el -> gumshoe-backtracker.el
    gumshoe-context.el -> gumshoe-context.el
    gumshoe-etree.el -> gumshoe-etree.el
    gumshoe-footprints.el -> gumshoe-footprints.el
    gumshoe-lib.el -> gumshoe-lib.el
    gumshoe-peruse.el -> gumshoe-peruse.el
    gumshoe-ring.el -> gumshoe-ring.el
    gumshoe-tree.el -> gumshoe-tree.el
    gumshoe.el -> gumshoe.el
    test-package-install.el -> test-package-install.el
Created gumshoe-20260217.252.tar containing:
  gumshoe-20260217.252/
  gumshoe-20260217.252/elpa.el
  gumshoe-20260217.252/gumshoe-backtracker.el
  gumshoe-20260217.252/gumshoe-context.el
  gumshoe-20260217.252/gumshoe-etree.el
  gumshoe-20260217.252/gumshoe-footprints.el
  gumshoe-20260217.252/gumshoe-lib.el
  gumshoe-20260217.252/gumshoe-peruse.el
  gumshoe-20260217.252/gumshoe-pkg.el
  gumshoe-20260217.252/gumshoe-ring.el
  gumshoe-20260217.252/gumshoe-tree.el
  gumshoe-20260217.252/gumshoe.el
  gumshoe-20260217.252/test-package-install.el
Built gumshoe in 3.552s, finished at 2026-07-15T13:54:20+0000
