
 • Building package helix
From https://github.com/mgmarlow/helix-mode
Updating /mnt/store/melpa/working/helix/
Checking out eca52f517583a599a0a2589cdaa04f00cfc86184
Copying files (->) and directories (=>)
  from /mnt/store/melpa/working/helix/
  to /tmp/helix-gotWbg/helix-20260629.1530/
    helix-avy.el -> helix-avy.el
    helix-core.el -> helix-core.el
    helix-jj.el -> helix-jj.el
    helix-multiple-cursors.el -> helix-multiple-cursors.el
    helix-treesit.el -> helix-treesit.el
    helix.el -> helix.el
Created helix-20260629.1530.tar containing:
  helix-20260629.1530/
  helix-20260629.1530/helix-avy.el
  helix-20260629.1530/helix-core.el
  helix-20260629.1530/helix-jj.el
  helix-20260629.1530/helix-multiple-cursors.el
  helix-20260629.1530/helix-pkg.el
  helix-20260629.1530/helix-treesit.el
  helix-20260629.1530/helix.el
Built helix in 5.222s, finished at 2026-07-15T13:55:17+0000
