
 • Building package helm-w32-launcher
From https://github.com/Fanael/helm-w32-launcher
Updating /mnt/store/melpa/working/helm-w32-launcher/
Checking out 3e59ad62b89dd21d334af0203d445a83eb25dc5b
Copying files (->) and directories (=>)
  from /mnt/store/melpa/working/helm-w32-launcher/
  to /tmp/helm-w32-launcher-ngHO9b/helm-w32-launcher-20141223.2014/
    helm-w32-launcher.el -> helm-w32-launcher.el
    helper-src => helper-src
    license.txt -> license.txt
Created helm-w32-launcher-20141223.2014.tar containing:
  helm-w32-launcher-20141223.2014/
  helm-w32-launcher-20141223.2014/helm-w32-launcher-pkg.el
  helm-w32-launcher-20141223.2014/helm-w32-launcher.el
  helm-w32-launcher-20141223.2014/helper-src/
  helm-w32-launcher-20141223.2014/helper-src/ICommand.cs
  helm-w32-launcher-20141223.2014/helper-src/ItemLister.cs
  helm-w32-launcher-20141223.2014/helper-src/LispPrinter.cs
  helm-w32-launcher-20141223.2014/helper-src/NativeMethods.cs
  helm-w32-launcher-20141223.2014/helper-src/ProcessStarter.cs
  helm-w32-launcher-20141223.2014/helper-src/Program.cs
  helm-w32-launcher-20141223.2014/license.txt
Built helm-w32-launcher in 2.950s, finished at 2026-07-15T13:57:18+0000
