
 • Building package helm-system-packages
From https://github.com/emacs-helm/helm-system-packages
Updating /mnt/store/melpa/working/helm-system-packages/
Checking out ca29a21bb9177ebdb3f0d81a22b80d747d916335
Copying files (->) and directories (=>)
  from /mnt/store/melpa/working/helm-system-packages/
  to /tmp/helm-system-packages-Tspctz/helm-system-packages-20260411.501/
    helm-system-packages-brew.el -> helm-system-packages-brew.el
    helm-system-packages-dnf.el -> helm-system-packages-dnf.el
    helm-system-packages-dpkg.el -> helm-system-packages-dpkg.el
    helm-system-packages-guix.el -> helm-system-packages-guix.el
    helm-system-packages-pacman.el -> helm-system-packages-pacman.el
    helm-system-packages-portage.el -> helm-system-packages-portage.el
    helm-system-packages-xbps.el -> helm-system-packages-xbps.el
    helm-system-packages.el -> helm-system-packages.el
Created helm-system-packages-20260411.501.tar containing:
  helm-system-packages-20260411.501/
  helm-system-packages-20260411.501/helm-system-packages-brew.el
  helm-system-packages-20260411.501/helm-system-packages-dnf.el
  helm-system-packages-20260411.501/helm-system-packages-dpkg.el
  helm-system-packages-20260411.501/helm-system-packages-guix.el
  helm-system-packages-20260411.501/helm-system-packages-pacman.el
  helm-system-packages-20260411.501/helm-system-packages-pkg.el
  helm-system-packages-20260411.501/helm-system-packages-portage.el
  helm-system-packages-20260411.501/helm-system-packages-xbps.el
  helm-system-packages-20260411.501/helm-system-packages.el
Built helm-system-packages in 2.993s, finished at 2026-07-15T13:57:14+0000
