
 • Building package himalaya
From https://github.com/dantecatalfamo/himalaya-emacs
Updating /mnt/store/melpa/working/himalaya/
Checking out e308694ef60b211bad2a70c46a1566ef0b985f2e
Copying files (->) and directories (=>)
  from /mnt/store/melpa/working/himalaya/
  to /tmp/himalaya-1Rujy5/himalaya-20260219.1107/
    himalaya-account.el -> himalaya-account.el
    himalaya-attachment.el -> himalaya-attachment.el
    himalaya-envelope-mark.el -> himalaya-envelope-mark.el
    himalaya-envelope.el -> himalaya-envelope.el
    himalaya-flag.el -> himalaya-flag.el
    himalaya-folder.el -> himalaya-folder.el
    himalaya-message.el -> himalaya-message.el
    himalaya-process.el -> himalaya-process.el
    himalaya-template.el -> himalaya-template.el
    himalaya.el -> himalaya.el
Created himalaya-20260219.1107.tar containing:
  himalaya-20260219.1107/
  himalaya-20260219.1107/himalaya-account.el
  himalaya-20260219.1107/himalaya-attachment.el
  himalaya-20260219.1107/himalaya-envelope-mark.el
  himalaya-20260219.1107/himalaya-envelope.el
  himalaya-20260219.1107/himalaya-flag.el
  himalaya-20260219.1107/himalaya-folder.el
  himalaya-20260219.1107/himalaya-message.el
  himalaya-20260219.1107/himalaya-pkg.el
  himalaya-20260219.1107/himalaya-process.el
  himalaya-20260219.1107/himalaya-template.el
  himalaya-20260219.1107/himalaya.el
Built himalaya in 3.612s, finished at 2026-07-15T13:57:52+0000
