
 • Building package hl-indent-scope
From https://codeberg.org/ideasman42/emacs-hl-indent-scope
Updating /mnt/store/melpa/working/hl-indent-scope/
Checking out 538ddc0295727b11e20a9615a18d0f280bc0212a
Copying files (->) and directories (=>)
  from /mnt/store/melpa/working/hl-indent-scope/
  to /tmp/hl-indent-scope-FMmLPV/hl-indent-scope-20260502.926/
    hl-indent-scope-preset-c++-mode.el -> hl-indent-scope-preset-c++-mode.el
    hl-indent-scope-preset-c-mode.el -> hl-indent-scope-preset-c-mode.el
    hl-indent-scope-preset-cmake-mode.el -> hl-indent-scope-preset-cmake-mode.el
    hl-indent-scope-preset-glsl-mode.el -> hl-indent-scope-preset-glsl-mode.el
    hl-indent-scope-preset-python-mode.el -> hl-indent-scope-preset-python-mode.el
    hl-indent-scope.el -> hl-indent-scope.el
Created hl-indent-scope-20260502.926.tar containing:
  hl-indent-scope-20260502.926/
  hl-indent-scope-20260502.926/hl-indent-scope-pkg.el
  hl-indent-scope-20260502.926/hl-indent-scope-preset-c++-mode.el
  hl-indent-scope-20260502.926/hl-indent-scope-preset-c-mode.el
  hl-indent-scope-20260502.926/hl-indent-scope-preset-cmake-mode.el
  hl-indent-scope-20260502.926/hl-indent-scope-preset-glsl-mode.el
  hl-indent-scope-20260502.926/hl-indent-scope-preset-python-mode.el
  hl-indent-scope-20260502.926/hl-indent-scope.el
Built hl-indent-scope in 4.119s, finished at 2026-07-15T13:58:02+0000
