
 • Building package hl-prog-extra
From https://codeberg.org/ideasman42/emacs-hl-prog-extra
Updating /mnt/store/melpa/working/hl-prog-extra/
Checking out 2eac9eb5a428b23f87cfa1373f5f8fd634a72e48
Copying files (->) and directories (=>)
  from /mnt/store/melpa/working/hl-prog-extra/
  to /tmp/hl-prog-extra-TT77zy/hl-prog-extra-20260502.900/
    hl-prog-extra-preset-c++-mode.el -> hl-prog-extra-preset-c++-mode.el
    hl-prog-extra-preset-c-mode.el -> hl-prog-extra-preset-c-mode.el
    hl-prog-extra-preset-glsl-mode.el -> hl-prog-extra-preset-glsl-mode.el
    hl-prog-extra-preset-lua-mode.el -> hl-prog-extra-preset-lua-mode.el
    hl-prog-extra-preset-python-mode.el -> hl-prog-extra-preset-python-mode.el
    hl-prog-extra.el -> hl-prog-extra.el
Created hl-prog-extra-20260502.900.tar containing:
  hl-prog-extra-20260502.900/
  hl-prog-extra-20260502.900/hl-prog-extra-pkg.el
  hl-prog-extra-20260502.900/hl-prog-extra-preset-c++-mode.el
  hl-prog-extra-20260502.900/hl-prog-extra-preset-c-mode.el
  hl-prog-extra-20260502.900/hl-prog-extra-preset-glsl-mode.el
  hl-prog-extra-20260502.900/hl-prog-extra-preset-lua-mode.el
  hl-prog-extra-20260502.900/hl-prog-extra-preset-python-mode.el
  hl-prog-extra-20260502.900/hl-prog-extra.el
Built hl-prog-extra in 4.334s, finished at 2026-07-15T13:58:03+0000
