
 • Building package hutch
From https://github.com/adjaecent/magit-hutch
Updating /mnt/store/melpa/working/hutch/
Checking out ee06a06093c66f2c4c5873434aba44b62e11bf76
Copying files (->) and directories (=>)
  from /mnt/store/melpa/working/hutch/
  to /tmp/hutch-KU8TkG/hutch-20260630.1048/
    hutch-agent.el -> hutch-agent.el
    hutch-apply.el -> hutch-apply.el
    hutch-cache.el -> hutch-cache.el
    hutch-eval.el -> hutch-eval.el
    hutch-findings.el -> hutch-findings.el
    hutch-gates.el -> hutch-gates.el
    hutch-git.el -> hutch-git.el
    hutch-instrument.el -> hutch-instrument.el
    hutch-prompts.el -> hutch-prompts.el
    hutch-tools.el -> hutch-tools.el
    hutch-treesit.el -> hutch-treesit.el
    hutch-ui.el -> hutch-ui.el
    hutch-utils.el -> hutch-utils.el
    hutch.el -> hutch.el
Created hutch-20260630.1048.tar containing:
  hutch-20260630.1048/
  hutch-20260630.1048/hutch-agent.el
  hutch-20260630.1048/hutch-apply.el
  hutch-20260630.1048/hutch-cache.el
  hutch-20260630.1048/hutch-eval.el
  hutch-20260630.1048/hutch-findings.el
  hutch-20260630.1048/hutch-gates.el
  hutch-20260630.1048/hutch-git.el
  hutch-20260630.1048/hutch-instrument.el
  hutch-20260630.1048/hutch-pkg.el
  hutch-20260630.1048/hutch-prompts.el
  hutch-20260630.1048/hutch-tools.el
  hutch-20260630.1048/hutch-treesit.el
  hutch-20260630.1048/hutch-ui.el
  hutch-20260630.1048/hutch-utils.el
  hutch-20260630.1048/hutch.el
Built hutch in 3.534s, finished at 2026-07-15T13:58:34+0000
