
 • Building package hy-mode
From https://github.com/hylang/hy-mode
Updating /mnt/store/melpa/working/hy-mode/
Checking out df814865a1faa8414dacdbb35b2a9029995312ec
Copying files (->) and directories (=>)
  from /mnt/store/melpa/working/hy-mode/
  to /tmp/hy-mode-3TXfMO/hy-mode-20211016.2011/
    hy-base.el -> hy-base.el
    hy-font-lock.el -> hy-font-lock.el
    hy-jedhy.el -> hy-jedhy.el
    hy-mode.el -> hy-mode.el
    hy-shell.el -> hy-shell.el
Created hy-mode-20211016.2011.tar containing:
  hy-mode-20211016.2011/
  hy-mode-20211016.2011/hy-base.el
  hy-mode-20211016.2011/hy-font-lock.el
  hy-mode-20211016.2011/hy-jedhy.el
  hy-mode-20211016.2011/hy-mode-pkg.el
  hy-mode-20211016.2011/hy-mode.el
  hy-mode-20211016.2011/hy-shell.el
Built hy-mode in 3.498s, finished at 2026-07-15T13:58:35+0000
