
 • Building package hyperdrive
From https://git.sr.ht/~ushin/hyperdrive.el
Updating /mnt/store/melpa/working/hyperdrive/
Checking out cb4974672b4271004ddd5eea1962216752b730ab
Copying files (->) and directories (=>)
  from /mnt/store/melpa/working/hyperdrive/
  to /tmp/hyperdrive-uunlGd/hyperdrive-20251120.1454/
    hyperdrive-describe.el -> hyperdrive-describe.el
    hyperdrive-diff.el -> hyperdrive-diff.el
    hyperdrive-dir.el -> hyperdrive-dir.el
    hyperdrive-download-monitor.el -> hyperdrive-download-monitor.el
    hyperdrive-ewoc.el -> hyperdrive-ewoc.el
    hyperdrive-history.el -> hyperdrive-history.el
    hyperdrive-lib.el -> hyperdrive-lib.el
    hyperdrive-menu.el -> hyperdrive-menu.el
    hyperdrive-mirror.el -> hyperdrive-mirror.el
    hyperdrive-org.el -> hyperdrive-org.el
    hyperdrive-peer-graph.el -> hyperdrive-peer-graph.el
    hyperdrive-sbb-view.el -> hyperdrive-sbb-view.el
    hyperdrive-sbb.el -> hyperdrive-sbb.el
    hyperdrive-vars.el -> hyperdrive-vars.el
    hyperdrive.el -> hyperdrive.el
  ! doc/hyperdrive.texi -> hyperdrive.texi
Generating hyperdrive.info
Created hyperdrive-20251120.1454.tar containing:
  hyperdrive-20251120.1454/
  hyperdrive-20251120.1454/dir
  hyperdrive-20251120.1454/hyperdrive-describe.el
  hyperdrive-20251120.1454/hyperdrive-diff.el
  hyperdrive-20251120.1454/hyperdrive-dir.el
  hyperdrive-20251120.1454/hyperdrive-download-monitor.el
  hyperdrive-20251120.1454/hyperdrive-ewoc.el
  hyperdrive-20251120.1454/hyperdrive-history.el
  hyperdrive-20251120.1454/hyperdrive-lib.el
  hyperdrive-20251120.1454/hyperdrive-menu.el
  hyperdrive-20251120.1454/hyperdrive-mirror.el
  hyperdrive-20251120.1454/hyperdrive-org.el
  hyperdrive-20251120.1454/hyperdrive-peer-graph.el
  hyperdrive-20251120.1454/hyperdrive-pkg.el
  hyperdrive-20251120.1454/hyperdrive-sbb-view.el
  hyperdrive-20251120.1454/hyperdrive-sbb.el
  hyperdrive-20251120.1454/hyperdrive-vars.el
  hyperdrive-20251120.1454/hyperdrive.el
  hyperdrive-20251120.1454/hyperdrive.info
Built hyperdrive in 8.641s, finished at 2026-07-15T13:58:44+0000
