
 • Building package hyperstitional-themes
From https://github.com/precompute/hyperstitional-themes
Updating /mnt/store/melpa/working/hyperstitional-themes/
Checking out 18b5ee327f6e7e3d82fe3a274c351137e6e0cecd
Copying files (->) and directories (=>)
  from /mnt/store/melpa/working/hyperstitional-themes/
  to /tmp/hyperstitional-themes-X5MW13/hyperstitional-themes-20260701.1314/
    hyperstitional-themes-digitalsear-inverted-theme.el -> hyperstitional-themes-digitalsear-inverted-theme.el
    hyperstitional-themes-digitalsear-theme.el -> hyperstitional-themes-digitalsear-theme.el
    hyperstitional-themes-rebug-alternate-flipped-theme.el -> hyperstitional-themes-rebug-alternate-flipped-theme.el
    hyperstitional-themes-rebug-alternate-theme.el -> hyperstitional-themes-rebug-alternate-theme.el
    hyperstitional-themes-rebug-flipped-theme.el -> hyperstitional-themes-rebug-flipped-theme.el
    hyperstitional-themes-rebug-lawn-lush-theme.el -> hyperstitional-themes-rebug-lawn-lush-theme.el
    hyperstitional-themes-rebug-lawn-sere-theme.el -> hyperstitional-themes-rebug-lawn-sere-theme.el
    hyperstitional-themes-rebug-theme.el -> hyperstitional-themes-rebug-theme.el
    hyperstitional-themes.el -> hyperstitional-themes.el
Created hyperstitional-themes-20260701.1314.tar containing:
  hyperstitional-themes-20260701.1314/
  hyperstitional-themes-20260701.1314/hyperstitional-themes-digitalsear-inverted-theme.el
  hyperstitional-themes-20260701.1314/hyperstitional-themes-digitalsear-theme.el
  hyperstitional-themes-20260701.1314/hyperstitional-themes-pkg.el
  hyperstitional-themes-20260701.1314/hyperstitional-themes-rebug-alternate-flipped-theme.el
  hyperstitional-themes-20260701.1314/hyperstitional-themes-rebug-alternate-theme.el
  hyperstitional-themes-20260701.1314/hyperstitional-themes-rebug-flipped-theme.el
  hyperstitional-themes-20260701.1314/hyperstitional-themes-rebug-lawn-lush-theme.el
  hyperstitional-themes-20260701.1314/hyperstitional-themes-rebug-lawn-sere-theme.el
  hyperstitional-themes-20260701.1314/hyperstitional-themes-rebug-theme.el
  hyperstitional-themes-20260701.1314/hyperstitional-themes.el
Built hyperstitional-themes in 3.055s, finished at 2026-07-15T13:58:41+0000
