
 • Building package ibrowse
From https://git.sr.ht/~ngraves/ibrowse.el
Updating /mnt/store/melpa/working/ibrowse/
Checking out addfec54f2c33d505d10bb5f17c084876db5baed
Copying files (->) and directories (=>)
  from /mnt/store/melpa/working/ibrowse/
  to /tmp/ibrowse-ggXSNH/ibrowse-20230926.2056/
    ibrowse-bookmark-chromium.el -> ibrowse-bookmark-chromium.el
    ibrowse-bookmark-firefox.el -> ibrowse-bookmark-firefox.el
    ibrowse-bookmark.el -> ibrowse-bookmark.el
    ibrowse-core.el -> ibrowse-core.el
    ibrowse-history.el -> ibrowse-history.el
    ibrowse-sql.el -> ibrowse-sql.el
    ibrowse-tab.el -> ibrowse-tab.el
    ibrowse.el -> ibrowse.el
Created ibrowse-20230926.2056.tar containing:
  ibrowse-20230926.2056/
  ibrowse-20230926.2056/ibrowse-bookmark-chromium.el
  ibrowse-20230926.2056/ibrowse-bookmark-firefox.el
  ibrowse-20230926.2056/ibrowse-bookmark.el
  ibrowse-20230926.2056/ibrowse-core.el
  ibrowse-20230926.2056/ibrowse-history.el
  ibrowse-20230926.2056/ibrowse-pkg.el
  ibrowse-20230926.2056/ibrowse-sql.el
  ibrowse-20230926.2056/ibrowse-tab.el
  ibrowse-20230926.2056/ibrowse.el
Built ibrowse in 4.133s, finished at 2026-07-15T13:58:51+0000
