
 • Building package indigo
From https://github.com/gicrisf/emacs-indigo
Updating /mnt/store/melpa/working/indigo/
Checking out 86433c884f5ef591ff8250b3322e5e9abd8a502d
Copying files (->) and directories (=>)
  from /mnt/store/melpa/working/indigo/
  to /tmp/indigo-KoPj0J/indigo-20260506.1617/
    indigo-atom.el -> indigo-atom.el
    indigo-bond.el -> indigo-bond.el
    indigo-io.el -> indigo-io.el
    indigo-iter.el -> indigo-iter.el
    indigo-macros.el -> indigo-macros.el
    indigo-mol.el -> indigo-mol.el
    indigo-react.el -> indigo-react.el
    indigo-render.el -> indigo-render.el
    indigo-stream-iter.el -> indigo-stream-iter.el
    indigo-stream.el -> indigo-stream.el
    indigo-with-star-defs.el -> indigo-with-star-defs.el
    indigo.el -> indigo.el
    Makefile -> Makefile
    install.sh -> install.sh
    install-indigo.sh -> install-indigo.sh
    install-dependencies.sh -> install-dependencies.sh
    src/indigo-io-ops.c -> src/indigo-io-ops.c
    src/indigo-io-wrappers.c -> src/indigo-io-wrappers.c
    src/indigo-iterators-ops.c -> src/indigo-iterators-ops.c
    src/indigo-iterators-wrappers.c -> src/indigo-iterators-wrappers.c
    src/indigo-module.c -> src/indigo-module.c
    src/indigo-molecular-ops.c -> src/indigo-molecular-ops.c
    src/indigo-molecular-wrappers.c -> src/indigo-molecular-wrappers.c
    src/indigo-reactions-ops.c -> src/indigo-reactions-ops.c
    src/indigo-reactions-wrappers.c -> src/indigo-reactions-wrappers.c
    src/indigo-rendering-ops.c -> src/indigo-rendering-ops.c
    src/indigo-rendering-wrappers.c -> src/indigo-rendering-wrappers.c
    src/indigo-stateless-ops.c -> src/indigo-stateless-ops.c
    src/indigo-stateless-utils.c -> src/indigo-stateless-utils.c
    src/indigo-stateless-wrappers.c -> src/indigo-stateless-wrappers.c
    src/indigo-system-ops.c -> src/indigo-system-ops.c
    src/indigo-system-wrappers.c -> src/indigo-system-wrappers.c
    src/indigo-module.h -> src/indigo-module.h
Created indigo-20260506.1617.tar containing:
  indigo-20260506.1617/
  indigo-20260506.1617/Makefile
  indigo-20260506.1617/indigo-atom.el
  indigo-20260506.1617/indigo-bond.el
  indigo-20260506.1617/indigo-io.el
  indigo-20260506.1617/indigo-iter.el
  indigo-20260506.1617/indigo-macros.el
  indigo-20260506.1617/indigo-mol.el
  indigo-20260506.1617/indigo-pkg.el
  indigo-20260506.1617/indigo-react.el
  indigo-20260506.1617/indigo-render.el
  indigo-20260506.1617/indigo-stream-iter.el
  indigo-20260506.1617/indigo-stream.el
  indigo-20260506.1617/indigo-with-star-defs.el
  indigo-20260506.1617/indigo.el
  indigo-20260506.1617/install-dependencies.sh
  indigo-20260506.1617/install-indigo.sh
  indigo-20260506.1617/install.sh
  indigo-20260506.1617/src/
  indigo-20260506.1617/src/indigo-io-ops.c
  indigo-20260506.1617/src/indigo-io-wrappers.c
  indigo-20260506.1617/src/indigo-iterators-ops.c
  indigo-20260506.1617/src/indigo-iterators-wrappers.c
  indigo-20260506.1617/src/indigo-module.c
  indigo-20260506.1617/src/indigo-module.h
  indigo-20260506.1617/src/indigo-molecular-ops.c
  indigo-20260506.1617/src/indigo-molecular-wrappers.c
  indigo-20260506.1617/src/indigo-reactions-ops.c
  indigo-20260506.1617/src/indigo-reactions-wrappers.c
  indigo-20260506.1617/src/indigo-rendering-ops.c
  indigo-20260506.1617/src/indigo-rendering-wrappers.c
  indigo-20260506.1617/src/indigo-stateless-ops.c
  indigo-20260506.1617/src/indigo-stateless-utils.c
  indigo-20260506.1617/src/indigo-stateless-wrappers.c
  indigo-20260506.1617/src/indigo-system-ops.c
  indigo-20260506.1617/src/indigo-system-wrappers.c
Built indigo in 3.460s, finished at 2026-07-15T13:59:41+0000
