
 • Building package ink-mode
From https://github.com/Kungsgeten/ink-mode
Updating /mnt/store/melpa/working/ink-mode/
Checking out da2e7144837606f27ea6a5ea6d26229aeb0dd77e
Copying files (->) and directories (=>)
  from /mnt/store/melpa/working/ink-mode/
  to /tmp/ink-mode-Y3ys77/ink-mode-20260212.923/
    ink-mode.el -> ink-mode.el
  ! doc/WritingWithInk.texi -> WritingWithInk.texi
    snippets => snippets
Generating WritingWithInk.info
Created ink-mode-20260212.923.tar containing:
  ink-mode-20260212.923/
  ink-mode-20260212.923/WritingWithInk.info
  ink-mode-20260212.923/dir
  ink-mode-20260212.923/ink-mode-pkg.el
  ink-mode-20260212.923/ink-mode.el
  ink-mode-20260212.923/snippets/
  ink-mode-20260212.923/snippets/ink-mode/
  ink-mode-20260212.923/snippets/ink-mode/choice_once
  ink-mode-20260212.923/snippets/ink-mode/choice_sticky
  ink-mode-20260212.923/snippets/ink-mode/condition
  ink-mode-20260212.923/snippets/ink-mode/condition_multiline
  ink-mode-20260212.923/snippets/ink-mode/divert
  ink-mode-20260212.923/snippets/ink-mode/knot
  ink-mode-20260212.923/snippets/ink-mode/stitch
Built ink-mode in 6.639s, finished at 2026-07-15T14:00:02+0000
