 • Building package jabber (from codeberg:emacs-jabber/emacs-jabber)...
Updating /mnt/store/melpa/working/jabber/
Checking out 3ab3a35dcb400c85797cd501e5c198cc80ff8c1d
Copying files (->) and directories (=>)
  from /mnt/store/melpa/working/jabber/
  to /tmp/jabber-q0vNgi/jabber-20260404.742
  ! lisp/jabber-activity.el -> jabber-activity.el
  ! lisp/jabber-ahc-presence.el -> jabber-ahc-presence.el
  ! lisp/jabber-ahc.el -> jabber-ahc.el
  ! lisp/jabber-alert.el -> jabber-alert.el
  ! lisp/jabber-autoaway.el -> jabber-autoaway.el
  ! lisp/jabber-avatar.el -> jabber-avatar.el
  ! lisp/jabber-blocking.el -> jabber-blocking.el
  ! lisp/jabber-bookmarks.el -> jabber-bookmarks.el
  ! lisp/jabber-browse.el -> jabber-browse.el
  ! lisp/jabber-carbons.el -> jabber-carbons.el
  ! lisp/jabber-chat.el -> jabber-chat.el
  ! lisp/jabber-chatbuffer.el -> jabber-chatbuffer.el
  ! lisp/jabber-chatstates.el -> jabber-chatstates.el
  ! lisp/jabber-compose.el -> jabber-compose.el
  ! lisp/jabber-conn.el -> jabber-conn.el
  ! lisp/jabber-console.el -> jabber-console.el
  ! lisp/jabber-core.el -> jabber-core.el
  ! lisp/jabber-csi.el -> jabber-csi.el
  ! lisp/jabber-db.el -> jabber-db.el
  ! lisp/jabber-disco.el -> jabber-disco.el
  ! lisp/jabber-eme.el -> jabber-eme.el
  ! lisp/jabber-hints.el -> jabber-hints.el
  ! lisp/jabber-httpupload.el -> jabber-httpupload.el
  ! lisp/jabber-image.el -> jabber-image.el
  ! lisp/jabber-info.el -> jabber-info.el
  ! lisp/jabber-iq.el -> jabber-iq.el
  ! lisp/jabber-keepalive.el -> jabber-keepalive.el
  ! lisp/jabber-mam.el -> jabber-mam.el
  ! lisp/jabber-menu.el -> jabber-menu.el
  ! lisp/jabber-message-correct.el -> jabber-message-correct.el
  ! lisp/jabber-message-reply.el -> jabber-message-reply.el
  ! lisp/jabber-modeline.el -> jabber-modeline.el
  ! lisp/jabber-moderation.el -> jabber-moderation.el
  ! lisp/jabber-muc-nick-completion.el -> jabber-muc-nick-completion.el
  ! lisp/jabber-muc.el -> jabber-muc.el
  ! lisp/jabber-notifications.el -> jabber-notifications.el
  ! lisp/jabber-omemo-store.el -> jabber-omemo-store.el
  ! lisp/jabber-omemo-trust.el -> jabber-omemo-trust.el
  ! lisp/jabber-omemo.el -> jabber-omemo.el
  ! lisp/jabber-openpgp-legacy.el -> jabber-openpgp-legacy.el
  ! lisp/jabber-openpgp.el -> jabber-openpgp.el
  ! lisp/jabber-ping.el -> jabber-ping.el
  ! lisp/jabber-presence.el -> jabber-presence.el
  ! lisp/jabber-private.el -> jabber-private.el
  ! lisp/jabber-pubsub.el -> jabber-pubsub.el
  ! lisp/jabber-receipts.el -> jabber-receipts.el
  ! lisp/jabber-register.el -> jabber-register.el
  ! lisp/jabber-roster.el -> jabber-roster.el
  ! lisp/jabber-rtt.el -> jabber-rtt.el
  ! lisp/jabber-sasl.el -> jabber-sasl.el
  ! lisp/jabber-search.el -> jabber-search.el
  ! lisp/jabber-sm.el -> jabber-sm.el
  ! lisp/jabber-srv.el -> jabber-srv.el
  ! lisp/jabber-styling.el -> jabber-styling.el
  ! lisp/jabber-time.el -> jabber-time.el
  ! lisp/jabber-truncate.el -> jabber-truncate.el
  ! lisp/jabber-util.el -> jabber-util.el
  ! lisp/jabber-vcard-avatars.el -> jabber-vcard-avatars.el
  ! lisp/jabber-vcard.el -> jabber-vcard.el
  ! lisp/jabber-version.el -> jabber-version.el
  ! lisp/jabber-widget.el -> jabber-widget.el
  ! lisp/jabber-xml.el -> jabber-xml.el
  ! lisp/jabber.el -> jabber.el
    CHANGELOG.org -> CHANGELOG.org
    README.org -> README.org
Created jabber-20260404.742.tar containing:
  jabber-20260404.742/
  jabber-20260404.742/CHANGELOG.org
  jabber-20260404.742/README.org
  jabber-20260404.742/jabber-activity.el
  jabber-20260404.742/jabber-ahc-presence.el
  jabber-20260404.742/jabber-ahc.el
  jabber-20260404.742/jabber-alert.el
  jabber-20260404.742/jabber-autoaway.el
  jabber-20260404.742/jabber-avatar.el
  jabber-20260404.742/jabber-blocking.el
  jabber-20260404.742/jabber-bookmarks.el
  jabber-20260404.742/jabber-browse.el
  jabber-20260404.742/jabber-carbons.el
  jabber-20260404.742/jabber-chat.el
  jabber-20260404.742/jabber-chatbuffer.el
  jabber-20260404.742/jabber-chatstates.el
  jabber-20260404.742/jabber-compose.el
  jabber-20260404.742/jabber-conn.el
  jabber-20260404.742/jabber-console.el
  jabber-20260404.742/jabber-core.el
  jabber-20260404.742/jabber-csi.el
  jabber-20260404.742/jabber-db.el
  jabber-20260404.742/jabber-disco.el
  jabber-20260404.742/jabber-eme.el
  jabber-20260404.742/jabber-hints.el
  jabber-20260404.742/jabber-httpupload.el
  jabber-20260404.742/jabber-image.el
  jabber-20260404.742/jabber-info.el
  jabber-20260404.742/jabber-iq.el
  jabber-20260404.742/jabber-keepalive.el
  jabber-20260404.742/jabber-mam.el
  jabber-20260404.742/jabber-menu.el
  jabber-20260404.742/jabber-message-correct.el
  jabber-20260404.742/jabber-message-reply.el
  jabber-20260404.742/jabber-modeline.el
  jabber-20260404.742/jabber-moderation.el
  jabber-20260404.742/jabber-muc-nick-completion.el
  jabber-20260404.742/jabber-muc.el
  jabber-20260404.742/jabber-notifications.el
  jabber-20260404.742/jabber-omemo-store.el
  jabber-20260404.742/jabber-omemo-trust.el
  jabber-20260404.742/jabber-omemo.el
  jabber-20260404.742/jabber-openpgp-legacy.el
  jabber-20260404.742/jabber-openpgp.el
  jabber-20260404.742/jabber-ping.el
  jabber-20260404.742/jabber-pkg.el
  jabber-20260404.742/jabber-presence.el
  jabber-20260404.742/jabber-private.el
  jabber-20260404.742/jabber-pubsub.el
  jabber-20260404.742/jabber-receipts.el
  jabber-20260404.742/jabber-register.el
  jabber-20260404.742/jabber-roster.el
  jabber-20260404.742/jabber-rtt.el
  jabber-20260404.742/jabber-sasl.el
  jabber-20260404.742/jabber-search.el
  jabber-20260404.742/jabber-sm.el
  jabber-20260404.742/jabber-srv.el
  jabber-20260404.742/jabber-styling.el
  jabber-20260404.742/jabber-time.el
  jabber-20260404.742/jabber-truncate.el
  jabber-20260404.742/jabber-util.el
  jabber-20260404.742/jabber-vcard-avatars.el
  jabber-20260404.742/jabber-vcard.el
  jabber-20260404.742/jabber-version.el
  jabber-20260404.742/jabber-widget.el
  jabber-20260404.742/jabber-xml.el
  jabber-20260404.742/jabber.el
 ✓ Success:
  2026-04-04T18:24:20+0000  jabber-20260404.742.entry
  2026-04-04T18:24:20+0000  jabber-20260404.742.tar
Built jabber in 5.801s, finished at 2026-04-04T18:24:21+0000
