
 • Building package jal
From https://github.com/saulotoledo/java-agent-loader
Updating /mnt/store/melpa/working/jal/
Checking out 54cbd7a6b613dc6ac2135ada9de47130e0665d3e
Copying files (->) and directories (=>)
  from /mnt/store/melpa/working/jal/
  to /tmp/jal-cNAlHs/jal-20260629.1417/
    jal-build-gradle.el -> jal-build-gradle.el
    jal-build-maven.el -> jal-build-maven.el
    jal-client-eglot.el -> jal-client-eglot.el
    jal-client-lsp.el -> jal-client-lsp.el
    jal-known-agents.el -> jal-known-agents.el
    jal-utils.el -> jal-utils.el
    jal-vars.el -> jal-vars.el
    jal.el -> jal.el
Created jal-20260629.1417.tar containing:
  jal-20260629.1417/
  jal-20260629.1417/jal-build-gradle.el
  jal-20260629.1417/jal-build-maven.el
  jal-20260629.1417/jal-client-eglot.el
  jal-20260629.1417/jal-client-lsp.el
  jal-20260629.1417/jal-known-agents.el
  jal-20260629.1417/jal-pkg.el
  jal-20260629.1417/jal-utils.el
  jal-20260629.1417/jal-vars.el
  jal-20260629.1417/jal.el
Built jal in 4.186s, finished at 2026-07-15T14:01:12+0000
