
 • Building package jira
From https://github.com/unmonoqueteclea/jira.el
Updating /mnt/store/melpa/working/jira/
Checking out 1b1a43600ca138f3f8e56481bea6f629a4d877ec
Copying files (->) and directories (=>)
  from /mnt/store/melpa/working/jira/
  to /tmp/jira-K3HFPL/jira-20260315.1613/
    jira-actions.el -> jira-actions.el
    jira-api.el -> jira-api.el
    jira-complete.el -> jira-complete.el
    jira-detail.el -> jira-detail.el
    jira-doc.el -> jira-doc.el
    jira-edit.el -> jira-edit.el
    jira-export.el -> jira-export.el
    jira-fmt.el -> jira-fmt.el
    jira-issues.el -> jira-issues.el
    jira-table.el -> jira-table.el
    jira-tempo.el -> jira-tempo.el
    jira-users.el -> jira-users.el
    jira-utils.el -> jira-utils.el
    jira.el -> jira.el
Created jira-20260315.1613.tar containing:
  jira-20260315.1613/
  jira-20260315.1613/jira-actions.el
  jira-20260315.1613/jira-api.el
  jira-20260315.1613/jira-complete.el
  jira-20260315.1613/jira-detail.el
  jira-20260315.1613/jira-doc.el
  jira-20260315.1613/jira-edit.el
  jira-20260315.1613/jira-export.el
  jira-20260315.1613/jira-fmt.el
  jira-20260315.1613/jira-issues.el
  jira-20260315.1613/jira-pkg.el
  jira-20260315.1613/jira-table.el
  jira-20260315.1613/jira-tempo.el
  jira-20260315.1613/jira-users.el
  jira-20260315.1613/jira-utils.el
  jira-20260315.1613/jira.el
Built jira in 6.186s, finished at 2026-07-15T14:01:52+0000
