
 • Building package json-par
From https://github.com/taku0/json-par
Updating /mnt/store/melpa/working/json-par/
Checking out 9e1876e0c2a43d5350307bd834a856ebed54dcc4
Copying files (->) and directories (=>)
  from /mnt/store/melpa/working/json-par/
  to /tmp/json-par-Nxbi6a/json-par-20260418.849/
    json-par-ancestor-overlay.el -> json-par-ancestor-overlay.el
    json-par-clone.el -> json-par-clone.el
    json-par-delete.el -> json-par-delete.el
    json-par-fixup.el -> json-par-fixup.el
    json-par-guess.el -> json-par-guess.el
    json-par-indent.el -> json-par-indent.el
    json-par-insert.el -> json-par-insert.el
    json-par-keymap.el -> json-par-keymap.el
    json-par-lexer.el -> json-par-lexer.el
    json-par-mark-narrow.el -> json-par-mark-narrow.el
    json-par-motion.el -> json-par-motion.el
    json-par-oneline-multiline.el -> json-par-oneline-multiline.el
    json-par-raise.el -> json-par-raise.el
    json-par-split-join.el -> json-par-split-join.el
    json-par-transpose.el -> json-par-transpose.el
    json-par-utils.el -> json-par-utils.el
    json-par.el -> json-par.el
Created json-par-20260418.849.tar containing:
  json-par-20260418.849/
  json-par-20260418.849/json-par-ancestor-overlay.el
  json-par-20260418.849/json-par-clone.el
  json-par-20260418.849/json-par-delete.el
  json-par-20260418.849/json-par-fixup.el
  json-par-20260418.849/json-par-guess.el
  json-par-20260418.849/json-par-indent.el
  json-par-20260418.849/json-par-insert.el
  json-par-20260418.849/json-par-keymap.el
  json-par-20260418.849/json-par-lexer.el
  json-par-20260418.849/json-par-mark-narrow.el
  json-par-20260418.849/json-par-motion.el
  json-par-20260418.849/json-par-oneline-multiline.el
  json-par-20260418.849/json-par-pkg.el
  json-par-20260418.849/json-par-raise.el
  json-par-20260418.849/json-par-split-join.el
  json-par-20260418.849/json-par-transpose.el
  json-par-20260418.849/json-par-utils.el
  json-par-20260418.849/json-par.el
Built json-par in 5.682s, finished at 2026-07-15T14:02:36+0000
