
 • Building package jupyter
From https://github.com/emacs-jupyter/jupyter
Updating /mnt/store/melpa/working/jupyter/
Checking out 3b9caed3e4cc5f4bc0348eb65d17098de76904e4
Copying files (->) and directories (=>)
  from /mnt/store/melpa/working/jupyter/
  to /tmp/jupyter-eCqnlB/jupyter-20260307.35/
    jupyter-R.el -> jupyter-R.el
    jupyter-base.el -> jupyter-base.el
    jupyter-c++.el -> jupyter-c++.el
    jupyter-channel-ioloop.el -> jupyter-channel-ioloop.el
    jupyter-channel.el -> jupyter-channel.el
    jupyter-client.el -> jupyter-client.el
    jupyter-env.el -> jupyter-env.el
    jupyter-ioloop.el -> jupyter-ioloop.el
    jupyter-javascript.el -> jupyter-javascript.el
    jupyter-julia.el -> jupyter-julia.el
    jupyter-kernel-process.el -> jupyter-kernel-process.el
    jupyter-kernel.el -> jupyter-kernel.el
    jupyter-kernelspec.el -> jupyter-kernelspec.el
    jupyter-messages.el -> jupyter-messages.el
    jupyter-mime.el -> jupyter-mime.el
    jupyter-monads.el -> jupyter-monads.el
    jupyter-org-client.el -> jupyter-org-client.el
    jupyter-org-extensions.el -> jupyter-org-extensions.el
    jupyter-python.el -> jupyter-python.el
    jupyter-repl.el -> jupyter-repl.el
    jupyter-rest-api.el -> jupyter-rest-api.el
    jupyter-server-kernel.el -> jupyter-server-kernel.el
    jupyter-server.el -> jupyter-server.el
    jupyter-tramp.el -> jupyter-tramp.el
    jupyter-widget-client.el -> jupyter-widget-client.el
    jupyter-zmq-channel-ioloop.el -> jupyter-zmq-channel-ioloop.el
    jupyter-zmq-channel.el -> jupyter-zmq-channel.el
    jupyter.el -> jupyter.el
    ob-jupyter.el -> ob-jupyter.el
    Makefile -> Makefile
    widget.html -> widget.html
    js => js
Created jupyter-20260307.35.tar containing:
  jupyter-20260307.35/
  jupyter-20260307.35/Makefile
  jupyter-20260307.35/js/
  jupyter-20260307.35/js/Makefile
  jupyter-20260307.35/js/emacs-jupyter.js
  jupyter-20260307.35/js/index.js
  jupyter-20260307.35/js/manager.js
  jupyter-20260307.35/js/package.json
  jupyter-20260307.35/js/webpack.config.js
  jupyter-20260307.35/jupyter-R.el
  jupyter-20260307.35/jupyter-base.el
  jupyter-20260307.35/jupyter-c++.el
  jupyter-20260307.35/jupyter-channel-ioloop.el
  jupyter-20260307.35/jupyter-channel.el
  jupyter-20260307.35/jupyter-client.el
  jupyter-20260307.35/jupyter-env.el
  jupyter-20260307.35/jupyter-ioloop.el
  jupyter-20260307.35/jupyter-javascript.el
  jupyter-20260307.35/jupyter-julia.el
  jupyter-20260307.35/jupyter-kernel-process.el
  jupyter-20260307.35/jupyter-kernel.el
  jupyter-20260307.35/jupyter-kernelspec.el
  jupyter-20260307.35/jupyter-messages.el
  jupyter-20260307.35/jupyter-mime.el
  jupyter-20260307.35/jupyter-monads.el
  jupyter-20260307.35/jupyter-org-client.el
  jupyter-20260307.35/jupyter-org-extensions.el
  jupyter-20260307.35/jupyter-pkg.el
  jupyter-20260307.35/jupyter-python.el
  jupyter-20260307.35/jupyter-repl.el
  jupyter-20260307.35/jupyter-rest-api.el
  jupyter-20260307.35/jupyter-server-kernel.el
  jupyter-20260307.35/jupyter-server.el
  jupyter-20260307.35/jupyter-tramp.el
  jupyter-20260307.35/jupyter-widget-client.el
  jupyter-20260307.35/jupyter-zmq-channel-ioloop.el
  jupyter-20260307.35/jupyter-zmq-channel.el
  jupyter-20260307.35/jupyter.el
  jupyter-20260307.35/ob-jupyter.el
  jupyter-20260307.35/widget.html
Built jupyter in 4.287s, finished at 2026-07-15T14:03:00+0000
