
 • Building package kaolin-themes
From https://github.com/ogdenwebb/emacs-kaolin-themes
Updating /mnt/store/melpa/working/kaolin-themes/
Checking out 432c6672b16e867ec40eaf312d2fbbeb38673fa9
Copying files (->) and directories (=>)
  from /mnt/store/melpa/working/kaolin-themes/
  to /tmp/kaolin-themes-2S5CpP/kaolin-themes-20260619.2211/
    kaolin-themes-lib.el -> kaolin-themes-lib.el
    kaolin-themes-treemacs.el -> kaolin-themes-treemacs.el
    kaolin-themes.el -> kaolin-themes.el
  ! themes/kaolin-aurora-theme.el -> kaolin-aurora-theme.el
  ! themes/kaolin-blossom-theme.el -> kaolin-blossom-theme.el
  ! themes/kaolin-breeze-theme.el -> kaolin-breeze-theme.el
  ! themes/kaolin-bubblegum-theme.el -> kaolin-bubblegum-theme.el
  ! themes/kaolin-dark-theme.el -> kaolin-dark-theme.el
  ! themes/kaolin-eclipse-theme.el -> kaolin-eclipse-theme.el
  ! themes/kaolin-galaxy-theme.el -> kaolin-galaxy-theme.el
  ! themes/kaolin-light-theme.el -> kaolin-light-theme.el
  ! themes/kaolin-mono-dark-theme.el -> kaolin-mono-dark-theme.el
  ! themes/kaolin-mono-light-theme.el -> kaolin-mono-light-theme.el
  ! themes/kaolin-ocean-theme.el -> kaolin-ocean-theme.el
  ! themes/kaolin-shiva-theme.el -> kaolin-shiva-theme.el
  ! themes/kaolin-temple-theme.el -> kaolin-temple-theme.el
  ! themes/kaolin-valley-dark-theme.el -> kaolin-valley-dark-theme.el
  ! themes/kaolin-valley-light-theme.el -> kaolin-valley-light-theme.el
Created kaolin-themes-20260619.2211.tar containing:
  kaolin-themes-20260619.2211/
  kaolin-themes-20260619.2211/kaolin-aurora-theme.el
  kaolin-themes-20260619.2211/kaolin-blossom-theme.el
  kaolin-themes-20260619.2211/kaolin-breeze-theme.el
  kaolin-themes-20260619.2211/kaolin-bubblegum-theme.el
  kaolin-themes-20260619.2211/kaolin-dark-theme.el
  kaolin-themes-20260619.2211/kaolin-eclipse-theme.el
  kaolin-themes-20260619.2211/kaolin-galaxy-theme.el
  kaolin-themes-20260619.2211/kaolin-light-theme.el
  kaolin-themes-20260619.2211/kaolin-mono-dark-theme.el
  kaolin-themes-20260619.2211/kaolin-mono-light-theme.el
  kaolin-themes-20260619.2211/kaolin-ocean-theme.el
  kaolin-themes-20260619.2211/kaolin-shiva-theme.el
  kaolin-themes-20260619.2211/kaolin-temple-theme.el
  kaolin-themes-20260619.2211/kaolin-themes-lib.el
  kaolin-themes-20260619.2211/kaolin-themes-pkg.el
  kaolin-themes-20260619.2211/kaolin-themes-treemacs.el
  kaolin-themes-20260619.2211/kaolin-themes.el
  kaolin-themes-20260619.2211/kaolin-valley-dark-theme.el
  kaolin-themes-20260619.2211/kaolin-valley-light-theme.el
Built kaolin-themes in 3.982s, finished at 2026-07-15T14:03:15+0000
