
 • Building package lambdapi-mode
From https://github.com/Deducteam/lambdapi
Updating /mnt/store/melpa/working/lambdapi-mode/
Checking out d4fcaa80d2ac820be9928e4c75a6a0ad723d2c30
Copying files (->) and directories (=>)
  from /mnt/store/melpa/working/lambdapi-mode/
  to /tmp/lambdapi-mode-uV2DZ2/lambdapi-mode-20260701.916/
  ! editors/emacs/lambdapi-abbrev.el -> lambdapi-abbrev.el
  ! editors/emacs/lambdapi-capf.el -> lambdapi-capf.el
  ! editors/emacs/lambdapi-input.el -> lambdapi-input.el
  ! editors/emacs/lambdapi-layout.el -> lambdapi-layout.el
  ! editors/emacs/lambdapi-mode.el -> lambdapi-mode.el
  ! editors/emacs/lambdapi-proofs.el -> lambdapi-proofs.el
  ! editors/emacs/lambdapi-smie.el -> lambdapi-smie.el
  ! editors/emacs/lambdapi-vars.el -> lambdapi-vars.el
Created lambdapi-mode-20260701.916.tar containing:
  lambdapi-mode-20260701.916/
  lambdapi-mode-20260701.916/lambdapi-abbrev.el
  lambdapi-mode-20260701.916/lambdapi-capf.el
  lambdapi-mode-20260701.916/lambdapi-input.el
  lambdapi-mode-20260701.916/lambdapi-layout.el
  lambdapi-mode-20260701.916/lambdapi-mode-pkg.el
  lambdapi-mode-20260701.916/lambdapi-mode.el
  lambdapi-mode-20260701.916/lambdapi-proofs.el
  lambdapi-mode-20260701.916/lambdapi-smie.el
  lambdapi-mode-20260701.916/lambdapi-vars.el
Built lambdapi-mode in 4.268s, finished at 2026-07-15T14:04:36+0000
