
 • Building package ledger-mode
From https://github.com/ledger/ledger-mode
Updating /mnt/store/melpa/working/ledger-mode/
Checking out f7761ab7070e8c0c1cfb97e571ba81c3377a7447
Copying files (->) and directories (=>)
  from /mnt/store/melpa/working/ledger-mode/
  to /tmp/ledger-mode-kZRNuA/ledger-mode-20260709.1534/
    ledger-check.el -> ledger-check.el
    ledger-commodities.el -> ledger-commodities.el
    ledger-complete.el -> ledger-complete.el
    ledger-context.el -> ledger-context.el
    ledger-exec.el -> ledger-exec.el
    ledger-flymake.el -> ledger-flymake.el
    ledger-fontify.el -> ledger-fontify.el
    ledger-fonts.el -> ledger-fonts.el
    ledger-init.el -> ledger-init.el
    ledger-mode.el -> ledger-mode.el
    ledger-navigate.el -> ledger-navigate.el
    ledger-occur.el -> ledger-occur.el
    ledger-post.el -> ledger-post.el
    ledger-reconcile.el -> ledger-reconcile.el
    ledger-regex.el -> ledger-regex.el
    ledger-report.el -> ledger-report.el
    ledger-schedule.el -> ledger-schedule.el
    ledger-sort.el -> ledger-sort.el
    ledger-state.el -> ledger-state.el
    ledger-test.el -> ledger-test.el
    ledger-texi.el -> ledger-texi.el
    ledger-xact.el -> ledger-xact.el
  ! doc/ledger-mode.texi -> ledger-mode.texi
Generating ledger-mode.info
Created ledger-mode-20260709.1534.tar containing:
  ledger-mode-20260709.1534/
  ledger-mode-20260709.1534/dir
  ledger-mode-20260709.1534/ledger-check.el
  ledger-mode-20260709.1534/ledger-commodities.el
  ledger-mode-20260709.1534/ledger-complete.el
  ledger-mode-20260709.1534/ledger-context.el
  ledger-mode-20260709.1534/ledger-exec.el
  ledger-mode-20260709.1534/ledger-flymake.el
  ledger-mode-20260709.1534/ledger-fontify.el
  ledger-mode-20260709.1534/ledger-fonts.el
  ledger-mode-20260709.1534/ledger-init.el
  ledger-mode-20260709.1534/ledger-mode-pkg.el
  ledger-mode-20260709.1534/ledger-mode.el
  ledger-mode-20260709.1534/ledger-mode.info
  ledger-mode-20260709.1534/ledger-navigate.el
  ledger-mode-20260709.1534/ledger-occur.el
  ledger-mode-20260709.1534/ledger-post.el
  ledger-mode-20260709.1534/ledger-reconcile.el
  ledger-mode-20260709.1534/ledger-regex.el
  ledger-mode-20260709.1534/ledger-report.el
  ledger-mode-20260709.1534/ledger-schedule.el
  ledger-mode-20260709.1534/ledger-sort.el
  ledger-mode-20260709.1534/ledger-state.el
  ledger-mode-20260709.1534/ledger-test.el
  ledger-mode-20260709.1534/ledger-texi.el
  ledger-mode-20260709.1534/ledger-xact.el
Built ledger-mode in 6.810s, finished at 2026-07-15T14:05:10+0000
