
 • Building package lem
From https://codeberg.org/martianh/lem.el
Updating /mnt/store/melpa/working/lem/
Checking out 3abd1604c3ab9451dcbc087099c499e6dc8882d7
Copying files (->) and directories (=>)
  from /mnt/store/melpa/working/lem/
  to /tmp/lem-6kCSMi/lem-20260509.758/
  ! lisp/lem-api.el -> lem-api.el
  ! lisp/lem-post.el -> lem-post.el
  ! lisp/lem-request.el -> lem-request.el
  ! lisp/lem-search.el -> lem-search.el
  ! lisp/lem-ui.el -> lem-ui.el
  ! lisp/lem.el -> lem.el
Created lem-20260509.758.tar containing:
  lem-20260509.758/
  lem-20260509.758/lem-api.el
  lem-20260509.758/lem-pkg.el
  lem-20260509.758/lem-post.el
  lem-20260509.758/lem-request.el
  lem-20260509.758/lem-search.el
  lem-20260509.758/lem-ui.el
  lem-20260509.758/lem.el
Built lem in 4.667s, finished at 2026-07-15T14:05:12+0000
