
 • Building package lesim-mode
From https://github.com/drghirlanda/lesim-mode
Updating /mnt/store/melpa/working/lesim-mode/
Checking out 8524702bcf9285c60066d38b4e9935b5bf053d38
Copying files (->) and directories (=>)
  from /mnt/store/melpa/working/lesim-mode/
  to /tmp/lesim-mode-HP9vdQ/lesim-mode-20260318.1318/
    lesim-align.el -> lesim-align.el
    lesim-complete.el -> lesim-complete.el
    lesim-custom.el -> lesim-custom.el
    lesim-highlight.el -> lesim-highlight.el
    lesim-locate.el -> lesim-locate.el
    lesim-mode.el -> lesim-mode.el
    lesim-online.el -> lesim-online.el
    lesim-run.el -> lesim-run.el
    lesim-type.el -> lesim-type.el
Created lesim-mode-20260318.1318.tar containing:
  lesim-mode-20260318.1318/
  lesim-mode-20260318.1318/lesim-align.el
  lesim-mode-20260318.1318/lesim-complete.el
  lesim-mode-20260318.1318/lesim-custom.el
  lesim-mode-20260318.1318/lesim-highlight.el
  lesim-mode-20260318.1318/lesim-locate.el
  lesim-mode-20260318.1318/lesim-mode-pkg.el
  lesim-mode-20260318.1318/lesim-mode.el
  lesim-mode-20260318.1318/lesim-online.el
  lesim-mode-20260318.1318/lesim-run.el
  lesim-mode-20260318.1318/lesim-type.el
Built lesim-mode in 3.594s, finished at 2026-07-15T14:05:15+0000
