
 • Building package liberime
From https://github.com/emacs-rime/liberime
Updating /mnt/store/melpa/working/liberime/
Checking out 64db15eca098f3d3942e9f83422e12711dbe2ecb
Copying files (->) and directories (=>)
  from /mnt/store/melpa/working/liberime/
  to /tmp/liberime-wpqPUe/liberime-20260715.958/
    liberime.el -> liberime.el
    src => src
    emacs-module => emacs-module
    LICENSE -> LICENSE
    Makefile -> Makefile
    README.org -> README.org
Created liberime-20260715.958.tar containing:
  liberime-20260715.958/
  liberime-20260715.958/LICENSE
  liberime-20260715.958/Makefile
  liberime-20260715.958/README.org
  liberime-20260715.958/emacs-module/
  liberime-20260715.958/emacs-module/26/
  liberime-20260715.958/emacs-module/26/emacs-module.h
  liberime-20260715.958/emacs-module/27/
  liberime-20260715.958/emacs-module/27/emacs-module.h
  liberime-20260715.958/emacs-module/28/
  liberime-20260715.958/emacs-module/28/emacs-module.h
  liberime-20260715.958/emacs-module/29/
  liberime-20260715.958/emacs-module/29/emacs-module.h
  liberime-20260715.958/emacs-module/30/
  liberime-20260715.958/emacs-module/30/emacs-module.h
  liberime-20260715.958/emacs-module/31/
  liberime-20260715.958/emacs-module/31/emacs-module.h
  liberime-20260715.958/emacs-module/32/
  liberime-20260715.958/emacs-module/32/emacs-module.h
  liberime-20260715.958/liberime-pkg.el
  liberime-20260715.958/liberime.el
  liberime-20260715.958/src/
  liberime-20260715.958/src/init.c
  liberime-20260715.958/src/interface.c
  liberime-20260715.958/src/interface.h
  liberime-20260715.958/src/key_table.c
  liberime-20260715.958/src/key_table.h
  liberime-20260715.958/src/liberime-core.c
  liberime-20260715.958/src/liberime-core.h
Built liberime in 3.746s, finished at 2026-07-15T14:05:24+0000
