
 • Building package live-py-mode
From https://github.com/donkirkby/live-py-plugin
Updating /mnt/store/melpa/working/live-py-mode/
Checking out 7655ee7a7294cd486fd02603d76061c1c773e058
Copying files (->) and directories (=>)
  from /mnt/store/melpa/working/live-py-mode/
  to /tmp/live-py-mode-5S5EnI/live-py-mode-20260227.509/
  ! emacs-live-py-mode/live-py-mode.el -> live-py-mode.el
  ! plugin/PySrc/space_tracer => space_tracer
Created live-py-mode-20260227.509.tar containing:
  live-py-mode-20260227.509/
  live-py-mode-20260227.509/live-py-mode-pkg.el
  live-py-mode-20260227.509/live-py-mode.el
  live-py-mode-20260227.509/space_tracer/
  live-py-mode-20260227.509/space_tracer/__init__.py
  live-py-mode-20260227.509/space_tracer/__main__.py
  live-py-mode-20260227.509/space_tracer/about.py
  live-py-mode-20260227.509/space_tracer/canvas.py
  live-py-mode-20260227.509/space_tracer/code_tracer.py
  live-py-mode-20260227.509/space_tracer/live_image.py
  live-py-mode-20260227.509/space_tracer/main.py
  live-py-mode-20260227.509/space_tracer/mock_turtle.py
  live-py-mode-20260227.509/space_tracer/module_importers.py
  live-py-mode-20260227.509/space_tracer/py.typed
  live-py-mode-20260227.509/space_tracer/report_builder.py
  live-py-mode-20260227.509/space_tracer/traced_finder.py
Built live-py-mode in 4.189s, finished at 2026-07-15T14:06:04+0000
