
 • Building package loopy
From https://codeberg.org/okamsn/loopy
Updating /mnt/store/melpa/working/loopy/
Checking out 838e1f5d38281dde54efbf61142267224e78e494
Copying files (->) and directories (=>)
  from /mnt/store/melpa/working/loopy/
  to /tmp/loopy-0Zac7n/loopy-20260704.1904/
  ! lisp/loopy-commands.el -> loopy-commands.el
  ! lisp/loopy-destructure.el -> loopy-destructure.el
  ! lisp/loopy-instrs.el -> loopy-instrs.el
  ! lisp/loopy-iter.el -> loopy-iter.el
  ! lisp/loopy-misc.el -> loopy-misc.el
  ! lisp/loopy-pcase.el -> loopy-pcase.el
  ! lisp/loopy-seq.el -> loopy-seq.el
  ! lisp/loopy-vars.el -> loopy-vars.el
  ! lisp/loopy.el -> loopy.el
  ! doc/loopy.texi -> loopy.texi
Generating loopy.info
Created loopy-20260704.1904.tar containing:
  loopy-20260704.1904/
  loopy-20260704.1904/dir
  loopy-20260704.1904/loopy-commands.el
  loopy-20260704.1904/loopy-destructure.el
  loopy-20260704.1904/loopy-instrs.el
  loopy-20260704.1904/loopy-iter.el
  loopy-20260704.1904/loopy-misc.el
  loopy-20260704.1904/loopy-pcase.el
  loopy-20260704.1904/loopy-pkg.el
  loopy-20260704.1904/loopy-seq.el
  loopy-20260704.1904/loopy-vars.el
  loopy-20260704.1904/loopy.el
  loopy-20260704.1904/loopy.info
Built loopy in 9.645s, finished at 2026-07-15T14:06:41+0000
