
 • Building package lsp-metals
From https://github.com/emacs-lsp/lsp-metals
Updating /mnt/store/melpa/working/lsp-metals/
Checking out afeacc7a528b80b9a9f2747428e5608c264201ec
Copying files (->) and directories (=>)
  from /mnt/store/melpa/working/lsp-metals/
  to /tmp/lsp-metals-aFtbhv/lsp-metals-20260529.1928/
    lsp-metals-protocol.el -> lsp-metals-protocol.el
    lsp-metals-treeview.el -> lsp-metals-treeview.el
    lsp-metals.el -> lsp-metals.el
    icons => icons
Created lsp-metals-20260529.1928.tar containing:
  lsp-metals-20260529.1928/
  lsp-metals-20260529.1928/icons/
  lsp-metals-20260529.1928/icons/book-dark.png
  lsp-metals-20260529.1928/icons/book-light.png
  lsp-metals-20260529.1928/icons/bug-dark.png
  lsp-metals-20260529.1928/icons/bug-light.png
  lsp-metals-20260529.1928/icons/cancel-dark.png
  lsp-metals-20260529.1928/icons/cancel-light.png
  lsp-metals-20260529.1928/icons/cascade-dark.png
  lsp-metals-20260529.1928/icons/cascade-light.png
  lsp-metals-20260529.1928/icons/class.png
  lsp-metals-20260529.1928/icons/clean-all-dark.png
  lsp-metals-20260529.1928/icons/clean-all-light.png
  lsp-metals-20260529.1928/icons/clean-dark.png
  lsp-metals-20260529.1928/icons/clean-light.png
  lsp-metals-20260529.1928/icons/close-dark.png
  lsp-metals-20260529.1928/icons/close-light.png
  lsp-metals-20260529.1928/icons/compile-dark.png
  lsp-metals-20260529.1928/icons/compile-light.png
  lsp-metals-20260529.1928/icons/connect-dark.png
  lsp-metals-20260529.1928/icons/connect-light.png
  lsp-metals-20260529.1928/icons/debug-stop-dark.png
  lsp-metals-20260529.1928/icons/debug-stop-light.png
  lsp-metals-20260529.1928/icons/discord-dark.png
  lsp-metals-20260529.1928/icons/discord-light.png
  lsp-metals-20260529.1928/icons/doctor.png
  lsp-metals-20260529.1928/icons/empty-window-dark.png
  lsp-metals-20260529.1928/icons/empty-window-light.png
  lsp-metals-20260529.1928/icons/enum.png
  lsp-metals-20260529.1928/icons/exception-dark.png
  lsp-metals-20260529.1928/icons/exception-light.png
  lsp-metals-20260529.1928/icons/field.png
  lsp-metals-20260529.1928/icons/focus-dark.png
  lsp-metals-20260529.1928/icons/focus-light.png
  lsp-metals-20260529.1928/icons/github-dark.png
  lsp-metals-20260529.1928/icons/github-light.png
  lsp-metals-20260529.1928/icons/gitter-dark.png
  lsp-metals-20260529.1928/icons/gitter-light.png
  lsp-metals-20260529.1928/icons/info-dark.png
  lsp-metals-20260529.1928/icons/info-light.png
  lsp-metals-20260529.1928/icons/interface.png
  lsp-metals-20260529.1928/icons/issue-opened-dark.png
  lsp-metals-20260529.1928/icons/issue-opened-light.png
  lsp-metals-20260529.1928/icons/location-dark.png
  lsp-metals-20260529.1928/icons/location-light.png
  lsp-metals-20260529.1928/icons/logo.png
  lsp-metals-20260529.1928/icons/method.png
  lsp-metals-20260529.1928/icons/object.png
  lsp-metals-20260529.1928/icons/sync-dark.png
  lsp-metals-20260529.1928/icons/sync-light.png
  lsp-metals-20260529.1928/icons/trait.png
  lsp-metals-20260529.1928/icons/twitter-dark.png
  lsp-metals-20260529.1928/icons/twitter-light.png
  lsp-metals-20260529.1928/icons/val.png
  lsp-metals-20260529.1928/icons/var.png
  lsp-metals-20260529.1928/lsp-metals-pkg.el
  lsp-metals-20260529.1928/lsp-metals-protocol.el
  lsp-metals-20260529.1928/lsp-metals-treeview.el
  lsp-metals-20260529.1928/lsp-metals.el
Built lsp-metals in 3.186s, finished at 2026-07-15T14:06:50+0000
