
 • Building package lsp-mssql
From https://github.com/emacs-lsp/lsp-mssql
Updating /mnt/store/melpa/working/lsp-mssql/
Checking out 02e50306c92af1c98473840169a477b22f72af2d
Copying files (->) and directories (=>)
  from /mnt/store/melpa/working/lsp-mssql/
  to /tmp/lsp-mssql-5stydM/lsp-mssql-20260507.1743/
    lsp-mssql.el -> lsp-mssql.el
    images => images
    snippets => snippets
Created lsp-mssql-20260507.1743.tar containing:
  lsp-mssql-20260507.1743/
  lsp-mssql-20260507.1743/images/
  lsp-mssql-20260507.1743/images/AggregateFunction.png
  lsp-mssql-20260507.1743/images/AggregateFunctionParameter_Input.png
  lsp-mssql-20260507.1743/images/AggregateFunctionParameter_Output.png
  lsp-mssql-20260507.1743/images/AggregateFunctionParameter_Return.png
  lsp-mssql-20260507.1743/images/ApplicationRole.png
  lsp-mssql-20260507.1743/images/Assembly.png
  lsp-mssql-20260507.1743/images/AsymmetricKey.png
  lsp-mssql-20260507.1743/images/BrokerPriority.png
  lsp-mssql-20260507.1743/images/Certificate.png
  lsp-mssql-20260507.1743/images/Column.png
  lsp-mssql-20260507.1743/images/ColumnEncryptionKey.png
  lsp-mssql-20260507.1743/images/ColumnMasterKey.png
  lsp-mssql-20260507.1743/images/Constraint.png
  lsp-mssql-20260507.1743/images/Contract.png
  lsp-mssql-20260507.1743/images/Database.png
  lsp-mssql-20260507.1743/images/DatabaseAndQueueEventNotification.png
  lsp-mssql-20260507.1743/images/DatabaseAuditSpecification.png
  lsp-mssql-20260507.1743/images/DatabaseEncryptionKey.png
  lsp-mssql-20260507.1743/images/DatabaseRole.png
  lsp-mssql-20260507.1743/images/DatabaseScopedCredential.png
  lsp-mssql-20260507.1743/images/DatabaseTrigger.png
  lsp-mssql-20260507.1743/images/Database_Unavailable.png
  lsp-mssql-20260507.1743/images/DefaultIcon.png
  lsp-mssql-20260507.1743/images/ExternalDataSource.png
  lsp-mssql-20260507.1743/images/ExternalFileFormat.png
  lsp-mssql-20260507.1743/images/FileGroupFile.png
  lsp-mssql-20260507.1743/images/Folder.png
  lsp-mssql-20260507.1743/images/FullTextCatalog.png
  lsp-mssql-20260507.1743/images/FullTextStopList.png
  lsp-mssql-20260507.1743/images/HDFSFolder.png
  lsp-mssql-20260507.1743/images/Index.png
  lsp-mssql-20260507.1743/images/Key_ForeignKey.png
  lsp-mssql-20260507.1743/images/Key_PrimaryKey.png
  lsp-mssql-20260507.1743/images/Key_UniqueKey.png
  lsp-mssql-20260507.1743/images/MasterKey.png
  lsp-mssql-20260507.1743/images/MessageType.png
  lsp-mssql-20260507.1743/images/PartitionFunction.png
  lsp-mssql-20260507.1743/images/PartitionScheme.png
  lsp-mssql-20260507.1743/images/Queue.png
  lsp-mssql-20260507.1743/images/RemoteServiceBinding.png
  lsp-mssql-20260507.1743/images/Route.png
  lsp-mssql-20260507.1743/images/ScalarValuedFunction.png
  lsp-mssql-20260507.1743/images/ScalarValuedFunctionParameter_Input.png
  lsp-mssql-20260507.1743/images/ScalarValuedFunctionParameter_Output.png
  lsp-mssql-20260507.1743/images/ScalarValuedFunctionParameter_Return.png
  lsp-mssql-20260507.1743/images/Schema.png
  lsp-mssql-20260507.1743/images/SearchPropertyList.png
  lsp-mssql-20260507.1743/images/SecurityPolicy.png
  lsp-mssql-20260507.1743/images/Sequence.png
  lsp-mssql-20260507.1743/images/ServerLevelCredential.png
  lsp-mssql-20260507.1743/images/ServerLevelCryptographicProvider.png
  lsp-mssql-20260507.1743/images/ServerLevelEndpoint.png
  lsp-mssql-20260507.1743/images/ServerLevelLinkedServer.png
  lsp-mssql-20260507.1743/images/ServerLevelLinkedServerLogin.png
  lsp-mssql-20260507.1743/images/ServerLevelLinkedServerLogin_Disabled.png
  lsp-mssql-20260507.1743/images/ServerLevelLogin.png
  lsp-mssql-20260507.1743/images/ServerLevelLogin_Disabled.png
  lsp-mssql-20260507.1743/images/ServerLevelServerAudit.png
  lsp-mssql-20260507.1743/images/ServerLevelServerAuditSpecification.png
  lsp-mssql-20260507.1743/images/ServerLevelServerRole.png
  lsp-mssql-20260507.1743/images/ServerLevelServerTrigger.png
  lsp-mssql-20260507.1743/images/Server_green.png
  lsp-mssql-20260507.1743/images/Server_red.png
  lsp-mssql-20260507.1743/images/Service.png
  lsp-mssql-20260507.1743/images/SqlLogFile.png
  lsp-mssql-20260507.1743/images/Statistic.png
  lsp-mssql-20260507.1743/images/StoredProcedure.png
  lsp-mssql-20260507.1743/images/StoredProcedureParameter_Input.png
  lsp-mssql-20260507.1743/images/StoredProcedureParameter_Output.png
  lsp-mssql-20260507.1743/images/StoredProcedureParameter_Return.png
  lsp-mssql-20260507.1743/images/SymmetricKey.png
  lsp-mssql-20260507.1743/images/Synonym.png
  lsp-mssql-20260507.1743/images/SystemApproximateNumeric.png
  lsp-mssql-20260507.1743/images/SystemBinaryString.png
  lsp-mssql-20260507.1743/images/SystemCharacterString.png
  lsp-mssql-20260507.1743/images/SystemClrDataType.png
  lsp-mssql-20260507.1743/images/SystemContract.png
  lsp-mssql-20260507.1743/images/SystemDateAndTime.png
  lsp-mssql-20260507.1743/images/SystemExactNumeric.png
  lsp-mssql-20260507.1743/images/SystemMessageType.png
  lsp-mssql-20260507.1743/images/SystemOtherDataType.png
  lsp-mssql-20260507.1743/images/SystemQueue.png
  lsp-mssql-20260507.1743/images/SystemService.png
  lsp-mssql-20260507.1743/images/SystemSpatialDataType.png
  lsp-mssql-20260507.1743/images/SystemUnicodeCharacterString.png
  lsp-mssql-20260507.1743/images/Table.png
  lsp-mssql-20260507.1743/images/TableValuedFunction.png
  lsp-mssql-20260507.1743/images/TableValuedFunctionParameter_Input.png
  lsp-mssql-20260507.1743/images/TableValuedFunctionParameter_Output.png
  lsp-mssql-20260507.1743/images/TableValuedFunctionParameter_Return.png
  lsp-mssql-20260507.1743/images/Table_Temporal.png
  lsp-mssql-20260507.1743/images/Trigger.png
  lsp-mssql-20260507.1743/images/Trigger_Disabled.png
  lsp-mssql-20260507.1743/images/User.png
  lsp-mssql-20260507.1743/images/UserDefinedDataType.png
  lsp-mssql-20260507.1743/images/UserDefinedTableType.png
  lsp-mssql-20260507.1743/images/UserDefinedTableTypeColumn.png
  lsp-mssql-20260507.1743/images/UserDefinedTableTypeConstraint.png
  lsp-mssql-20260507.1743/images/UserDefinedType.png
  lsp-mssql-20260507.1743/images/User_Disabled.png
  lsp-mssql-20260507.1743/images/View.png
  lsp-mssql-20260507.1743/images/XmlSchemaCollection.png
  lsp-mssql-20260507.1743/images/add.png
  lsp-mssql-20260507.1743/images/add_inverse.png
  lsp-mssql-20260507.1743/lsp-mssql-pkg.el
  lsp-mssql-20260507.1743/lsp-mssql.el
  lsp-mssql-20260507.1743/snippets/
  lsp-mssql-20260507.1743/snippets/sql-mode/
  lsp-mssql-20260507.1743/snippets/sql-mode/sqlAddColumn
  lsp-mssql-20260507.1743/snippets/sql-mode/sqlCreateDatabase
  lsp-mssql-20260507.1743/snippets/sql-mode/sqlCreateStoredProc
  lsp-mssql-20260507.1743/snippets/sql-mode/sqlCreateTable
  lsp-mssql-20260507.1743/snippets/sql-mode/sqlDeleteRows
  lsp-mssql-20260507.1743/snippets/sql-mode/sqlDropColumn
  lsp-mssql-20260507.1743/snippets/sql-mode/sqlDropDatabase
  lsp-mssql-20260507.1743/snippets/sql-mode/sqlDropStoredProc
  lsp-mssql-20260507.1743/snippets/sql-mode/sqlDropTable
  lsp-mssql-20260507.1743/snippets/sql-mode/sqlExtensionHelp
  lsp-mssql-20260507.1743/snippets/sql-mode/sqlGetSpaceUsed
  lsp-mssql-20260507.1743/snippets/sql-mode/sqlInsertRows
  lsp-mssql-20260507.1743/snippets/sql-mode/sqlListColumns
  lsp-mssql-20260507.1743/snippets/sql-mode/sqlListDatabases
  lsp-mssql-20260507.1743/snippets/sql-mode/sqlListTablesAndViews
  lsp-mssql-20260507.1743/snippets/sql-mode/sqlSelect
  lsp-mssql-20260507.1743/snippets/sql-mode/sqlUpdateRows
Built lsp-mssql in 3.000s, finished at 2026-07-15T14:06:51+0000
