
 • Building package lsp-dart
From https://github.com/emacs-lsp/lsp-dart
Updating /mnt/store/melpa/working/lsp-dart/
Checking out a0649b4dbf3eb1f1fac4be172ba282df43b16b73
Copying files (->) and directories (=>)
  from /mnt/store/melpa/working/lsp-dart/
  to /tmp/lsp-dart-dafAkf/lsp-dart-20260507.1741/
    lsp-dart-closing-labels.el -> lsp-dart-closing-labels.el
    lsp-dart-code-lens.el -> lsp-dart-code-lens.el
    lsp-dart-commands.el -> lsp-dart-commands.el
    lsp-dart-dap.el -> lsp-dart-dap.el
    lsp-dart-devtools.el -> lsp-dart-devtools.el
    lsp-dart-flutter-colors.el -> lsp-dart-flutter-colors.el
    lsp-dart-flutter-daemon.el -> lsp-dart-flutter-daemon.el
    lsp-dart-flutter-fringe-colors.el -> lsp-dart-flutter-fringe-colors.el
    lsp-dart-flutter-widget-guide.el -> lsp-dart-flutter-widget-guide.el
    lsp-dart-outline.el -> lsp-dart-outline.el
    lsp-dart-protocol.el -> lsp-dart-protocol.el
    lsp-dart-test-output.el -> lsp-dart-test-output.el
    lsp-dart-test-support.el -> lsp-dart-test-support.el
    lsp-dart-test-tree.el -> lsp-dart-test-tree.el
    lsp-dart-utils.el -> lsp-dart-utils.el
    lsp-dart.el -> lsp-dart.el
Created lsp-dart-20260507.1741.tar containing:
  lsp-dart-20260507.1741/
  lsp-dart-20260507.1741/lsp-dart-closing-labels.el
  lsp-dart-20260507.1741/lsp-dart-code-lens.el
  lsp-dart-20260507.1741/lsp-dart-commands.el
  lsp-dart-20260507.1741/lsp-dart-dap.el
  lsp-dart-20260507.1741/lsp-dart-devtools.el
  lsp-dart-20260507.1741/lsp-dart-flutter-colors.el
  lsp-dart-20260507.1741/lsp-dart-flutter-daemon.el
  lsp-dart-20260507.1741/lsp-dart-flutter-fringe-colors.el
  lsp-dart-20260507.1741/lsp-dart-flutter-widget-guide.el
  lsp-dart-20260507.1741/lsp-dart-outline.el
  lsp-dart-20260507.1741/lsp-dart-pkg.el
  lsp-dart-20260507.1741/lsp-dart-protocol.el
  lsp-dart-20260507.1741/lsp-dart-test-output.el
  lsp-dart-20260507.1741/lsp-dart-test-support.el
  lsp-dart-20260507.1741/lsp-dart-test-tree.el
  lsp-dart-20260507.1741/lsp-dart-utils.el
  lsp-dart-20260507.1741/lsp-dart.el
Built lsp-dart in 3.598s, finished at 2026-07-15T14:06:41+0000
