
 • Building package lsp-ui
From https://github.com/emacs-lsp/lsp-ui
Updating /mnt/store/melpa/working/lsp-ui/
Checking out 8d888a3ab1ba9e46bd4711398c57d39d0b709a45
Copying files (->) and directories (=>)
  from /mnt/store/melpa/working/lsp-ui/
  to /tmp/lsp-ui-HBGv2o/lsp-ui-20260512.1516/
    lsp-ui-doc.el -> lsp-ui-doc.el
    lsp-ui-flycheck.el -> lsp-ui-flycheck.el
    lsp-ui-imenu.el -> lsp-ui-imenu.el
    lsp-ui-peek.el -> lsp-ui-peek.el
    lsp-ui-sideline.el -> lsp-ui-sideline.el
    lsp-ui-util.el -> lsp-ui-util.el
    lsp-ui.el -> lsp-ui.el
    lsp-ui-doc.html -> lsp-ui-doc.html
    resources => resources
Created lsp-ui-20260512.1516.tar containing:
  lsp-ui-20260512.1516/
  lsp-ui-20260512.1516/lsp-ui-doc.el
  lsp-ui-20260512.1516/lsp-ui-doc.html
  lsp-ui-20260512.1516/lsp-ui-flycheck.el
  lsp-ui-20260512.1516/lsp-ui-imenu.el
  lsp-ui-20260512.1516/lsp-ui-peek.el
  lsp-ui-20260512.1516/lsp-ui-pkg.el
  lsp-ui-20260512.1516/lsp-ui-sideline.el
  lsp-ui-20260512.1516/lsp-ui-util.el
  lsp-ui-20260512.1516/lsp-ui.el
  lsp-ui-20260512.1516/resources/
  lsp-ui-20260512.1516/resources/lightbulb.png
Built lsp-ui in 3.802s, finished at 2026-07-15T14:06:59+0000
