
 • Building package lsp-java
From https://github.com/emacs-lsp/lsp-java
Updating /mnt/store/melpa/working/lsp-java/
Checking out 5294db2ac033a289e4878fa8386629b75cb3ccb6
Copying files (->) and directories (=>)
  from /mnt/store/melpa/working/lsp-java/
  to /tmp/lsp-java-a447xt/lsp-java-20260510.647/
    dap-java.el -> dap-java.el
    lsp-java-boot.el -> lsp-java-boot.el
    lsp-java.el -> lsp-java.el
    lsp-jt.el -> lsp-jt.el
    icons => icons
Created lsp-java-20260510.647.tar containing:
  lsp-java-20260510.647/
  lsp-java-20260510.647/dap-java.el
  lsp-java-20260510.647/icons/
  lsp-java-20260510.647/icons/vscode/
  lsp-java-20260510.647/icons/vscode/class.png
  lsp-java-20260510.647/icons/vscode/debug.png
  lsp-java-20260510.647/icons/vscode/history.png
  lsp-java-20260510.647/icons/vscode/method.png
  lsp-java-20260510.647/icons/vscode/package.png
  lsp-java-20260510.647/icons/vscode/pass.png
  lsp-java-20260510.647/icons/vscode/placeholder.png
  lsp-java-20260510.647/icons/vscode/refresh.png
  lsp-java-20260510.647/icons/vscode/run.png
  lsp-java-20260510.647/icons/vscode/running.png
  lsp-java-20260510.647/icons/vscode/test-error.png
  lsp-java-20260510.647/lsp-java-boot.el
  lsp-java-20260510.647/lsp-java-pkg.el
  lsp-java-20260510.647/lsp-java.el
  lsp-java-20260510.647/lsp-jt.el
Built lsp-java in 3.459s, finished at 2026-07-15T14:06:47+0000
