
 • Building package macports
From https://github.com/amake/macports.el
Updating /mnt/store/melpa/working/macports/
Checking out 6de6616e6aeb762dfd287f72c09efce15e8c26f4
Copying files (->) and directories (=>)
  from /mnt/store/melpa/working/macports/
  to /tmp/macports-URf9Qg/macports-20260313.58/
    macports-core.el -> macports-core.el
    macports-describe.el -> macports-describe.el
    macports-installed.el -> macports-installed.el
    macports-outdated.el -> macports-outdated.el
    macports-select.el -> macports-select.el
    macports.el -> macports.el
Created macports-20260313.58.tar containing:
  macports-20260313.58/
  macports-20260313.58/macports-core.el
  macports-20260313.58/macports-describe.el
  macports-20260313.58/macports-installed.el
  macports-20260313.58/macports-outdated.el
  macports-20260313.58/macports-pkg.el
  macports-20260313.58/macports-select.el
  macports-20260313.58/macports.el
Built macports in 2.937s, finished at 2026-07-15T14:07:12+0000
