
 • Building package magik-company
From https://github.com/reinierkof/magik-company
Updating /mnt/store/melpa/working/magik-company/
Checking out f11e7054fc9038ab34eae1702bbc0fb30fa34246
Copying files (->) and directories (=>)
  from /mnt/store/melpa/working/magik-company/
  to /tmp/magik-company-60sUHp/magik-company-20250922.1311/
    magik-company-annotation.el -> magik-company-annotation.el
    magik-company-buffer-cache.el -> magik-company-buffer-cache.el
    magik-company-cb-cache.el -> magik-company-cb-cache.el
    magik-company-cb.el -> magik-company-cb.el
    magik-company-exemplar-types.el -> magik-company-exemplar-types.el
    magik-company-extras.el -> magik-company-extras.el
    magik-company-prefixes.el -> magik-company-prefixes.el
    magik-company-treesitter-extras.el -> magik-company-treesitter-extras.el
    magik-company-yasnippet-handling.el -> magik-company-yasnippet-handling.el
    magik-company.el -> magik-company.el
Created magik-company-20250922.1311.tar containing:
  magik-company-20250922.1311/
  magik-company-20250922.1311/magik-company-annotation.el
  magik-company-20250922.1311/magik-company-buffer-cache.el
  magik-company-20250922.1311/magik-company-cb-cache.el
  magik-company-20250922.1311/magik-company-cb.el
  magik-company-20250922.1311/magik-company-exemplar-types.el
  magik-company-20250922.1311/magik-company-extras.el
  magik-company-20250922.1311/magik-company-pkg.el
  magik-company-20250922.1311/magik-company-prefixes.el
  magik-company-20250922.1311/magik-company-treesitter-extras.el
  magik-company-20250922.1311/magik-company-yasnippet-handling.el
  magik-company-20250922.1311/magik-company.el
Built magik-company in 3.629s, finished at 2026-07-15T14:07:19+0000
