
 • Building package mantra
From https://github.com/countvajhula/mantra
Updating /mnt/store/melpa/working/mantra/
Checking out 49f885b8947662bc837297f5c8a225d65dafcacd
Copying files (->) and directories (=>)
  from /mnt/store/melpa/working/mantra/
  to /tmp/mantra-oJfDj2/mantra-20260118.752/
    mantra-debug.el -> mantra-debug.el
    mantra-dsl.el -> mantra-dsl.el
    mantra-parse.el -> mantra-parse.el
    mantra-util.el -> mantra-util.el
    mantra.el -> mantra.el
Created mantra-20260118.752.tar containing:
  mantra-20260118.752/
  mantra-20260118.752/mantra-debug.el
  mantra-20260118.752/mantra-dsl.el
  mantra-20260118.752/mantra-parse.el
  mantra-20260118.752/mantra-pkg.el
  mantra-20260118.752/mantra-util.el
  mantra-20260118.752/mantra.el
Built mantra in 4.991s, finished at 2026-07-15T14:08:05+0000
