
 • Building package mark-graf
From https://github.com/hyperZphere/mark-graf
Updating /mnt/store/melpa/working/mark-graf/
Checking out 0e1c502bd577f5b800c8bc04b15ac510d4c4b4a9
Copying files (->) and directories (=>)
  from /mnt/store/melpa/working/mark-graf/
  to /tmp/mark-graf-wFPd1s/mark-graf-20260222.753/
  ! lisp/mark-graf-commands.el -> mark-graf-commands.el
  ! lisp/mark-graf-elements.el -> mark-graf-elements.el
  ! lisp/mark-graf-export.el -> mark-graf-export.el
  ! lisp/mark-graf-mermaid.el -> mark-graf-mermaid.el
  ! lisp/mark-graf-render.el -> mark-graf-render.el
  ! lisp/mark-graf-ts.el -> mark-graf-ts.el
  ! lisp/mark-graf.el -> mark-graf.el
Created mark-graf-20260222.753.tar containing:
  mark-graf-20260222.753/
  mark-graf-20260222.753/mark-graf-commands.el
  mark-graf-20260222.753/mark-graf-elements.el
  mark-graf-20260222.753/mark-graf-export.el
  mark-graf-20260222.753/mark-graf-mermaid.el
  mark-graf-20260222.753/mark-graf-pkg.el
  mark-graf-20260222.753/mark-graf-render.el
  mark-graf-20260222.753/mark-graf-ts.el
  mark-graf-20260222.753/mark-graf.el
Built mark-graf in 5.794s, finished at 2026-07-15T14:08:09+0000
