
 • Building package mastodon
From https://codeberg.org/martianh/mastodon.el
Updating /mnt/store/melpa/working/mastodon/
Checking out 4b30b2d96625e23325ff3727daa30969b6fe2eed
Copying files (->) and directories (=>)
  from /mnt/store/melpa/working/mastodon/
  to /tmp/mastodon-4HTQZA/mastodon-20260509.749/
  ! lisp/mastodon-async.el -> mastodon-async.el
  ! lisp/mastodon-auth.el -> mastodon-auth.el
  ! lisp/mastodon-client.el -> mastodon-client.el
  ! lisp/mastodon-discover.el -> mastodon-discover.el
  ! lisp/mastodon-http.el -> mastodon-http.el
  ! lisp/mastodon-inspect.el -> mastodon-inspect.el
  ! lisp/mastodon-iso.el -> mastodon-iso.el
  ! lisp/mastodon-media.el -> mastodon-media.el
  ! lisp/mastodon-notifications.el -> mastodon-notifications.el
  ! lisp/mastodon-profile.el -> mastodon-profile.el
  ! lisp/mastodon-search.el -> mastodon-search.el
  ! lisp/mastodon-tl.el -> mastodon-tl.el
  ! lisp/mastodon-toot.el -> mastodon-toot.el
  ! lisp/mastodon-transient.el -> mastodon-transient.el
  ! lisp/mastodon-views.el -> mastodon-views.el
  ! lisp/mastodon-widget.el -> mastodon-widget.el
  ! lisp/mastodon.el -> mastodon.el
    dir -> dir
    mastodon.info -> mastodon.info
    mastodon.texi -> mastodon.texi
Generating mastodon.info
Created mastodon-20260509.749.tar containing:
  mastodon-20260509.749/
  mastodon-20260509.749/dir
  mastodon-20260509.749/mastodon-async.el
  mastodon-20260509.749/mastodon-auth.el
  mastodon-20260509.749/mastodon-client.el
  mastodon-20260509.749/mastodon-discover.el
  mastodon-20260509.749/mastodon-http.el
  mastodon-20260509.749/mastodon-inspect.el
  mastodon-20260509.749/mastodon-iso.el
  mastodon-20260509.749/mastodon-media.el
  mastodon-20260509.749/mastodon-notifications.el
  mastodon-20260509.749/mastodon-pkg.el
  mastodon-20260509.749/mastodon-profile.el
  mastodon-20260509.749/mastodon-search.el
  mastodon-20260509.749/mastodon-tl.el
  mastodon-20260509.749/mastodon-toot.el
  mastodon-20260509.749/mastodon-transient.el
  mastodon-20260509.749/mastodon-views.el
  mastodon-20260509.749/mastodon-widget.el
  mastodon-20260509.749/mastodon.el
  mastodon-20260509.749/mastodon.info
Built mastodon in 14.079s, finished at 2026-07-15T14:08:47+0000
