
 • Building package matlab-mode
From https://github.com/mathworks/Emacs-MATLAB-Mode
Updating /mnt/store/melpa/working/matlab-mode/
Checking out 83ea45983975bc6d17a908bf4acddfc47d51763a
Copying files (->) and directories (=>)
  from /mnt/store/melpa/working/matlab-mode/
  to /tmp/matlab-mode-iwmOEa/matlab-mode-20260428.1740/
    company-matlab-shell.el -> company-matlab-shell.el
    linemark.el -> linemark.el
    matlab--access.el -> matlab--access.el
    matlab--shared.el -> matlab--shared.el
    matlab--shell-bridge.el -> matlab--shell-bridge.el
    matlab-ccount.el -> matlab-ccount.el
    matlab-cgen.el -> matlab-cgen.el
    matlab-compat.el -> matlab-compat.el
    matlab-complete.el -> matlab-complete.el
    matlab-is-matlab-file.el -> matlab-is-matlab-file.el
    matlab-mode.el -> matlab-mode.el
    matlab-netshell.el -> matlab-netshell.el
    matlab-org.el -> matlab-org.el
    matlab-scan.el -> matlab-scan.el
    matlab-sections.el -> matlab-sections.el
    matlab-shell-gud.el -> matlab-shell-gud.el
    matlab-shell.el -> matlab-shell.el
    matlab-syntax.el -> matlab-syntax.el
    matlab-topic.el -> matlab-topic.el
    matlab-ts-grammar-install.el -> matlab-ts-grammar-install.el
    matlab-ts-mode--builtins.el -> matlab-ts-mode--builtins.el
    matlab-ts-mode--ei.el -> matlab-ts-mode--ei.el
    matlab-ts-mode.el -> matlab-ts-mode.el
    matlab.el -> matlab.el
    mlgud.el -> mlgud.el
    mlint.el -> mlint.el
    semantic-matlab.el -> semantic-matlab.el
    semanticdb-matlab.el -> semanticdb-matlab.el
    tlc.el -> tlc.el
    toolbox/dbhotlink.m -> toolbox/dbhotlink.m
    toolbox/ebclear.m -> toolbox/ebclear.m
    toolbox/ebstack.m -> toolbox/ebstack.m
    toolbox/ebstatus.m -> toolbox/ebstatus.m
    toolbox/ebstop.m -> toolbox/ebstop.m
    toolbox/emacscd.m -> toolbox/emacscd.m
    toolbox/emacsdocomplete.m -> toolbox/emacsdocomplete.m
    toolbox/emacsinit.m -> toolbox/emacsinit.m
    toolbox/emacsnetshell.m -> toolbox/emacsnetshell.m
    toolbox/emacsrun.m -> toolbox/emacsrun.m
    toolbox/emacsrunregion.m -> toolbox/emacsrunregion.m
    toolbox/emacsstripremote.m -> toolbox/emacsstripremote.m
    toolbox/emacstipstring.m -> toolbox/emacstipstring.m
    toolbox/help.m -> toolbox/help.m
    toolbox/opentoline.m -> toolbox/opentoline.m
    toolbox/+emacs/set.m -> toolbox/+emacs/set.m
    toolbox/+emacs/@Breakpoints/Breakpoints.m -> toolbox/+emacs/@Breakpoints/Breakpoints.m
    toolbox/+emacs/@EmacsServer/EmacsServer.m -> toolbox/+emacs/@EmacsServer/EmacsServer.m
    toolbox/+emacs/@Stack/Stack.m -> toolbox/+emacs/@Stack/Stack.m
    bin/matlab-emacsclient.sh -> bin/matlab-emacsclient.sh
Created matlab-mode-20260428.1740.tar containing:
  matlab-mode-20260428.1740/
  matlab-mode-20260428.1740/bin/
  matlab-mode-20260428.1740/bin/matlab-emacsclient.sh
  matlab-mode-20260428.1740/company-matlab-shell.el
  matlab-mode-20260428.1740/linemark.el
  matlab-mode-20260428.1740/matlab--access.el
  matlab-mode-20260428.1740/matlab--shared.el
  matlab-mode-20260428.1740/matlab--shell-bridge.el
  matlab-mode-20260428.1740/matlab-ccount.el
  matlab-mode-20260428.1740/matlab-cgen.el
  matlab-mode-20260428.1740/matlab-compat.el
  matlab-mode-20260428.1740/matlab-complete.el
  matlab-mode-20260428.1740/matlab-is-matlab-file.el
  matlab-mode-20260428.1740/matlab-mode-pkg.el
  matlab-mode-20260428.1740/matlab-mode.el
  matlab-mode-20260428.1740/matlab-netshell.el
  matlab-mode-20260428.1740/matlab-org.el
  matlab-mode-20260428.1740/matlab-scan.el
  matlab-mode-20260428.1740/matlab-sections.el
  matlab-mode-20260428.1740/matlab-shell-gud.el
  matlab-mode-20260428.1740/matlab-shell.el
  matlab-mode-20260428.1740/matlab-syntax.el
  matlab-mode-20260428.1740/matlab-topic.el
  matlab-mode-20260428.1740/matlab-ts-grammar-install.el
  matlab-mode-20260428.1740/matlab-ts-mode--builtins.el
  matlab-mode-20260428.1740/matlab-ts-mode--ei.el
  matlab-mode-20260428.1740/matlab-ts-mode.el
  matlab-mode-20260428.1740/matlab.el
  matlab-mode-20260428.1740/mlgud.el
  matlab-mode-20260428.1740/mlint.el
  matlab-mode-20260428.1740/semantic-matlab.el
  matlab-mode-20260428.1740/semanticdb-matlab.el
  matlab-mode-20260428.1740/tlc.el
  matlab-mode-20260428.1740/toolbox/
  matlab-mode-20260428.1740/toolbox/+emacs/
  matlab-mode-20260428.1740/toolbox/+emacs/@Breakpoints/
  matlab-mode-20260428.1740/toolbox/+emacs/@Breakpoints/Breakpoints.m
  matlab-mode-20260428.1740/toolbox/+emacs/@EmacsServer/
  matlab-mode-20260428.1740/toolbox/+emacs/@EmacsServer/EmacsServer.m
  matlab-mode-20260428.1740/toolbox/+emacs/@Stack/
  matlab-mode-20260428.1740/toolbox/+emacs/@Stack/Stack.m
  matlab-mode-20260428.1740/toolbox/+emacs/set.m
  matlab-mode-20260428.1740/toolbox/dbhotlink.m
  matlab-mode-20260428.1740/toolbox/ebclear.m
  matlab-mode-20260428.1740/toolbox/ebstack.m
  matlab-mode-20260428.1740/toolbox/ebstatus.m
  matlab-mode-20260428.1740/toolbox/ebstop.m
  matlab-mode-20260428.1740/toolbox/emacscd.m
  matlab-mode-20260428.1740/toolbox/emacsdocomplete.m
  matlab-mode-20260428.1740/toolbox/emacsinit.m
  matlab-mode-20260428.1740/toolbox/emacsnetshell.m
  matlab-mode-20260428.1740/toolbox/emacsrun.m
  matlab-mode-20260428.1740/toolbox/emacsrunregion.m
  matlab-mode-20260428.1740/toolbox/emacsstripremote.m
  matlab-mode-20260428.1740/toolbox/emacstipstring.m
  matlab-mode-20260428.1740/toolbox/help.m
  matlab-mode-20260428.1740/toolbox/opentoline.m
Built matlab-mode in 10.331s, finished at 2026-07-15T14:08:52+0000
