
 • Building package mediawiki
From https://github.com/hexmode/mediawiki-el
Updating /mnt/store/melpa/working/mediawiki/
Checking out 6e081439a876b3cb9a27146fd75e887997712629
Copying files (->) and directories (=>)
  from /mnt/store/melpa/working/mediawiki/
  to /tmp/mediawiki-yqOgt8/mediawiki-20260708.2249/
    mediawiki-api.el -> mediawiki-api.el
    mediawiki-auth.el -> mediawiki-auth.el
    mediawiki-cache.el -> mediawiki-cache.el
    mediawiki-completion.el -> mediawiki-completion.el
    mediawiki-core.el -> mediawiki-core.el
    mediawiki-diff.el -> mediawiki-diff.el
    mediawiki-discussion-tools.el -> mediawiki-discussion-tools.el
    mediawiki-draft.el -> mediawiki-draft.el
    mediawiki-faces.el -> mediawiki-faces.el
    mediawiki-font-lock.el -> mediawiki-font-lock.el
    mediawiki-history.el -> mediawiki-history.el
    mediawiki-http.el -> mediawiki-http.el
    mediawiki-mode.el -> mediawiki-mode.el
    mediawiki-oauth.el -> mediawiki-oauth.el
    mediawiki-page.el -> mediawiki-page.el
    mediawiki-site.el -> mediawiki-site.el
    mediawiki-support-desk.el -> mediawiki-support-desk.el
    mediawiki-user.el -> mediawiki-user.el
    mediawiki-utils.el -> mediawiki-utils.el
    mediawiki-watchlist.el -> mediawiki-watchlist.el
    mediawiki.el -> mediawiki.el
Created mediawiki-20260708.2249.tar containing:
  mediawiki-20260708.2249/
  mediawiki-20260708.2249/mediawiki-api.el
  mediawiki-20260708.2249/mediawiki-auth.el
  mediawiki-20260708.2249/mediawiki-cache.el
  mediawiki-20260708.2249/mediawiki-completion.el
  mediawiki-20260708.2249/mediawiki-core.el
  mediawiki-20260708.2249/mediawiki-diff.el
  mediawiki-20260708.2249/mediawiki-discussion-tools.el
  mediawiki-20260708.2249/mediawiki-draft.el
  mediawiki-20260708.2249/mediawiki-faces.el
  mediawiki-20260708.2249/mediawiki-font-lock.el
  mediawiki-20260708.2249/mediawiki-history.el
  mediawiki-20260708.2249/mediawiki-http.el
  mediawiki-20260708.2249/mediawiki-mode.el
  mediawiki-20260708.2249/mediawiki-oauth.el
  mediawiki-20260708.2249/mediawiki-page.el
  mediawiki-20260708.2249/mediawiki-pkg.el
  mediawiki-20260708.2249/mediawiki-site.el
  mediawiki-20260708.2249/mediawiki-support-desk.el
  mediawiki-20260708.2249/mediawiki-user.el
  mediawiki-20260708.2249/mediawiki-utils.el
  mediawiki-20260708.2249/mediawiki-watchlist.el
  mediawiki-20260708.2249/mediawiki.el
Built mediawiki in 5.985s, finished at 2026-07-15T14:09:12+0000
