
 • Building package meow
From https://github.com/meow-edit/meow
Updating /mnt/store/melpa/working/meow/
Checking out aa8aec19e70369b547176e625f5b95c4a8565e8e
Copying files (->) and directories (=>)
  from /mnt/store/melpa/working/meow/
  to /tmp/meow-NBQHbl/meow-20260714.1200/
    meow-beacon.el -> meow-beacon.el
    meow-cheatsheet-layout.el -> meow-cheatsheet-layout.el
    meow-cheatsheet.el -> meow-cheatsheet.el
    meow-command.el -> meow-command.el
    meow-core.el -> meow-core.el
    meow-esc.el -> meow-esc.el
    meow-face.el -> meow-face.el
    meow-helpers.el -> meow-helpers.el
    meow-keymap.el -> meow-keymap.el
    meow-keypad.el -> meow-keypad.el
    meow-shims.el -> meow-shims.el
    meow-thing.el -> meow-thing.el
    meow-tutor.el -> meow-tutor.el
    meow-util.el -> meow-util.el
    meow-var.el -> meow-var.el
    meow-visual.el -> meow-visual.el
    meow.el -> meow.el
Created meow-20260714.1200.tar containing:
  meow-20260714.1200/
  meow-20260714.1200/meow-beacon.el
  meow-20260714.1200/meow-cheatsheet-layout.el
  meow-20260714.1200/meow-cheatsheet.el
  meow-20260714.1200/meow-command.el
  meow-20260714.1200/meow-core.el
  meow-20260714.1200/meow-esc.el
  meow-20260714.1200/meow-face.el
  meow-20260714.1200/meow-helpers.el
  meow-20260714.1200/meow-keymap.el
  meow-20260714.1200/meow-keypad.el
  meow-20260714.1200/meow-pkg.el
  meow-20260714.1200/meow-shims.el
  meow-20260714.1200/meow-thing.el
  meow-20260714.1200/meow-tutor.el
  meow-20260714.1200/meow-util.el
  meow-20260714.1200/meow-var.el
  meow-20260714.1200/meow-visual.el
  meow-20260714.1200/meow.el
Built meow in 7.379s, finished at 2026-07-15T14:09:24+0000
