
 • Building package mindstream
From https://github.com/countvajhula/mindstream
Updating /mnt/store/melpa/working/mindstream/
Checking out 0b7a2889e8de419d90a3eaa137c82febe014fda6
Copying files (->) and directories (=>)
  from /mnt/store/melpa/working/mindstream/
  to /tmp/mindstream-dlgDxF/mindstream-20260614.1629/
    mindstream-backend.el -> mindstream-backend.el
    mindstream-custom.el -> mindstream-custom.el
    mindstream-session.el -> mindstream-session.el
    mindstream-stream.el -> mindstream-stream.el
    mindstream-util.el -> mindstream-util.el
    mindstream.el -> mindstream.el
Created mindstream-20260614.1629.tar containing:
  mindstream-20260614.1629/
  mindstream-20260614.1629/mindstream-backend.el
  mindstream-20260614.1629/mindstream-custom.el
  mindstream-20260614.1629/mindstream-pkg.el
  mindstream-20260614.1629/mindstream-session.el
  mindstream-20260614.1629/mindstream-stream.el
  mindstream-20260614.1629/mindstream-util.el
  mindstream-20260614.1629/mindstream.el
Built mindstream in 3.264s, finished at 2026-07-15T14:09:54+0000
