
 • Building package mistty
From https://github.com/szermatt/mistty
Updating /mnt/store/melpa/working/mistty/
Checking out bf0ddd077351001c56a4c754399d7ec025b93bab
Copying files (->) and directories (=>)
  from /mnt/store/melpa/working/mistty/
  to /tmp/mistty-FbgxJc/mistty-20260205.1444/
    mistty-accum-macros.el -> mistty-accum-macros.el
    mistty-accum.el -> mistty-accum.el
    mistty-changeset.el -> mistty-changeset.el
    mistty-launch.el -> mistty-launch.el
    mistty-log.el -> mistty-log.el
    mistty-osc-colors.el -> mistty-osc-colors.el
    mistty-osc7.el -> mistty-osc7.el
    mistty-project.el -> mistty-project.el
    mistty-queue.el -> mistty-queue.el
    mistty-term.el -> mistty-term.el
    mistty-undo.el -> mistty-undo.el
    mistty-util.el -> mistty-util.el
    mistty.el -> mistty.el
    mistty.texi -> mistty.texi
Generating mistty.info
Created mistty-20260205.1444.tar containing:
  mistty-20260205.1444/
  mistty-20260205.1444/dir
  mistty-20260205.1444/mistty-accum-macros.el
  mistty-20260205.1444/mistty-accum.el
  mistty-20260205.1444/mistty-changeset.el
  mistty-20260205.1444/mistty-launch.el
  mistty-20260205.1444/mistty-log.el
  mistty-20260205.1444/mistty-osc-colors.el
  mistty-20260205.1444/mistty-osc7.el
  mistty-20260205.1444/mistty-pkg.el
  mistty-20260205.1444/mistty-project.el
  mistty-20260205.1444/mistty-queue.el
  mistty-20260205.1444/mistty-term.el
  mistty-20260205.1444/mistty-undo.el
  mistty-20260205.1444/mistty-util.el
  mistty-20260205.1444/mistty.el
  mistty-20260205.1444/mistty.info
Built mistty in 7.387s, finished at 2026-07-15T14:10:19+0000
