
 • Building package modus-themes
From https://github.com/protesilaos/modus-themes
Updating /mnt/store/melpa/working/modus-themes/
Checking out 9a46f896071f49de934e7a3243547972f907c469
Copying files (->) and directories (=>)
  from /mnt/store/melpa/working/modus-themes/
  to /tmp/modus-themes-iVMtNV/modus-themes-20260714.716/
    modus-operandi-deuteranopia-theme.el -> modus-operandi-deuteranopia-theme.el
    modus-operandi-theme.el -> modus-operandi-theme.el
    modus-operandi-tinted-theme.el -> modus-operandi-tinted-theme.el
    modus-operandi-tritanopia-theme.el -> modus-operandi-tritanopia-theme.el
    modus-themes.el -> modus-themes.el
    modus-vivendi-deuteranopia-theme.el -> modus-vivendi-deuteranopia-theme.el
    modus-vivendi-theme.el -> modus-vivendi-theme.el
    modus-vivendi-tinted-theme.el -> modus-vivendi-tinted-theme.el
    modus-vivendi-tritanopia-theme.el -> modus-vivendi-tritanopia-theme.el
  ! doc/modus-themes.info -> modus-themes.info
  ! doc/doclicense.texi -> doclicense.texi
Generating doclicense.info
Created modus-themes-20260714.716.tar containing:
  modus-themes-20260714.716/
  modus-themes-20260714.716/dir
  modus-themes-20260714.716/doclicense.info
  modus-themes-20260714.716/modus-operandi-deuteranopia-theme.el
  modus-themes-20260714.716/modus-operandi-theme.el
  modus-themes-20260714.716/modus-operandi-tinted-theme.el
  modus-themes-20260714.716/modus-operandi-tritanopia-theme.el
  modus-themes-20260714.716/modus-themes-pkg.el
  modus-themes-20260714.716/modus-themes.el
  modus-themes-20260714.716/modus-themes.info
  modus-themes-20260714.716/modus-vivendi-deuteranopia-theme.el
  modus-themes-20260714.716/modus-vivendi-theme.el
  modus-themes-20260714.716/modus-vivendi-tinted-theme.el
  modus-themes-20260714.716/modus-vivendi-tritanopia-theme.el
Built modus-themes in 5.982s, finished at 2026-07-15T14:10:41+0000
