
 • Building package moe-theme
From https://github.com/kuanyui/moe-theme.el
Updating /mnt/store/melpa/working/moe-theme/
Checking out c7d711e940a6c4e7a2270830aeaf52c1ce789455
Copying files (->) and directories (=>)
  from /mnt/store/melpa/working/moe-theme/
  to /tmp/moe-theme-tvBUA4/moe-theme-20260515.841/
    moe-dark-theme.el -> moe-dark-theme.el
    moe-light-theme.el -> moe-light-theme.el
    moe-theme-flavours.el -> moe-theme-flavours.el
    moe-theme-switcher.el -> moe-theme-switcher.el
    moe-theme.el -> moe-theme.el
Created moe-theme-20260515.841.tar containing:
  moe-theme-20260515.841/
  moe-theme-20260515.841/moe-dark-theme.el
  moe-theme-20260515.841/moe-light-theme.el
  moe-theme-20260515.841/moe-theme-flavours.el
  moe-theme-20260515.841/moe-theme-pkg.el
  moe-theme-20260515.841/moe-theme-switcher.el
  moe-theme-20260515.841/moe-theme.el
Built moe-theme in 3.137s, finished at 2026-07-15T14:10:39+0000
