
 • Building package monitor
From https://github.com/GuiltyDolphin/monitor
Updating /mnt/store/melpa/working/monitor/
Checking out 63f4643a0ee81616dbb692b8b03bae21df2283e2
Copying files (->) and directories (=>)
  from /mnt/store/melpa/working/monitor/
  to /tmp/monitor-omKall/monitor-20161018.1144/
    monitor.el -> monitor.el
  ! doc/fdl-1.3.texi -> fdl-1.3.texi
  ! doc/monitor.texi -> monitor.texi
Generating fdl-1.3.info
Generating monitor.info
Created monitor-20161018.1144.tar containing:
  monitor-20161018.1144/
  monitor-20161018.1144/dir
  monitor-20161018.1144/fdl-1.3.info
  monitor-20161018.1144/monitor-pkg.el
  monitor-20161018.1144/monitor.el
  monitor-20161018.1144/monitor.info
Built monitor in 6.071s, finished at 2026-07-15T14:10:43+0000
