
 • Building package monky
From https://github.com/ananthakumaran/monky
Updating /mnt/store/melpa/working/monky/
Checking out 7046eee5fc9ac625924382cb4a82b0d8efcd9ff0
Copying files (->) and directories (=>)
  from /mnt/store/melpa/working/monky/
  to /tmp/monky-OT6qna/monky-20230222.2153/
    monky.el -> monky.el
    monky.info -> monky.info
    style => style
Created monky-20230222.2153.tar containing:
  monky-20230222.2153/
  monky-20230222.2153/dir
  monky-20230222.2153/monky-pkg.el
  monky-20230222.2153/monky.el
  monky-20230222.2153/monky.info
  monky-20230222.2153/style/
  monky-20230222.2153/style/files
  monky-20230222.2153/style/files-status
  monky-20230222.2153/style/log-graph
  monky-20230222.2153/style/tags
Built monky in 2.907s, finished at 2026-07-15T14:10:44+0000
