
 • Building package mono-complete
From https://codeberg.org/ideasman42/emacs-mono-complete
Updating /mnt/store/melpa/working/mono-complete/
Checking out 7d3d5656269f290a8ebec772d877d95cc815939b
Copying files (->) and directories (=>)
  from /mnt/store/melpa/working/mono-complete/
  to /tmp/mono-complete-XRiP2C/mono-complete-20260522.348/
    mono-complete-backend-capf.el -> mono-complete-backend-capf.el
    mono-complete-backend-dabbrev.el -> mono-complete-backend-dabbrev.el
    mono-complete-backend-filesystem.el -> mono-complete-backend-filesystem.el
    mono-complete-backend-spell-fu.el -> mono-complete-backend-spell-fu.el
    mono-complete-backend-whole-line.el -> mono-complete-backend-whole-line.el
    mono-complete-backend-whole-word.el -> mono-complete-backend-whole-word.el
    mono-complete-backend-word-predict.el -> mono-complete-backend-word-predict.el
    mono-complete.el -> mono-complete.el
    mono-complete-backend-word-predict.py -> mono-complete-backend-word-predict.py
Created mono-complete-20260522.348.tar containing:
  mono-complete-20260522.348/
  mono-complete-20260522.348/mono-complete-backend-capf.el
  mono-complete-20260522.348/mono-complete-backend-dabbrev.el
  mono-complete-20260522.348/mono-complete-backend-filesystem.el
  mono-complete-20260522.348/mono-complete-backend-spell-fu.el
  mono-complete-20260522.348/mono-complete-backend-whole-line.el
  mono-complete-20260522.348/mono-complete-backend-whole-word.el
  mono-complete-20260522.348/mono-complete-backend-word-predict.el
  mono-complete-20260522.348/mono-complete-backend-word-predict.py
  mono-complete-20260522.348/mono-complete-pkg.el
  mono-complete-20260522.348/mono-complete.el
Built mono-complete in 4.080s, finished at 2026-07-15T14:10:45+0000
