
 • Building package mpdel
From https://github.com/mpdel/mpdel
Updating /mnt/store/melpa/working/mpdel/
Checking out 64cf50aca68064c2857ed0e5a8fddb2075d97090
Copying files (->) and directories (=>)
  from /mnt/store/melpa/working/mpdel/
  to /tmp/mpdel-7kjtwJ/mpdel-20260114.725/
    mpdel-browser.el -> mpdel-browser.el
    mpdel-core.el -> mpdel-core.el
    mpdel-playlist.el -> mpdel-playlist.el
    mpdel-song.el -> mpdel-song.el
    mpdel-tablist.el -> mpdel-tablist.el
    mpdel.el -> mpdel.el
Created mpdel-20260114.725.tar containing:
  mpdel-20260114.725/
  mpdel-20260114.725/mpdel-browser.el
  mpdel-20260114.725/mpdel-core.el
  mpdel-20260114.725/mpdel-pkg.el
  mpdel-20260114.725/mpdel-playlist.el
  mpdel-20260114.725/mpdel-song.el
  mpdel-20260114.725/mpdel-tablist.el
  mpdel-20260114.725/mpdel.el
Built mpdel in 3.095s, finished at 2026-07-15T14:11:09+0000
