
 • Building package mpvi
From https://github.com/lorniu/mpvi
Updating /mnt/store/melpa/working/mpvi/
Checking out 79a7bd0559b38b289e5463331a9f25336453f3aa
Copying files (->) and directories (=>)
  from /mnt/store/melpa/working/mpvi/
  to /tmp/mpvi-4fMURo/mpvi-20250831.853/
    mpvi-bilibili.el -> mpvi-bilibili.el
    mpvi-emms.el -> mpvi-emms.el
    mpvi-living.el -> mpvi-living.el
    mpvi-subtitle.el -> mpvi-subtitle.el
    mpvi-websocket.el -> mpvi-websocket.el
    mpvi.el -> mpvi.el
Created mpvi-20250831.853.tar containing:
  mpvi-20250831.853/
  mpvi-20250831.853/mpvi-bilibili.el
  mpvi-20250831.853/mpvi-emms.el
  mpvi-20250831.853/mpvi-living.el
  mpvi-20250831.853/mpvi-pkg.el
  mpvi-20250831.853/mpvi-subtitle.el
  mpvi-20250831.853/mpvi-websocket.el
  mpvi-20250831.853/mpvi.el
Built mpvi in 3.398s, finished at 2026-07-15T14:11:11+0000
