
 • Building package mtg-deck-mode
From https://github.com/mattiasb/mtg-deck-mode
Updating /mnt/store/melpa/working/mtg-deck-mode/
Checking out 3cb3866951feae40531c0a2e4fa72c0f2989c36c
Copying files (->) and directories (=>)
  from /mnt/store/melpa/working/mtg-deck-mode/
  to /tmp/mtg-deck-mode-l4222E/mtg-deck-mode-20231202.1546/
    mtg-deck-mode.el -> mtg-deck-mode.el
    formats => formats
Created mtg-deck-mode-20231202.1546.tar containing:
  mtg-deck-mode-20231202.1546/
  mtg-deck-mode-20231202.1546/formats/
  mtg-deck-mode-20231202.1546/formats/all.cards
  mtg-deck-mode-20231202.1546/formats/all.names
  mtg-deck-mode-20231202.1546/formats/legacy.names
  mtg-deck-mode-20231202.1546/formats/modern.names
  mtg-deck-mode-20231202.1546/formats/standard.names
  mtg-deck-mode-20231202.1546/formats/vintage.names
  mtg-deck-mode-20231202.1546/mtg-deck-mode-pkg.el
  mtg-deck-mode-20231202.1546/mtg-deck-mode.el
Built mtg-deck-mode in 3.406s, finished at 2026-07-15T14:11:16+0000
