
 • Building package nael
From https://codeberg.org/mekeor/nael
Updating /mnt/store/melpa/working/nael/
Checking out c1d349746731bbff6bf1887c51eb7a1f3bea5c4c
Copying files (->) and directories (=>)
  from /mnt/store/melpa/working/nael/
  to /tmp/nael-1CJm6E/nael-20260309.1253/
  ! nael/nael-abbrev.el -> nael-abbrev.el
  ! nael/nael-eglot.el -> nael-eglot.el
  ! nael/nael-skeleton.el -> nael-skeleton.el
  ! nael/nael.el -> nael.el
  ! nael/nael.info -> nael.info
  ! nael/nael.texi -> nael.texi
Generating nael.info
Created nael-20260309.1253.tar containing:
  nael-20260309.1253/
  nael-20260309.1253/dir
  nael-20260309.1253/nael-abbrev.el
  nael-20260309.1253/nael-eglot.el
  nael-20260309.1253/nael-pkg.el
  nael-20260309.1253/nael-skeleton.el
  nael-20260309.1253/nael.el
  nael-20260309.1253/nael.info
Built nael in 6.377s, finished at 2026-07-15T14:11:53+0000
