
 • Building package nethack
From https://github.com/Feyorsh/nethack-el
Updating /mnt/store/melpa/working/nethack/
Checking out a666c5917a44458a103e99587239fa7db67b9072
Copying files (->) and directories (=>)
  from /mnt/store/melpa/working/nethack/
  to /tmp/nethack-re200n/nethack-20260503.532/
    nethack-api.el -> nethack-api.el
    nethack-cmd.el -> nethack-cmd.el
    nethack-compat.el -> nethack-compat.el
    nethack-gen-tiles.el -> nethack-gen-tiles.el
    nethack-keys.el -> nethack-keys.el
    nethack-lisprec.el -> nethack-lisprec.el
    nethack-options.el -> nethack-options.el
    nethack.el -> nethack.el
    enh-367.patch -> enh-367.patch
    enh-500.patch -> enh-500.patch
Created nethack-20260503.532.tar containing:
  nethack-20260503.532/
  nethack-20260503.532/enh-367.patch
  nethack-20260503.532/enh-500.patch
  nethack-20260503.532/nethack-api.el
  nethack-20260503.532/nethack-cmd.el
  nethack-20260503.532/nethack-compat.el
  nethack-20260503.532/nethack-gen-tiles.el
  nethack-20260503.532/nethack-keys.el
  nethack-20260503.532/nethack-lisprec.el
  nethack-20260503.532/nethack-options.el
  nethack-20260503.532/nethack-pkg.el
  nethack-20260503.532/nethack.el
Built nethack in 3.493s, finished at 2026-07-15T14:12:20+0000
