
 • Building package nim-mode
From https://github.com/nim-lang/nim-mode
Updating /mnt/store/melpa/working/nim-mode/
Checking out 4502f83fbbd262a8a7e014db9affcbf05c8a1e79
Copying files (->) and directories (=>)
  from /mnt/store/melpa/working/nim-mode/
  to /tmp/nim-mode-iq0Ub5/nim-mode-20260123.1302/
    nim-capf.el -> nim-capf.el
    nim-compile.el -> nim-compile.el
    nim-fill.el -> nim-fill.el
    nim-helper.el -> nim-helper.el
    nim-mode.el -> nim-mode.el
    nim-rx.el -> nim-rx.el
    nim-smie.el -> nim-smie.el
    nim-suggest.el -> nim-suggest.el
    nim-syntax.el -> nim-syntax.el
    nim-util.el -> nim-util.el
    nim-vars.el -> nim-vars.el
Created nim-mode-20260123.1302.tar containing:
  nim-mode-20260123.1302/
  nim-mode-20260123.1302/nim-capf.el
  nim-mode-20260123.1302/nim-compile.el
  nim-mode-20260123.1302/nim-fill.el
  nim-mode-20260123.1302/nim-helper.el
  nim-mode-20260123.1302/nim-mode-pkg.el
  nim-mode-20260123.1302/nim-mode.el
  nim-mode-20260123.1302/nim-rx.el
  nim-mode-20260123.1302/nim-smie.el
  nim-mode-20260123.1302/nim-suggest.el
  nim-mode-20260123.1302/nim-syntax.el
  nim-mode-20260123.1302/nim-util.el
  nim-mode-20260123.1302/nim-vars.el
Built nim-mode in 3.598s, finished at 2026-07-15T14:12:36+0000
