
 • Building package notmuch
From https://git.notmuchmail.org/git/notmuch
Updating /mnt/store/melpa/working/notmuch/
Checking out 094744b3f6f5c6831b6555d1fe75709abf1d1279
Copying files (->) and directories (=>)
  from /mnt/store/melpa/working/notmuch/
  to /tmp/notmuch-knQRpQ/notmuch-20260314.2247/
  ! emacs/autoloads-gen.el -> autoloads-gen.el
  ! emacs/coolj.el -> coolj.el
  ! emacs/make-deps.el -> make-deps.el
  ! emacs/notmuch-address.el -> notmuch-address.el
  ! emacs/notmuch-company.el -> notmuch-company.el
  ! emacs/notmuch-compat.el -> notmuch-compat.el
  ! emacs/notmuch-crypto.el -> notmuch-crypto.el
  ! emacs/notmuch-draft.el -> notmuch-draft.el
  ! emacs/notmuch-hello.el -> notmuch-hello.el
  ! emacs/notmuch-jump.el -> notmuch-jump.el
  ! emacs/notmuch-lib.el -> notmuch-lib.el
  ! emacs/notmuch-maildir-fcc.el -> notmuch-maildir-fcc.el
  ! emacs/notmuch-message.el -> notmuch-message.el
  ! emacs/notmuch-mua.el -> notmuch-mua.el
  ! emacs/notmuch-parser.el -> notmuch-parser.el
  ! emacs/notmuch-print.el -> notmuch-print.el
  ! emacs/notmuch-query.el -> notmuch-query.el
  ! emacs/notmuch-show.el -> notmuch-show.el
  ! emacs/notmuch-tag.el -> notmuch-tag.el
  ! emacs/notmuch-tree.el -> notmuch-tree.el
  ! emacs/notmuch-wash.el -> notmuch-wash.el
  ! emacs/notmuch.el -> notmuch.el
  ! emacs/rstdoc.el -> rstdoc.el
  ! emacs/notmuch-logo.svg -> notmuch-logo.svg
Created notmuch-20260314.2247.tar containing:
  notmuch-20260314.2247/
  notmuch-20260314.2247/autoloads-gen.el
  notmuch-20260314.2247/coolj.el
  notmuch-20260314.2247/make-deps.el
  notmuch-20260314.2247/notmuch-address.el
  notmuch-20260314.2247/notmuch-company.el
  notmuch-20260314.2247/notmuch-compat.el
  notmuch-20260314.2247/notmuch-crypto.el
  notmuch-20260314.2247/notmuch-draft.el
  notmuch-20260314.2247/notmuch-hello.el
  notmuch-20260314.2247/notmuch-jump.el
  notmuch-20260314.2247/notmuch-lib.el
  notmuch-20260314.2247/notmuch-logo.svg
  notmuch-20260314.2247/notmuch-maildir-fcc.el
  notmuch-20260314.2247/notmuch-message.el
  notmuch-20260314.2247/notmuch-mua.el
  notmuch-20260314.2247/notmuch-parser.el
  notmuch-20260314.2247/notmuch-pkg.el
  notmuch-20260314.2247/notmuch-print.el
  notmuch-20260314.2247/notmuch-query.el
  notmuch-20260314.2247/notmuch-show.el
  notmuch-20260314.2247/notmuch-tag.el
  notmuch-20260314.2247/notmuch-tree.el
  notmuch-20260314.2247/notmuch-wash.el
  notmuch-20260314.2247/notmuch.el
  notmuch-20260314.2247/rstdoc.el
Built notmuch in 4.651s, finished at 2026-07-15T14:13:08+0000
