
 • Building package npm
From https://github.com/shaneikennedy/npm.el
Updating /mnt/store/melpa/working/npm/
Checking out 45ac45b700c97b61e3133e7a17befb4ebc1d4332
Copying files (->) and directories (=>)
  from /mnt/store/melpa/working/npm/
  to /tmp/npm-zVAYfn/npm-20241222.1207/
    npm-common.el -> npm-common.el
    npm-init.el -> npm-init.el
    npm-install.el -> npm-install.el
    npm-publish.el -> npm-publish.el
    npm-run.el -> npm-run.el
    npm-update.el -> npm-update.el
    npm.el -> npm.el
Created npm-20241222.1207.tar containing:
  npm-20241222.1207/
  npm-20241222.1207/npm-common.el
  npm-20241222.1207/npm-init.el
  npm-20241222.1207/npm-install.el
  npm-20241222.1207/npm-pkg.el
  npm-20241222.1207/npm-publish.el
  npm-20241222.1207/npm-run.el
  npm-20241222.1207/npm-update.el
  npm-20241222.1207/npm.el
Built npm in 2.655s, finished at 2026-07-15T14:13:12+0000
