
 • Building package nucleo-completion
From https://github.com/kn66/nucleo-completion.el
Updating /mnt/store/melpa/working/nucleo-completion/
Checking out 0f07a5bcd384716a3b79ab9e82005bb54f721122
Copying files (->) and directories (=>)
  from /mnt/store/melpa/working/nucleo-completion/
  to /tmp/nucleo-completion-ZZBknh/nucleo-completion-20260530.1008/
    nucleo-completion.el -> nucleo-completion.el
    src => src
    Cargo.toml -> Cargo.toml
    Cargo.lock -> Cargo.lock
Created nucleo-completion-20260530.1008.tar containing:
  nucleo-completion-20260530.1008/
  nucleo-completion-20260530.1008/Cargo.lock
  nucleo-completion-20260530.1008/Cargo.toml
  nucleo-completion-20260530.1008/nucleo-completion-pkg.el
  nucleo-completion-20260530.1008/nucleo-completion.el
  nucleo-completion-20260530.1008/src/
  nucleo-completion-20260530.1008/src/lib.rs
Built nucleo-completion in 3.130s, finished at 2026-07-15T14:13:18+0000
