
 • Building package oai
From https://github.com/Anoncheg1/emacs-oai
Updating /mnt/store/melpa/working/oai/
Checking out c3aa204f5538d6b125fb86372ba5d6baeb3d35a0
Copying files (->) and directories (=>)
  from /mnt/store/melpa/working/oai/
  to /tmp/oai-Zwgssy/oai-20260605.649/
    oai-async1.el -> oai-async1.el
    oai-block-msgs.el -> oai-block-msgs.el
    oai-block-tags.el -> oai-block-tags.el
    oai-block.el -> oai-block.el
    oai-debug.el -> oai-debug.el
    oai-optional.el -> oai-optional.el
    oai-prompt.el -> oai-prompt.el
    oai-restapi.el -> oai-restapi.el
    oai-timers.el -> oai-timers.el
    oai.el -> oai.el
Created oai-20260605.649.tar containing:
  oai-20260605.649/
  oai-20260605.649/oai-async1.el
  oai-20260605.649/oai-block-msgs.el
  oai-20260605.649/oai-block-tags.el
  oai-20260605.649/oai-block.el
  oai-20260605.649/oai-debug.el
  oai-20260605.649/oai-optional.el
  oai-20260605.649/oai-pkg.el
  oai-20260605.649/oai-prompt.el
  oai-20260605.649/oai-restapi.el
  oai-20260605.649/oai-timers.el
  oai-20260605.649/oai.el
Built oai in 3.563s, finished at 2026-06-07T15:34:10+0000
