
 • Building package ob-ml-marklogic
From https://github.com/ndw/ob-ml-marklogic
Updating /mnt/store/melpa/working/ob-ml-marklogic/
Checking out d5660ad14f29e17cd26ae92eeb585b24030e9570
Copying files (->) and directories (=>)
  from /mnt/store/melpa/working/ob-ml-marklogic/
  to /tmp/ob-ml-marklogic-jYJq3l/ob-ml-marklogic-20190312.1314/
    ob-ml-common.el -> ob-ml-common.el
    ob-ml-javascript.el -> ob-ml-javascript.el
    ob-ml-marklogic.el -> ob-ml-marklogic.el
    ob-ml-sparql.el -> ob-ml-sparql.el
    ob-ml-xquery.el -> ob-ml-xquery.el
Created ob-ml-marklogic-20190312.1314.tar containing:
  ob-ml-marklogic-20190312.1314/
  ob-ml-marklogic-20190312.1314/ob-ml-common.el
  ob-ml-marklogic-20190312.1314/ob-ml-javascript.el
  ob-ml-marklogic-20190312.1314/ob-ml-marklogic-pkg.el
  ob-ml-marklogic-20190312.1314/ob-ml-marklogic.el
  ob-ml-marklogic-20190312.1314/ob-ml-sparql.el
  ob-ml-marklogic-20190312.1314/ob-ml-xquery.el
Built ob-ml-marklogic in 4.382s, finished at 2026-07-15T14:14:21+0000
