
 • Building package ocaml-eglot
From https://github.com/tarides/ocaml-eglot
Updating /mnt/store/melpa/working/ocaml-eglot/
Checking out 1edc88567f45dba18f220fc705acd93e652e12ff
Copying files (->) and directories (=>)
  from /mnt/store/melpa/working/ocaml-eglot/
  to /tmp/ocaml-eglot-IwlVFT/ocaml-eglot-20260526.2031/
    ocaml-eglot-req.el -> ocaml-eglot-req.el
    ocaml-eglot-type-enclosing.el -> ocaml-eglot-type-enclosing.el
    ocaml-eglot-util.el -> ocaml-eglot-util.el
    ocaml-eglot-xref.el -> ocaml-eglot-xref.el
    ocaml-eglot.el -> ocaml-eglot.el
Created ocaml-eglot-20260526.2031.tar containing:
  ocaml-eglot-20260526.2031/
  ocaml-eglot-20260526.2031/ocaml-eglot-pkg.el
  ocaml-eglot-20260526.2031/ocaml-eglot-req.el
  ocaml-eglot-20260526.2031/ocaml-eglot-type-enclosing.el
  ocaml-eglot-20260526.2031/ocaml-eglot-util.el
  ocaml-eglot-20260526.2031/ocaml-eglot-xref.el
  ocaml-eglot-20260526.2031/ocaml-eglot.el
Built ocaml-eglot in 8.958s, finished at 2026-07-15T14:15:18+0000
