
 • Building package org-window-habit
From https://github.com/colonelpanic8/org-window-habit
Updating /mnt/store/melpa/working/org-window-habit/
Checking out 19a6e070502e2b0d9aa85f12eda48debb44a479b
Copying files (->) and directories (=>)
  from /mnt/store/melpa/working/org-window-habit/
  to /tmp/org-window-habit-SVZ4XR/org-window-habit-20260620.108/
    org-window-habit-advice.el -> org-window-habit-advice.el
    org-window-habit-computation.el -> org-window-habit-computation.el
    org-window-habit-config.el -> org-window-habit-config.el
    org-window-habit-core.el -> org-window-habit-core.el
    org-window-habit-graph.el -> org-window-habit-graph.el
    org-window-habit-instance.el -> org-window-habit-instance.el
    org-window-habit-logbook.el -> org-window-habit-logbook.el
    org-window-habit-meta.el -> org-window-habit-meta.el
    org-window-habit-time.el -> org-window-habit-time.el
    org-window-habit.el -> org-window-habit.el
Created org-window-habit-20260620.108.tar containing:
  org-window-habit-20260620.108/
  org-window-habit-20260620.108/org-window-habit-advice.el
  org-window-habit-20260620.108/org-window-habit-computation.el
  org-window-habit-20260620.108/org-window-habit-config.el
  org-window-habit-20260620.108/org-window-habit-core.el
  org-window-habit-20260620.108/org-window-habit-graph.el
  org-window-habit-20260620.108/org-window-habit-instance.el
  org-window-habit-20260620.108/org-window-habit-logbook.el
  org-window-habit-20260620.108/org-window-habit-meta.el
  org-window-habit-20260620.108/org-window-habit-pkg.el
  org-window-habit-20260620.108/org-window-habit-time.el
  org-window-habit-20260620.108/org-window-habit.el
Built org-window-habit in 3.490s, finished at 2026-07-15T14:19:50+0000
