
 • Building package org-gtd
From https://github.com/Trevoke/org-gtd.el
Updating /mnt/store/melpa/working/org-gtd/
Checking out 01a12298033304b751628f41c088e9467d80532c
Copying files (->) and directories (=>)
  from /mnt/store/melpa/working/org-gtd/
  to /tmp/org-gtd-6uEVxt/org-gtd-20260605.2210/
    org-gtd-accessors.el -> org-gtd-accessors.el
    org-gtd-agenda-property.el -> org-gtd-agenda-property.el
    org-gtd-agenda-transient.el -> org-gtd-agenda-transient.el
    org-gtd-agenda.el -> org-gtd-agenda.el
    org-gtd-archive.el -> org-gtd-archive.el
    org-gtd-areas-of-focus.el -> org-gtd-areas-of-focus.el
    org-gtd-backward-compatibility.el -> org-gtd-backward-compatibility.el
    org-gtd-calendar.el -> org-gtd-calendar.el
    org-gtd-capture.el -> org-gtd-capture.el
    org-gtd-clarify.el -> org-gtd-clarify.el
    org-gtd-command-center.el -> org-gtd-command-center.el
    org-gtd-configure.el -> org-gtd-configure.el
    org-gtd-context.el -> org-gtd-context.el
    org-gtd-core.el -> org-gtd-core.el
    org-gtd-create.el -> org-gtd-create.el
    org-gtd-dag-draw.el -> org-gtd-dag-draw.el
    org-gtd-delegate.el -> org-gtd-delegate.el
    org-gtd-dependencies.el -> org-gtd-dependencies.el
    org-gtd-engage.el -> org-gtd-engage.el
    org-gtd-files.el -> org-gtd-files.el
    org-gtd-graph-data.el -> org-gtd-graph-data.el
    org-gtd-graph-debug.el -> org-gtd-graph-debug.el
    org-gtd-graph-filter.el -> org-gtd-graph-filter.el
    org-gtd-graph-mode.el -> org-gtd-graph-mode.el
    org-gtd-graph-navigation.el -> org-gtd-graph-navigation.el
    org-gtd-graph-transient.el -> org-gtd-graph-transient.el
    org-gtd-graph-ui.el -> org-gtd-graph-ui.el
    org-gtd-graph-view.el -> org-gtd-graph-view.el
    org-gtd-habit.el -> org-gtd-habit.el
    org-gtd-hooks.el -> org-gtd-hooks.el
    org-gtd-horizons.el -> org-gtd-horizons.el
    org-gtd-id.el -> org-gtd-id.el
    org-gtd-knowledge.el -> org-gtd-knowledge.el
    org-gtd-mode.el -> org-gtd-mode.el
    org-gtd-next-action.el -> org-gtd-next-action.el
    org-gtd-organize-core.el -> org-gtd-organize-core.el
    org-gtd-organize.el -> org-gtd-organize.el
    org-gtd-pkg.el -> org-gtd-pkg.el
    org-gtd-process.el -> org-gtd-process.el
    org-gtd-project-operations.el -> org-gtd-project-operations.el
    org-gtd-projects.el -> org-gtd-projects.el
    org-gtd-quick-action.el -> org-gtd-quick-action.el
    org-gtd-reactivate.el -> org-gtd-reactivate.el
    org-gtd-refile.el -> org-gtd-refile.el
    org-gtd-reflect.el -> org-gtd-reflect.el
    org-gtd-skip.el -> org-gtd-skip.el
    org-gtd-someday-review.el -> org-gtd-someday-review.el
    org-gtd-someday.el -> org-gtd-someday.el
    org-gtd-svg-render.el -> org-gtd-svg-render.el
    org-gtd-task-management.el -> org-gtd-task-management.el
    org-gtd-tickler.el -> org-gtd-tickler.el
    org-gtd-trash.el -> org-gtd-trash.el
    org-gtd-types.el -> org-gtd-types.el
    org-gtd-upgrades.el -> org-gtd-upgrades.el
    org-gtd-value-objects.el -> org-gtd-value-objects.el
    org-gtd-view-language.el -> org-gtd-view-language.el
    org-gtd-wip.el -> org-gtd-wip.el
    org-gtd.el -> org-gtd.el
    dir -> dir
    org-gtd.info -> org-gtd.info
Created org-gtd-20260605.2210.tar containing:
  org-gtd-20260605.2210/
  org-gtd-20260605.2210/dir
  org-gtd-20260605.2210/org-gtd-accessors.el
  org-gtd-20260605.2210/org-gtd-agenda-property.el
  org-gtd-20260605.2210/org-gtd-agenda-transient.el
  org-gtd-20260605.2210/org-gtd-agenda.el
  org-gtd-20260605.2210/org-gtd-archive.el
  org-gtd-20260605.2210/org-gtd-areas-of-focus.el
  org-gtd-20260605.2210/org-gtd-backward-compatibility.el
  org-gtd-20260605.2210/org-gtd-calendar.el
  org-gtd-20260605.2210/org-gtd-capture.el
  org-gtd-20260605.2210/org-gtd-clarify.el
  org-gtd-20260605.2210/org-gtd-command-center.el
  org-gtd-20260605.2210/org-gtd-configure.el
  org-gtd-20260605.2210/org-gtd-context.el
  org-gtd-20260605.2210/org-gtd-core.el
  org-gtd-20260605.2210/org-gtd-create.el
  org-gtd-20260605.2210/org-gtd-dag-draw.el
  org-gtd-20260605.2210/org-gtd-delegate.el
  org-gtd-20260605.2210/org-gtd-dependencies.el
  org-gtd-20260605.2210/org-gtd-engage.el
  org-gtd-20260605.2210/org-gtd-files.el
  org-gtd-20260605.2210/org-gtd-graph-data.el
  org-gtd-20260605.2210/org-gtd-graph-debug.el
  org-gtd-20260605.2210/org-gtd-graph-filter.el
  org-gtd-20260605.2210/org-gtd-graph-mode.el
  org-gtd-20260605.2210/org-gtd-graph-navigation.el
  org-gtd-20260605.2210/org-gtd-graph-transient.el
  org-gtd-20260605.2210/org-gtd-graph-ui.el
  org-gtd-20260605.2210/org-gtd-graph-view.el
  org-gtd-20260605.2210/org-gtd-habit.el
  org-gtd-20260605.2210/org-gtd-hooks.el
  org-gtd-20260605.2210/org-gtd-horizons.el
  org-gtd-20260605.2210/org-gtd-id.el
  org-gtd-20260605.2210/org-gtd-knowledge.el
  org-gtd-20260605.2210/org-gtd-mode.el
  org-gtd-20260605.2210/org-gtd-next-action.el
  org-gtd-20260605.2210/org-gtd-organize-core.el
  org-gtd-20260605.2210/org-gtd-organize.el
  org-gtd-20260605.2210/org-gtd-pkg.el
  org-gtd-20260605.2210/org-gtd-process.el
  org-gtd-20260605.2210/org-gtd-project-operations.el
  org-gtd-20260605.2210/org-gtd-projects.el
  org-gtd-20260605.2210/org-gtd-quick-action.el
  org-gtd-20260605.2210/org-gtd-reactivate.el
  org-gtd-20260605.2210/org-gtd-refile.el
  org-gtd-20260605.2210/org-gtd-reflect.el
  org-gtd-20260605.2210/org-gtd-skip.el
  org-gtd-20260605.2210/org-gtd-someday-review.el
  org-gtd-20260605.2210/org-gtd-someday.el
  org-gtd-20260605.2210/org-gtd-svg-render.el
  org-gtd-20260605.2210/org-gtd-task-management.el
  org-gtd-20260605.2210/org-gtd-tickler.el
  org-gtd-20260605.2210/org-gtd-trash.el
  org-gtd-20260605.2210/org-gtd-types.el
  org-gtd-20260605.2210/org-gtd-upgrades.el
  org-gtd-20260605.2210/org-gtd-value-objects.el
  org-gtd-20260605.2210/org-gtd-view-language.el
  org-gtd-20260605.2210/org-gtd-wip.el
  org-gtd-20260605.2210/org-gtd.el
  org-gtd-20260605.2210/org-gtd.info
Built org-gtd in 6.204s, finished at 2026-07-15T14:18:03+0000
