
 • Building package org-roam
From https://github.com/org-roam/org-roam
Updating /mnt/store/melpa/working/org-roam/
Checking out c54c523dec175695645399705606ea19056a3053
Copying files (->) and directories (=>)
  from /mnt/store/melpa/working/org-roam/
  to /tmp/org-roam-3OJUDk/org-roam-20260425.1623/
    org-roam-capture.el -> org-roam-capture.el
    org-roam-compat.el -> org-roam-compat.el
    org-roam-db.el -> org-roam-db.el
    org-roam-id.el -> org-roam-id.el
    org-roam-log.el -> org-roam-log.el
    org-roam-migrate.el -> org-roam-migrate.el
    org-roam-mode.el -> org-roam-mode.el
    org-roam-node.el -> org-roam-node.el
    org-roam-utils.el -> org-roam-utils.el
    org-roam.el -> org-roam.el
  ! doc/org-roam.texi -> org-roam.texi
  ! extensions/org-roam-dailies.el -> org-roam-dailies.el
  ! extensions/org-roam-export.el -> org-roam-export.el
  ! extensions/org-roam-graph.el -> org-roam-graph.el
  ! extensions/org-roam-overlay.el -> org-roam-overlay.el
  ! extensions/org-roam-protocol.el -> org-roam-protocol.el
Generating org-roam.info
Created org-roam-20260425.1623.tar containing:
  org-roam-20260425.1623/
  org-roam-20260425.1623/dir
  org-roam-20260425.1623/org-roam-capture.el
  org-roam-20260425.1623/org-roam-compat.el
  org-roam-20260425.1623/org-roam-dailies.el
  org-roam-20260425.1623/org-roam-db.el
  org-roam-20260425.1623/org-roam-export.el
  org-roam-20260425.1623/org-roam-graph.el
  org-roam-20260425.1623/org-roam-id.el
  org-roam-20260425.1623/org-roam-log.el
  org-roam-20260425.1623/org-roam-migrate.el
  org-roam-20260425.1623/org-roam-mode.el
  org-roam-20260425.1623/org-roam-node.el
  org-roam-20260425.1623/org-roam-overlay.el
  org-roam-20260425.1623/org-roam-pkg.el
  org-roam-20260425.1623/org-roam-protocol.el
  org-roam-20260425.1623/org-roam-utils.el
  org-roam-20260425.1623/org-roam.el
  org-roam-20260425.1623/org-roam.info
Built org-roam in 7.804s, finished at 2026-07-15T14:19:09+0000
