
 • Building package org-newtab
From https://github.com/Zweihander-Main/org-newtab
Updating /mnt/store/melpa/working/org-newtab/
Checking out eca494a43e242558bd8db24d321ad62a8ec86c02
Copying files (->) and directories (=>)
  from /mnt/store/melpa/working/org-newtab/
  to /tmp/org-newtab-TN6bMG/org-newtab-20240227.155/
  ! lisp/org-newtab-agenda.el -> org-newtab-agenda.el
  ! lisp/org-newtab-item.el -> org-newtab-item.el
  ! lisp/org-newtab-mode.el -> org-newtab-mode.el
  ! lisp/org-newtab-server.el -> org-newtab-server.el
  ! lisp/org-newtab-store.el -> org-newtab-store.el
  ! lisp/org-newtab.el -> org-newtab.el
Created org-newtab-20240227.155.tar containing:
  org-newtab-20240227.155/
  org-newtab-20240227.155/org-newtab-agenda.el
  org-newtab-20240227.155/org-newtab-item.el
  org-newtab-20240227.155/org-newtab-mode.el
  org-newtab-20240227.155/org-newtab-pkg.el
  org-newtab-20240227.155/org-newtab-server.el
  org-newtab-20240227.155/org-newtab-store.el
  org-newtab-20240227.155/org-newtab.el
Built org-newtab in 3.517s, finished at 2026-07-15T14:18:33+0000
