
 • Building package org-link-beautify
From https://repo.or.cz/org-link-beautify.git
Updating /mnt/store/melpa/working/org-link-beautify/
Checking out 7ef11d4fe9874324985006875b9c96f227c6c10b
Copying files (->) and directories (=>)
  from /mnt/store/melpa/working/org-link-beautify/
  to /tmp/org-link-beautify-6J252P/org-link-beautify-20260426.557/
    org-link-beautify-new.el -> org-link-beautify-new.el
    org-link-beautify-old.el -> org-link-beautify-old.el
    org-link-beautify.el -> org-link-beautify.el
    scripts => scripts
Created org-link-beautify-20260426.557.tar containing:
  org-link-beautify-20260426.557/
  org-link-beautify-20260426.557/org-link-beautify-new.el
  org-link-beautify-20260426.557/org-link-beautify-old.el
  org-link-beautify-20260426.557/org-link-beautify-pkg.el
  org-link-beautify-20260426.557/org-link-beautify.el
  org-link-beautify-20260426.557/scripts/
  org-link-beautify-20260426.557/scripts/thumbnailer-epub.py
  org-link-beautify-20260426.557/scripts/thumbnailer-video.py
  org-link-beautify-20260426.557/scripts/thumbnailer.py
Built org-link-beautify in 4.305s, finished at 2026-07-15T14:18:21+0000
