
 • Building package org-noter
From https://github.com/org-noter/org-noter
Updating /mnt/store/melpa/working/org-noter/
Checking out ab9628e449d76af8b2e5a9d5fead4e03ca76a03d
Copying files (->) and directories (=>)
  from /mnt/store/melpa/working/org-noter/
  to /tmp/org-noter-ipZGRp/org-noter-20260413.213/
    org-noter-core.el -> org-noter-core.el
    org-noter.el -> org-noter.el
    modules => modules
Created org-noter-20260413.213.tar containing:
  org-noter-20260413.213/
  org-noter-20260413.213/modules/
  org-noter-20260413.213/modules/org-noter-djvu.el
  org-noter-20260413.213/modules/org-noter-nov.el
  org-noter-20260413.213/modules/org-noter-org-roam.el
  org-noter-20260413.213/modules/org-noter-pdf.el
  org-noter-20260413.213/org-noter-core.el
  org-noter-20260413.213/org-noter-pkg.el
  org-noter-20260413.213/org-noter.el
Built org-noter in 3.497s, finished at 2026-07-15T14:18:35+0000
