
 • Building package org-incoming
From https://github.com/tinloaf/org-incoming
Updating /mnt/store/melpa/working/org-incoming/
Checking out e702e208326a583e44e4e0c6bf7d9ce397a97453
Copying files (->) and directories (=>)
  from /mnt/store/melpa/working/org-incoming/
  to /tmp/org-incoming-9IDOX3/org-incoming-20250522.752/
    org-incoming.el -> org-incoming.el
    dir -> dir
    org-incoming.info -> org-incoming.info
    doc/screenshot_annotation.png -> doc/screenshot_annotation.png
    doc/screenshot_query.png -> doc/screenshot_query.png
Created org-incoming-20250522.752.tar containing:
  org-incoming-20250522.752/
  org-incoming-20250522.752/dir
  org-incoming-20250522.752/doc/
  org-incoming-20250522.752/doc/screenshot_annotation.png
  org-incoming-20250522.752/doc/screenshot_query.png
  org-incoming-20250522.752/org-incoming-pkg.el
  org-incoming-20250522.752/org-incoming.el
  org-incoming-20250522.752/org-incoming.info
Built org-incoming in 3.539s, finished at 2026-07-15T14:18:06+0000
