
 • Building package org-vcard
From https://github.com/pinoaffe/org-vcard
Updating /mnt/store/melpa/working/org-vcard/
Checking out 03c504c34e5c31091d971090b249064e332987d7
Copying files (->) and directories (=>)
  from /mnt/store/melpa/working/org-vcard/
  to /tmp/org-vcard-GzTCnz/org-vcard-20250828.809/
    org-vcard.el -> org-vcard.el
    styles => styles
Created org-vcard-20250828.809.tar containing:
  org-vcard-20250828.809/
  org-vcard-20250828.809/org-vcard-pkg.el
  org-vcard-20250828.809/org-vcard.el
  org-vcard-20250828.809/styles/
  org-vcard-20250828.809/styles/flat/
  org-vcard-20250828.809/styles/flat/functions.el
  org-vcard-20250828.809/styles/flat/mappings/
  org-vcard-20250828.809/styles/flat/mappings/en
  org-vcard-20250828.809/styles/flat/mappings/en_AU
  org-vcard-20250828.809/styles/flat/mappings/en_US
  org-vcard-20250828.809/styles/tree/
  org-vcard-20250828.809/styles/tree/functions.el
  org-vcard-20250828.809/styles/tree/mappings/
  org-vcard-20250828.809/styles/tree/mappings/en
  org-vcard-20250828.809/styles/tree/mappings/en_AU
  org-vcard-20250828.809/styles/tree/mappings/en_US
Built org-vcard in 3.047s, finished at 2026-07-15T14:19:45+0000
