
 • Building package org-grimoire
From https://github.com/spiperac/org-grimoire
Updating /mnt/store/melpa/working/org-grimoire/
Checking out 0a15e6be54ded80882b4b25d00c48c29b34f4692
Copying files (->) and directories (=>)
  from /mnt/store/melpa/working/org-grimoire/
  to /tmp/org-grimoire-4b7VZ0/org-grimoire-20260402.309/
    org-grimoire.el -> org-grimoire.el
    themes => themes
Created org-grimoire-20260402.309.tar containing:
  org-grimoire-20260402.309/
  org-grimoire-20260402.309/org-grimoire-pkg.el
  org-grimoire-20260402.309/org-grimoire.el
  org-grimoire-20260402.309/themes/
  org-grimoire-20260402.309/themes/default/
  org-grimoire-20260402.309/themes/default/base.html
  org-grimoire-20260402.309/themes/default/index.html
  org-grimoire-20260402.309/themes/default/page.html
  org-grimoire-20260402.309/themes/default/partials/
  org-grimoire-20260402.309/themes/default/partials/footer.html
  org-grimoire-20260402.309/themes/default/partials/navbar.html
  org-grimoire-20260402.309/themes/default/partials/pagination.html
  org-grimoire-20260402.309/themes/default/partials/post-item.html
  org-grimoire-20260402.309/themes/default/partials/tag-index.html
  org-grimoire-20260402.309/themes/default/partials/tag-item.html
  org-grimoire-20260402.309/themes/default/post.html
  org-grimoire-20260402.309/themes/default/static/
  org-grimoire-20260402.309/themes/default/static/css/
  org-grimoire-20260402.309/themes/default/static/css/style.css
  org-grimoire-20260402.309/themes/default/tags.html
Built org-grimoire in 3.227s, finished at 2026-07-15T14:18:00+0000
