
 • Building package org-sync
From https://github.com/arbox/org-sync
Updating /mnt/store/melpa/working/org-sync/
Checking out e34a385fa9e658c8341a0a6e6bc3472d4d536bb8
Copying files (->) and directories (=>)
  from /mnt/store/melpa/working/org-sync/
  to /tmp/org-sync-JDZo4I/org-sync-20181204.23/
    org-sync-bb.el -> org-sync-bb.el
    org-sync-github.el -> org-sync-github.el
    org-sync-gitlab.el -> org-sync-gitlab.el
    org-sync-redmine.el -> org-sync-redmine.el
    org-sync-rtm.el -> org-sync-rtm.el
    org-sync.el -> org-sync.el
Created org-sync-20181204.23.tar containing:
  org-sync-20181204.23/
  org-sync-20181204.23/org-sync-bb.el
  org-sync-20181204.23/org-sync-github.el
  org-sync-20181204.23/org-sync-gitlab.el
  org-sync-20181204.23/org-sync-pkg.el
  org-sync-20181204.23/org-sync-redmine.el
  org-sync-20181204.23/org-sync-rtm.el
  org-sync-20181204.23/org-sync.el
Built org-sync in 3.427s, finished at 2026-07-15T14:19:27+0000
