
 • Building package org-mem
From https://github.com/meedstrom/org-mem
Updating /mnt/store/melpa/working/org-mem/
Checking out 07094dac902e452d59533e4d01e8177afaa0cfd1
Copying files (->) and directories (=>)
  from /mnt/store/melpa/working/org-mem/
  to /tmp/org-mem-QXhX9i/org-mem-20260326.1145/
    org-mem-list.el -> org-mem-list.el
    org-mem-parser.el -> org-mem-parser.el
    org-mem-roamy.el -> org-mem-roamy.el
    org-mem-updater.el -> org-mem-updater.el
    org-mem.el -> org-mem.el
    org-mem.texi -> org-mem.texi
Generating org-mem.info
Created org-mem-20260326.1145.tar containing:
  org-mem-20260326.1145/
  org-mem-20260326.1145/dir
  org-mem-20260326.1145/org-mem-list.el
  org-mem-20260326.1145/org-mem-parser.el
  org-mem-20260326.1145/org-mem-pkg.el
  org-mem-20260326.1145/org-mem-roamy.el
  org-mem-20260326.1145/org-mem-updater.el
  org-mem-20260326.1145/org-mem.el
  org-mem-20260326.1145/org-mem.info
Built org-mem in 6.083s, finished at 2026-07-15T14:18:28+0000
