
 • Building package org-social
From https://github.com/tanrax/org-social.el
Updating /mnt/store/melpa/working/org-social/
Checking out 754f16c45585fb733fd521558b572f03bc964708
Copying files (->) and directories (=>)
  from /mnt/store/melpa/working/org-social/
  to /tmp/org-social-HjSD7A/org-social-20260525.725/
    org-social-accounts.el -> org-social-accounts.el
    org-social-feed.el -> org-social-feed.el
    org-social-file.el -> org-social-file.el
    org-social-notifications.el -> org-social-notifications.el
    org-social-parser.el -> org-social-parser.el
    org-social-partial-fetch.el -> org-social-partial-fetch.el
    org-social-pkg.el -> org-social-pkg.el
    org-social-polls.el -> org-social-polls.el
    org-social-realtime.el -> org-social-realtime.el
    org-social-relay.el -> org-social-relay.el
    org-social-ui.el -> org-social-ui.el
    org-social-user-queue.el -> org-social-user-queue.el
    org-social-validator.el -> org-social-validator.el
    org-social-variables.el -> org-social-variables.el
    org-social.el -> org-social.el
  ! ui/org-social-ui-components.el -> org-social-ui-components.el
  ! ui/org-social-ui-core.el -> org-social-ui-core.el
  ! ui/org-social-ui-utils.el -> org-social-ui-utils.el
  ! ui/buffers/org-social-ui-discover.el -> org-social-ui-discover.el
  ! ui/buffers/org-social-ui-groups.el -> org-social-ui-groups.el
  ! ui/buffers/org-social-ui-notifications.el -> org-social-ui-notifications.el
  ! ui/buffers/org-social-ui-profile.el -> org-social-ui-profile.el
  ! ui/buffers/org-social-ui-search.el -> org-social-ui-search.el
  ! ui/buffers/org-social-ui-thread.el -> org-social-ui-thread.el
  ! ui/buffers/org-social-ui-timeline.el -> org-social-ui-timeline.el
Created org-social-20260525.725.tar containing:
  org-social-20260525.725/
  org-social-20260525.725/org-social-accounts.el
  org-social-20260525.725/org-social-feed.el
  org-social-20260525.725/org-social-file.el
  org-social-20260525.725/org-social-notifications.el
  org-social-20260525.725/org-social-parser.el
  org-social-20260525.725/org-social-partial-fetch.el
  org-social-20260525.725/org-social-pkg.el
  org-social-20260525.725/org-social-polls.el
  org-social-20260525.725/org-social-realtime.el
  org-social-20260525.725/org-social-relay.el
  org-social-20260525.725/org-social-ui-components.el
  org-social-20260525.725/org-social-ui-core.el
  org-social-20260525.725/org-social-ui-discover.el
  org-social-20260525.725/org-social-ui-groups.el
  org-social-20260525.725/org-social-ui-notifications.el
  org-social-20260525.725/org-social-ui-profile.el
  org-social-20260525.725/org-social-ui-search.el
  org-social-20260525.725/org-social-ui-thread.el
  org-social-20260525.725/org-social-ui-timeline.el
  org-social-20260525.725/org-social-ui-utils.el
  org-social-20260525.725/org-social-ui.el
  org-social-20260525.725/org-social-user-queue.el
  org-social-20260525.725/org-social-validator.el
  org-social-20260525.725/org-social-variables.el
  org-social-20260525.725/org-social.el
Built org-social in 4.401s, finished at 2026-07-15T14:19:21+0000
