
 • Building package organize-imports-java
From https://github.com/jcs-elpa/organize-imports-java
Updating /mnt/store/melpa/working/organize-imports-java/
Checking out 0782a1814104c556a39ac13f0d64f7a9d787899d
Copying files (->) and directories (=>)
  from /mnt/store/melpa/working/organize-imports-java/
  to /tmp/organize-imports-java-MDz424/organize-imports-java-20260101.601/
    organize-imports-java.el -> organize-imports-java.el
    sdk => sdk
    default => default
Created organize-imports-java-20260101.601.tar containing:
  organize-imports-java-20260101.601/
  organize-imports-java-20260101.601/default/
  organize-imports-java-20260101.601/default/oij.config
  organize-imports-java-20260101.601/organize-imports-java-pkg.el
  organize-imports-java-20260101.601/organize-imports-java.el
  organize-imports-java-20260101.601/sdk/
  organize-imports-java-20260101.601/sdk/jre/
  organize-imports-java-20260101.601/sdk/jre/lib/
  organize-imports-java-20260101.601/sdk/jre/lib/charsets.jar
  organize-imports-java-20260101.601/sdk/jre/lib/ext/
  organize-imports-java-20260101.601/sdk/jre/lib/ext/cldrdata.jar
  organize-imports-java-20260101.601/sdk/jre/lib/ext/dnsns.jar
  organize-imports-java-20260101.601/sdk/jre/lib/ext/jaccess.jar
  organize-imports-java-20260101.601/sdk/jre/lib/ext/jfxrt.jar
  organize-imports-java-20260101.601/sdk/jre/lib/ext/localedata.jar
  organize-imports-java-20260101.601/sdk/jre/lib/ext/nashorn.jar
  organize-imports-java-20260101.601/sdk/jre/lib/ext/sunec.jar
  organize-imports-java-20260101.601/sdk/jre/lib/ext/sunjce_provider.jar
  organize-imports-java-20260101.601/sdk/jre/lib/ext/sunmscapi.jar
  organize-imports-java-20260101.601/sdk/jre/lib/ext/sunpkcs11.jar
  organize-imports-java-20260101.601/sdk/jre/lib/ext/zipfs.jar
  organize-imports-java-20260101.601/sdk/jre/lib/jfr.jar
  organize-imports-java-20260101.601/sdk/jre/lib/jsse.jar
  organize-imports-java-20260101.601/sdk/jre/lib/resources.jar
  organize-imports-java-20260101.601/sdk/jre/lib/rt.jar
  organize-imports-java-20260101.601/sdk/version.txt
Built organize-imports-java in 5.949s, finished at 2026-07-15T14:20:01+0000
