
 • Building package ox-hugo
From https://github.com/kaushalmodi/ox-hugo
Updating /mnt/store/melpa/working/ox-hugo/
Checking out b7dc44dc28911b9d8e3055a18deac16c3b560b03
Copying files (->) and directories (=>)
  from /mnt/store/melpa/working/ox-hugo/
  to /tmp/ox-hugo-fSKlsk/ox-hugo-20251206.1738/
    org-hugo-auto-export-mode.el -> org-hugo-auto-export-mode.el
    ox-blackfriday.el -> ox-blackfriday.el
    ox-hugo-deprecated.el -> ox-hugo-deprecated.el
    ox-hugo-pandoc-cite.el -> ox-hugo-pandoc-cite.el
    ox-hugo.el -> ox-hugo.el
Created ox-hugo-20251206.1738.tar containing:
  ox-hugo-20251206.1738/
  ox-hugo-20251206.1738/org-hugo-auto-export-mode.el
  ox-hugo-20251206.1738/ox-blackfriday.el
  ox-hugo-20251206.1738/ox-hugo-deprecated.el
  ox-hugo-20251206.1738/ox-hugo-pandoc-cite.el
  ox-hugo-20251206.1738/ox-hugo-pkg.el
  ox-hugo-20251206.1738/ox-hugo.el
Built ox-hugo in 3.920s, finished at 2026-07-15T14:20:46+0000
