
 • Building package package-build
From https://github.com/melpa/package-build
Updating /mnt/store/melpa/working/package-build/
Checking out f19a7f58cf4b2e573a6d551d8d3dbe265c2566b4
Copying files (->) and directories (=>)
  from /mnt/store/melpa/working/package-build/
  to /tmp/package-build-091Srp/package-build-20260701.1334/
    package-build-badges.el -> package-build-badges.el
    package-build.el -> package-build.el
    package-recipe-mode.el -> package-recipe-mode.el
    package-recipe.el -> package-recipe.el
    package-build.mk -> package-build.mk
Created package-build-20260701.1334.tar containing:
  package-build-20260701.1334/
  package-build-20260701.1334/package-build-badges.el
  package-build-20260701.1334/package-build-pkg.el
  package-build-20260701.1334/package-build.el
  package-build-20260701.1334/package-build.mk
  package-build-20260701.1334/package-recipe-mode.el
  package-build-20260701.1334/package-recipe.el
Built package-build in 3.942s, finished at 2026-07-15T14:21:18+0000
