
 • Building package pamparam
From https://github.com/abo-abo/pamparam
Updating /mnt/store/melpa/working/pamparam/
Checking out 0ba91149095bee8c43688c68f83f4d365fbe6771
Copying files (->) and directories (=>)
  from /mnt/store/melpa/working/pamparam/
  to /tmp/pamparam-39rfPY/pamparam-20210105.1513/
    pamparam.el -> pamparam.el
    doc => doc
Created pamparam-20210105.1513.tar containing:
  pamparam-20210105.1513/
  pamparam-20210105.1513/doc/
  pamparam-20210105.1513/doc/sets/
  pamparam-20210105.1513/doc/sets/capitals/
  pamparam-20210105.1513/doc/sets/capitals/capitals.org
  pamparam-20210105.1513/doc/sets/clojure/
  pamparam-20210105.1513/doc/sets/clojure/clojure.org
  pamparam-20210105.1513/pamparam-pkg.el
  pamparam-20210105.1513/pamparam.el
Built pamparam in 2.758s, finished at 2026-07-15T14:21:24+0000
