
 • Building package parinfer-rust-mode
From https://github.com/justinbarclay/parinfer-rust-mode
Updating /mnt/store/melpa/working/parinfer-rust-mode/
Checking out 6ee9f905c41f6368689ad12aa99516b9ee4fb06d
Copying files (->) and directories (=>)
  from /mnt/store/melpa/working/parinfer-rust-mode/
  to /tmp/parinfer-rust-mode-UWOwXo/parinfer-rust-mode-20260101.1949/
    parinfer-rust-changes.el -> parinfer-rust-changes.el
    parinfer-rust-flycheck.el -> parinfer-rust-flycheck.el
    parinfer-rust-flymake.el -> parinfer-rust-flymake.el
    parinfer-rust-helper.el -> parinfer-rust-helper.el
    parinfer-rust-mode.el -> parinfer-rust-mode.el
Created parinfer-rust-mode-20260101.1949.tar containing:
  parinfer-rust-mode-20260101.1949/
  parinfer-rust-mode-20260101.1949/parinfer-rust-changes.el
  parinfer-rust-mode-20260101.1949/parinfer-rust-flycheck.el
  parinfer-rust-mode-20260101.1949/parinfer-rust-flymake.el
  parinfer-rust-mode-20260101.1949/parinfer-rust-helper.el
  parinfer-rust-mode-20260101.1949/parinfer-rust-mode-pkg.el
  parinfer-rust-mode-20260101.1949/parinfer-rust-mode.el
Built parinfer-rust-mode in 2.926s, finished at 2026-07-15T14:21:35+0000
