
 • Building package parseclj
From https://github.com/clojure-emacs/parseclj
Updating /mnt/store/melpa/working/parseclj/
Checking out ca828c202c026e45bd60503984cf510d904cae50
Copying files (->) and directories (=>)
  from /mnt/store/melpa/working/parseclj/
  to /tmp/parseclj-CDjTUR/parseclj-20260526.1843/
    parseclj-alist.el -> parseclj-alist.el
    parseclj-ast.el -> parseclj-ast.el
    parseclj-lex.el -> parseclj-lex.el
    parseclj-parser.el -> parseclj-parser.el
    parseclj.el -> parseclj.el
Created parseclj-20260526.1843.tar containing:
  parseclj-20260526.1843/
  parseclj-20260526.1843/parseclj-alist.el
  parseclj-20260526.1843/parseclj-ast.el
  parseclj-20260526.1843/parseclj-lex.el
  parseclj-20260526.1843/parseclj-parser.el
  parseclj-20260526.1843/parseclj-pkg.el
  parseclj-20260526.1843/parseclj.el
Built parseclj in 2.945s, finished at 2026-07-15T14:21:39+0000
