
 • Building package pastery
From https://github.com/diasbruno/pastery.el
Updating /mnt/store/melpa/working/pastery/
Checking out 4493be98b743b4d062cb4e00760125e394a55022
Copying files (->) and directories (=>)
  from /mnt/store/melpa/working/pastery/
  to /tmp/pastery-7FzL4D/pastery-20171114.349/
    pastery-buffer.el -> pastery-buffer.el
    pastery-data.el -> pastery-data.el
    pastery-list-mode.el -> pastery-list-mode.el
    pastery-net.el -> pastery-net.el
    pastery.el -> pastery.el
Created pastery-20171114.349.tar containing:
  pastery-20171114.349/
  pastery-20171114.349/pastery-buffer.el
  pastery-20171114.349/pastery-data.el
  pastery-20171114.349/pastery-list-mode.el
  pastery-20171114.349/pastery-net.el
  pastery-20171114.349/pastery-pkg.el
  pastery-20171114.349/pastery.el
Built pastery in 2.766s, finished at 2026-07-15T14:21:49+0000
