
 • Building package phony
From https://github.com/ErikPrantare/phony.el
Updating /mnt/store/melpa/working/phony/
Checking out b155ee3686c732cfe02a4bcd5f3e07fdc39dca35
Copying files (->) and directories (=>)
  from /mnt/store/melpa/working/phony/
  to /tmp/phony-GAgN7Z/phony-20260630.1002/
    phony-dragonfly.el -> phony-dragonfly.el
    phony-element-syntax.el -> phony-element-syntax.el
    phony-experimental.el -> phony-experimental.el
    phony-parser.el -> phony-parser.el
    phony-talon-community-bindings.el -> phony-talon-community-bindings.el
    phony-talon.el -> phony-talon.el
    phony.el -> phony.el
Created phony-20260630.1002.tar containing:
  phony-20260630.1002/
  phony-20260630.1002/phony-dragonfly.el
  phony-20260630.1002/phony-element-syntax.el
  phony-20260630.1002/phony-experimental.el
  phony-20260630.1002/phony-parser.el
  phony-20260630.1002/phony-pkg.el
  phony-20260630.1002/phony-talon-community-bindings.el
  phony-20260630.1002/phony-talon.el
  phony-20260630.1002/phony.el
Built phony in 6.088s, finished at 2026-07-15T14:23:06+0000
