
 • Building package php-mode
From https://github.com/emacs-php/php-mode
Updating /mnt/store/melpa/working/php-mode/
Checking out 86e788eeeab57e0576fad9ec9ea1fab0c236efb7
Copying files (->) and directories (=>)
  from /mnt/store/melpa/working/php-mode/
  to /tmp/php-mode-mNAvVY/php-mode-20260709.1954/
  ! lisp/php-align.el -> php-align.el
  ! lisp/php-complete.el -> php-complete.el
  ! lisp/php-defs.el -> php-defs.el
  ! lisp/php-face.el -> php-face.el
  ! lisp/php-flymake.el -> php-flymake.el
  ! lisp/php-format.el -> php-format.el
  ! lisp/php-ide-phpactor.el -> php-ide-phpactor.el
  ! lisp/php-ide.el -> php-ide.el
  ! lisp/php-local-manual.el -> php-local-manual.el
  ! lisp/php-mode-debug.el -> php-mode-debug.el
  ! lisp/php-mode.el -> php-mode.el
  ! lisp/php-project.el -> php-project.el
  ! lisp/php.el -> php.el
Created php-mode-20260709.1954.tar containing:
  php-mode-20260709.1954/
  php-mode-20260709.1954/php-align.el
  php-mode-20260709.1954/php-complete.el
  php-mode-20260709.1954/php-defs.el
  php-mode-20260709.1954/php-face.el
  php-mode-20260709.1954/php-flymake.el
  php-mode-20260709.1954/php-format.el
  php-mode-20260709.1954/php-ide-phpactor.el
  php-mode-20260709.1954/php-ide.el
  php-mode-20260709.1954/php-local-manual.el
  php-mode-20260709.1954/php-mode-debug.el
  php-mode-20260709.1954/php-mode-pkg.el
  php-mode-20260709.1954/php-mode.el
  php-mode-20260709.1954/php-project.el
  php-mode-20260709.1954/php.el
Built php-mode in 5.928s, finished at 2026-07-15T14:23:12+0000
