
 • Building package po-mode
From https://git.savannah.gnu.org/git/gettext/po-mode.git
Updating /mnt/store/melpa/working/po-mode/
Checking out 27538dd0938d5a941833d503afc9dba13dcf16fe
Copying files (->) and directories (=>)
  from /mnt/store/melpa/working/po-mode/
  to /tmp/po-mode-uWQhaw/po-mode-20260217.956/
    po-compat.el -> po-compat.el
    po-mode.el -> po-mode.el
    start-po.el -> start-po.el
    fdl.texi -> fdl.texi
    gpl.texi -> gpl.texi
    po-mode.texi -> po-mode.texi
Generating fdl.info
Generating gpl.info
Generating po-mode.info
Created po-mode-20260217.956.tar containing:
  po-mode-20260217.956/
  po-mode-20260217.956/dir
  po-mode-20260217.956/fdl.info
  po-mode-20260217.956/gpl.info
  po-mode-20260217.956/po-compat.el
  po-mode-20260217.956/po-mode-pkg.el
  po-mode-20260217.956/po-mode.el
  po-mode-20260217.956/po-mode.info
  po-mode-20260217.956/start-po.el
Built po-mode in 13.083s, finished at 2026-07-15T14:24:15+0000
