
 • Building package polymode
From https://github.com/polymode/polymode
Updating /mnt/store/melpa/working/polymode/
Checking out 8cb72fa5dcc0d98746c680043dc121edc7621e3a
Copying files (->) and directories (=>)
  from /mnt/store/melpa/working/polymode/
  to /tmp/polymode-0TX6ob/polymode-20260505.1803/
    poly-lock.el -> poly-lock.el
    polymode-base.el -> polymode-base.el
    polymode-classes.el -> polymode-classes.el
    polymode-compat.el -> polymode-compat.el
    polymode-core.el -> polymode-core.el
    polymode-debug.el -> polymode-debug.el
    polymode-export.el -> polymode-export.el
    polymode-methods.el -> polymode-methods.el
    polymode-tangle.el -> polymode-tangle.el
    polymode-test-utils.el -> polymode-test-utils.el
    polymode-weave.el -> polymode-weave.el
    polymode.el -> polymode.el
Created polymode-20260505.1803.tar containing:
  polymode-20260505.1803/
  polymode-20260505.1803/poly-lock.el
  polymode-20260505.1803/polymode-base.el
  polymode-20260505.1803/polymode-classes.el
  polymode-20260505.1803/polymode-compat.el
  polymode-20260505.1803/polymode-core.el
  polymode-20260505.1803/polymode-debug.el
  polymode-20260505.1803/polymode-export.el
  polymode-20260505.1803/polymode-methods.el
  polymode-20260505.1803/polymode-pkg.el
  polymode-20260505.1803/polymode-tangle.el
  polymode-20260505.1803/polymode-test-utils.el
  polymode-20260505.1803/polymode-weave.el
  polymode-20260505.1803/polymode.el
Built polymode in 3.785s, finished at 2026-07-15T14:24:28+0000
