
 • Building package prettier
From https://github.com/jscheid/prettier.el
Updating /mnt/store/melpa/working/prettier/
Checking out 9e202f129835317d70aea405e536a9f4228680c5
Copying files (->) and directories (=>)
  from /mnt/store/melpa/working/prettier/
  to /tmp/prettier-DyqwO6/prettier-20240902.1516/
    prettier.el -> prettier.el
    dir -> dir
    prettier.info -> prettier.info
    bootstrap-min.js -> bootstrap-min.js
    prettier-el.js.gz.base64 -> prettier-el.js.gz.base64
Created prettier-20240902.1516.tar containing:
  prettier-20240902.1516/
  prettier-20240902.1516/bootstrap-min.js
  prettier-20240902.1516/dir
  prettier-20240902.1516/prettier-el.js.gz.base64
  prettier-20240902.1516/prettier-pkg.el
  prettier-20240902.1516/prettier.el
  prettier-20240902.1516/prettier.info
Built prettier in 3.060s, finished at 2026-07-15T14:24:57+0000
