
 • Building package projection
From https://github.com/mohkale/projection
Updating /mnt/store/melpa/working/projection/
Checking out 870a60b26416e13a7cd37ecfd863ae730d6a13fa
Copying files (->) and directories (=>)
  from /mnt/store/melpa/working/projection/
  to /tmp/projection-wUdvSQ/projection-20260614.1822/
  ! src/projection-artifacts.el -> projection-artifacts.el
  ! src/projection-commands.el -> projection-commands.el
  ! src/projection-core-cache.el -> projection-core-cache.el
  ! src/projection-core-commands.el -> projection-core-commands.el
  ! src/projection-core-completion.el -> projection-core-completion.el
  ! src/projection-core-log.el -> projection-core-log.el
  ! src/projection-core-match.el -> projection-core-match.el
  ! src/projection-core-misc.el -> projection-core-misc.el
  ! src/projection-core-type.el -> projection-core-type.el
  ! src/projection-core.el -> projection-core.el
  ! src/projection-customize-compilation.el -> projection-customize-compilation.el
  ! src/projection-find.el -> projection-find.el
  ! src/projection-hook.el -> projection-hook.el
  ! src/projection-ibuffer.el -> projection-ibuffer.el
  ! src/projection-recentf.el -> projection-recentf.el
  ! src/projection-type-cmake.el -> projection-type-cmake.el
  ! src/projection-type-golang.el -> projection-type-golang.el
  ! src/projection-type-gradle.el -> projection-type-gradle.el
  ! src/projection-type-java.el -> projection-type-java.el
  ! src/projection-type-maven.el -> projection-type-maven.el
  ! src/projection-type-meson.el -> projection-type-meson.el
  ! src/projection-types.el -> projection-types.el
  ! src/projection-utils.el -> projection-utils.el
  ! src/projection.el -> projection.el
Created projection-20260614.1822.tar containing:
  projection-20260614.1822/
  projection-20260614.1822/projection-artifacts.el
  projection-20260614.1822/projection-commands.el
  projection-20260614.1822/projection-core-cache.el
  projection-20260614.1822/projection-core-commands.el
  projection-20260614.1822/projection-core-completion.el
  projection-20260614.1822/projection-core-log.el
  projection-20260614.1822/projection-core-match.el
  projection-20260614.1822/projection-core-misc.el
  projection-20260614.1822/projection-core-type.el
  projection-20260614.1822/projection-core.el
  projection-20260614.1822/projection-customize-compilation.el
  projection-20260614.1822/projection-find.el
  projection-20260614.1822/projection-hook.el
  projection-20260614.1822/projection-ibuffer.el
  projection-20260614.1822/projection-pkg.el
  projection-20260614.1822/projection-recentf.el
  projection-20260614.1822/projection-type-cmake.el
  projection-20260614.1822/projection-type-golang.el
  projection-20260614.1822/projection-type-gradle.el
  projection-20260614.1822/projection-type-java.el
  projection-20260614.1822/projection-type-maven.el
  projection-20260614.1822/projection-type-meson.el
  projection-20260614.1822/projection-types.el
  projection-20260614.1822/projection-utils.el
  projection-20260614.1822/projection.el
Built projection in 3.789s, finished at 2026-07-15T14:25:30+0000
