
 • Building package projection-multi
From https://github.com/mohkale/projection
Updating /mnt/store/melpa/working/projection-multi/
Checking out 66dfa454cbd0ca356d0c5761f6ade248b612b204
Copying files (->) and directories (=>)
  from /mnt/store/melpa/working/projection-multi/
  to /tmp/projection-multi-3StbKW/projection-multi-20260614.1822/
  ! src/projection-multi/projection-multi-cmake.el -> projection-multi-cmake.el
  ! src/projection-multi/projection-multi-ctest.el -> projection-multi-ctest.el
  ! src/projection-multi/projection-multi-golang.el -> projection-multi-golang.el
  ! src/projection-multi/projection-multi-gradle.el -> projection-multi-gradle.el
  ! src/projection-multi/projection-multi-make.el -> projection-multi-make.el
  ! src/projection-multi/projection-multi-meson.el -> projection-multi-meson.el
  ! src/projection-multi/projection-multi-npm-scripts.el -> projection-multi-npm-scripts.el
  ! src/projection-multi/projection-multi-poetry-poe.el -> projection-multi-poetry-poe.el
  ! src/projection-multi/projection-multi-pytest.el -> projection-multi-pytest.el
  ! src/projection-multi/projection-multi-rustic.el -> projection-multi-rustic.el
  ! src/projection-multi/projection-multi-tox.el -> projection-multi-tox.el
  ! src/projection-multi/projection-multi-vscode-tasks.el -> projection-multi-vscode-tasks.el
  ! src/projection-multi/projection-multi-yarn-scripts.el -> projection-multi-yarn-scripts.el
  ! src/projection-multi/projection-multi.el -> projection-multi.el
Created projection-multi-20260614.1822.tar containing:
  projection-multi-20260614.1822/
  projection-multi-20260614.1822/projection-multi-cmake.el
  projection-multi-20260614.1822/projection-multi-ctest.el
  projection-multi-20260614.1822/projection-multi-golang.el
  projection-multi-20260614.1822/projection-multi-gradle.el
  projection-multi-20260614.1822/projection-multi-make.el
  projection-multi-20260614.1822/projection-multi-meson.el
  projection-multi-20260614.1822/projection-multi-npm-scripts.el
  projection-multi-20260614.1822/projection-multi-pkg.el
  projection-multi-20260614.1822/projection-multi-poetry-poe.el
  projection-multi-20260614.1822/projection-multi-pytest.el
  projection-multi-20260614.1822/projection-multi-rustic.el
  projection-multi-20260614.1822/projection-multi-tox.el
  projection-multi-20260614.1822/projection-multi-vscode-tasks.el
  projection-multi-20260614.1822/projection-multi-yarn-scripts.el
  projection-multi-20260614.1822/projection-multi.el
Built projection-multi in 3.322s, finished at 2026-07-15T14:25:31+0000
