
 • Building package projmake-mode
From https://github.com/emacsattic/projmake-mode
Updating /mnt/store/melpa/working/projmake-mode/
Checking out 99f10611c24e0884f1f24744adcccb3d972326f6
Copying files (->) and directories (=>)
  from /mnt/store/melpa/working/projmake-mode/
  to /tmp/projmake-mode-O62TiZ/projmake-mode-20250211.1534/
  ! src/projmake-banner.el -> projmake-banner.el
  ! src/projmake-build-state.el -> projmake-build-state.el
  ! src/projmake-default-parse-engine.el -> projmake-default-parse-engine.el
  ! src/projmake-discover.el -> projmake-discover.el
  ! src/projmake-elmm.el -> projmake-elmm.el
  ! src/projmake-error.el -> projmake-error.el
  ! src/projmake-log.el -> projmake-log.el
  ! src/projmake-markup.el -> projmake-markup.el
  ! src/projmake-mode.el -> projmake-mode.el
  ! src/projmake-ocaml-parse-engine.el -> projmake-ocaml-parse-engine.el
  ! src/projmake-parse-engine.el -> projmake-parse-engine.el
  ! src/projmake-project.el -> projmake-project.el
  ! src/projmake-util.el -> projmake-util.el
Created projmake-mode-20250211.1534.tar containing:
  projmake-mode-20250211.1534/
  projmake-mode-20250211.1534/projmake-banner.el
  projmake-mode-20250211.1534/projmake-build-state.el
  projmake-mode-20250211.1534/projmake-default-parse-engine.el
  projmake-mode-20250211.1534/projmake-discover.el
  projmake-mode-20250211.1534/projmake-elmm.el
  projmake-mode-20250211.1534/projmake-error.el
  projmake-mode-20250211.1534/projmake-log.el
  projmake-mode-20250211.1534/projmake-markup.el
  projmake-mode-20250211.1534/projmake-mode-pkg.el
  projmake-mode-20250211.1534/projmake-mode.el
  projmake-mode-20250211.1534/projmake-ocaml-parse-engine.el
  projmake-mode-20250211.1534/projmake-parse-engine.el
  projmake-mode-20250211.1534/projmake-project.el
  projmake-mode-20250211.1534/projmake-util.el
Built projmake-mode in 2.987s, finished at 2026-07-15T14:25:33+0000
