
 • Building package pyim-cangjiedict
From https://github.com/a5corpii/pyim-cangjiedict
Updating /mnt/store/melpa/working/pyim-cangjiedict/
Checking out 2742edcfb60328793fc983bd4a0dedc88f550ec1
Copying files (->) and directories (=>)
  from /mnt/store/melpa/working/pyim-cangjiedict/
  to /tmp/pyim-cangjiedict-7HpsWZ/pyim-cangjiedict-20250924.1320/
    pyim-cangjie5dict.el -> pyim-cangjie5dict.el
    pyim-cangjiedict.el -> pyim-cangjiedict.el
    pyim-cangjie3dict.pyim -> pyim-cangjie3dict.pyim
    pyim-cangjie5dict.pyim -> pyim-cangjie5dict.pyim
    pyim-cangjie6dict.pyim -> pyim-cangjie6dict.pyim
    pyim-sancangdict.pyim -> pyim-sancangdict.pyim
Created pyim-cangjiedict-20250924.1320.tar containing:
  pyim-cangjiedict-20250924.1320/
  pyim-cangjiedict-20250924.1320/pyim-cangjie3dict.pyim
  pyim-cangjiedict-20250924.1320/pyim-cangjie5dict.el
  pyim-cangjiedict-20250924.1320/pyim-cangjie5dict.pyim
  pyim-cangjiedict-20250924.1320/pyim-cangjie6dict.pyim
  pyim-cangjiedict-20250924.1320/pyim-cangjiedict-pkg.el
  pyim-cangjiedict-20250924.1320/pyim-cangjiedict.el
  pyim-cangjiedict-20250924.1320/pyim-sancangdict.pyim
Built pyim-cangjiedict in 3.573s, finished at 2026-07-15T14:26:19+0000
