
 • Building package real-mono-themes
From https://github.com/NestorLiao/real-mono-theme
Updating /mnt/store/melpa/working/real-mono-themes/
Checking out 45d68036bce5c3d95fcfdb4f02fca5fddb70e3db
Copying files (->) and directories (=>)
  from /mnt/store/melpa/working/real-mono-themes/
  to /tmp/real-mono-themes-4HEA2f/real-mono-themes-20251126.803/
    real-mono-dark-theme.el -> real-mono-dark-theme.el
    real-mono-eink-theme.el -> real-mono-eink-theme.el
    real-mono-girl-theme.el -> real-mono-girl-theme.el
    real-mono-old-theme.el -> real-mono-old-theme.el
    real-mono-sea-theme.el -> real-mono-sea-theme.el
    real-mono-themes.el -> real-mono-themes.el
Created real-mono-themes-20251126.803.tar containing:
  real-mono-themes-20251126.803/
  real-mono-themes-20251126.803/real-mono-dark-theme.el
  real-mono-themes-20251126.803/real-mono-eink-theme.el
  real-mono-themes-20251126.803/real-mono-girl-theme.el
  real-mono-themes-20251126.803/real-mono-old-theme.el
  real-mono-themes-20251126.803/real-mono-sea-theme.el
  real-mono-themes-20251126.803/real-mono-themes-pkg.el
  real-mono-themes-20251126.803/real-mono-themes.el
Built real-mono-themes in 2.980s, finished at 2026-07-15T14:27:27+0000
