
 • Building package realgud-jdb
From https://github.com/realgud/realgud-jdb
Updating /mnt/store/melpa/working/realgud-jdb/
Checking out 1c183b2f8aae0de60942ea01444b896bf182c66a
Copying files (->) and directories (=>)
  from /mnt/store/melpa/working/realgud-jdb/
  to /tmp/realgud-jdb-agmVBl/realgud-jdb-20200722.1120/
    realgud-jdb.el -> realgud-jdb.el
    realgud-jdb/core.el -> realgud-jdb/core.el
    realgud-jdb/file.el -> realgud-jdb/file.el
    realgud-jdb/init.el -> realgud-jdb/init.el
    realgud-jdb/jdb.el -> realgud-jdb/jdb.el
    realgud-jdb/track-mode.el -> realgud-jdb/track-mode.el
Created realgud-jdb-20200722.1120.tar containing:
  realgud-jdb-20200722.1120/
  realgud-jdb-20200722.1120/realgud-jdb-pkg.el
  realgud-jdb-20200722.1120/realgud-jdb.el
  realgud-jdb-20200722.1120/realgud-jdb/
  realgud-jdb-20200722.1120/realgud-jdb/core.el
  realgud-jdb-20200722.1120/realgud-jdb/file.el
  realgud-jdb-20200722.1120/realgud-jdb/init.el
  realgud-jdb-20200722.1120/realgud-jdb/jdb.el
  realgud-jdb-20200722.1120/realgud-jdb/track-mode.el
Built realgud-jdb in 2.966s, finished at 2026-07-15T14:27:29+0000
