
 • Building package realgud-node-debug
From https://github.com/realgud/realgud-node-debug
Updating /mnt/store/melpa/working/realgud-node-debug/
Checking out 72e786359ce9dace1796b0d81a00e9340e9c90ad
Copying files (->) and directories (=>)
  from /mnt/store/melpa/working/realgud-node-debug/
  to /tmp/realgud-node-debug-JNDnz4/realgud-node-debug-20190525.1634/
    realgud-node-debug.el -> realgud-node-debug.el
    realgud-node-debug/core.el -> realgud-node-debug/core.el
    realgud-node-debug/init.el -> realgud-node-debug/init.el
    realgud-node-debug/node-debug.el -> realgud-node-debug/node-debug.el
    realgud-node-debug/track-mode.el -> realgud-node-debug/track-mode.el
Created realgud-node-debug-20190525.1634.tar containing:
  realgud-node-debug-20190525.1634/
  realgud-node-debug-20190525.1634/realgud-node-debug-pkg.el
  realgud-node-debug-20190525.1634/realgud-node-debug.el
  realgud-node-debug-20190525.1634/realgud-node-debug/
  realgud-node-debug-20190525.1634/realgud-node-debug/core.el
  realgud-node-debug-20190525.1634/realgud-node-debug/init.el
  realgud-node-debug-20190525.1634/realgud-node-debug/node-debug.el
  realgud-node-debug-20190525.1634/realgud-node-debug/track-mode.el
Built realgud-node-debug in 3.112s, finished at 2026-07-15T14:27:31+0000
