
 • Building package realgud-lldb
From https://github.com/realgud/realgud-lldb
Updating /mnt/store/melpa/working/realgud-lldb/
Checking out 2521026a8dc8f1b6ce491a580be21808f6f5f1df
Copying files (->) and directories (=>)
  from /mnt/store/melpa/working/realgud-lldb/
  to /tmp/realgud-lldb-oRd6rX/realgud-lldb-20260105.1658/
    cask-install.el -> cask-install.el
    realgud-lldb.el -> realgud-lldb.el
    lldb/core.el -> lldb/core.el
    lldb/init.el -> lldb/init.el
    lldb/lldb.el -> lldb/lldb.el
    lldb/track-mode.el -> lldb/track-mode.el
Created realgud-lldb-20260105.1658.tar containing:
  realgud-lldb-20260105.1658/
  realgud-lldb-20260105.1658/cask-install.el
  realgud-lldb-20260105.1658/lldb/
  realgud-lldb-20260105.1658/lldb/core.el
  realgud-lldb-20260105.1658/lldb/init.el
  realgud-lldb-20260105.1658/lldb/lldb.el
  realgud-lldb-20260105.1658/lldb/track-mode.el
  realgud-lldb-20260105.1658/realgud-lldb-pkg.el
  realgud-lldb-20260105.1658/realgud-lldb.el
Built realgud-lldb in 3.309s, finished at 2026-07-15T14:27:30+0000
