
 • Building package repeat-fu
From https://codeberg.org/ideasman42/emacs-repeat-fu
Updating /mnt/store/melpa/working/repeat-fu/
Checking out 4d30d92a1fc3b5f0207866685de16cb78b83337c
Copying files (->) and directories (=>)
  from /mnt/store/melpa/working/repeat-fu/
  to /tmp/repeat-fu-2PXQqy/repeat-fu-20260617.256/
    repeat-fu-preset-meep.el -> repeat-fu-preset-meep.el
    repeat-fu-preset-meow.el -> repeat-fu-preset-meow.el
    repeat-fu-preset-multi.el -> repeat-fu-preset-multi.el
    repeat-fu-preset-single.el -> repeat-fu-preset-single.el
    repeat-fu.el -> repeat-fu.el
Created repeat-fu-20260617.256.tar containing:
  repeat-fu-20260617.256/
  repeat-fu-20260617.256/repeat-fu-pkg.el
  repeat-fu-20260617.256/repeat-fu-preset-meep.el
  repeat-fu-20260617.256/repeat-fu-preset-meow.el
  repeat-fu-20260617.256/repeat-fu-preset-multi.el
  repeat-fu-20260617.256/repeat-fu-preset-single.el
  repeat-fu-20260617.256/repeat-fu.el
Built repeat-fu in 4.269s, finished at 2026-07-15T14:28:03+0000
