
 • Building package rg
From https://github.com/dajva/rg.el
Updating /mnt/store/melpa/working/rg/
Checking out e46a16b8bdba111c9c0036d0e209490dd7a3690f
Copying files (->) and directories (=>)
  from /mnt/store/melpa/working/rg/
  to /tmp/rg-FNWdrW/rg-20260517.1310/
    rg-header.el -> rg-header.el
    rg-history.el -> rg-history.el
    rg-ibuffer.el -> rg-ibuffer.el
    rg-info-hack.el -> rg-info-hack.el
    rg-isearch.el -> rg-isearch.el
    rg-menu.el -> rg-menu.el
    rg-result.el -> rg-result.el
    rg.el -> rg.el
    wgrep-rg.el -> wgrep-rg.el
    rgel.info -> rgel.info
Created rg-20260517.1310.tar containing:
  rg-20260517.1310/
  rg-20260517.1310/dir
  rg-20260517.1310/rg-header.el
  rg-20260517.1310/rg-history.el
  rg-20260517.1310/rg-ibuffer.el
  rg-20260517.1310/rg-info-hack.el
  rg-20260517.1310/rg-isearch.el
  rg-20260517.1310/rg-menu.el
  rg-20260517.1310/rg-pkg.el
  rg-20260517.1310/rg-result.el
  rg-20260517.1310/rg.el
  rg-20260517.1310/rgel.info
  rg-20260517.1310/wgrep-rg.el
Built rg in 3.469s, finished at 2026-07-15T14:28:28+0000
