
 • Building package rspec-mode
From https://github.com/pezra/rspec-mode
Updating /mnt/store/melpa/working/rspec-mode/
Checking out b5d48de9b56a0070d7a0d3e642b139992a1ce3f0
Copying files (->) and directories (=>)
  from /mnt/store/melpa/working/rspec-mode/
  to /tmp/rspec-mode-Ex7iIw/rspec-mode-20260618.548/
    rspec-mode.el -> rspec-mode.el
    snippets => snippets
Created rspec-mode-20260618.548.tar containing:
  rspec-mode-20260618.548/
  rspec-mode-20260618.548/rspec-mode-pkg.el
  rspec-mode-20260618.548/rspec-mode.el
  rspec-mode-20260618.548/snippets/
  rspec-mode-20260618.548/snippets/rspec-mode/
  rspec-mode-20260618.548/snippets/rspec-mode/aft
  rspec-mode-20260618.548/snippets/rspec-mode/back
  rspec-mode-20260618.548/snippets/rspec-mode/bef
  rspec-mode-20260618.548/snippets/rspec-mode/cont
  rspec-mode-20260618.548/snippets/rspec-mode/dc
  rspec-mode-20260618.548/snippets/rspec-mode/desc
  rspec-mode-20260618.548/snippets/rspec-mode/descm
  rspec-mode-20260618.548/snippets/rspec-mode/desct
  rspec-mode-20260618.548/snippets/rspec-mode/exp
  rspec-mode-20260618.548/snippets/rspec-mode/expb
  rspec-mode-20260618.548/snippets/rspec-mode/feat
  rspec-mode-20260618.548/snippets/rspec-mode/featm
  rspec-mode-20260618.548/snippets/rspec-mode/helper
  rspec-mode-20260618.548/snippets/rspec-mode/iexp
  rspec-mode-20260618.548/snippets/rspec-mode/it
  rspec-mode-20260618.548/snippets/rspec-mode/itiexp
  rspec-mode-20260618.548/snippets/rspec-mode/let
  rspec-mode-20260618.548/snippets/rspec-mode/lfgb
  rspec-mode-20260618.548/snippets/rspec-mode/lfgc
  rspec-mode-20260618.548/snippets/rspec-mode/lfgs
  rspec-mode-20260618.548/snippets/rspec-mode/sbj
  rspec-mode-20260618.548/snippets/rspec-mode/scn
  rspec-mode-20260618.548/snippets/rspec-mode/sfgb
  rspec-mode-20260618.548/snippets/rspec-mode/sfgc
  rspec-mode-20260618.548/snippets/rspec-mode/sfgs
  rspec-mode-20260618.548/snippets/rspec-mode/sp
Built rspec-mode in 4.787s, finished at 2026-07-15T14:28:57+0000
