
 • Building package rust-mode
From https://github.com/rust-lang/rust-mode
Updating /mnt/store/melpa/working/rust-mode/
Checking out ed401a65743359b8de11ee9ced0e1da39946cefd
Copying files (->) and directories (=>)
  from /mnt/store/melpa/working/rust-mode/
  to /tmp/rust-mode-AtbNvR/rust-mode-20260521.745/
    rust-cargo.el -> rust-cargo.el
    rust-common.el -> rust-common.el
    rust-compile.el -> rust-compile.el
    rust-mode-treesitter.el -> rust-mode-treesitter.el
    rust-mode.el -> rust-mode.el
    rust-playpen.el -> rust-playpen.el
    rust-prog-mode.el -> rust-prog-mode.el
    rust-rustfmt.el -> rust-rustfmt.el
    rust-utils.el -> rust-utils.el
Created rust-mode-20260521.745.tar containing:
  rust-mode-20260521.745/
  rust-mode-20260521.745/rust-cargo.el
  rust-mode-20260521.745/rust-common.el
  rust-mode-20260521.745/rust-compile.el
  rust-mode-20260521.745/rust-mode-pkg.el
  rust-mode-20260521.745/rust-mode-treesitter.el
  rust-mode-20260521.745/rust-mode.el
  rust-mode-20260521.745/rust-playpen.el
  rust-mode-20260521.745/rust-prog-mode.el
  rust-mode-20260521.745/rust-rustfmt.el
  rust-mode-20260521.745/rust-utils.el
Built rust-mode in 5.872s, finished at 2026-07-15T14:29:36+0000
