
 • Building package rustic
From https://github.com/emacs-rustic/rustic
Updating /mnt/store/melpa/working/rustic/
Checking out b6c7e095145bb1fd0dc9cfb90ce36884e944556d
Copying files (->) and directories (=>)
  from /mnt/store/melpa/working/rustic/
  to /tmp/rustic-A9jCnk/rustic-20260407.1712/
    rustic-babel.el -> rustic-babel.el
    rustic-cargo.el -> rustic-cargo.el
    rustic-clippy.el -> rustic-clippy.el
    rustic-comint.el -> rustic-comint.el
    rustic-compile.el -> rustic-compile.el
    rustic-doc.el -> rustic-doc.el
    rustic-expand.el -> rustic-expand.el
    rustic-flycheck.el -> rustic-flycheck.el
    rustic-interaction.el -> rustic-interaction.el
    rustic-lsp.el -> rustic-lsp.el
    rustic-playground.el -> rustic-playground.el
    rustic-popup.el -> rustic-popup.el
    rustic-rustfix.el -> rustic-rustfix.el
    rustic-rustfmt.el -> rustic-rustfmt.el
    rustic-spellcheck.el -> rustic-spellcheck.el
    rustic.el -> rustic.el
Created rustic-20260407.1712.tar containing:
  rustic-20260407.1712/
  rustic-20260407.1712/rustic-babel.el
  rustic-20260407.1712/rustic-cargo.el
  rustic-20260407.1712/rustic-clippy.el
  rustic-20260407.1712/rustic-comint.el
  rustic-20260407.1712/rustic-compile.el
  rustic-20260407.1712/rustic-doc.el
  rustic-20260407.1712/rustic-expand.el
  rustic-20260407.1712/rustic-flycheck.el
  rustic-20260407.1712/rustic-interaction.el
  rustic-20260407.1712/rustic-lsp.el
  rustic-20260407.1712/rustic-pkg.el
  rustic-20260407.1712/rustic-playground.el
  rustic-20260407.1712/rustic-popup.el
  rustic-20260407.1712/rustic-rustfix.el
  rustic-20260407.1712/rustic-rustfmt.el
  rustic-20260407.1712/rustic-spellcheck.el
  rustic-20260407.1712/rustic.el
Built rustic in 5.465s, finished at 2026-07-15T14:29:40+0000
