
 • Building package rutils
From https://github.com/ShuguangSun/rutils.el
Updating /mnt/store/melpa/working/rutils/
Checking out e39ca3c953ef395f28176f740ebf500d62edb429
Copying files (->) and directories (=>)
  from /mnt/store/melpa/working/rutils/
  to /tmp/rutils-n2mgak/rutils-20241027.1606/
    rutils-devtools.el -> rutils-devtools.el
    rutils-lib.el -> rutils-lib.el
    rutils-packrat.el -> rutils-packrat.el
    rutils-renv.el -> rutils-renv.el
    rutils.el -> rutils.el
Created rutils-20241027.1606.tar containing:
  rutils-20241027.1606/
  rutils-20241027.1606/rutils-devtools.el
  rutils-20241027.1606/rutils-lib.el
  rutils-20241027.1606/rutils-packrat.el
  rutils-20241027.1606/rutils-pkg.el
  rutils-20241027.1606/rutils-renv.el
  rutils-20241027.1606/rutils.el
Built rutils in 4.159s, finished at 2026-07-15T14:29:39+0000
