
 • Building package sage-shell-mode
From https://github.com/sagemath/sage-shell-mode
Updating /mnt/store/melpa/working/sage-shell-mode/
Checking out bb59cd559a9d7639d9ef16addbb0809ea4790392
Copying files (->) and directories (=>)
  from /mnt/store/melpa/working/sage-shell-mode/
  to /tmp/sage-shell-mode-kbsr3C/sage-shell-mode-20260523.1504/
    sage-shell-blocks.el -> sage-shell-blocks.el
    sage-shell-mode.el -> sage-shell-mode.el
    sage-shell-view.el -> sage-shell-view.el
    emacs_sage_shell.py -> emacs_sage_shell.py
    emacs_sage_shell_view.py -> emacs_sage_shell_view.py
Created sage-shell-mode-20260523.1504.tar containing:
  sage-shell-mode-20260523.1504/
  sage-shell-mode-20260523.1504/emacs_sage_shell.py
  sage-shell-mode-20260523.1504/emacs_sage_shell_view.py
  sage-shell-mode-20260523.1504/sage-shell-blocks.el
  sage-shell-mode-20260523.1504/sage-shell-mode-pkg.el
  sage-shell-mode-20260523.1504/sage-shell-mode.el
  sage-shell-mode-20260523.1504/sage-shell-view.el
Built sage-shell-mode in 5.520s, finished at 2026-07-15T14:29:48+0000
