
 • Building package sbt-mode
From https://github.com/hvesalai/emacs-sbt-mode
Updating /mnt/store/melpa/working/sbt-mode/
Checking out c353df6aa112c05dde6dc63ccf813c2203cb472b
Copying files (->) and directories (=>)
  from /mnt/store/melpa/working/sbt-mode/
  to /tmp/sbt-mode-BRc7cA/sbt-mode-20260301.2016/
    sbt-mode-buffer.el -> sbt-mode-buffer.el
    sbt-mode-comint.el -> sbt-mode-comint.el
    sbt-mode-hydra.el -> sbt-mode-hydra.el
    sbt-mode-project.el -> sbt-mode-project.el
    sbt-mode-rgrep.el -> sbt-mode-rgrep.el
    sbt-mode-vars.el -> sbt-mode-vars.el
    sbt-mode.el -> sbt-mode.el
Created sbt-mode-20260301.2016.tar containing:
  sbt-mode-20260301.2016/
  sbt-mode-20260301.2016/sbt-mode-buffer.el
  sbt-mode-20260301.2016/sbt-mode-comint.el
  sbt-mode-20260301.2016/sbt-mode-hydra.el
  sbt-mode-20260301.2016/sbt-mode-pkg.el
  sbt-mode-20260301.2016/sbt-mode-project.el
  sbt-mode-20260301.2016/sbt-mode-rgrep.el
  sbt-mode-20260301.2016/sbt-mode-vars.el
  sbt-mode-20260301.2016/sbt-mode.el
Built sbt-mode in 5.556s, finished at 2026-07-15T14:30:06+0000
