
 • Building package scala-mode
From https://github.com/hvesalai/emacs-scala-mode
Updating /mnt/store/melpa/working/scala-mode/
Checking out 50bcafa181baec7054e27f4bca55d5f9277c6350
Copying files (->) and directories (=>)
  from /mnt/store/melpa/working/scala-mode/
  to /tmp/scala-mode-gcbInm/scala-mode-20260118.942/
    scala-compile.el -> scala-compile.el
    scala-mode-fontlock.el -> scala-mode-fontlock.el
    scala-mode-imenu.el -> scala-mode-imenu.el
    scala-mode-indent.el -> scala-mode-indent.el
    scala-mode-lib.el -> scala-mode-lib.el
    scala-mode-map.el -> scala-mode-map.el
    scala-mode-paragraph.el -> scala-mode-paragraph.el
    scala-mode-prettify-symbols.el -> scala-mode-prettify-symbols.el
    scala-mode-syntax.el -> scala-mode-syntax.el
    scala-mode.el -> scala-mode.el
    scala-organise.el -> scala-organise.el
Created scala-mode-20260118.942.tar containing:
  scala-mode-20260118.942/
  scala-mode-20260118.942/scala-compile.el
  scala-mode-20260118.942/scala-mode-fontlock.el
  scala-mode-20260118.942/scala-mode-imenu.el
  scala-mode-20260118.942/scala-mode-indent.el
  scala-mode-20260118.942/scala-mode-lib.el
  scala-mode-20260118.942/scala-mode-map.el
  scala-mode-20260118.942/scala-mode-paragraph.el
  scala-mode-20260118.942/scala-mode-pkg.el
  scala-mode-20260118.942/scala-mode-prettify-symbols.el
  scala-mode-20260118.942/scala-mode-syntax.el
  scala-mode-20260118.942/scala-mode.el
  scala-mode-20260118.942/scala-organise.el
Built scala-mode in 6.654s, finished at 2026-07-15T14:30:09+0000
