
 • Building package sclang-extensions
From https://github.com/chrisbarrett/sclang-extensions
Updating /mnt/store/melpa/working/sclang-extensions/
Checking out e9cc79732f16fdb582129303110c163dcc0d6da0
Copying files (->) and directories (=>)
  from /mnt/store/melpa/working/sclang-extensions/
  to /tmp/sclang-extensions-lVMils/sclang-extensions-20160509.338/
    sclang-ac-mode.el -> sclang-ac-mode.el
    sclang-doc-mode.el -> sclang-doc-mode.el
    sclang-extensions-utils.el -> sclang-extensions-utils.el
    sclang-extensions.el -> sclang-extensions.el
    sclang-post-mode.el -> sclang-post-mode.el
Created sclang-extensions-20160509.338.tar containing:
  sclang-extensions-20160509.338/
  sclang-extensions-20160509.338/sclang-ac-mode.el
  sclang-extensions-20160509.338/sclang-doc-mode.el
  sclang-extensions-20160509.338/sclang-extensions-pkg.el
  sclang-extensions-20160509.338/sclang-extensions-utils.el
  sclang-extensions-20160509.338/sclang-extensions.el
  sclang-extensions-20160509.338/sclang-post-mode.el
Built sclang-extensions in 5.877s, finished at 2026-07-15T14:30:19+0000
