
 • Building package sekka
From https://github.com/kiyoka/sekka
Updating /mnt/store/melpa/working/sekka/
Checking out 78dfe17b2e04b03b6248e39814f84a77b4f6f2b7
Copying files (->) and directories (=>)
  from /mnt/store/melpa/working/sekka/
  to /tmp/sekka-8NL31u/sekka-20260422.1428/
  ! emacs/sekka-alphabet-lib.el -> sekka-alphabet-lib.el
  ! emacs/sekka-henkan.el -> sekka-henkan.el
  ! emacs/sekka-jarowinkler.el -> sekka-jarowinkler.el
  ! emacs/sekka-jisyo.el -> sekka-jisyo.el
  ! emacs/sekka-roman-lib.el -> sekka-roman-lib.el
  ! emacs/sekka-sharp-number.el -> sekka-sharp-number.el
  ! emacs/sekka-symspell.el -> sekka-symspell.el
  ! emacs/sekka.el -> sekka.el
Created sekka-20260422.1428.tar containing:
  sekka-20260422.1428/
  sekka-20260422.1428/sekka-alphabet-lib.el
  sekka-20260422.1428/sekka-henkan.el
  sekka-20260422.1428/sekka-jarowinkler.el
  sekka-20260422.1428/sekka-jisyo.el
  sekka-20260422.1428/sekka-pkg.el
  sekka-20260422.1428/sekka-roman-lib.el
  sekka-20260422.1428/sekka-sharp-number.el
  sekka-20260422.1428/sekka-symspell.el
  sekka-20260422.1428/sekka.el
Built sekka in 3.871s, finished at 2026-07-15T14:30:53+0000
