
 • Building package shen-elisp
From https://github.com/deech/shen-elisp
Updating /mnt/store/melpa/working/shen-elisp/
Checking out 957ab44654fc7a7cc1b78181d244fa25166f9b09
Copying files (->) and directories (=>)
  from /mnt/store/melpa/working/shen-elisp/
  to /tmp/shen-elisp-u7mhfu/shen-elisp-20221211.1313/
    shen-elisp-pkg.el -> shen-elisp-pkg.el
    shen-elisp.el -> shen-elisp.el
    shen-overlays.el -> shen-overlays.el
    shen-primitives.el -> shen-primitives.el
    shen-repl.el -> shen-repl.el
Created shen-elisp-20221211.1313.tar containing:
  shen-elisp-20221211.1313/
  shen-elisp-20221211.1313/shen-elisp-pkg.el
  shen-elisp-20221211.1313/shen-elisp.el
  shen-elisp-20221211.1313/shen-overlays.el
  shen-elisp-20221211.1313/shen-primitives.el
  shen-elisp-20221211.1313/shen-repl.el
Built shen-elisp in 3.096s, finished at 2026-07-15T14:31:33+0000
