
 • Building package simple-indentation
From https://github.com/semenInRussia/simple-indentation.el
Updating /mnt/store/melpa/working/simple-indentation/
Checking out b5f97fc14b3f494cfe009938cf5ee9016a83d30e
Copying files (->) and directories (=>)
  from /mnt/store/melpa/working/simple-indentation/
  to /tmp/simple-indentation-dWo4sV/simple-indentation-20230625.1610/
    simple-indentation-hooks.el -> simple-indentation-hooks.el
    simple-indentation-lib.el -> simple-indentation-lib.el
    simple-indentation-namespace.el -> simple-indentation-namespace.el
    simple-indentation-rules.el -> simple-indentation-rules.el
    simple-indentation-utils.el -> simple-indentation-utils.el
    simple-indentation.el -> simple-indentation.el
Created simple-indentation-20230625.1610.tar containing:
  simple-indentation-20230625.1610/
  simple-indentation-20230625.1610/simple-indentation-hooks.el
  simple-indentation-20230625.1610/simple-indentation-lib.el
  simple-indentation-20230625.1610/simple-indentation-namespace.el
  simple-indentation-20230625.1610/simple-indentation-pkg.el
  simple-indentation-20230625.1610/simple-indentation-rules.el
  simple-indentation-20230625.1610/simple-indentation-utils.el
  simple-indentation-20230625.1610/simple-indentation.el
Built simple-indentation in 3.155s, finished at 2026-07-15T14:32:00+0000
