
 • Building package sleek-modeline
From https://github.com/abidanBrito/sleek-modeline
Updating /mnt/store/melpa/working/sleek-modeline/
Checking out e5981c02498f4922f220f16f062f91512a5c406d
Copying files (->) and directories (=>)
  from /mnt/store/melpa/working/sleek-modeline/
  to /tmp/sleek-modeline-aLSs05/sleek-modeline-20260712.2128/
    sleek-modeline-buffer.el -> sleek-modeline-buffer.el
    sleek-modeline-core.el -> sleek-modeline-core.el
    sleek-modeline-diagnostics.el -> sleek-modeline-diagnostics.el
    sleek-modeline-line-ending.el -> sleek-modeline-line-ending.el
    sleek-modeline-lsp.el -> sleek-modeline-lsp.el
    sleek-modeline-major-mode.el -> sleek-modeline-major-mode.el
    sleek-modeline-modal.el -> sleek-modeline-modal.el
    sleek-modeline-project.el -> sleek-modeline-project.el
    sleek-modeline-vc.el -> sleek-modeline-vc.el
    sleek-modeline.el -> sleek-modeline.el
Created sleek-modeline-20260712.2128.tar containing:
  sleek-modeline-20260712.2128/
  sleek-modeline-20260712.2128/sleek-modeline-buffer.el
  sleek-modeline-20260712.2128/sleek-modeline-core.el
  sleek-modeline-20260712.2128/sleek-modeline-diagnostics.el
  sleek-modeline-20260712.2128/sleek-modeline-line-ending.el
  sleek-modeline-20260712.2128/sleek-modeline-lsp.el
  sleek-modeline-20260712.2128/sleek-modeline-major-mode.el
  sleek-modeline-20260712.2128/sleek-modeline-modal.el
  sleek-modeline-20260712.2128/sleek-modeline-pkg.el
  sleek-modeline-20260712.2128/sleek-modeline-project.el
  sleek-modeline-20260712.2128/sleek-modeline-vc.el
  sleek-modeline-20260712.2128/sleek-modeline.el
Built sleek-modeline in 3.660s, finished at 2026-07-15T14:32:21+0000
