
 • Building package slime-volleyball
From https://github.com/fitzsim/slime-volleyball
Updating /mnt/store/melpa/working/slime-volleyball/
Checking out 6c135ad18897c3566d4dadfe847061532600ba2e
Copying files (->) and directories (=>)
  from /mnt/store/melpa/working/slime-volleyball/
  to /tmp/slime-volleyball-1dtdeu/slime-volleyball-20190701.1624/
    slime-volleyball.el -> slime-volleyball.el
    green-slime.el.gz -> green-slime.el.gz
    grey-slime.el.gz -> grey-slime.el.gz
    title-screen.svg -> title-screen.svg
    end.b64 -> end.b64
    start.b64 -> start.b64
Created slime-volleyball-20190701.1624.tar containing:
  slime-volleyball-20190701.1624/
  slime-volleyball-20190701.1624/end.b64
  slime-volleyball-20190701.1624/green-slime.el.gz
  slime-volleyball-20190701.1624/grey-slime.el.gz
  slime-volleyball-20190701.1624/slime-volleyball-pkg.el
  slime-volleyball-20190701.1624/slime-volleyball.el
  slime-volleyball-20190701.1624/start.b64
  slime-volleyball-20190701.1624/title-screen.svg
Built slime-volleyball in 3.078s, finished at 2026-07-15T14:32:26+0000
