
 • Building package sly-asdf
From https://github.com/mmgeorge/sly-asdf
Updating /mnt/store/melpa/working/sly-asdf/
Checking out c1fa52dadb2f453243dc522203b7a883adef63fb
Copying files (->) and directories (=>)
  from /mnt/store/melpa/working/sly-asdf/
  to /tmp/sly-asdf-4luRGW/sly-asdf-20260614.2139/
    sly-asdf-flymake-base.el -> sly-asdf-flymake-base.el
    sly-asdf-flymake.el -> sly-asdf-flymake.el
    sly-asdf.el -> sly-asdf.el
    slynk-asdf.lisp -> slynk-asdf.lisp
    slynk-asdf.asd -> slynk-asdf.asd
Created sly-asdf-20260614.2139.tar containing:
  sly-asdf-20260614.2139/
  sly-asdf-20260614.2139/sly-asdf-flymake-base.el
  sly-asdf-20260614.2139/sly-asdf-flymake.el
  sly-asdf-20260614.2139/sly-asdf-pkg.el
  sly-asdf-20260614.2139/sly-asdf.el
  sly-asdf-20260614.2139/slynk-asdf.asd
  sly-asdf-20260614.2139/slynk-asdf.lisp
Built sly-asdf in 3.083s, finished at 2026-07-15T14:32:33+0000
