
 • Building package sly-named-readtables
From https://github.com/joaotavora/sly-named-readtables
Updating /mnt/store/melpa/working/sly-named-readtables/
Checking out a5a42674ccffa97ccd5e4e9742beaf3ea719931f
Copying files (->) and directories (=>)
  from /mnt/store/melpa/working/sly-named-readtables/
  to /tmp/sly-named-readtables-auXfug/sly-named-readtables-20191013.2138/
    sly-named-readtables-autoloads.el -> sly-named-readtables-autoloads.el
    sly-named-readtables.el -> sly-named-readtables.el
    example.lisp -> example.lisp
    slynk-named-readtables.lisp -> slynk-named-readtables.lisp
    slynk-named-readtables.asd -> slynk-named-readtables.asd
Created sly-named-readtables-20191013.2138.tar containing:
  sly-named-readtables-20191013.2138/
  sly-named-readtables-20191013.2138/example.lisp
  sly-named-readtables-20191013.2138/sly-named-readtables-autoloads.el
  sly-named-readtables-20191013.2138/sly-named-readtables-pkg.el
  sly-named-readtables-20191013.2138/sly-named-readtables.el
  sly-named-readtables-20191013.2138/slynk-named-readtables.asd
  sly-named-readtables-20191013.2138/slynk-named-readtables.lisp
Built sly-named-readtables in 3.199s, finished at 2026-07-15T14:32:35+0000
