
 • Building package swift-mode
From https://github.com/swift-emacs/swift-mode
Updating /mnt/store/melpa/working/swift-mode/
Checking out a4c54629ba946cf009631e25a11618e886e7b25d
Copying files (->) and directories (=>)
  from /mnt/store/melpa/working/swift-mode/
  to /tmp/swift-mode-K6SdP2/swift-mode-20260510.616/
    swift-mode-beginning-of-defun.el -> swift-mode-beginning-of-defun.el
    swift-mode-fill.el -> swift-mode-fill.el
    swift-mode-font-lock.el -> swift-mode-font-lock.el
    swift-mode-imenu.el -> swift-mode-imenu.el
    swift-mode-indent.el -> swift-mode-indent.el
    swift-mode-lexer.el -> swift-mode-lexer.el
    swift-mode-repl.el -> swift-mode-repl.el
    swift-mode-standard-types.el -> swift-mode-standard-types.el
    swift-mode.el -> swift-mode.el
Created swift-mode-20260510.616.tar containing:
  swift-mode-20260510.616/
  swift-mode-20260510.616/swift-mode-beginning-of-defun.el
  swift-mode-20260510.616/swift-mode-fill.el
  swift-mode-20260510.616/swift-mode-font-lock.el
  swift-mode-20260510.616/swift-mode-imenu.el
  swift-mode-20260510.616/swift-mode-indent.el
  swift-mode-20260510.616/swift-mode-lexer.el
  swift-mode-20260510.616/swift-mode-pkg.el
  swift-mode-20260510.616/swift-mode-repl.el
  swift-mode-20260510.616/swift-mode-standard-types.el
  swift-mode-20260510.616/swift-mode.el
Built swift-mode in 3.567s, finished at 2026-07-15T14:35:23+0000
