
 • Building package synaxis
From https://git.thanosapollo.org/synaxis
Updating /mnt/store/melpa/working/synaxis/
Checking out fd0272e9a9dde9e31d592348638f62bcb3baebfe
Copying files (->) and directories (=>)
  from /mnt/store/melpa/working/synaxis/
  to /tmp/synaxis-yLLNNm/synaxis-20260713.1937/
  ! lisp/synaxis-db.el -> synaxis-db.el
  ! lisp/synaxis-edit.el -> synaxis-edit.el
  ! lisp/synaxis-fetch.el -> synaxis-fetch.el
  ! lisp/synaxis-filter.el -> synaxis-filter.el
  ! lisp/synaxis-ol.el -> synaxis-ol.el
  ! lisp/synaxis-parse.el -> synaxis-parse.el
  ! lisp/synaxis-scrape.el -> synaxis-scrape.el
  ! lisp/synaxis-search.el -> synaxis-search.el
  ! lisp/synaxis-show.el -> synaxis-show.el
  ! lisp/synaxis-tl.el -> synaxis-tl.el
  ! lisp/synaxis.el -> synaxis.el
Created synaxis-20260713.1937.tar containing:
  synaxis-20260713.1937/
  synaxis-20260713.1937/synaxis-db.el
  synaxis-20260713.1937/synaxis-edit.el
  synaxis-20260713.1937/synaxis-fetch.el
  synaxis-20260713.1937/synaxis-filter.el
  synaxis-20260713.1937/synaxis-ol.el
  synaxis-20260713.1937/synaxis-parse.el
  synaxis-20260713.1937/synaxis-pkg.el
  synaxis-20260713.1937/synaxis-scrape.el
  synaxis-20260713.1937/synaxis-search.el
  synaxis-20260713.1937/synaxis-show.el
  synaxis-20260713.1937/synaxis-tl.el
  synaxis-20260713.1937/synaxis.el
Built synaxis in 4.583s, finished at 2026-07-15T14:35:40+0000
