
 • Building package tabnine
From https://github.com/shuxiao9058/tabnine
Updating /mnt/store/melpa/working/tabnine/
Checking out 7c103aa9e1dd46e8507d341fee42ce30417e69f5
Copying files (->) and directories (=>)
  from /mnt/store/melpa/working/tabnine/
  to /tmp/tabnine-Xbhaeo/tabnine-20250102.1608/
    tabnine-chat-curl.el -> tabnine-chat-curl.el
    tabnine-chat-transient.el -> tabnine-chat-transient.el
    tabnine-chat.el -> tabnine-chat.el
    tabnine-core.el -> tabnine-core.el
    tabnine-util.el -> tabnine-util.el
    tabnine.el -> tabnine.el
Created tabnine-20250102.1608.tar containing:
  tabnine-20250102.1608/
  tabnine-20250102.1608/tabnine-chat-curl.el
  tabnine-20250102.1608/tabnine-chat-transient.el
  tabnine-20250102.1608/tabnine-chat.el
  tabnine-20250102.1608/tabnine-core.el
  tabnine-20250102.1608/tabnine-pkg.el
  tabnine-20250102.1608/tabnine-util.el
  tabnine-20250102.1608/tabnine.el
Built tabnine in 5.692s, finished at 2026-07-15T14:36:05+0000
