
 • Building package taskjuggler-mode
From https://github.com/devrintalen/taskjuggler-mode.el
Updating /mnt/store/melpa/working/taskjuggler-mode/
Checking out e68d9e6d50c848b1a20b75af3ac1ddda95c9fe3e
Copying files (->) and directories (=>)
  from /mnt/store/melpa/working/taskjuggler-mode/
  to /tmp/taskjuggler-mode-vrDslO/taskjuggler-mode-20260506.137/
    taskjuggler-mode-cal.el -> taskjuggler-mode-cal.el
    taskjuggler-mode-cursor.el -> taskjuggler-mode-cursor.el
    taskjuggler-mode-daemon.el -> taskjuggler-mode-daemon.el
    taskjuggler-mode-flymake.el -> taskjuggler-mode-flymake.el
    taskjuggler-mode-tj3man.el -> taskjuggler-mode-tj3man.el
    taskjuggler-mode.el -> taskjuggler-mode.el
    snippets => snippets
Created taskjuggler-mode-20260506.137.tar containing:
  taskjuggler-mode-20260506.137/
  taskjuggler-mode-20260506.137/snippets/
  taskjuggler-mode-20260506.137/snippets/taskjuggler-mode/
  taskjuggler-mode-20260506.137/snippets/taskjuggler-mode/dep
  taskjuggler-mode-20260506.137/snippets/taskjuggler-mode/inc
  taskjuggler-mode-20260506.137/snippets/taskjuggler-mode/je
  taskjuggler-mode-20260506.137/snippets/taskjuggler-mode/mac
  taskjuggler-mode-20260506.137/snippets/taskjuggler-mode/mil
  taskjuggler-mode-20260506.137/snippets/taskjuggler-mode/proj
  taskjuggler-mode-20260506.137/snippets/taskjuggler-mode/res
  taskjuggler-mode-20260506.137/snippets/taskjuggler-mode/resgrp
  taskjuggler-mode-20260506.137/snippets/taskjuggler-mode/rrep
  taskjuggler-mode-20260506.137/snippets/taskjuggler-mode/sci
  taskjuggler-mode-20260506.137/snippets/taskjuggler-mode/task
  taskjuggler-mode-20260506.137/snippets/taskjuggler-mode/trep
  taskjuggler-mode-20260506.137/taskjuggler-mode-cal.el
  taskjuggler-mode-20260506.137/taskjuggler-mode-cursor.el
  taskjuggler-mode-20260506.137/taskjuggler-mode-daemon.el
  taskjuggler-mode-20260506.137/taskjuggler-mode-flymake.el
  taskjuggler-mode-20260506.137/taskjuggler-mode-pkg.el
  taskjuggler-mode-20260506.137/taskjuggler-mode-tj3man.el
  taskjuggler-mode-20260506.137/taskjuggler-mode.el
Built taskjuggler-mode in 5.955s, finished at 2026-07-15T14:36:17+0000
