
 • Building package telephone-line
From https://github.com/dbordak/telephone-line
Updating /mnt/store/melpa/working/telephone-line/
Checking out 6016418a5e1e8e006cc202eff50ff28b594eeca4
Copying files (->) and directories (=>)
  from /mnt/store/melpa/working/telephone-line/
  to /tmp/telephone-line-xJUaPQ/telephone-line-20240109.2021/
    telephone-line-config.el -> telephone-line-config.el
    telephone-line-segments.el -> telephone-line-segments.el
    telephone-line-separators.el -> telephone-line-separators.el
    telephone-line-utils.el -> telephone-line-utils.el
    telephone-line.el -> telephone-line.el
Created telephone-line-20240109.2021.tar containing:
  telephone-line-20240109.2021/
  telephone-line-20240109.2021/telephone-line-config.el
  telephone-line-20240109.2021/telephone-line-pkg.el
  telephone-line-20240109.2021/telephone-line-segments.el
  telephone-line-20240109.2021/telephone-line-separators.el
  telephone-line-20240109.2021/telephone-line-utils.el
  telephone-line-20240109.2021/telephone-line.el
Built telephone-line in 5.830s, finished at 2026-07-15T14:36:34+0000
