
 • Building package tempel-collection
From https://github.com/Crandel/tempel-collection
Updating /mnt/store/melpa/working/tempel-collection/
Checking out 4ea6f92ecb69dc38c666bfa6c4a253ff94699c80
Copying files (->) and directories (=>)
  from /mnt/store/melpa/working/tempel-collection/
  to /tmp/tempel-collection-QPI7ON/tempel-collection-20260516.1317/
    tempel-collection.el -> tempel-collection.el
    templates => templates
Created tempel-collection-20260516.1317.tar containing:
  tempel-collection-20260516.1317/
  tempel-collection-20260516.1317/tempel-collection-pkg.el
  tempel-collection-20260516.1317/tempel-collection.el
  tempel-collection-20260516.1317/templates/
  tempel-collection-20260516.1317/templates/css-base.eld
  tempel-collection-20260516.1317/templates/emacs-lisp.eld
  tempel-collection-20260516.1317/templates/eshell.eld
  tempel-collection-20260516.1317/templates/fundamental.eld
  tempel-collection-20260516.1317/templates/go.eld
  tempel-collection-20260516.1317/templates/html.eld
  tempel-collection-20260516.1317/templates/java.eld
  tempel-collection-20260516.1317/templates/js.eld
  tempel-collection-20260516.1317/templates/latex.eld
  tempel-collection-20260516.1317/templates/markdown.eld
  tempel-collection-20260516.1317/templates/nix.eld
  tempel-collection-20260516.1317/templates/org.eld
  tempel-collection-20260516.1317/templates/prog.eld
  tempel-collection-20260516.1317/templates/python-base.eld
  tempel-collection-20260516.1317/templates/rst.eld
  tempel-collection-20260516.1317/templates/ruby-base.eld
  tempel-collection-20260516.1317/templates/rust.eld
  tempel-collection-20260516.1317/templates/sh-base.eld
  tempel-collection-20260516.1317/templates/sql.eld
  tempel-collection-20260516.1317/templates/texinfo.eld
  tempel-collection-20260516.1317/templates/text.eld
Built tempel-collection in 4.939s, finished at 2026-07-15T14:36:37+0000
