
 • Building package timonier
From https://github.com/nlamirault/timonier
Updating /mnt/store/melpa/working/timonier/
Checking out 3460a878269424c8d19b7d5d8e04749d0a8bf203
Copying files (->) and directories (=>)
  from /mnt/store/melpa/working/timonier/
  to /tmp/timonier-jRMQKR/timonier-20170411.800/
    timonier-custom.el -> timonier-custom.el
    timonier-io.el -> timonier-io.el
    timonier-k8s.el -> timonier-k8s.el
    timonier-mode.el -> timonier-mode.el
    timonier-utils.el -> timonier-utils.el
    timonier-version.el -> timonier-version.el
    timonier.el -> timonier.el
Created timonier-20170411.800.tar containing:
  timonier-20170411.800/
  timonier-20170411.800/timonier-custom.el
  timonier-20170411.800/timonier-io.el
  timonier-20170411.800/timonier-k8s.el
  timonier-20170411.800/timonier-mode.el
  timonier-20170411.800/timonier-pkg.el
  timonier-20170411.800/timonier-utils.el
  timonier-20170411.800/timonier-version.el
  timonier-20170411.800/timonier.el
Built timonier in 2.826s, finished at 2026-07-15T14:37:52+0000
