
 • Building package tokyo-night
From https://github.com/bbatsov/tokyo-night-emacs
Updating /mnt/store/melpa/working/tokyo-night/
Checking out 92037072b6e9a48d5d736bf8a76731936ea94410
Copying files (->) and directories (=>)
  from /mnt/store/melpa/working/tokyo-night/
  to /tmp/tokyo-night-pAzPuV/tokyo-night-20260528.551/
    tokyo-night-day-theme.el -> tokyo-night-day-theme.el
    tokyo-night-moon-theme.el -> tokyo-night-moon-theme.el
    tokyo-night-storm-theme.el -> tokyo-night-storm-theme.el
    tokyo-night-theme.el -> tokyo-night-theme.el
    tokyo-night.el -> tokyo-night.el
Created tokyo-night-20260528.551.tar containing:
  tokyo-night-20260528.551/
  tokyo-night-20260528.551/tokyo-night-day-theme.el
  tokyo-night-20260528.551/tokyo-night-moon-theme.el
  tokyo-night-20260528.551/tokyo-night-pkg.el
  tokyo-night-20260528.551/tokyo-night-storm-theme.el
  tokyo-night-20260528.551/tokyo-night-theme.el
  tokyo-night-20260528.551/tokyo-night.el
Built tokyo-night in 3.795s, finished at 2026-07-15T14:38:16+0000
