
 • Building package transient
From https://github.com/magit/transient
Updating /mnt/store/melpa/working/transient/
Checking out 3d20a780605f0a33d6360dc0a2ce9174c69a9a92
Copying files (->) and directories (=>)
  from /mnt/store/melpa/working/transient/
  to /tmp/transient-yrcDr0/transient-20260701.1255/
  ! lisp/transient.el -> transient.el
  ! docs/gpl.texi -> gpl.texi
  ! docs/transient.texi -> transient.texi
Generating gpl.info
Generating transient.info
Created transient-20260701.1255.tar containing:
  transient-20260701.1255/
  transient-20260701.1255/dir
  transient-20260701.1255/gpl.info
  transient-20260701.1255/transient-pkg.el
  transient-20260701.1255/transient.el
  transient-20260701.1255/transient.info
Built transient in 8.802s, finished at 2026-07-15T14:38:43+0000
