
 • Building package travis
From https://github.com/nlamirault/emacs-travis
Updating /mnt/store/melpa/working/travis/
Checking out c8769d3db10ed4604969049e3bd276afa0a0138e
Copying files (->) and directories (=>)
  from /mnt/store/melpa/working/travis/
  to /tmp/travis-RKqRQL/travis-20150825.1138/
    travis-api.el -> travis-api.el
    travis-auth.el -> travis-auth.el
    travis-builds.el -> travis-builds.el
    travis-mode.el -> travis-mode.el
    travis-repos.el -> travis-repos.el
    travis-ui.el -> travis-ui.el
    travis-users.el -> travis-users.el
    travis-utils.el -> travis-utils.el
    travis-version.el -> travis-version.el
    travis.el -> travis.el
Created travis-20150825.1138.tar containing:
  travis-20150825.1138/
  travis-20150825.1138/travis-api.el
  travis-20150825.1138/travis-auth.el
  travis-20150825.1138/travis-builds.el
  travis-20150825.1138/travis-mode.el
  travis-20150825.1138/travis-pkg.el
  travis-20150825.1138/travis-repos.el
  travis-20150825.1138/travis-ui.el
  travis-20150825.1138/travis-users.el
  travis-20150825.1138/travis-utils.el
  travis-20150825.1138/travis-version.el
  travis-20150825.1138/travis.el
Built travis in 3.153s, finished at 2026-07-15T14:38:47+0000
