
 • Building package tree-sitter
From https://github.com/emacs-tree-sitter/elisp-tree-sitter
Updating /mnt/store/melpa/working/tree-sitter/
Checking out 8f0bd387ad7a1cf7e8fdd5977d386a17ea70a82d
Copying files (->) and directories (=>)
  from /mnt/store/melpa/working/tree-sitter/
  to /tmp/tree-sitter-wEyML6/tree-sitter-20260116.9/
  ! lisp/tree-sitter-cli.el -> tree-sitter-cli.el
  ! lisp/tree-sitter-debug.el -> tree-sitter-debug.el
  ! lisp/tree-sitter-extras.el -> tree-sitter-extras.el
  ! lisp/tree-sitter-hl.el -> tree-sitter-hl.el
  ! lisp/tree-sitter-load.el -> tree-sitter-load.el
  ! lisp/tree-sitter-query.el -> tree-sitter-query.el
  ! lisp/tree-sitter.el -> tree-sitter.el
Created tree-sitter-20260116.9.tar containing:
  tree-sitter-20260116.9/
  tree-sitter-20260116.9/tree-sitter-cli.el
  tree-sitter-20260116.9/tree-sitter-debug.el
  tree-sitter-20260116.9/tree-sitter-extras.el
  tree-sitter-20260116.9/tree-sitter-hl.el
  tree-sitter-20260116.9/tree-sitter-load.el
  tree-sitter-20260116.9/tree-sitter-pkg.el
  tree-sitter-20260116.9/tree-sitter-query.el
  tree-sitter-20260116.9/tree-sitter.el
Built tree-sitter in 3.729s, finished at 2026-07-15T14:38:49+0000
