
 • Building package tree-sitter-langs
From https://github.com/emacs-tree-sitter/tree-sitter-langs
Updating /mnt/store/melpa/working/tree-sitter-langs/
Checking out 3bec63634c99c1e5b5debfda8884f8448255dc2b
Copying files (->) and directories (=>)
  from /mnt/store/melpa/working/tree-sitter-langs/
  to /tmp/tree-sitter-langs-eCZu8H/tree-sitter-langs-20260712.1637/
    tree-sitter-langs-build.el -> tree-sitter-langs-build.el
    tree-sitter-langs.el -> tree-sitter-langs.el
    queries => queries
Created tree-sitter-langs-20260712.1637.tar containing:
  tree-sitter-langs-20260712.1637/
  tree-sitter-langs-20260712.1637/queries/
  tree-sitter-langs-20260712.1637/queries/agda/
  tree-sitter-langs-20260712.1637/queries/agda/highlights.scm
  tree-sitter-langs-20260712.1637/queries/arduino/
  tree-sitter-langs-20260712.1637/queries/arduino/highlights.scm
  tree-sitter-langs-20260712.1637/queries/asm/
  tree-sitter-langs-20260712.1637/queries/asm/highlights.scm
  tree-sitter-langs-20260712.1637/queries/astro/
  tree-sitter-langs-20260712.1637/queries/astro/highlights.scm
  tree-sitter-langs-20260712.1637/queries/bash/
  tree-sitter-langs-20260712.1637/queries/bash/highlights.scm
  tree-sitter-langs-20260712.1637/queries/bibtex/
  tree-sitter-langs-20260712.1637/queries/bibtex/highlights.scm
  tree-sitter-langs-20260712.1637/queries/c/
  tree-sitter-langs-20260712.1637/queries/c/highlights.scm
  tree-sitter-langs-20260712.1637/queries/cg/
  tree-sitter-langs-20260712.1637/queries/cg/highlights.scm
  tree-sitter-langs-20260712.1637/queries/cmake/
  tree-sitter-langs-20260712.1637/queries/cmake/highlights.scm
  tree-sitter-langs-20260712.1637/queries/cpp/
  tree-sitter-langs-20260712.1637/queries/cpp/highlights.scm
  tree-sitter-langs-20260712.1637/queries/crystal/
  tree-sitter-langs-20260712.1637/queries/crystal/highlights.scm
  tree-sitter-langs-20260712.1637/queries/css/
  tree-sitter-langs-20260712.1637/queries/css/highlights.scm
  tree-sitter-langs-20260712.1637/queries/csv/
  tree-sitter-langs-20260712.1637/queries/csv/highlights.scm
  tree-sitter-langs-20260712.1637/queries/dart/
  tree-sitter-langs-20260712.1637/queries/dart/highlights.scm
  tree-sitter-langs-20260712.1637/queries/diff/
  tree-sitter-langs-20260712.1637/queries/diff/highlights.scm
  tree-sitter-langs-20260712.1637/queries/dockerfile/
  tree-sitter-langs-20260712.1637/queries/dockerfile/highlights.scm
  tree-sitter-langs-20260712.1637/queries/doxygen/
  tree-sitter-langs-20260712.1637/queries/doxygen/highlights.scm
  tree-sitter-langs-20260712.1637/queries/ecma/
  tree-sitter-langs-20260712.1637/queries/ecma/highlights.scm
  tree-sitter-langs-20260712.1637/queries/editorconfig/
  tree-sitter-langs-20260712.1637/queries/editorconfig/highlights.scm
  tree-sitter-langs-20260712.1637/queries/elixir/
  tree-sitter-langs-20260712.1637/queries/elixir/highlights.scm
  tree-sitter-langs-20260712.1637/queries/elm/
  tree-sitter-langs-20260712.1637/queries/elm/highlights.scm
  tree-sitter-langs-20260712.1637/queries/fish/
  tree-sitter-langs-20260712.1637/queries/fish/highlights.scm
  tree-sitter-langs-20260712.1637/queries/fsharp/
  tree-sitter-langs-20260712.1637/queries/fsharp/highlights.scm
  tree-sitter-langs-20260712.1637/queries/gdscript/
  tree-sitter-langs-20260712.1637/queries/gdscript/highlights.scm
  tree-sitter-langs-20260712.1637/queries/gdshader/
  tree-sitter-langs-20260712.1637/queries/gdshader/highlights.scm
  tree-sitter-langs-20260712.1637/queries/git-config/
  tree-sitter-langs-20260712.1637/queries/git-config/highlights.scm
  tree-sitter-langs-20260712.1637/queries/git-rebase/
  tree-sitter-langs-20260712.1637/queries/git-rebase/highlights.scm
  tree-sitter-langs-20260712.1637/queries/gitattributes/
  tree-sitter-langs-20260712.1637/queries/gitattributes/highlights.scm
  tree-sitter-langs-20260712.1637/queries/gitcommit/
  tree-sitter-langs-20260712.1637/queries/gitcommit/highlights.scm
  tree-sitter-langs-20260712.1637/queries/gitignore/
  tree-sitter-langs-20260712.1637/queries/gitignore/highlights.scm
  tree-sitter-langs-20260712.1637/queries/glsl/
  tree-sitter-langs-20260712.1637/queries/glsl/highlights.scm
  tree-sitter-langs-20260712.1637/queries/go/
  tree-sitter-langs-20260712.1637/queries/go/highlights.scm
  tree-sitter-langs-20260712.1637/queries/graphql/
  tree-sitter-langs-20260712.1637/queries/graphql/highlights.scm
  tree-sitter-langs-20260712.1637/queries/groovy/
  tree-sitter-langs-20260712.1637/queries/groovy/highlights.scm
  tree-sitter-langs-20260712.1637/queries/haskell/
  tree-sitter-langs-20260712.1637/queries/haskell/highlights.scm
  tree-sitter-langs-20260712.1637/queries/haxe/
  tree-sitter-langs-20260712.1637/queries/haxe/highlights.scm
  tree-sitter-langs-20260712.1637/queries/hcl/
  tree-sitter-langs-20260712.1637/queries/hcl/highlights.scm
  tree-sitter-langs-20260712.1637/queries/hcl/highlights.terraform-mode.scm
  tree-sitter-langs-20260712.1637/queries/heex/
  tree-sitter-langs-20260712.1637/queries/heex/highlights.scm
  tree-sitter-langs-20260712.1637/queries/hlsl/
  tree-sitter-langs-20260712.1637/queries/hlsl/highlights.scm
  tree-sitter-langs-20260712.1637/queries/html/
  tree-sitter-langs-20260712.1637/queries/html/highlights.scm
  tree-sitter-langs-20260712.1637/queries/html_tags/
  tree-sitter-langs-20260712.1637/queries/html_tags/highlights.scm
  tree-sitter-langs-20260712.1637/queries/jai/
  tree-sitter-langs-20260712.1637/queries/jai/highlights.scm
  tree-sitter-langs-20260712.1637/queries/java/
  tree-sitter-langs-20260712.1637/queries/java/highlights.scm
  tree-sitter-langs-20260712.1637/queries/javascript/
  tree-sitter-langs-20260712.1637/queries/javascript/highlights.scm
  tree-sitter-langs-20260712.1637/queries/json/
  tree-sitter-langs-20260712.1637/queries/json/highlights.scm
  tree-sitter-langs-20260712.1637/queries/julia/
  tree-sitter-langs-20260712.1637/queries/julia/highlights.scm
  tree-sitter-langs-20260712.1637/queries/kotlin/
  tree-sitter-langs-20260712.1637/queries/kotlin/highlights.scm
  tree-sitter-langs-20260712.1637/queries/lexc/
  tree-sitter-langs-20260712.1637/queries/lexc/highlights.scm
  tree-sitter-langs-20260712.1637/queries/llvm-mir/
  tree-sitter-langs-20260712.1637/queries/llvm-mir/highlights.scm
  tree-sitter-langs-20260712.1637/queries/llvm/
  tree-sitter-langs-20260712.1637/queries/llvm/highlights.scm
  tree-sitter-langs-20260712.1637/queries/lua/
  tree-sitter-langs-20260712.1637/queries/lua/highlights.scm
  tree-sitter-langs-20260712.1637/queries/make/
  tree-sitter-langs-20260712.1637/queries/make/highlights.scm
  tree-sitter-langs-20260712.1637/queries/matlab/
  tree-sitter-langs-20260712.1637/queries/matlab/highlights.scm
  tree-sitter-langs-20260712.1637/queries/mermaid/
  tree-sitter-langs-20260712.1637/queries/mermaid/highlights.scm
  tree-sitter-langs-20260712.1637/queries/nim/
  tree-sitter-langs-20260712.1637/queries/nim/highlights.scm
  tree-sitter-langs-20260712.1637/queries/ninja/
  tree-sitter-langs-20260712.1637/queries/ninja/highlights.scm
  tree-sitter-langs-20260712.1637/queries/nix/
  tree-sitter-langs-20260712.1637/queries/nix/highlights.scm
  tree-sitter-langs-20260712.1637/queries/ocaml-interface/
  tree-sitter-langs-20260712.1637/queries/ocaml-interface/highlights.scm
  tree-sitter-langs-20260712.1637/queries/ocaml/
  tree-sitter-langs-20260712.1637/queries/ocaml/highlights.scm
  tree-sitter-langs-20260712.1637/queries/pascal/
  tree-sitter-langs-20260712.1637/queries/pascal/highlights.scm
  tree-sitter-langs-20260712.1637/queries/pgn/
  tree-sitter-langs-20260712.1637/queries/pgn/highlights.scm
  tree-sitter-langs-20260712.1637/queries/php/
  tree-sitter-langs-20260712.1637/queries/php/highlights.scm
  tree-sitter-langs-20260712.1637/queries/psv/
  tree-sitter-langs-20260712.1637/queries/psv/highlights.scm
  tree-sitter-langs-20260712.1637/queries/purescript/
  tree-sitter-langs-20260712.1637/queries/purescript/highlights.scm
  tree-sitter-langs-20260712.1637/queries/purescript/locals.scm
  tree-sitter-langs-20260712.1637/queries/python/
  tree-sitter-langs-20260712.1637/queries/python/highlights.scm
  tree-sitter-langs-20260712.1637/queries/r/
  tree-sitter-langs-20260712.1637/queries/r/highlights.scm
  tree-sitter-langs-20260712.1637/queries/r/locals.scm
  tree-sitter-langs-20260712.1637/queries/r/tags.scm
  tree-sitter-langs-20260712.1637/queries/racket/
  tree-sitter-langs-20260712.1637/queries/racket/highlights.scm
  tree-sitter-langs-20260712.1637/queries/ron/
  tree-sitter-langs-20260712.1637/queries/ron/highlights.scm
  tree-sitter-langs-20260712.1637/queries/rtx/
  tree-sitter-langs-20260712.1637/queries/rtx/highlights.scm
  tree-sitter-langs-20260712.1637/queries/ruby/
  tree-sitter-langs-20260712.1637/queries/ruby/highlights.scm
  tree-sitter-langs-20260712.1637/queries/rust/
  tree-sitter-langs-20260712.1637/queries/rust/highlights.scm
  tree-sitter-langs-20260712.1637/queries/slint/
  tree-sitter-langs-20260712.1637/queries/slint/highlights.scm
  tree-sitter-langs-20260712.1637/queries/solidity/
  tree-sitter-langs-20260712.1637/queries/solidity/highlights.scm
  tree-sitter-langs-20260712.1637/queries/sql/
  tree-sitter-langs-20260712.1637/queries/sql/highlights.scm
  tree-sitter-langs-20260712.1637/queries/svelte/
  tree-sitter-langs-20260712.1637/queries/svelte/highlights.scm
  tree-sitter-langs-20260712.1637/queries/tablegen/
  tree-sitter-langs-20260712.1637/queries/tablegen/highlights.scm
  tree-sitter-langs-20260712.1637/queries/tcl/
  tree-sitter-langs-20260712.1637/queries/tcl/highlights.scm
  tree-sitter-langs-20260712.1637/queries/tsv/
  tree-sitter-langs-20260712.1637/queries/tsv/highlights.scm
  tree-sitter-langs-20260712.1637/queries/tsx/
  tree-sitter-langs-20260712.1637/queries/tsx/highlights.scm
  tree-sitter-langs-20260712.1637/queries/twig/
  tree-sitter-langs-20260712.1637/queries/twig/highlights.scm
  tree-sitter-langs-20260712.1637/queries/typescript/
  tree-sitter-langs-20260712.1637/queries/typescript/highlights.scm
  tree-sitter-langs-20260712.1637/queries/typst/
  tree-sitter-langs-20260712.1637/queries/typst/highlights.scm
  tree-sitter-langs-20260712.1637/queries/vim/
  tree-sitter-langs-20260712.1637/queries/vim/highlights.scm
  tree-sitter-langs-20260712.1637/queries/wat/
  tree-sitter-langs-20260712.1637/queries/wat/highlights.scm
  tree-sitter-langs-20260712.1637/queries/wgsl/
  tree-sitter-langs-20260712.1637/queries/wgsl/highlights.scm
  tree-sitter-langs-20260712.1637/queries/xml/
  tree-sitter-langs-20260712.1637/queries/xml/highlights.scm
  tree-sitter-langs-20260712.1637/queries/yaml/
  tree-sitter-langs-20260712.1637/queries/yaml/highlights.scm
  tree-sitter-langs-20260712.1637/queries/zig/
  tree-sitter-langs-20260712.1637/queries/zig/highlights.scm
  tree-sitter-langs-20260712.1637/tree-sitter-langs-build.el
  tree-sitter-langs-20260712.1637/tree-sitter-langs-pkg.el
  tree-sitter-langs-20260712.1637/tree-sitter-langs.el
Built tree-sitter-langs in 5.708s, finished at 2026-07-15T14:38:55+0000
