
 • Building package tree-edit
From https://github.com/ethan-leba/tree-edit
Updating /mnt/store/melpa/working/tree-edit/
Checking out 3e71d276e7369ff4525f0e2b84356a31fe6b7782
Copying files (->) and directories (=>)
  from /mnt/store/melpa/working/tree-edit/
  to /tmp/tree-edit-fMPhhl/tree-edit-20231124.1712/
    tree-edit-build.el -> tree-edit-build.el
    tree-edit-c.el -> tree-edit-c.el
    tree-edit-elisp.el -> tree-edit-elisp.el
    tree-edit-java.el -> tree-edit-java.el
    tree-edit-python.el -> tree-edit-python.el
    tree-edit.el -> tree-edit.el
Created tree-edit-20231124.1712.tar containing:
  tree-edit-20231124.1712/
  tree-edit-20231124.1712/tree-edit-build.el
  tree-edit-20231124.1712/tree-edit-c.el
  tree-edit-20231124.1712/tree-edit-elisp.el
  tree-edit-20231124.1712/tree-edit-java.el
  tree-edit-20231124.1712/tree-edit-pkg.el
  tree-edit-20231124.1712/tree-edit-python.el
  tree-edit-20231124.1712/tree-edit.el
Built tree-edit in 3.220s, finished at 2026-07-15T14:38:48+0000
