
 • Building package tuareg
From https://github.com/ocaml/tuareg
Updating /mnt/store/melpa/working/tuareg/
Checking out 2d67d53a66fbf9d83c0416dba3275080b1bc6dfd
Copying files (->) and directories (=>)
  from /mnt/store/melpa/working/tuareg/
  to /tmp/tuareg-Yfn5tV/tuareg-20260626.936/
    dot-emacs.el -> dot-emacs.el
    ocamldebug.el -> ocamldebug.el
    tuareg-compat.el -> tuareg-compat.el
    tuareg-menhir.el -> tuareg-menhir.el
    tuareg-opam.el -> tuareg-opam.el
    tuareg.el -> tuareg.el
Created tuareg-20260626.936.tar containing:
  tuareg-20260626.936/
  tuareg-20260626.936/dot-emacs.el
  tuareg-20260626.936/ocamldebug.el
  tuareg-20260626.936/tuareg-compat.el
  tuareg-20260626.936/tuareg-menhir.el
  tuareg-20260626.936/tuareg-opam.el
  tuareg-20260626.936/tuareg-pkg.el
  tuareg-20260626.936/tuareg.el
Built tuareg in 3.382s, finished at 2026-07-15T14:39:17+0000
