
 • Building package tumblesocks
From https://github.com/gcr/tumblesocks
Updating /mnt/store/melpa/working/tumblesocks/
Checking out 4e72482b21750f495bffa6785b873d86743e9c0a
Copying files (->) and directories (=>)
  from /mnt/store/melpa/working/tumblesocks/
  to /tmp/tumblesocks-LVDSAe/tumblesocks-20250109.547/
    tumblesocks-api.el -> tumblesocks-api.el
    tumblesocks-compose.el -> tumblesocks-compose.el
    tumblesocks-user.el -> tumblesocks-user.el
    tumblesocks-view.el -> tumblesocks-view.el
    tumblesocks.el -> tumblesocks.el
Created tumblesocks-20250109.547.tar containing:
  tumblesocks-20250109.547/
  tumblesocks-20250109.547/tumblesocks-api.el
  tumblesocks-20250109.547/tumblesocks-compose.el
  tumblesocks-20250109.547/tumblesocks-pkg.el
  tumblesocks-20250109.547/tumblesocks-user.el
  tumblesocks-20250109.547/tumblesocks-view.el
  tumblesocks-20250109.547/tumblesocks.el
Built tumblesocks in 2.862s, finished at 2026-07-15T14:39:19+0000
