
 • Building package turtles
From https://github.com/szermatt/turtles
Updating /mnt/store/melpa/working/turtles/
Checking out 7dca66a67173c63b27d5c6d8aa3e0248fd7f8b83
Copying files (->) and directories (=>)
  from /mnt/store/melpa/working/turtles/
  to /tmp/turtles-dpdfrS/turtles-20250315.1650/
    turtles-instance.el -> turtles-instance.el
    turtles-io.el -> turtles-io.el
    turtles.el -> turtles.el
    turtles.texi -> turtles.texi
Generating turtles.info
Created turtles-20250315.1650.tar containing:
  turtles-20250315.1650/
  turtles-20250315.1650/dir
  turtles-20250315.1650/turtles-instance.el
  turtles-20250315.1650/turtles-io.el
  turtles-20250315.1650/turtles-pkg.el
  turtles-20250315.1650/turtles.el
  turtles-20250315.1650/turtles.info
Built turtles in 5.344s, finished at 2026-07-15T14:39:24+0000
