
 • Building package uniline
From https://github.com/tbanel/uniline
Updating /mnt/store/melpa/working/uniline/
Checking out 303de8bff64d2860818d2303b9c5309f4e31f44e
Copying files (->) and directories (=>)
  from /mnt/store/melpa/working/uniline/
  to /tmp/uniline-ujNQgC/uniline-20260714.1626/
    uniline-core.el -> uniline-core.el
    uniline-hydra.el -> uniline-hydra.el
    uniline-transient.el -> uniline-transient.el
    uniline.el -> uniline.el
    uniline.info -> uniline.info
Created uniline-20260714.1626.tar containing:
  uniline-20260714.1626/
  uniline-20260714.1626/dir
  uniline-20260714.1626/uniline-core.el
  uniline-20260714.1626/uniline-hydra.el
  uniline-20260714.1626/uniline-pkg.el
  uniline-20260714.1626/uniline-transient.el
  uniline-20260714.1626/uniline.el
  uniline-20260714.1626/uniline.info
Built uniline in 3.352s, finished at 2026-07-15T14:39:58+0000
