
 • Building package unison-ts-mode
From https://github.com/fmguerreiro/unison-ts-mode
Updating /mnt/store/melpa/working/unison-ts-mode/
Checking out 31bbb4fbcba02075cebcdedb05d29568420bac9f
Copying files (->) and directories (=>)
  from /mnt/store/melpa/working/unison-ts-mode/
  to /tmp/unison-ts-mode-gcVRlk/unison-ts-mode-20260525.909/
    unison-ts-font-lock.el -> unison-ts-font-lock.el
    unison-ts-indent-rules.el -> unison-ts-indent-rules.el
    unison-ts-install.el -> unison-ts-install.el
    unison-ts-mode.el -> unison-ts-mode.el
    unison-ts-repl.el -> unison-ts-repl.el
Created unison-ts-mode-20260525.909.tar containing:
  unison-ts-mode-20260525.909/
  unison-ts-mode-20260525.909/unison-ts-font-lock.el
  unison-ts-mode-20260525.909/unison-ts-indent-rules.el
  unison-ts-mode-20260525.909/unison-ts-install.el
  unison-ts-mode-20260525.909/unison-ts-mode-pkg.el
  unison-ts-mode-20260525.909/unison-ts-mode.el
  unison-ts-mode-20260525.909/unison-ts-repl.el
Built unison-ts-mode in 3.394s, finished at 2026-07-15T14:39:59+0000
