
 • Building package use-package-x
From https://github.com/DevelopmentCool2449/use-package-x
Updating /mnt/store/melpa/working/use-package-x/
Checking out 45ed391f1d6816b1fff0a3104c6c0d94d9bebd64
Copying files (->) and directories (=>)
  from /mnt/store/melpa/working/use-package-x/
  to /tmp/use-package-x-PRrJ5G/use-package-x-20260525.1628/
    use-package-x-advice.el -> use-package-x-advice.el
    use-package-x-custom-face*.el -> use-package-x-custom-face*.el
    use-package-x-custom-icon.el -> use-package-x-custom-icon.el
    use-package-x-docs.el -> use-package-x-docs.el
    use-package-x-emacs-versions.el -> use-package-x-emacs-versions.el
    use-package-x-hook.el -> use-package-x-hook.el
    use-package-x-keymap.el -> use-package-x-keymap.el
    use-package-x-local-set.el -> use-package-x-local-set.el
    use-package-x-setopt.el -> use-package-x-setopt.el
    use-package-x-which-key.el -> use-package-x-which-key.el
    use-package-x.el -> use-package-x.el
Created use-package-x-20260525.1628.tar containing:
  use-package-x-20260525.1628/
  use-package-x-20260525.1628/use-package-x-advice.el
  use-package-x-20260525.1628/use-package-x-custom-face*.el
  use-package-x-20260525.1628/use-package-x-custom-icon.el
  use-package-x-20260525.1628/use-package-x-docs.el
  use-package-x-20260525.1628/use-package-x-emacs-versions.el
  use-package-x-20260525.1628/use-package-x-hook.el
  use-package-x-20260525.1628/use-package-x-keymap.el
  use-package-x-20260525.1628/use-package-x-local-set.el
  use-package-x-20260525.1628/use-package-x-pkg.el
  use-package-x-20260525.1628/use-package-x-setopt.el
  use-package-x-20260525.1628/use-package-x-which-key.el
  use-package-x-20260525.1628/use-package-x.el
Built use-package-x in 3.208s, finished at 2026-07-15T14:40:16+0000
