
 • Building package vc-msg
From https://github.com/redguardtoo/vc-msg
Updating /mnt/store/melpa/working/vc-msg/
Checking out d55a128616a876936f085e5af486924062e57d66
Copying files (->) and directories (=>)
  from /mnt/store/melpa/working/vc-msg/
  to /tmp/vc-msg-LVZZzb/vc-msg-20250218.237/
    vc-msg-git.el -> vc-msg-git.el
    vc-msg-hg.el -> vc-msg-hg.el
    vc-msg-p4.el -> vc-msg-p4.el
    vc-msg-sdk.el -> vc-msg-sdk.el
    vc-msg-svn.el -> vc-msg-svn.el
    vc-msg.el -> vc-msg.el
Created vc-msg-20250218.237.tar containing:
  vc-msg-20250218.237/
  vc-msg-20250218.237/vc-msg-git.el
  vc-msg-20250218.237/vc-msg-hg.el
  vc-msg-20250218.237/vc-msg-p4.el
  vc-msg-20250218.237/vc-msg-pkg.el
  vc-msg-20250218.237/vc-msg-sdk.el
  vc-msg-20250218.237/vc-msg-svn.el
  vc-msg-20250218.237/vc-msg.el
Built vc-msg in 2.472s, finished at 2026-07-15T14:40:36+0000
