
 • Building package vertico
From https://github.com/minad/vertico
Updating /mnt/store/melpa/working/vertico/
Checking out 99b9ef78e653422466ee14f1672af3ee7f685ca4
Copying files (->) and directories (=>)
  from /mnt/store/melpa/working/vertico/
  to /tmp/vertico-Tt4u1R/vertico-20260709.1303/
    vertico.el -> vertico.el
  ! extensions/vertico-buffer.el -> vertico-buffer.el
  ! extensions/vertico-directory.el -> vertico-directory.el
  ! extensions/vertico-flat.el -> vertico-flat.el
  ! extensions/vertico-grid.el -> vertico-grid.el
  ! extensions/vertico-indexed.el -> vertico-indexed.el
  ! extensions/vertico-mouse.el -> vertico-mouse.el
  ! extensions/vertico-multiform.el -> vertico-multiform.el
  ! extensions/vertico-quick.el -> vertico-quick.el
  ! extensions/vertico-repeat.el -> vertico-repeat.el
  ! extensions/vertico-reverse.el -> vertico-reverse.el
  ! extensions/vertico-sort.el -> vertico-sort.el
  ! extensions/vertico-suspend.el -> vertico-suspend.el
  ! extensions/vertico-unobtrusive.el -> vertico-unobtrusive.el
Created vertico-20260709.1303.tar containing:
  vertico-20260709.1303/
  vertico-20260709.1303/vertico-buffer.el
  vertico-20260709.1303/vertico-directory.el
  vertico-20260709.1303/vertico-flat.el
  vertico-20260709.1303/vertico-grid.el
  vertico-20260709.1303/vertico-indexed.el
  vertico-20260709.1303/vertico-mouse.el
  vertico-20260709.1303/vertico-multiform.el
  vertico-20260709.1303/vertico-pkg.el
  vertico-20260709.1303/vertico-quick.el
  vertico-20260709.1303/vertico-repeat.el
  vertico-20260709.1303/vertico-reverse.el
  vertico-20260709.1303/vertico-sort.el
  vertico-20260709.1303/vertico-suspend.el
  vertico-20260709.1303/vertico-unobtrusive.el
  vertico-20260709.1303/vertico.el
Built vertico in 3.947s, finished at 2026-07-15T14:40:54+0000
