
 • Building package vterm
From https://github.com/akermu/emacs-libvterm
Updating /mnt/store/melpa/working/vterm/
Checking out 9a32a4afce25647282bc8a8792468e41bc64adf4
Copying files (->) and directories (=>)
  from /mnt/store/melpa/working/vterm/
  to /tmp/vterm-HWXCCd/vterm-20260706.1652/
    CMakeLists.txt -> CMakeLists.txt
    elisp.c -> elisp.c
    elisp.h -> elisp.h
    emacs-module.h -> emacs-module.h
    etc => etc
    utf8.c -> utf8.c
    utf8.h -> utf8.h
    vterm.el -> vterm.el
    vterm-module.c -> vterm-module.c
    vterm-module.h -> vterm-module.h
Created vterm-20260706.1652.tar containing:
  vterm-20260706.1652/
  vterm-20260706.1652/CMakeLists.txt
  vterm-20260706.1652/elisp.c
  vterm-20260706.1652/elisp.h
  vterm-20260706.1652/emacs-module.h
  vterm-20260706.1652/etc/
  vterm-20260706.1652/etc/emacs-vterm-bash.sh
  vterm-20260706.1652/etc/emacs-vterm-zsh.sh
  vterm-20260706.1652/etc/emacs-vterm.fish
  vterm-20260706.1652/utf8.c
  vterm-20260706.1652/utf8.h
  vterm-20260706.1652/vterm-module.c
  vterm-20260706.1652/vterm-module.h
  vterm-20260706.1652/vterm-pkg.el
  vterm-20260706.1652/vterm.el
Built vterm in 3.456s, finished at 2026-07-15T14:41:20+0000
