
 • Building package vulpea
From https://github.com/d12frosted/vulpea
Updating /mnt/store/melpa/working/vulpea/
Checking out 68d1fdd30b99e518008347ff4f1c5323e022c24f
Copying files (->) and directories (=>)
  from /mnt/store/melpa/working/vulpea/
  to /tmp/vulpea-qhdOc7/vulpea-20260715.949/
    vulpea-buffer.el -> vulpea-buffer.el
    vulpea-db-extract.el -> vulpea-db-extract.el
    vulpea-db-query.el -> vulpea-db-query.el
    vulpea-db-schema-validation.el -> vulpea-db-schema-validation.el
    vulpea-db-sync.el -> vulpea-db-sync.el
    vulpea-db-worker.el -> vulpea-db-worker.el
    vulpea-db.el -> vulpea-db.el
    vulpea-mentions.el -> vulpea-mentions.el
    vulpea-meta.el -> vulpea-meta.el
    vulpea-note.el -> vulpea-note.el
    vulpea-schema-flymake.el -> vulpea-schema-flymake.el
    vulpea-schema.el -> vulpea-schema.el
    vulpea-select.el -> vulpea-select.el
    vulpea-tags.el -> vulpea-tags.el
    vulpea-utils.el -> vulpea-utils.el
    vulpea.el -> vulpea.el
Created vulpea-20260715.949.tar containing:
  vulpea-20260715.949/
  vulpea-20260715.949/vulpea-buffer.el
  vulpea-20260715.949/vulpea-db-extract.el
  vulpea-20260715.949/vulpea-db-query.el
  vulpea-20260715.949/vulpea-db-schema-validation.el
  vulpea-20260715.949/vulpea-db-sync.el
  vulpea-20260715.949/vulpea-db-worker.el
  vulpea-20260715.949/vulpea-db.el
  vulpea-20260715.949/vulpea-mentions.el
  vulpea-20260715.949/vulpea-meta.el
  vulpea-20260715.949/vulpea-note.el
  vulpea-20260715.949/vulpea-pkg.el
  vulpea-20260715.949/vulpea-schema-flymake.el
  vulpea-20260715.949/vulpea-schema.el
  vulpea-20260715.949/vulpea-select.el
  vulpea-20260715.949/vulpea-tags.el
  vulpea-20260715.949/vulpea-utils.el
  vulpea-20260715.949/vulpea.el
Built vulpea in 4.298s, finished at 2026-07-15T14:41:28+0000
