
 • Building package wacspace
From https://github.com/shosti/wacspace.el
Updating /mnt/store/melpa/working/wacspace/
Checking out 28b1fb7a124febb8dbf47aaae8d7dd8c185eea7d
Copying files (->) and directories (=>)
  from /mnt/store/melpa/working/wacspace/
  to /tmp/wacspace-fed4oe/wacspace-20260427.2039/
    wacs-configuration.el -> wacs-configuration.el
    wacs-helper.el -> wacs-helper.el
    wacs-init.el -> wacs-init.el
    wacs-interactive.el -> wacs-interactive.el
    wacs-util.el -> wacs-util.el
    wacspace.el -> wacspace.el
Created wacspace-20260427.2039.tar containing:
  wacspace-20260427.2039/
  wacspace-20260427.2039/wacs-configuration.el
  wacspace-20260427.2039/wacs-helper.el
  wacspace-20260427.2039/wacs-init.el
  wacspace-20260427.2039/wacs-interactive.el
  wacspace-20260427.2039/wacs-util.el
  wacspace-20260427.2039/wacspace-pkg.el
  wacspace-20260427.2039/wacspace.el
Built wacspace in 3.372s, finished at 2026-07-15T14:41:34+0000
