
 • Building package wallabag
From https://github.com/chenyanming/wallabag.el
Updating /mnt/store/melpa/working/wallabag/
Checking out ff44e102ab467dd5abf021b3e3581be0c4358d18
Copying files (->) and directories (=>)
  from /mnt/store/melpa/working/wallabag/
  to /tmp/wallabag-cKsTxN/wallabag-20251226.1223/
    wallabag-db.el -> wallabag-db.el
    wallabag-faces.el -> wallabag-faces.el
    wallabag-org.el -> wallabag-org.el
    wallabag-util.el -> wallabag-util.el
    wallabag.el -> wallabag.el
    default.css -> default.css
    emojis.alist -> emojis.alist
Created wallabag-20251226.1223.tar containing:
  wallabag-20251226.1223/
  wallabag-20251226.1223/default.css
  wallabag-20251226.1223/emojis.alist
  wallabag-20251226.1223/wallabag-db.el
  wallabag-20251226.1223/wallabag-faces.el
  wallabag-20251226.1223/wallabag-org.el
  wallabag-20251226.1223/wallabag-pkg.el
  wallabag-20251226.1223/wallabag-util.el
  wallabag-20251226.1223/wallabag.el
Built wallabag in 3.752s, finished at 2026-07-15T14:41:40+0000
