
 • Building package webdriver
From https://gitlab.com/mauroaranda/emacs-webdriver
Updating /mnt/store/melpa/working/webdriver/
Checking out dfe26adc9482d50c7c6ca765916443bd74cf548d
Copying files (->) and directories (=>)
  from /mnt/store/melpa/working/webdriver/
  to /tmp/webdriver-sLxCHH/webdriver-20250224.2303/
    webdriver-chrome.el -> webdriver-chrome.el
    webdriver-firefox.el -> webdriver-firefox.el
    webdriver.el -> webdriver.el
    webdriver.texi -> webdriver.texi
Generating webdriver.info
Created webdriver-20250224.2303.tar containing:
  webdriver-20250224.2303/
  webdriver-20250224.2303/dir
  webdriver-20250224.2303/webdriver-chrome.el
  webdriver-20250224.2303/webdriver-firefox.el
  webdriver-20250224.2303/webdriver-pkg.el
  webdriver-20250224.2303/webdriver.el
  webdriver-20250224.2303/webdriver.info
Built webdriver in 7.108s, finished at 2026-07-15T14:42:01+0000
