
 • Building package weibo
From https://github.com/austin-----/weibo.emacs
Updating /mnt/store/melpa/working/weibo/
Checking out a8abb50b7602fe15fe2bc6400ac29780e956b390
Copying files (->) and directories (=>)
  from /mnt/store/melpa/working/weibo/
  to /tmp/weibo-DlZhjI/weibo-20150307.2242/
    weibo-authorize.el -> weibo-authorize.el
    weibo-comment.el -> weibo-comment.el
    weibo-image.el -> weibo-image.el
    weibo-post.el -> weibo-post.el
    weibo-status-comment.el -> weibo-status-comment.el
    weibo-status.el -> weibo-status.el
    weibo-timeline.el -> weibo-timeline.el
    weibo-user.el -> weibo-user.el
    weibo.el -> weibo.el
Created weibo-20150307.2242.tar containing:
  weibo-20150307.2242/
  weibo-20150307.2242/weibo-authorize.el
  weibo-20150307.2242/weibo-comment.el
  weibo-20150307.2242/weibo-image.el
  weibo-20150307.2242/weibo-pkg.el
  weibo-20150307.2242/weibo-post.el
  weibo-20150307.2242/weibo-status-comment.el
  weibo-20150307.2242/weibo-status.el
  weibo-20150307.2242/weibo-timeline.el
  weibo-20150307.2242/weibo-user.el
  weibo-20150307.2242/weibo.el
Built weibo in 3.485s, finished at 2026-07-15T14:42:07+0000
