
 • Building package workroom
From https://codeberg.org/akib/emacs-workroom
Updating /mnt/store/melpa/working/workroom/
Checking out cb8654191b23c9b02a79660c3d8c969709c6fcbe
Copying files (->) and directories (=>)
  from /mnt/store/melpa/working/workroom/
  to /tmp/workroom-tv4pvy/workroom-20230926.1631/
    workroom.el -> workroom.el
    fdl.texi -> fdl.texi
    gpl.texi -> gpl.texi
    workroom.texi -> workroom.texi
Generating fdl.info
Generating gpl.info
Generating workroom.info
Created workroom-20230926.1631.tar containing:
  workroom-20230926.1631/
  workroom-20230926.1631/dir
  workroom-20230926.1631/fdl.info
  workroom-20230926.1631/gpl.info
  workroom-20230926.1631/workroom-pkg.el
  workroom-20230926.1631/workroom.el
  workroom-20230926.1631/workroom.info
Built workroom in 15.054s, finished at 2026-07-15T14:43:23+0000
