
 • Building package wsd-mode
From https://github.com/josteink/wsd-mode
Updating /mnt/store/melpa/working/wsd-mode/
Checking out 44aac55afb57cb540559aa1015f9ad2d770dd5c8
Copying files (->) and directories (=>)
  from /mnt/store/melpa/working/wsd-mode/
  to /tmp/wsd-mode-wjijwU/wsd-mode-20191031.1211/
    company-wsdmode.el -> company-wsdmode.el
    ob-wsdmode.el -> ob-wsdmode.el
    wsd-core.el -> wsd-core.el
    wsd-flycheck.el -> wsd-flycheck.el
    wsd-mode.el -> wsd-mode.el
Created wsd-mode-20191031.1211.tar containing:
  wsd-mode-20191031.1211/
  wsd-mode-20191031.1211/company-wsdmode.el
  wsd-mode-20191031.1211/ob-wsdmode.el
  wsd-mode-20191031.1211/wsd-core.el
  wsd-mode-20191031.1211/wsd-flycheck.el
  wsd-mode-20191031.1211/wsd-mode-pkg.el
  wsd-mode-20191031.1211/wsd-mode.el
Built wsd-mode in 5.337s, finished at 2026-07-15T14:43:24+0000
