
 • Building package x509-mode
From https://github.com/jobbflykt/x509-mode
Updating /mnt/store/melpa/working/x509-mode/
Checking out fec2f7281b3224ea950284cf39ba45a355c652f5
Copying files (->) and directories (=>)
  from /mnt/store/melpa/working/x509-mode/
  to /tmp/x509-mode-pSQGkY/x509-mode-20260715.1405/
    x509-mode.el -> x509-mode.el
    constants.txt -> constants.txt
    keyword+constant.txt -> keyword+constant.txt
    keywords.txt -> keywords.txt
    long-name.txt -> long-name.txt
Created x509-mode-20260715.1405.tar containing:
  x509-mode-20260715.1405/
  x509-mode-20260715.1405/constants.txt
  x509-mode-20260715.1405/keyword+constant.txt
  x509-mode-20260715.1405/keywords.txt
  x509-mode-20260715.1405/long-name.txt
  x509-mode-20260715.1405/x509-mode-pkg.el
  x509-mode-20260715.1405/x509-mode.el
Built x509-mode in 5.471s, finished at 2026-07-15T14:43:33+0000
