
 • Building package yasnippet
From https://github.com/joaotavora/yasnippet
Updating /mnt/store/melpa/working/yasnippet/
Checking out dd570a6b22364212fff9769cbf4376bdbd7a63c5
Copying files (->) and directories (=>)
  from /mnt/store/melpa/working/yasnippet/
  to /tmp/yasnippet-Ut6GOR/yasnippet-20250602.1342/
    yasnippet-debug.el -> yasnippet-debug.el
    yasnippet.el -> yasnippet.el
    doc/faq.org -> doc/faq.org
    doc/index.org -> doc/index.org
    doc/snippet-development.org -> doc/snippet-development.org
    doc/snippet-expansion.org -> doc/snippet-expansion.org
    doc/snippet-menu.org -> doc/snippet-menu.org
    doc/snippet-organization.org -> doc/snippet-organization.org
    doc/snippet-reference.org -> doc/snippet-reference.org
Created yasnippet-20250602.1342.tar containing:
  yasnippet-20250602.1342/
  yasnippet-20250602.1342/doc/
  yasnippet-20250602.1342/doc/faq.org
  yasnippet-20250602.1342/doc/index.org
  yasnippet-20250602.1342/doc/snippet-development.org
  yasnippet-20250602.1342/doc/snippet-expansion.org
  yasnippet-20250602.1342/doc/snippet-menu.org
  yasnippet-20250602.1342/doc/snippet-organization.org
  yasnippet-20250602.1342/doc/snippet-reference.org
  yasnippet-20250602.1342/yasnippet-debug.el
  yasnippet-20250602.1342/yasnippet-pkg.el
  yasnippet-20250602.1342/yasnippet.el
Built yasnippet in 3.857s, finished at 2026-07-15T14:44:25+0000
