
 • Building package yeetube
From https://git.thanosapollo.org/yeetube
Updating /mnt/store/melpa/working/yeetube/
Checking out 066bc1c2c06493d10388f8a0ecd8e90f8cd28532
Copying files (->) and directories (=>)
  from /mnt/store/melpa/working/yeetube/
  to /tmp/yeetube-AFqLrQ/yeetube-20260713.333/
    yeetube-download.el -> yeetube-download.el
    yeetube-mpv.el -> yeetube-mpv.el
    yeetube-ol.el -> yeetube-ol.el
    yeetube-scraper.el -> yeetube-scraper.el
    yeetube-ui.el -> yeetube-ui.el
    yeetube.el -> yeetube.el
Created yeetube-20260713.333.tar containing:
  yeetube-20260713.333/
  yeetube-20260713.333/yeetube-download.el
  yeetube-20260713.333/yeetube-mpv.el
  yeetube-20260713.333/yeetube-ol.el
  yeetube-20260713.333/yeetube-pkg.el
  yeetube-20260713.333/yeetube-scraper.el
  yeetube-20260713.333/yeetube-ui.el
  yeetube-20260713.333/yeetube.el
Built yeetube in 4.923s, finished at 2026-07-15T14:44:35+0000
